Generating dataset...
Data generation successful. Proceeding with training.
Used config:
{'B': 16,
 'B_seq': 16,
 'D': 128,
 'D_inner': 512,
 'D_k': 16,
 'D_v': 16,
 'H': 8,
 'I': 100,
 'M': 100,
 'N': 3600,
 'attn_dropout': 0.1,
 'data_dir': 'data/megapixel_mnist/dsets/megapixel_mnist_1500',
 'dropout': 0.1,
 'eager': True,
 'enc_type': 'resnet18',
 'eps': 1e-06,
 'is_image': True,
 'lr': 0.001,
 'mask_K': 10,
 'mask_p': 0,
 'n_chan_in': 1,
 'n_class': 10,
 'n_epoch': 100,
 'n_epoch_warmup': 10,
 'n_res_blocks': 2,
 'n_token': 4,
 'n_worker': 4,
 'patch_size': [50, 50],
 'patch_stride': [50, 50],
 'pin_memory': True,
 'pretrained': False,
 'seed': 0,
 'semantic_diversity_loss': False,
 'shuffle': True,
 'shuffle_style': 'batch',
 'tasks': {'task0': {'act_fn': 'softmax',
                     'id': 0,
                     'metric': 'accuracy',
                     'name': 'majority'},
           'task1': {'act_fn': 'softmax',
                     'id': 1,
                     'metric': 'accuracy',
                     'name': 'max'},
           'task2': {'act_fn': 'softmax',
                     'id': 2,
                     'metric': 'accuracy',
                     'name': 'top'},
           'task3': {'act_fn': 'sigmoid',
                     'id': 3,
                     'metric': 'multilabel_accuracy',
                     'name': 'multi'}},
 'track_efficiency': False,
 'track_epoch': 0,
 'use_pos': True,
 'wd': 0.1}
Train Epoch: 1 
task: majority, mean loss: 2.34377, accuracy: 0.10920, task: max, mean loss: 2.00753, accuracy: 0.25600, task: top, mean loss: 2.34170, accuracy: 0.10160, task: multi, mean loss: 0.64717, multilabel_accuracy: 0.00120, avg. loss over tasks: 1.83504, lr: 0.0001
Diversity Loss - Mean: 0.00000, Variance: 0.00000
Semantic Loss - Mean: 0.00000, Variance: 0.00000

Test Epoch: 1 
task: majority, mean loss: 2.31638, accuracy: 0.09200, task: max, mean loss: 1.87243, accuracy: 0.21300, task: top, mean loss: 2.32835, accuracy: 0.08900, task: multi, mean loss: 0.60222, multilabel_accuracy: 0.00000, avg. loss over tasks: 1.77985
Diversity Loss - Mean: 0.00000, Variance: 0.00000
Semantic Loss - Mean: 0.00000, Variance: 0.00000

Train Epoch: 2 
task: majority, mean loss: 2.31897, accuracy: 0.10500, task: max, mean loss: 1.82801, accuracy: 0.27080, task: top, mean loss: 2.32385, accuracy: 0.10300, task: multi, mean loss: 0.60450, multilabel_accuracy: 0.00000, avg. loss over tasks: 1.76883, lr: 0.0002
Diversity Loss - Mean: 0.00000, Variance: 0.00000
Semantic Loss - Mean: 0.00000, Variance: 0.00000

Test Epoch: 2 
task: majority, mean loss: 2.41819, accuracy: 0.09500, task: max, mean loss: 1.90335, accuracy: 0.21300, task: top, mean loss: 2.30991, accuracy: 0.10600, task: multi, mean loss: 0.60309, multilabel_accuracy: 0.00000, avg. loss over tasks: 1.80863
Diversity Loss - Mean: 0.00000, Variance: 0.00000
Semantic Loss - Mean: 0.00000, Variance: 0.00000

Train Epoch: 3 
task: majority, mean loss: 2.23397, accuracy: 0.14560, task: max, mean loss: 1.78070, accuracy: 0.30480, task: top, mean loss: 2.27557, accuracy: 0.13200, task: multi, mean loss: 0.59892, multilabel_accuracy: 0.00020, avg. loss over tasks: 1.72229, lr: 0.00030000000000000003
Diversity Loss - Mean: 0.00000, Variance: 0.00000
Semantic Loss - Mean: 0.00000, Variance: 0.00000

Test Epoch: 3 
task: majority, mean loss: 2.16644, accuracy: 0.14700, task: max, mean loss: 1.74590, accuracy: 0.31300, task: top, mean loss: 2.21242, accuracy: 0.13500, task: multi, mean loss: 0.58384, multilabel_accuracy: 0.00100, avg. loss over tasks: 1.67715
Diversity Loss - Mean: 0.00000, Variance: 0.00000
Semantic Loss - Mean: 0.00000, Variance: 0.00000

Train Epoch: 4 
task: majority, mean loss: 2.14059, accuracy: 0.17780, task: max, mean loss: 1.66520, accuracy: 0.36060, task: top, mean loss: 2.20937, accuracy: 0.15380, task: multi, mean loss: 0.57863, multilabel_accuracy: 0.00100, avg. loss over tasks: 1.64845, lr: 0.0004
Diversity Loss - Mean: 0.00000, Variance: 0.00000
Semantic Loss - Mean: 0.00000, Variance: 0.00000

Test Epoch: 4 
task: majority, mean loss: 2.40026, accuracy: 0.07500, task: max, mean loss: 2.07489, accuracy: 0.21700, task: top, mean loss: 2.37429, accuracy: 0.09800, task: multi, mean loss: 0.62241, multilabel_accuracy: 0.00200, avg. loss over tasks: 1.86796
Diversity Loss - Mean: 0.00000, Variance: 0.00000
Semantic Loss - Mean: 0.00000, Variance: 0.00000

Train Epoch: 5 
task: majority, mean loss: 2.16563, accuracy: 0.17100, task: max, mean loss: 1.66918, accuracy: 0.34240, task: top, mean loss: 2.21238, accuracy: 0.15880, task: multi, mean loss: 0.57944, multilabel_accuracy: 0.00080, avg. loss over tasks: 1.65665, lr: 0.0005
Diversity Loss - Mean: 0.00000, Variance: 0.00000
Semantic Loss - Mean: 0.00000, Variance: 0.00000

Test Epoch: 5 
task: majority, mean loss: 2.09487, accuracy: 0.22500, task: max, mean loss: 1.61748, accuracy: 0.36200, task: top, mean loss: 2.15708, accuracy: 0.19700, task: multi, mean loss: 0.56919, multilabel_accuracy: 0.00200, avg. loss over tasks: 1.60966
Diversity Loss - Mean: 0.00000, Variance: 0.00000
Semantic Loss - Mean: 0.00000, Variance: 0.00000

Train Epoch: 6 
task: majority, mean loss: 2.07399, accuracy: 0.22080, task: max, mean loss: 1.59042, accuracy: 0.39360, task: top, mean loss: 2.14941, accuracy: 0.19260, task: multi, mean loss: 0.56921, multilabel_accuracy: 0.00060, avg. loss over tasks: 1.59576, lr: 0.0006000000000000001
Diversity Loss - Mean: 0.00000, Variance: 0.00000
Semantic Loss - Mean: 0.00000, Variance: 0.00000

Test Epoch: 6 
task: majority, mean loss: 2.12121, accuracy: 0.20400, task: max, mean loss: 1.60000, accuracy: 0.38900, task: top, mean loss: 2.14082, accuracy: 0.20100, task: multi, mean loss: 0.56722, multilabel_accuracy: 0.00000, avg. loss over tasks: 1.60731
Diversity Loss - Mean: 0.00000, Variance: 0.00000
Semantic Loss - Mean: 0.00000, Variance: 0.00000

Train Epoch: 7 
task: majority, mean loss: 2.06334, accuracy: 0.22480, task: max, mean loss: 1.55447, accuracy: 0.41760, task: top, mean loss: 2.10813, accuracy: 0.21940, task: multi, mean loss: 0.56405, multilabel_accuracy: 0.00200, avg. loss over tasks: 1.57250, lr: 0.0007
Diversity Loss - Mean: 0.00000, Variance: 0.00000
Semantic Loss - Mean: 0.00000, Variance: 0.00000

Test Epoch: 7 
task: majority, mean loss: 2.45993, accuracy: 0.11500, task: max, mean loss: 1.84525, accuracy: 0.28300, task: top, mean loss: 2.38436, accuracy: 0.13100, task: multi, mean loss: 0.61173, multilabel_accuracy: 0.00000, avg. loss over tasks: 1.82532
Diversity Loss - Mean: 0.00000, Variance: 0.00000
Semantic Loss - Mean: 0.00000, Variance: 0.00000

Train Epoch: 8 
task: majority, mean loss: 1.94506, accuracy: 0.28580, task: max, mean loss: 1.46753, accuracy: 0.44340, task: top, mean loss: 2.03982, accuracy: 0.25380, task: multi, mean loss: 0.55149, multilabel_accuracy: 0.00180, avg. loss over tasks: 1.50097, lr: 0.0008
Diversity Loss - Mean: 0.00000, Variance: 0.00000
Semantic Loss - Mean: 0.00000, Variance: 0.00000

Test Epoch: 8 
task: majority, mean loss: 2.63040, accuracy: 0.15800, task: max, mean loss: 2.38099, accuracy: 0.21500, task: top, mean loss: 2.47676, accuracy: 0.16800, task: multi, mean loss: 0.63837, multilabel_accuracy: 0.00100, avg. loss over tasks: 2.03163
Diversity Loss - Mean: 0.00000, Variance: 0.00000
Semantic Loss - Mean: 0.00000, Variance: 0.00000

Train Epoch: 9 
task: majority, mean loss: 1.76660, accuracy: 0.35940, task: max, mean loss: 1.30441, accuracy: 0.50900, task: top, mean loss: 1.87651, accuracy: 0.33960, task: multi, mean loss: 0.52149, multilabel_accuracy: 0.00440, avg. loss over tasks: 1.36725, lr: 0.0009000000000000001
Diversity Loss - Mean: 0.00000, Variance: 0.00000
Semantic Loss - Mean: 0.00000, Variance: 0.00000

Test Epoch: 9 
task: majority, mean loss: 2.84418, accuracy: 0.17000, task: max, mean loss: 1.77462, accuracy: 0.34100, task: top, mean loss: 2.16295, accuracy: 0.22100, task: multi, mean loss: 0.58747, multilabel_accuracy: 0.00100, avg. loss over tasks: 1.84230
Diversity Loss - Mean: 0.00000, Variance: 0.00000
Semantic Loss - Mean: 0.00000, Variance: 0.00000

Train Epoch: 10 
task: majority, mean loss: 1.58301, accuracy: 0.44360, task: max, mean loss: 1.11573, accuracy: 0.60240, task: top, mean loss: 1.70498, accuracy: 0.41660, task: multi, mean loss: 0.48208, multilabel_accuracy: 0.01560, avg. loss over tasks: 1.22145, lr: 0.001
Diversity Loss - Mean: 0.00000, Variance: 0.00000
Semantic Loss - Mean: 0.00000, Variance: 0.00000

Test Epoch: 10 
task: majority, mean loss: 2.00963, accuracy: 0.34900, task: max, mean loss: 1.38467, accuracy: 0.55200, task: top, mean loss: 2.03215, accuracy: 0.32100, task: multi, mean loss: 0.54801, multilabel_accuracy: 0.01200, avg. loss over tasks: 1.49362
Diversity Loss - Mean: 0.00000, Variance: 0.00000
Semantic Loss - Mean: 0.00000, Variance: 0.00000

Train Epoch: 11 
task: majority, mean loss: 1.38309, accuracy: 0.50560, task: max, mean loss: 0.92601, accuracy: 0.68120, task: top, mean loss: 1.49439, accuracy: 0.49900, task: multi, mean loss: 0.43916, multilabel_accuracy: 0.03680, avg. loss over tasks: 1.06067, lr: 0.0009996957180960382
Diversity Loss - Mean: 0.00000, Variance: 0.00000
Semantic Loss - Mean: 0.00000, Variance: 0.00000

Test Epoch: 11 
task: majority, mean loss: 1.94796, accuracy: 0.34200, task: max, mean loss: 1.42150, accuracy: 0.52700, task: top, mean loss: 1.91331, accuracy: 0.36200, task: multi, mean loss: 0.52729, multilabel_accuracy: 0.01500, avg. loss over tasks: 1.45251
Diversity Loss - Mean: 0.00000, Variance: 0.00000
Semantic Loss - Mean: 0.00000, Variance: 0.00000

Train Epoch: 12 
task: majority, mean loss: 1.10741, accuracy: 0.59800, task: max, mean loss: 0.81928, accuracy: 0.72260, task: top, mean loss: 1.24044, accuracy: 0.58080, task: multi, mean loss: 0.40432, multilabel_accuracy: 0.06480, avg. loss over tasks: 0.89286, lr: 0.0009987832431047822
Diversity Loss - Mean: 0.00000, Variance: 0.00000
Semantic Loss - Mean: 0.00000, Variance: 0.00000

Test Epoch: 12 
task: majority, mean loss: 1.30321, accuracy: 0.59800, task: max, mean loss: 0.79301, accuracy: 0.73300, task: top, mean loss: 1.12581, accuracy: 0.64500, task: multi, mean loss: 0.40678, multilabel_accuracy: 0.08600, avg. loss over tasks: 0.90720
Diversity Loss - Mean: 0.00000, Variance: 0.00000
Semantic Loss - Mean: 0.00000, Variance: 0.00000

Train Epoch: 13 
task: majority, mean loss: 0.82712, accuracy: 0.69280, task: max, mean loss: 0.73139, accuracy: 0.75180, task: top, mean loss: 0.95996, accuracy: 0.68300, task: multi, mean loss: 0.36203, multilabel_accuracy: 0.11000, avg. loss over tasks: 0.72012, lr: 0.0009972636867364526
Diversity Loss - Mean: 0.00000, Variance: 0.00000
Semantic Loss - Mean: 0.00000, Variance: 0.00000

Test Epoch: 13 
task: majority, mean loss: 0.76886, accuracy: 0.68900, task: max, mean loss: 0.81263, accuracy: 0.71500, task: top, mean loss: 0.88834, accuracy: 0.69900, task: multi, mean loss: 0.34155, multilabel_accuracy: 0.12700, avg. loss over tasks: 0.70285
Diversity Loss - Mean: 0.00000, Variance: 0.00000
Semantic Loss - Mean: 0.00000, Variance: 0.00000

Train Epoch: 14 
task: majority, mean loss: 0.60393, accuracy: 0.76940, task: max, mean loss: 0.63776, accuracy: 0.78040, task: top, mean loss: 0.74825, accuracy: 0.75780, task: multi, mean loss: 0.31815, multilabel_accuracy: 0.17740, avg. loss over tasks: 0.57702, lr: 0.0009951389003364144
Diversity Loss - Mean: 0.00000, Variance: 0.00000
Semantic Loss - Mean: 0.00000, Variance: 0.00000

Test Epoch: 14 
task: majority, mean loss: 0.61292, accuracy: 0.77900, task: max, mean loss: 0.67147, accuracy: 0.78100, task: top, mean loss: 0.77279, accuracy: 0.76100, task: multi, mean loss: 0.29187, multilabel_accuracy: 0.22400, avg. loss over tasks: 0.58726
Diversity Loss - Mean: 0.00000, Variance: 0.00000
Semantic Loss - Mean: 0.00000, Variance: 0.00000

Train Epoch: 15 
task: majority, mean loss: 0.43010, accuracy: 0.84880, task: max, mean loss: 0.55905, accuracy: 0.81280, task: top, mean loss: 0.58996, accuracy: 0.82060, task: multi, mean loss: 0.27311, multilabel_accuracy: 0.27420, avg. loss over tasks: 0.46305, lr: 0.000992411472629598
Diversity Loss - Mean: 0.00000, Variance: 0.00000
Semantic Loss - Mean: 0.00000, Variance: 0.00000

Test Epoch: 15 
task: majority, mean loss: 0.41061, accuracy: 0.86200, task: max, mean loss: 0.56763, accuracy: 0.80900, task: top, mean loss: 0.66390, accuracy: 0.79300, task: multi, mean loss: 0.24107, multilabel_accuracy: 0.34500, avg. loss over tasks: 0.47080
Diversity Loss - Mean: 0.00000, Variance: 0.00000
Semantic Loss - Mean: 0.00000, Variance: 0.00000

Train Epoch: 16 
task: majority, mean loss: 0.32612, accuracy: 0.88700, task: max, mean loss: 0.47905, accuracy: 0.84700, task: top, mean loss: 0.49999, accuracy: 0.84420, task: multi, mean loss: 0.23296, multilabel_accuracy: 0.36400, avg. loss over tasks: 0.38453, lr: 0.000989084726566536
Diversity Loss - Mean: 0.00000, Variance: 0.00000
Semantic Loss - Mean: 0.00000, Variance: 0.00000

Test Epoch: 16 
task: majority, mean loss: 0.77797, accuracy: 0.74900, task: max, mean loss: 0.64392, accuracy: 0.79200, task: top, mean loss: 0.81082, accuracy: 0.76900, task: multi, mean loss: 0.28955, multilabel_accuracy: 0.28900, avg. loss over tasks: 0.63057
Diversity Loss - Mean: 0.00000, Variance: 0.00000
Semantic Loss - Mean: 0.00000, Variance: 0.00000

Train Epoch: 17 
task: majority, mean loss: 0.25792, accuracy: 0.91360, task: max, mean loss: 0.43985, accuracy: 0.86220, task: top, mean loss: 0.40699, accuracy: 0.87420, task: multi, mean loss: 0.21001, multilabel_accuracy: 0.43060, avg. loss over tasks: 0.32869, lr: 0.00098516271527486
Diversity Loss - Mean: 0.00000, Variance: 0.00000
Semantic Loss - Mean: 0.00000, Variance: 0.00000

Test Epoch: 17 
task: majority, mean loss: 0.63511, accuracy: 0.79500, task: max, mean loss: 0.49565, accuracy: 0.84900, task: top, mean loss: 0.66486, accuracy: 0.81000, task: multi, mean loss: 0.23189, multilabel_accuracy: 0.40700, avg. loss over tasks: 0.50688
Diversity Loss - Mean: 0.00000, Variance: 0.00000
Semantic Loss - Mean: 0.00000, Variance: 0.00000

Train Epoch: 18 
task: majority, mean loss: 0.22509, accuracy: 0.92400, task: max, mean loss: 0.38146, accuracy: 0.88080, task: top, mean loss: 0.37110, accuracy: 0.88480, task: multi, mean loss: 0.19611, multilabel_accuracy: 0.44900, avg. loss over tasks: 0.29344, lr: 0.0009806502171211902
Diversity Loss - Mean: 0.00000, Variance: 0.00000
Semantic Loss - Mean: 0.00000, Variance: 0.00000

Test Epoch: 18 
task: majority, mean loss: 0.40643, accuracy: 0.85300, task: max, mean loss: 0.61933, accuracy: 0.81800, task: top, mean loss: 0.63541, accuracy: 0.81900, task: multi, mean loss: 0.23995, multilabel_accuracy: 0.36600, avg. loss over tasks: 0.47528
Diversity Loss - Mean: 0.00000, Variance: 0.00000
Semantic Loss - Mean: 0.00000, Variance: 0.00000

Train Epoch: 19 
task: majority, mean loss: 0.21637, accuracy: 0.92720, task: max, mean loss: 0.34850, accuracy: 0.88880, task: top, mean loss: 0.36390, accuracy: 0.89120, task: multi, mean loss: 0.18469, multilabel_accuracy: 0.48220, avg. loss over tasks: 0.27836, lr: 0.0009755527298894293
Diversity Loss - Mean: 0.00000, Variance: 0.00000
Semantic Loss - Mean: 0.00000, Variance: 0.00000

Test Epoch: 19 
task: majority, mean loss: 0.14533, accuracy: 0.94800, task: max, mean loss: 0.40822, accuracy: 0.86600, task: top, mean loss: 0.40307, accuracy: 0.88000, task: multi, mean loss: 0.16017, multilabel_accuracy: 0.54000, avg. loss over tasks: 0.27920
Diversity Loss - Mean: 0.00000, Variance: 0.00000
Semantic Loss - Mean: 0.00000, Variance: 0.00000

Train Epoch: 20 
task: majority, mean loss: 0.17592, accuracy: 0.93980, task: max, mean loss: 0.31948, accuracy: 0.89500, task: top, mean loss: 0.30848, accuracy: 0.90760, task: multi, mean loss: 0.17448, multilabel_accuracy: 0.50740, avg. loss over tasks: 0.24459, lr: 0.0009698764640825613
Diversity Loss - Mean: 0.00000, Variance: 0.00000
Semantic Loss - Mean: 0.00000, Variance: 0.00000

Test Epoch: 20 
task: majority, mean loss: 0.40366, accuracy: 0.85400, task: max, mean loss: 0.61009, accuracy: 0.80900, task: top, mean loss: 0.76870, accuracy: 0.79500, task: multi, mean loss: 0.22980, multilabel_accuracy: 0.43000, avg. loss over tasks: 0.50306
Diversity Loss - Mean: 0.00000, Variance: 0.00000
Semantic Loss - Mean: 0.00000, Variance: 0.00000

Train Epoch: 21 
task: majority, mean loss: 0.18765, accuracy: 0.93460, task: max, mean loss: 0.31189, accuracy: 0.89460, task: top, mean loss: 0.31493, accuracy: 0.89940, task: multi, mean loss: 0.17049, multilabel_accuracy: 0.52160, avg. loss over tasks: 0.24624, lr: 0.0009636283353561103
Diversity Loss - Mean: 0.00000, Variance: 0.00000
Semantic Loss - Mean: 0.00000, Variance: 0.00000

Test Epoch: 21 
task: majority, mean loss: 0.15718, accuracy: 0.94500, task: max, mean loss: 0.46318, accuracy: 0.86100, task: top, mean loss: 0.44696, accuracy: 0.88100, task: multi, mean loss: 0.15996, multilabel_accuracy: 0.57400, avg. loss over tasks: 0.30682
Diversity Loss - Mean: 0.00000, Variance: 0.00000
Semantic Loss - Mean: 0.00000, Variance: 0.00000

Train Epoch: 22 
task: majority, mean loss: 0.16141, accuracy: 0.93920, task: max, mean loss: 0.27522, accuracy: 0.91460, task: top, mean loss: 0.25421, accuracy: 0.91760, task: multi, mean loss: 0.15510, multilabel_accuracy: 0.55700, avg. loss over tasks: 0.21149, lr: 0.0009568159560924791
Diversity Loss - Mean: 0.00000, Variance: 0.00000
Semantic Loss - Mean: 0.00000, Variance: 0.00000

Test Epoch: 22 
task: majority, mean loss: 0.13012, accuracy: 0.96000, task: max, mean loss: 0.42169, accuracy: 0.87200, task: top, mean loss: 0.39589, accuracy: 0.87800, task: multi, mean loss: 0.15754, multilabel_accuracy: 0.56800, avg. loss over tasks: 0.27631
Diversity Loss - Mean: 0.00000, Variance: 0.00000
Semantic Loss - Mean: 0.00000, Variance: 0.00000

Train Epoch: 23 
task: majority, mean loss: 0.12862, accuracy: 0.95660, task: max, mean loss: 0.24944, accuracy: 0.92080, task: top, mean loss: 0.24332, accuracy: 0.92440, task: multi, mean loss: 0.14399, multilabel_accuracy: 0.59140, avg. loss over tasks: 0.19134, lr: 0.000949447626126434
Diversity Loss - Mean: 0.00000, Variance: 0.00000
Semantic Loss - Mean: 0.00000, Variance: 0.00000

Test Epoch: 23 
task: majority, mean loss: 0.18408, accuracy: 0.94400, task: max, mean loss: 0.37687, accuracy: 0.88300, task: top, mean loss: 0.43287, accuracy: 0.87600, task: multi, mean loss: 0.14249, multilabel_accuracy: 0.61500, avg. loss over tasks: 0.28408
Diversity Loss - Mean: 0.00000, Variance: 0.00000
Semantic Loss - Mean: 0.00000, Variance: 0.00000

Train Epoch: 24 
task: majority, mean loss: 0.16342, accuracy: 0.94740, task: max, mean loss: 0.26099, accuracy: 0.91620, task: top, mean loss: 0.25733, accuracy: 0.91740, task: multi, mean loss: 0.15358, multilabel_accuracy: 0.56300, avg. loss over tasks: 0.20883, lr: 0.000941532322633034
Diversity Loss - Mean: 0.00000, Variance: 0.00000
Semantic Loss - Mean: 0.00000, Variance: 0.00000

Test Epoch: 24 
task: majority, mean loss: 0.19922, accuracy: 0.93600, task: max, mean loss: 0.45198, accuracy: 0.85800, task: top, mean loss: 0.48803, accuracy: 0.86900, task: multi, mean loss: 0.15829, multilabel_accuracy: 0.56100, avg. loss over tasks: 0.32438
Diversity Loss - Mean: 0.00000, Variance: 0.00000
Semantic Loss - Mean: 0.00000, Variance: 0.00000

Train Epoch: 25 
task: majority, mean loss: 0.12724, accuracy: 0.95800, task: max, mean loss: 0.20716, accuracy: 0.93320, task: top, mean loss: 0.21896, accuracy: 0.93480, task: multi, mean loss: 0.14028, multilabel_accuracy: 0.60120, avg. loss over tasks: 0.17341, lr: 0.0009330796891903273
Diversity Loss - Mean: 0.00000, Variance: 0.00000
Semantic Loss - Mean: 0.00000, Variance: 0.00000

Test Epoch: 25 
task: majority, mean loss: 0.52649, accuracy: 0.83600, task: max, mean loss: 0.72737, accuracy: 0.82200, task: top, mean loss: 0.68474, accuracy: 0.82700, task: multi, mean loss: 0.20212, multilabel_accuracy: 0.49900, avg. loss over tasks: 0.53518
Diversity Loss - Mean: 0.00000, Variance: 0.00000
Semantic Loss - Mean: 0.00000, Variance: 0.00000

Train Epoch: 26 
task: majority, mean loss: 0.11839, accuracy: 0.95700, task: max, mean loss: 0.20538, accuracy: 0.93560, task: top, mean loss: 0.19342, accuracy: 0.93800, task: multi, mean loss: 0.13334, multilabel_accuracy: 0.62580, avg. loss over tasks: 0.16263, lr: 0.0009241000240301347
Diversity Loss - Mean: 0.00000, Variance: 0.00000
Semantic Loss - Mean: 0.00000, Variance: 0.00000

Test Epoch: 26 
task: majority, mean loss: 0.15580, accuracy: 0.95200, task: max, mean loss: 0.31291, accuracy: 0.89800, task: top, mean loss: 0.35488, accuracy: 0.90200, task: multi, mean loss: 0.13381, multilabel_accuracy: 0.62900, avg. loss over tasks: 0.23935
Diversity Loss - Mean: 0.00000, Variance: 0.00000
Semantic Loss - Mean: 0.00000, Variance: 0.00000

Train Epoch: 27 
task: majority, mean loss: 0.10232, accuracy: 0.96260, task: max, mean loss: 0.18934, accuracy: 0.94220, task: top, mean loss: 0.17178, accuracy: 0.94860, task: multi, mean loss: 0.12761, multilabel_accuracy: 0.63120, avg. loss over tasks: 0.14776, lr: 0.0009146042674912433
Diversity Loss - Mean: 0.00000, Variance: 0.00000
Semantic Loss - Mean: 0.00000, Variance: 0.00000

Test Epoch: 27 
task: majority, mean loss: 0.08374, accuracy: 0.97400, task: max, mean loss: 0.28439, accuracy: 0.91700, task: top, mean loss: 0.36140, accuracy: 0.90900, task: multi, mean loss: 0.11643, multilabel_accuracy: 0.66900, avg. loss over tasks: 0.21149
Diversity Loss - Mean: 0.00000, Variance: 0.00000
Semantic Loss - Mean: 0.00000, Variance: 0.00000

Train Epoch: 28 
task: majority, mean loss: 0.11129, accuracy: 0.96140, task: max, mean loss: 0.18854, accuracy: 0.94320, task: top, mean loss: 0.19238, accuracy: 0.94240, task: multi, mean loss: 0.12684, multilabel_accuracy: 0.63700, avg. loss over tasks: 0.15476, lr: 0.0009046039886902862
Diversity Loss - Mean: 0.00000, Variance: 0.00000
Semantic Loss - Mean: 0.00000, Variance: 0.00000

Test Epoch: 28 
task: majority, mean loss: 0.26000, accuracy: 0.90300, task: max, mean loss: 0.41819, accuracy: 0.87200, task: top, mean loss: 0.94085, accuracy: 0.79800, task: multi, mean loss: 0.16756, multilabel_accuracy: 0.55700, avg. loss over tasks: 0.44665
Diversity Loss - Mean: 0.00000, Variance: 0.00000
Semantic Loss - Mean: 0.00000, Variance: 0.00000

Train Epoch: 29 
task: majority, mean loss: 0.11022, accuracy: 0.96160, task: max, mean loss: 0.15489, accuracy: 0.95200, task: top, mean loss: 0.14940, accuracy: 0.95440, task: multi, mean loss: 0.11543, multilabel_accuracy: 0.65980, avg. loss over tasks: 0.13248, lr: 0.0008941113714265576
Diversity Loss - Mean: 0.00000, Variance: 0.00000
Semantic Loss - Mean: 0.00000, Variance: 0.00000

Test Epoch: 29 
task: majority, mean loss: 0.20735, accuracy: 0.93600, task: max, mean loss: 0.29908, accuracy: 0.90100, task: top, mean loss: 0.66425, accuracy: 0.82300, task: multi, mean loss: 0.13868, multilabel_accuracy: 0.59600, avg. loss over tasks: 0.32734
Diversity Loss - Mean: 0.00000, Variance: 0.00000
Semantic Loss - Mean: 0.00000, Variance: 0.00000

Train Epoch: 30 
task: majority, mean loss: 0.10247, accuracy: 0.96420, task: max, mean loss: 0.16357, accuracy: 0.94720, task: top, mean loss: 0.15769, accuracy: 0.94940, task: multi, mean loss: 0.11668, multilabel_accuracy: 0.66000, avg. loss over tasks: 0.13510, lr: 0.0008831391993379295
Diversity Loss - Mean: 0.00000, Variance: 0.00000
Semantic Loss - Mean: 0.00000, Variance: 0.00000

Test Epoch: 30 
task: majority, mean loss: 0.17864, accuracy: 0.94600, task: max, mean loss: 0.49133, accuracy: 0.86600, task: top, mean loss: 0.60069, accuracy: 0.84100, task: multi, mean loss: 0.15993, multilabel_accuracy: 0.58000, avg. loss over tasks: 0.35765
Diversity Loss - Mean: 0.00000, Variance: 0.00000
Semantic Loss - Mean: 0.00000, Variance: 0.00000

Train Epoch: 31 
task: majority, mean loss: 0.09029, accuracy: 0.96880, task: max, mean loss: 0.15345, accuracy: 0.95120, task: top, mean loss: 0.13907, accuracy: 0.95720, task: multi, mean loss: 0.11270, multilabel_accuracy: 0.66640, avg. loss over tasks: 0.12388, lr: 0.0008717008403259584
Diversity Loss - Mean: 0.00000, Variance: 0.00000
Semantic Loss - Mean: 0.00000, Variance: 0.00000

Test Epoch: 31 
task: majority, mean loss: 0.14174, accuracy: 0.94400, task: max, mean loss: 0.44965, accuracy: 0.85400, task: top, mean loss: 0.86166, accuracy: 0.82100, task: multi, mean loss: 0.15087, multilabel_accuracy: 0.58000, avg. loss over tasks: 0.40098
Diversity Loss - Mean: 0.00000, Variance: 0.00000
Semantic Loss - Mean: 0.00000, Variance: 0.00000

Train Epoch: 32 
task: majority, mean loss: 0.06865, accuracy: 0.97760, task: max, mean loss: 0.13155, accuracy: 0.95900, task: top, mean loss: 0.11764, accuracy: 0.96280, task: multi, mean loss: 0.10895, multilabel_accuracy: 0.68000, avg. loss over tasks: 0.10670, lr: 0.0008598102302691562
Diversity Loss - Mean: 0.00000, Variance: 0.00000
Semantic Loss - Mean: 0.00000, Variance: 0.00000

Test Epoch: 32 
task: majority, mean loss: 0.16395, accuracy: 0.94900, task: max, mean loss: 0.34385, accuracy: 0.90200, task: top, mean loss: 0.36602, accuracy: 0.90600, task: multi, mean loss: 0.11855, multilabel_accuracy: 0.66400, avg. loss over tasks: 0.24809
Diversity Loss - Mean: 0.00000, Variance: 0.00000
Semantic Loss - Mean: 0.00000, Variance: 0.00000

Train Epoch: 33 
task: majority, mean loss: 0.09214, accuracy: 0.96840, task: max, mean loss: 0.15082, accuracy: 0.95100, task: top, mean loss: 0.12705, accuracy: 0.96260, task: multi, mean loss: 0.10831, multilabel_accuracy: 0.69160, avg. loss over tasks: 0.11958, lr: 0.0008474818560442692
Diversity Loss - Mean: 0.00000, Variance: 0.00000
Semantic Loss - Mean: 0.00000, Variance: 0.00000

Test Epoch: 33 
task: majority, mean loss: 0.32450, accuracy: 0.88600, task: max, mean loss: 0.40613, accuracy: 0.87700, task: top, mean loss: 0.63441, accuracy: 0.84600, task: multi, mean loss: 0.17982, multilabel_accuracy: 0.53200, avg. loss over tasks: 0.38622
Diversity Loss - Mean: 0.00000, Variance: 0.00000
Semantic Loss - Mean: 0.00000, Variance: 0.00000

Train Epoch: 34 
task: majority, mean loss: 0.09986, accuracy: 0.96500, task: max, mean loss: 0.16754, accuracy: 0.94660, task: top, mean loss: 0.15638, accuracy: 0.95480, task: multi, mean loss: 0.11170, multilabel_accuracy: 0.67840, avg. loss over tasks: 0.13387, lr: 0.0008347307378762497
Diversity Loss - Mean: 0.00000, Variance: 0.00000
Semantic Loss - Mean: 0.00000, Variance: 0.00000

Test Epoch: 34 
task: majority, mean loss: 0.14752, accuracy: 0.94600, task: max, mean loss: 0.35860, accuracy: 0.90300, task: top, mean loss: 0.37306, accuracy: 0.90300, task: multi, mean loss: 0.12540, multilabel_accuracy: 0.66800, avg. loss over tasks: 0.25115
Diversity Loss - Mean: 0.00000, Variance: 0.00000
Semantic Loss - Mean: 0.00000, Variance: 0.00000

Train Epoch: 35 
task: majority, mean loss: 0.07796, accuracy: 0.97300, task: max, mean loss: 0.13049, accuracy: 0.95560, task: top, mean loss: 0.13254, accuracy: 0.96060, task: multi, mean loss: 0.10511, multilabel_accuracy: 0.69240, avg. loss over tasks: 0.11152, lr: 0.0008215724110384264
Diversity Loss - Mean: 0.00000, Variance: 0.00000
Semantic Loss - Mean: 0.00000, Variance: 0.00000

Test Epoch: 35 
task: majority, mean loss: 0.14811, accuracy: 0.94800, task: max, mean loss: 0.41693, accuracy: 0.88300, task: top, mean loss: 0.34042, accuracy: 0.91000, task: multi, mean loss: 0.12202, multilabel_accuracy: 0.66200, avg. loss over tasks: 0.25687
Diversity Loss - Mean: 0.00000, Variance: 0.00000
Semantic Loss - Mean: 0.00000, Variance: 0.00000

Train Epoch: 36 
task: majority, mean loss: 0.05573, accuracy: 0.98120, task: max, mean loss: 0.09676, accuracy: 0.97200, task: top, mean loss: 0.09722, accuracy: 0.97300, task: multi, mean loss: 0.09071, multilabel_accuracy: 0.73680, avg. loss over tasks: 0.08510, lr: 0.0008080229069251663
Diversity Loss - Mean: 0.00000, Variance: 0.00000
Semantic Loss - Mean: 0.00000, Variance: 0.00000

Test Epoch: 36 
task: majority, mean loss: 0.12216, accuracy: 0.95900, task: max, mean loss: 0.34398, accuracy: 0.90800, task: top, mean loss: 0.34655, accuracy: 0.91100, task: multi, mean loss: 0.13137, multilabel_accuracy: 0.63700, avg. loss over tasks: 0.23602
Diversity Loss - Mean: 0.00000, Variance: 0.00000
Semantic Loss - Mean: 0.00000, Variance: 0.00000

Train Epoch: 37 
task: majority, mean loss: 0.08022, accuracy: 0.97220, task: max, mean loss: 0.10412, accuracy: 0.96500, task: top, mean loss: 0.11358, accuracy: 0.96360, task: multi, mean loss: 0.10029, multilabel_accuracy: 0.71160, avg. loss over tasks: 0.09955, lr: 0.0007940987335200903
Diversity Loss - Mean: 0.00000, Variance: 0.00000
Semantic Loss - Mean: 0.00000, Variance: 0.00000

Test Epoch: 37 
task: majority, mean loss: 0.09655, accuracy: 0.96800, task: max, mean loss: 0.27633, accuracy: 0.91800, task: top, mean loss: 0.34203, accuracy: 0.91200, task: multi, mean loss: 0.11549, multilabel_accuracy: 0.68300, avg. loss over tasks: 0.20760
Diversity Loss - Mean: 0.00000, Variance: 0.00000
Semantic Loss - Mean: 0.00000, Variance: 0.00000

Train Epoch: 38 
task: majority, mean loss: 0.08599, accuracy: 0.96940, task: max, mean loss: 0.14129, accuracy: 0.95520, task: top, mean loss: 0.14268, accuracy: 0.95700, task: multi, mean loss: 0.10947, multilabel_accuracy: 0.67260, avg. loss over tasks: 0.11986, lr: 0.0007798168552836382
Diversity Loss - Mean: 0.00000, Variance: 0.00000
Semantic Loss - Mean: 0.00000, Variance: 0.00000

Test Epoch: 38 
task: majority, mean loss: 0.10950, accuracy: 0.96100, task: max, mean loss: 0.36493, accuracy: 0.89600, task: top, mean loss: 0.35831, accuracy: 0.90300, task: multi, mean loss: 0.11365, multilabel_accuracy: 0.66300, avg. loss over tasks: 0.23660
Diversity Loss - Mean: 0.00000, Variance: 0.00000
Semantic Loss - Mean: 0.00000, Variance: 0.00000

Train Epoch: 39 
task: majority, mean loss: 0.06127, accuracy: 0.97960, task: max, mean loss: 0.09527, accuracy: 0.96900, task: top, mean loss: 0.08054, accuracy: 0.97680, task: multi, mean loss: 0.09148, multilabel_accuracy: 0.73000, avg. loss over tasks: 0.08214, lr: 0.000765194672484486
Diversity Loss - Mean: 0.00000, Variance: 0.00000
Semantic Loss - Mean: 0.00000, Variance: 0.00000

Test Epoch: 39 
task: majority, mean loss: 0.09403, accuracy: 0.96800, task: max, mean loss: 0.32016, accuracy: 0.90600, task: top, mean loss: 0.39241, accuracy: 0.90100, task: multi, mean loss: 0.10783, multilabel_accuracy: 0.71300, avg. loss over tasks: 0.22861
Diversity Loss - Mean: 0.00000, Variance: 0.00000
Semantic Loss - Mean: 0.00000, Variance: 0.00000

Train Epoch: 40 
task: majority, mean loss: 0.06751, accuracy: 0.97640, task: max, mean loss: 0.10013, accuracy: 0.96880, task: top, mean loss: 0.09765, accuracy: 0.96720, task: multi, mean loss: 0.09232, multilabel_accuracy: 0.73180, avg. loss over tasks: 0.08940, lr: 0.00075025
Diversity Loss - Mean: 0.00000, Variance: 0.00000
Semantic Loss - Mean: 0.00000, Variance: 0.00000

Test Epoch: 40 
task: majority, mean loss: 0.16273, accuracy: 0.95200, task: max, mean loss: 0.38194, accuracy: 0.89900, task: top, mean loss: 0.49717, accuracy: 0.87900, task: multi, mean loss: 0.11871, multilabel_accuracy: 0.68800, avg. loss over tasks: 0.29014
Diversity Loss - Mean: 0.00000, Variance: 0.00000
Semantic Loss - Mean: 0.00000, Variance: 0.00000

Train Epoch: 41 
task: majority, mean loss: 0.07364, accuracy: 0.97660, task: max, mean loss: 0.08767, accuracy: 0.96980, task: top, mean loss: 0.08788, accuracy: 0.97380, task: multi, mean loss: 0.08936, multilabel_accuracy: 0.74360, avg. loss over tasks: 0.08464, lr: 0.0007350010456115524
Diversity Loss - Mean: 0.00000, Variance: 0.00000
Semantic Loss - Mean: 0.00000, Variance: 0.00000

Test Epoch: 41 
task: majority, mean loss: 0.17201, accuracy: 0.94200, task: max, mean loss: 0.39366, accuracy: 0.88700, task: top, mean loss: 0.76692, accuracy: 0.84400, task: multi, mean loss: 0.14744, multilabel_accuracy: 0.61400, avg. loss over tasks: 0.37001
Diversity Loss - Mean: 0.00000, Variance: 0.00000
Semantic Loss - Mean: 0.00000, Variance: 0.00000

Train Epoch: 42 
task: majority, mean loss: 0.05854, accuracy: 0.98120, task: max, mean loss: 0.10392, accuracy: 0.96600, task: top, mean loss: 0.09923, accuracy: 0.96900, task: multi, mean loss: 0.08892, multilabel_accuracy: 0.73660, avg. loss over tasks: 0.08766, lr: 0.0007194663878211441
Diversity Loss - Mean: 0.00000, Variance: 0.00000
Semantic Loss - Mean: 0.00000, Variance: 0.00000

Test Epoch: 42 
task: majority, mean loss: 0.07785, accuracy: 0.97100, task: max, mean loss: 0.29341, accuracy: 0.91700, task: top, mean loss: 0.35709, accuracy: 0.90800, task: multi, mean loss: 0.10956, multilabel_accuracy: 0.70600, avg. loss over tasks: 0.20948
Diversity Loss - Mean: 0.00000, Variance: 0.00000
Semantic Loss - Mean: 0.00000, Variance: 0.00000

Train Epoch: 43 
task: majority, mean loss: 0.05036, accuracy: 0.98320, task: max, mean loss: 0.07715, accuracy: 0.97600, task: top, mean loss: 0.07414, accuracy: 0.97780, task: multi, mean loss: 0.08264, multilabel_accuracy: 0.75640, avg. loss over tasks: 0.07107, lr: 0.0007036649532163623
Diversity Loss - Mean: 0.00000, Variance: 0.00000
Semantic Loss - Mean: 0.00000, Variance: 0.00000

Test Epoch: 43 
task: majority, mean loss: 0.08378, accuracy: 0.97400, task: max, mean loss: 0.37831, accuracy: 0.91300, task: top, mean loss: 0.33605, accuracy: 0.91600, task: multi, mean loss: 0.10749, multilabel_accuracy: 0.72800, avg. loss over tasks: 0.22641
Diversity Loss - Mean: 0.00000, Variance: 0.00000
Semantic Loss - Mean: 0.00000, Variance: 0.00000

Train Epoch: 44 
task: majority, mean loss: 0.04883, accuracy: 0.98220, task: max, mean loss: 0.05891, accuracy: 0.98080, task: top, mean loss: 0.06275, accuracy: 0.98120, task: multi, mean loss: 0.07590, multilabel_accuracy: 0.77460, avg. loss over tasks: 0.06160, lr: 0.0006876159934112482
Diversity Loss - Mean: 0.00000, Variance: 0.00000
Semantic Loss - Mean: 0.00000, Variance: 0.00000

Test Epoch: 44 
task: majority, mean loss: 0.06892, accuracy: 0.97900, task: max, mean loss: 0.28764, accuracy: 0.92700, task: top, mean loss: 0.33220, accuracy: 0.92500, task: multi, mean loss: 0.09552, multilabel_accuracy: 0.73700, avg. loss over tasks: 0.19607
Diversity Loss - Mean: 0.00000, Variance: 0.00000
Semantic Loss - Mean: 0.00000, Variance: 0.00000

Train Epoch: 45 
task: majority, mean loss: 0.04321, accuracy: 0.98580, task: max, mean loss: 0.06507, accuracy: 0.98040, task: top, mean loss: 0.06051, accuracy: 0.98160, task: multi, mean loss: 0.07829, multilabel_accuracy: 0.76580, avg. loss over tasks: 0.06177, lr: 0.0006713390615911716
Diversity Loss - Mean: 0.00000, Variance: 0.00000
Semantic Loss - Mean: 0.00000, Variance: 0.00000

Test Epoch: 45 
task: majority, mean loss: 0.10252, accuracy: 0.96000, task: max, mean loss: 0.35035, accuracy: 0.91300, task: top, mean loss: 0.49358, accuracy: 0.89200, task: multi, mean loss: 0.11363, multilabel_accuracy: 0.72200, avg. loss over tasks: 0.26502
Diversity Loss - Mean: 0.00000, Variance: 0.00000
Semantic Loss - Mean: 0.00000, Variance: 0.00000

Train Epoch: 46 
task: majority, mean loss: 0.04343, accuracy: 0.98420, task: max, mean loss: 0.04672, accuracy: 0.98520, task: top, mean loss: 0.04736, accuracy: 0.98500, task: multi, mean loss: 0.07309, multilabel_accuracy: 0.78460, avg. loss over tasks: 0.05265, lr: 0.0006548539886902863
Diversity Loss - Mean: 0.00000, Variance: 0.00000
Semantic Loss - Mean: 0.00000, Variance: 0.00000

Test Epoch: 46 
task: majority, mean loss: 0.06149, accuracy: 0.97800, task: max, mean loss: 0.28458, accuracy: 0.92900, task: top, mean loss: 0.42894, accuracy: 0.91100, task: multi, mean loss: 0.09173, multilabel_accuracy: 0.73500, avg. loss over tasks: 0.21669
Diversity Loss - Mean: 0.00000, Variance: 0.00000
Semantic Loss - Mean: 0.00000, Variance: 0.00000

Train Epoch: 47 
task: majority, mean loss: 0.04142, accuracy: 0.98680, task: max, mean loss: 0.05216, accuracy: 0.98420, task: top, mean loss: 0.04805, accuracy: 0.98520, task: multi, mean loss: 0.07238, multilabel_accuracy: 0.78260, avg. loss over tasks: 0.05350, lr: 0.0006381808592305911
Diversity Loss - Mean: 0.00000, Variance: 0.00000
Semantic Loss - Mean: 0.00000, Variance: 0.00000

Test Epoch: 47 
task: majority, mean loss: 0.16379, accuracy: 0.94900, task: max, mean loss: 0.36227, accuracy: 0.91500, task: top, mean loss: 0.44818, accuracy: 0.90400, task: multi, mean loss: 0.12045, multilabel_accuracy: 0.70000, avg. loss over tasks: 0.27367
Diversity Loss - Mean: 0.00000, Variance: 0.00000
Semantic Loss - Mean: 0.00000, Variance: 0.00000

Train Epoch: 48 
task: majority, mean loss: 0.04525, accuracy: 0.98440, task: max, mean loss: 0.08233, accuracy: 0.97460, task: top, mean loss: 0.07289, accuracy: 0.97720, task: multi, mean loss: 0.08017, multilabel_accuracy: 0.76000, avg. loss over tasks: 0.07016, lr: 0.0006213399868520341
Diversity Loss - Mean: 0.00000, Variance: 0.00000
Semantic Loss - Mean: 0.00000, Variance: 0.00000

Test Epoch: 48 
task: majority, mean loss: 0.09493, accuracy: 0.97100, task: max, mean loss: 0.30847, accuracy: 0.91800, task: top, mean loss: 0.41950, accuracy: 0.91000, task: multi, mean loss: 0.10123, multilabel_accuracy: 0.73700, avg. loss over tasks: 0.23103
Diversity Loss - Mean: 0.00000, Variance: 0.00000
Semantic Loss - Mean: 0.00000, Variance: 0.00000

Train Epoch: 49 
task: majority, mean loss: 0.04303, accuracy: 0.98580, task: max, mean loss: 0.05020, accuracy: 0.98400, task: top, mean loss: 0.05837, accuracy: 0.98160, task: multi, mean loss: 0.07410, multilabel_accuracy: 0.78360, avg. loss over tasks: 0.05643, lr: 0.0006043518895634709
Diversity Loss - Mean: 0.00000, Variance: 0.00000
Semantic Loss - Mean: 0.00000, Variance: 0.00000

Test Epoch: 49 
task: majority, mean loss: 0.09724, accuracy: 0.95900, task: max, mean loss: 0.30906, accuracy: 0.91000, task: top, mean loss: 0.42917, accuracy: 0.89700, task: multi, mean loss: 0.09889, multilabel_accuracy: 0.71100, avg. loss over tasks: 0.23359
Diversity Loss - Mean: 0.00000, Variance: 0.00000
Semantic Loss - Mean: 0.00000, Variance: 0.00000

Train Epoch: 50 
task: majority, mean loss: 0.04465, accuracy: 0.98320, task: max, mean loss: 0.05130, accuracy: 0.98360, task: top, mean loss: 0.05258, accuracy: 0.98460, task: multi, mean loss: 0.07277, multilabel_accuracy: 0.78900, avg. loss over tasks: 0.05533, lr: 0.0005872372647446318
Diversity Loss - Mean: 0.00000, Variance: 0.00000
Semantic Loss - Mean: 0.00000, Variance: 0.00000

Test Epoch: 50 
task: majority, mean loss: 0.15591, accuracy: 0.94900, task: max, mean loss: 0.31021, accuracy: 0.92300, task: top, mean loss: 0.50722, accuracy: 0.89100, task: multi, mean loss: 0.10765, multilabel_accuracy: 0.71500, avg. loss over tasks: 0.27025
Diversity Loss - Mean: 0.00000, Variance: 0.00000
Semantic Loss - Mean: 0.00000, Variance: 0.00000

Train Epoch: 51 
task: majority, mean loss: 0.02797, accuracy: 0.99140, task: max, mean loss: 0.04206, accuracy: 0.98560, task: top, mean loss: 0.03597, accuracy: 0.98900, task: multi, mean loss: 0.06551, multilabel_accuracy: 0.79580, avg. loss over tasks: 0.04288, lr: 0.0005700169639295527
Diversity Loss - Mean: 0.00000, Variance: 0.00000
Semantic Loss - Mean: 0.00000, Variance: 0.00000

Test Epoch: 51 
task: majority, mean loss: 0.17059, accuracy: 0.94800, task: max, mean loss: 0.37749, accuracy: 0.91900, task: top, mean loss: 0.70143, accuracy: 0.86900, task: multi, mean loss: 0.12476, multilabel_accuracy: 0.65700, avg. loss over tasks: 0.34357
Diversity Loss - Mean: 0.00000, Variance: 0.00000
Semantic Loss - Mean: 0.00000, Variance: 0.00000

Train Epoch: 52 
task: majority, mean loss: 0.03620, accuracy: 0.98880, task: max, mean loss: 0.03976, accuracy: 0.98780, task: top, mean loss: 0.03640, accuracy: 0.98760, task: multi, mean loss: 0.06396, multilabel_accuracy: 0.80620, avg. loss over tasks: 0.04408, lr: 0.000552711967402193
Diversity Loss - Mean: 0.00000, Variance: 0.00000
Semantic Loss - Mean: 0.00000, Variance: 0.00000

Test Epoch: 52 
task: majority, mean loss: 0.11174, accuracy: 0.96400, task: max, mean loss: 0.39936, accuracy: 0.91600, task: top, mean loss: 0.33809, accuracy: 0.92400, task: multi, mean loss: 0.10801, multilabel_accuracy: 0.71900, avg. loss over tasks: 0.23930
Diversity Loss - Mean: 0.00000, Variance: 0.00000
Semantic Loss - Mean: 0.00000, Variance: 0.00000

Train Epoch: 53 
task: majority, mean loss: 0.03680, accuracy: 0.98860, task: max, mean loss: 0.05194, accuracy: 0.98320, task: top, mean loss: 0.03929, accuracy: 0.98800, task: multi, mean loss: 0.06703, multilabel_accuracy: 0.79660, avg. loss over tasks: 0.04877, lr: 0.0005353433586351906
Diversity Loss - Mean: 0.00000, Variance: 0.00000
Semantic Loss - Mean: 0.00000, Variance: 0.00000

Test Epoch: 53 
task: majority, mean loss: 0.14757, accuracy: 0.95300, task: max, mean loss: 0.31589, accuracy: 0.92200, task: top, mean loss: 0.53389, accuracy: 0.88700, task: multi, mean loss: 0.11028, multilabel_accuracy: 0.70700, avg. loss over tasks: 0.27691
Diversity Loss - Mean: 0.00000, Variance: 0.00000
Semantic Loss - Mean: 0.00000, Variance: 0.00000

Train Epoch: 54 
task: majority, mean loss: 0.03573, accuracy: 0.98860, task: max, mean loss: 0.03601, accuracy: 0.98760, task: top, mean loss: 0.04762, accuracy: 0.98660, task: multi, mean loss: 0.06374, multilabel_accuracy: 0.81380, avg. loss over tasks: 0.04578, lr: 0.0005179322986028992
Diversity Loss - Mean: 0.00000, Variance: 0.00000
Semantic Loss - Mean: 0.00000, Variance: 0.00000

Test Epoch: 54 
task: majority, mean loss: 0.11058, accuracy: 0.96400, task: max, mean loss: 0.38274, accuracy: 0.91000, task: top, mean loss: 0.47905, accuracy: 0.89800, task: multi, mean loss: 0.09919, multilabel_accuracy: 0.74200, avg. loss over tasks: 0.26789
Diversity Loss - Mean: 0.00000, Variance: 0.00000
Semantic Loss - Mean: 0.00000, Variance: 0.00000

Train Epoch: 55 
task: majority, mean loss: 0.03002, accuracy: 0.99120, task: max, mean loss: 0.03640, accuracy: 0.98860, task: top, mean loss: 0.02765, accuracy: 0.99320, task: multi, mean loss: 0.05752, multilabel_accuracy: 0.82500, avg. loss over tasks: 0.03790, lr: 0.0005005
Diversity Loss - Mean: 0.00000, Variance: 0.00000
Semantic Loss - Mean: 0.00000, Variance: 0.00000

Test Epoch: 55 
task: majority, mean loss: 0.06417, accuracy: 0.98000, task: max, mean loss: 0.33196, accuracy: 0.92200, task: top, mean loss: 0.50222, accuracy: 0.89900, task: multi, mean loss: 0.08838, multilabel_accuracy: 0.75800, avg. loss over tasks: 0.24668
Diversity Loss - Mean: 0.00000, Variance: 0.00000
Semantic Loss - Mean: 0.00000, Variance: 0.00000

Train Epoch: 56 
task: majority, mean loss: 0.02290, accuracy: 0.99280, task: max, mean loss: 0.02169, accuracy: 0.99400, task: top, mean loss: 0.02411, accuracy: 0.99200, task: multi, mean loss: 0.05343, multilabel_accuracy: 0.84120, avg. loss over tasks: 0.03053, lr: 0.00048306770139710083
Diversity Loss - Mean: 0.00000, Variance: 0.00000
Semantic Loss - Mean: 0.00000, Variance: 0.00000

Test Epoch: 56 
task: majority, mean loss: 0.09978, accuracy: 0.97000, task: max, mean loss: 0.37008, accuracy: 0.92900, task: top, mean loss: 0.38699, accuracy: 0.91800, task: multi, mean loss: 0.09613, multilabel_accuracy: 0.75800, avg. loss over tasks: 0.23824
Diversity Loss - Mean: 0.00000, Variance: 0.00000
Semantic Loss - Mean: 0.00000, Variance: 0.00000

Train Epoch: 57 
task: majority, mean loss: 0.03279, accuracy: 0.98880, task: max, mean loss: 0.06237, accuracy: 0.98060, task: top, mean loss: 0.05855, accuracy: 0.98260, task: multi, mean loss: 0.06527, multilabel_accuracy: 0.80040, avg. loss over tasks: 0.05475, lr: 0.0004656566413648095
Diversity Loss - Mean: 0.00000, Variance: 0.00000
Semantic Loss - Mean: 0.00000, Variance: 0.00000

Test Epoch: 57 
task: majority, mean loss: 0.11978, accuracy: 0.96300, task: max, mean loss: 0.31359, accuracy: 0.93000, task: top, mean loss: 0.40511, accuracy: 0.91400, task: multi, mean loss: 0.10228, multilabel_accuracy: 0.73600, avg. loss over tasks: 0.23519
Diversity Loss - Mean: 0.00000, Variance: 0.00000
Semantic Loss - Mean: 0.00000, Variance: 0.00000

Train Epoch: 58 
task: majority, mean loss: 0.03363, accuracy: 0.98800, task: max, mean loss: 0.04396, accuracy: 0.98720, task: top, mean loss: 0.04560, accuracy: 0.98700, task: multi, mean loss: 0.05937, multilabel_accuracy: 0.81900, avg. loss over tasks: 0.04564, lr: 0.0004482880325978071
Diversity Loss - Mean: 0.00000, Variance: 0.00000
Semantic Loss - Mean: 0.00000, Variance: 0.00000

Test Epoch: 58 
task: majority, mean loss: 0.07982, accuracy: 0.97200, task: max, mean loss: 0.27243, accuracy: 0.92900, task: top, mean loss: 0.36979, accuracy: 0.91600, task: multi, mean loss: 0.09246, multilabel_accuracy: 0.74200, avg. loss over tasks: 0.20363
Diversity Loss - Mean: 0.00000, Variance: 0.00000
Semantic Loss - Mean: 0.00000, Variance: 0.00000

Train Epoch: 59 
task: majority, mean loss: 0.02342, accuracy: 0.99300, task: max, mean loss: 0.03240, accuracy: 0.99120, task: top, mean loss: 0.04158, accuracy: 0.98700, task: multi, mean loss: 0.05505, multilabel_accuracy: 0.83600, avg. loss over tasks: 0.03811, lr: 0.0004309830360704473
Diversity Loss - Mean: 0.00000, Variance: 0.00000
Semantic Loss - Mean: 0.00000, Variance: 0.00000

Test Epoch: 59 
task: majority, mean loss: 0.24892, accuracy: 0.92700, task: max, mean loss: 0.55826, accuracy: 0.89400, task: top, mean loss: 0.53926, accuracy: 0.88200, task: multi, mean loss: 0.14561, multilabel_accuracy: 0.66100, avg. loss over tasks: 0.37301
Diversity Loss - Mean: 0.00000, Variance: 0.00000
Semantic Loss - Mean: 0.00000, Variance: 0.00000

Train Epoch: 60 
task: majority, mean loss: 0.01930, accuracy: 0.99320, task: max, mean loss: 0.02275, accuracy: 0.99300, task: top, mean loss: 0.01964, accuracy: 0.99360, task: multi, mean loss: 0.05076, multilabel_accuracy: 0.84780, avg. loss over tasks: 0.02811, lr: 0.00041376273525536834
Diversity Loss - Mean: 0.00000, Variance: 0.00000
Semantic Loss - Mean: 0.00000, Variance: 0.00000

Test Epoch: 60 
task: majority, mean loss: 0.06314, accuracy: 0.97600, task: max, mean loss: 0.30141, accuracy: 0.93500, task: top, mean loss: 0.40070, accuracy: 0.91600, task: multi, mean loss: 0.08626, multilabel_accuracy: 0.76500, avg. loss over tasks: 0.21287
Diversity Loss - Mean: 0.00000, Variance: 0.00000
Semantic Loss - Mean: 0.00000, Variance: 0.00000

Train Epoch: 61 
task: majority, mean loss: 0.01817, accuracy: 0.99420, task: max, mean loss: 0.01567, accuracy: 0.99560, task: top, mean loss: 0.01701, accuracy: 0.99460, task: multi, mean loss: 0.04705, multilabel_accuracy: 0.86240, avg. loss over tasks: 0.02447, lr: 0.00039664811043652927
Diversity Loss - Mean: 0.00000, Variance: 0.00000
Semantic Loss - Mean: 0.00000, Variance: 0.00000

Test Epoch: 61 
task: majority, mean loss: 0.05639, accuracy: 0.98100, task: max, mean loss: 0.33072, accuracy: 0.92600, task: top, mean loss: 0.61774, accuracy: 0.89000, task: multi, mean loss: 0.09674, multilabel_accuracy: 0.74100, avg. loss over tasks: 0.27540
Diversity Loss - Mean: 0.00000, Variance: 0.00000
Semantic Loss - Mean: 0.00000, Variance: 0.00000

Train Epoch: 62 
task: majority, mean loss: 0.01271, accuracy: 0.99700, task: max, mean loss: 0.01163, accuracy: 0.99640, task: top, mean loss: 0.01541, accuracy: 0.99640, task: multi, mean loss: 0.04094, multilabel_accuracy: 0.88120, avg. loss over tasks: 0.02017, lr: 0.00037966001314796593
Diversity Loss - Mean: 0.00000, Variance: 0.00000
Semantic Loss - Mean: 0.00000, Variance: 0.00000

Test Epoch: 62 
task: majority, mean loss: 0.05914, accuracy: 0.97500, task: max, mean loss: 0.28679, accuracy: 0.93000, task: top, mean loss: 0.32735, accuracy: 0.93500, task: multi, mean loss: 0.08104, multilabel_accuracy: 0.77800, avg. loss over tasks: 0.18858
Diversity Loss - Mean: 0.00000, Variance: 0.00000
Semantic Loss - Mean: 0.00000, Variance: 0.00000

Train Epoch: 63 
task: majority, mean loss: 0.01309, accuracy: 0.99680, task: max, mean loss: 0.01163, accuracy: 0.99660, task: top, mean loss: 0.00967, accuracy: 0.99760, task: multi, mean loss: 0.04049, multilabel_accuracy: 0.87720, avg. loss over tasks: 0.01872, lr: 0.00036281914076940894
Diversity Loss - Mean: 0.00000, Variance: 0.00000
Semantic Loss - Mean: 0.00000, Variance: 0.00000

Test Epoch: 63 
task: majority, mean loss: 0.05410, accuracy: 0.98300, task: max, mean loss: 0.31941, accuracy: 0.93100, task: top, mean loss: 0.43330, accuracy: 0.91700, task: multi, mean loss: 0.08749, multilabel_accuracy: 0.76500, avg. loss over tasks: 0.22358
Diversity Loss - Mean: 0.00000, Variance: 0.00000
Semantic Loss - Mean: 0.00000, Variance: 0.00000

Train Epoch: 64 
task: majority, mean loss: 0.01359, accuracy: 0.99560, task: max, mean loss: 0.01146, accuracy: 0.99700, task: top, mean loss: 0.01305, accuracy: 0.99620, task: multi, mean loss: 0.03934, multilabel_accuracy: 0.88220, avg. loss over tasks: 0.01936, lr: 0.00034614601130971383
Diversity Loss - Mean: 0.00000, Variance: 0.00000
Semantic Loss - Mean: 0.00000, Variance: 0.00000

Test Epoch: 64 
task: majority, mean loss: 0.04839, accuracy: 0.98500, task: max, mean loss: 0.30818, accuracy: 0.93200, task: top, mean loss: 0.47114, accuracy: 0.91600, task: multi, mean loss: 0.08152, multilabel_accuracy: 0.78100, avg. loss over tasks: 0.22731
Diversity Loss - Mean: 0.00000, Variance: 0.00000
Semantic Loss - Mean: 0.00000, Variance: 0.00000

Train Epoch: 65 
task: majority, mean loss: 0.03266, accuracy: 0.98960, task: max, mean loss: 0.05520, accuracy: 0.98400, task: top, mean loss: 0.02941, accuracy: 0.99180, task: multi, mean loss: 0.05560, multilabel_accuracy: 0.83200, avg. loss over tasks: 0.04322, lr: 0.0003296609384088285
Diversity Loss - Mean: 0.00000, Variance: 0.00000
Semantic Loss - Mean: 0.00000, Variance: 0.00000

Test Epoch: 65 
task: majority, mean loss: 0.03289, accuracy: 0.99000, task: max, mean loss: 0.31101, accuracy: 0.92800, task: top, mean loss: 0.53463, accuracy: 0.90500, task: multi, mean loss: 0.08658, multilabel_accuracy: 0.77600, avg. loss over tasks: 0.24128
Diversity Loss - Mean: 0.00000, Variance: 0.00000
Semantic Loss - Mean: 0.00000, Variance: 0.00000

Train Epoch: 66 
task: majority, mean loss: 0.01278, accuracy: 0.99640, task: max, mean loss: 0.01399, accuracy: 0.99640, task: top, mean loss: 0.01140, accuracy: 0.99640, task: multi, mean loss: 0.03993, multilabel_accuracy: 0.88080, avg. loss over tasks: 0.01953, lr: 0.00031338400658875205
Diversity Loss - Mean: 0.00000, Variance: 0.00000
Semantic Loss - Mean: 0.00000, Variance: 0.00000

Test Epoch: 66 
task: majority, mean loss: 0.05456, accuracy: 0.98100, task: max, mean loss: 0.31161, accuracy: 0.92900, task: top, mean loss: 0.47545, accuracy: 0.90800, task: multi, mean loss: 0.09118, multilabel_accuracy: 0.77400, avg. loss over tasks: 0.23320
Diversity Loss - Mean: 0.00000, Variance: 0.00000
Semantic Loss - Mean: 0.00000, Variance: 0.00000

Train Epoch: 67 
task: majority, mean loss: 0.01219, accuracy: 0.99740, task: max, mean loss: 0.01297, accuracy: 0.99600, task: top, mean loss: 0.01185, accuracy: 0.99680, task: multi, mean loss: 0.03803, multilabel_accuracy: 0.88200, avg. loss over tasks: 0.01876, lr: 0.00029733504678363775
Diversity Loss - Mean: 0.00000, Variance: 0.00000
Semantic Loss - Mean: 0.00000, Variance: 0.00000

Test Epoch: 67 
task: majority, mean loss: 0.02609, accuracy: 0.99100, task: max, mean loss: 0.28602, accuracy: 0.93700, task: top, mean loss: 0.34185, accuracy: 0.93300, task: multi, mean loss: 0.07772, multilabel_accuracy: 0.80600, avg. loss over tasks: 0.18292
Diversity Loss - Mean: 0.00000, Variance: 0.00000
Semantic Loss - Mean: 0.00000, Variance: 0.00000

Train Epoch: 68 
task: majority, mean loss: 0.00782, accuracy: 0.99820, task: max, mean loss: 0.00696, accuracy: 0.99860, task: top, mean loss: 0.00600, accuracy: 0.99820, task: multi, mean loss: 0.03431, multilabel_accuracy: 0.90360, avg. loss over tasks: 0.01377, lr: 0.00028153361217885594
Diversity Loss - Mean: 0.00000, Variance: 0.00000
Semantic Loss - Mean: 0.00000, Variance: 0.00000

Test Epoch: 68 
task: majority, mean loss: 0.07325, accuracy: 0.97400, task: max, mean loss: 0.29539, accuracy: 0.93600, task: top, mean loss: 0.59209, accuracy: 0.90400, task: multi, mean loss: 0.08017, multilabel_accuracy: 0.77900, avg. loss over tasks: 0.26023
Diversity Loss - Mean: 0.00000, Variance: 0.00000
Semantic Loss - Mean: 0.00000, Variance: 0.00000

Train Epoch: 69 
task: majority, mean loss: 0.00903, accuracy: 0.99720, task: max, mean loss: 0.01068, accuracy: 0.99700, task: top, mean loss: 0.00949, accuracy: 0.99720, task: multi, mean loss: 0.03305, multilabel_accuracy: 0.90580, avg. loss over tasks: 0.01556, lr: 0.0002659989543884475
Diversity Loss - Mean: 0.00000, Variance: 0.00000
Semantic Loss - Mean: 0.00000, Variance: 0.00000

Test Epoch: 69 
task: majority, mean loss: 0.03823, accuracy: 0.98800, task: max, mean loss: 0.26568, accuracy: 0.94000, task: top, mean loss: 0.55072, accuracy: 0.91200, task: multi, mean loss: 0.08110, multilabel_accuracy: 0.78200, avg. loss over tasks: 0.23393
Diversity Loss - Mean: 0.00000, Variance: 0.00000
Semantic Loss - Mean: 0.00000, Variance: 0.00000

Train Epoch: 70 
task: majority, mean loss: 0.01122, accuracy: 0.99660, task: max, mean loss: 0.00530, accuracy: 0.99900, task: top, mean loss: 0.00565, accuracy: 0.99820, task: multi, mean loss: 0.02805, multilabel_accuracy: 0.91740, avg. loss over tasks: 0.01255, lr: 0.0002507500000000001
Diversity Loss - Mean: 0.00000, Variance: 0.00000
Semantic Loss - Mean: 0.00000, Variance: 0.00000

Test Epoch: 70 
task: majority, mean loss: 0.04336, accuracy: 0.98400, task: max, mean loss: 0.27734, accuracy: 0.94200, task: top, mean loss: 0.44295, accuracy: 0.92200, task: multi, mean loss: 0.07976, multilabel_accuracy: 0.80200, avg. loss over tasks: 0.21085
Diversity Loss - Mean: 0.00000, Variance: 0.00000
Semantic Loss - Mean: 0.00000, Variance: 0.00000

Train Epoch: 71 
task: majority, mean loss: 0.01072, accuracy: 0.99660, task: max, mean loss: 0.01133, accuracy: 0.99680, task: top, mean loss: 0.01557, accuracy: 0.99480, task: multi, mean loss: 0.03235, multilabel_accuracy: 0.90440, avg. loss over tasks: 0.01749, lr: 0.0002358053275155142
Diversity Loss - Mean: 0.00000, Variance: 0.00000
Semantic Loss - Mean: 0.00000, Variance: 0.00000

Test Epoch: 71 
task: majority, mean loss: 0.06202, accuracy: 0.98200, task: max, mean loss: 0.36573, accuracy: 0.92800, task: top, mean loss: 0.46386, accuracy: 0.90800, task: multi, mean loss: 0.09668, multilabel_accuracy: 0.75900, avg. loss over tasks: 0.24707
Diversity Loss - Mean: 0.00000, Variance: 0.00000
Semantic Loss - Mean: 0.00000, Variance: 0.00000

Train Epoch: 72 
task: majority, mean loss: 0.01618, accuracy: 0.99440, task: max, mean loss: 0.01382, accuracy: 0.99500, task: top, mean loss: 0.01614, accuracy: 0.99520, task: multi, mean loss: 0.03639, multilabel_accuracy: 0.88580, avg. loss over tasks: 0.02063, lr: 0.00022118314471636204
Diversity Loss - Mean: 0.00000, Variance: 0.00000
Semantic Loss - Mean: 0.00000, Variance: 0.00000

Test Epoch: 72 
task: majority, mean loss: 0.07579, accuracy: 0.97200, task: max, mean loss: 0.28867, accuracy: 0.93200, task: top, mean loss: 0.37188, accuracy: 0.92600, task: multi, mean loss: 0.08049, multilabel_accuracy: 0.78900, avg. loss over tasks: 0.20421
Diversity Loss - Mean: 0.00000, Variance: 0.00000
Semantic Loss - Mean: 0.00000, Variance: 0.00000

Train Epoch: 73 
task: majority, mean loss: 0.01107, accuracy: 0.99640, task: max, mean loss: 0.01268, accuracy: 0.99700, task: top, mean loss: 0.00798, accuracy: 0.99720, task: multi, mean loss: 0.03039, multilabel_accuracy: 0.90880, avg. loss over tasks: 0.01553, lr: 0.00020690126647990973
Diversity Loss - Mean: 0.00000, Variance: 0.00000
Semantic Loss - Mean: 0.00000, Variance: 0.00000

Test Epoch: 73 
task: majority, mean loss: 0.04074, accuracy: 0.98800, task: max, mean loss: 0.28421, accuracy: 0.93100, task: top, mean loss: 0.49769, accuracy: 0.91400, task: multi, mean loss: 0.08137, multilabel_accuracy: 0.79400, avg. loss over tasks: 0.22600
Diversity Loss - Mean: 0.00000, Variance: 0.00000
Semantic Loss - Mean: 0.00000, Variance: 0.00000

Train Epoch: 74 
task: majority, mean loss: 0.00696, accuracy: 0.99860, task: max, mean loss: 0.00414, accuracy: 0.99920, task: top, mean loss: 0.00455, accuracy: 0.99940, task: multi, mean loss: 0.02599, multilabel_accuracy: 0.92740, avg. loss over tasks: 0.01041, lr: 0.00019297709307483367
Diversity Loss - Mean: 0.00000, Variance: 0.00000
Semantic Loss - Mean: 0.00000, Variance: 0.00000

Test Epoch: 74 
task: majority, mean loss: 0.03700, accuracy: 0.98700, task: max, mean loss: 0.27741, accuracy: 0.94300, task: top, mean loss: 0.46304, accuracy: 0.92100, task: multi, mean loss: 0.07456, multilabel_accuracy: 0.80500, avg. loss over tasks: 0.21300
Diversity Loss - Mean: 0.00000, Variance: 0.00000
Semantic Loss - Mean: 0.00000, Variance: 0.00000

Train Epoch: 75 
task: majority, mean loss: 0.00345, accuracy: 0.99960, task: max, mean loss: 0.00461, accuracy: 0.99920, task: top, mean loss: 0.00463, accuracy: 0.99840, task: multi, mean loss: 0.02310, multilabel_accuracy: 0.93700, avg. loss over tasks: 0.00895, lr: 0.0001794275889615736
Diversity Loss - Mean: 0.00000, Variance: 0.00000
Semantic Loss - Mean: 0.00000, Variance: 0.00000

Test Epoch: 75 
task: majority, mean loss: 0.03345, accuracy: 0.98900, task: max, mean loss: 0.31001, accuracy: 0.93800, task: top, mean loss: 0.47396, accuracy: 0.91600, task: multi, mean loss: 0.07557, multilabel_accuracy: 0.81100, avg. loss over tasks: 0.22325
Diversity Loss - Mean: 0.00000, Variance: 0.00000
Semantic Loss - Mean: 0.00000, Variance: 0.00000

Train Epoch: 76 
task: majority, mean loss: 0.00742, accuracy: 0.99800, task: max, mean loss: 0.00613, accuracy: 0.99900, task: top, mean loss: 0.00664, accuracy: 0.99780, task: multi, mean loss: 0.02291, multilabel_accuracy: 0.93280, avg. loss over tasks: 0.01077, lr: 0.00016626926212375047
Diversity Loss - Mean: 0.00000, Variance: 0.00000
Semantic Loss - Mean: 0.00000, Variance: 0.00000

Test Epoch: 76 
task: majority, mean loss: 0.04812, accuracy: 0.98200, task: max, mean loss: 0.32299, accuracy: 0.92500, task: top, mean loss: 0.49811, accuracy: 0.91500, task: multi, mean loss: 0.08542, multilabel_accuracy: 0.79200, avg. loss over tasks: 0.23866
Diversity Loss - Mean: 0.00000, Variance: 0.00000
Semantic Loss - Mean: 0.00000, Variance: 0.00000

Train Epoch: 77 
task: majority, mean loss: 0.00483, accuracy: 0.99920, task: max, mean loss: 0.00461, accuracy: 0.99860, task: top, mean loss: 0.00492, accuracy: 0.99880, task: multi, mean loss: 0.02160, multilabel_accuracy: 0.93860, avg. loss over tasks: 0.00899, lr: 0.00015351814395573083
Diversity Loss - Mean: 0.00000, Variance: 0.00000
Semantic Loss - Mean: 0.00000, Variance: 0.00000

Test Epoch: 77 
task: majority, mean loss: 0.05771, accuracy: 0.98300, task: max, mean loss: 0.31462, accuracy: 0.93300, task: top, mean loss: 0.46353, accuracy: 0.91900, task: multi, mean loss: 0.08335, multilabel_accuracy: 0.79500, avg. loss over tasks: 0.22980
Diversity Loss - Mean: 0.00000, Variance: 0.00000
Semantic Loss - Mean: 0.00000, Variance: 0.00000

Train Epoch: 78 
task: majority, mean loss: 0.00354, accuracy: 0.99940, task: max, mean loss: 0.00205, accuracy: 1.00000, task: top, mean loss: 0.00266, accuracy: 0.99920, task: multi, mean loss: 0.01958, multilabel_accuracy: 0.94540, avg. loss over tasks: 0.00696, lr: 0.00014118976973084385
Diversity Loss - Mean: 0.00000, Variance: 0.00000
Semantic Loss - Mean: 0.00000, Variance: 0.00000

Test Epoch: 78 
task: majority, mean loss: 0.04534, accuracy: 0.98400, task: max, mean loss: 0.28730, accuracy: 0.93400, task: top, mean loss: 0.52921, accuracy: 0.91600, task: multi, mean loss: 0.07948, multilabel_accuracy: 0.79700, avg. loss over tasks: 0.23533
Diversity Loss - Mean: 0.00000, Variance: 0.00000
Semantic Loss - Mean: 0.00000, Variance: 0.00000

Train Epoch: 79 
task: majority, mean loss: 0.00499, accuracy: 0.99860, task: max, mean loss: 0.00445, accuracy: 0.99840, task: top, mean loss: 0.00508, accuracy: 0.99900, task: multi, mean loss: 0.02093, multilabel_accuracy: 0.94020, avg. loss over tasks: 0.00886, lr: 0.00012929915967404152
Diversity Loss - Mean: 0.00000, Variance: 0.00000
Semantic Loss - Mean: 0.00000, Variance: 0.00000

Test Epoch: 79 
task: majority, mean loss: 0.04325, accuracy: 0.98500, task: max, mean loss: 0.27633, accuracy: 0.93900, task: top, mean loss: 0.35645, accuracy: 0.93600, task: multi, mean loss: 0.07327, multilabel_accuracy: 0.81800, avg. loss over tasks: 0.18732
Diversity Loss - Mean: 0.00000, Variance: 0.00000
Semantic Loss - Mean: 0.00000, Variance: 0.00000

Train Epoch: 80 
task: majority, mean loss: 0.00288, accuracy: 0.99960, task: max, mean loss: 0.00310, accuracy: 0.99940, task: top, mean loss: 0.00308, accuracy: 0.99920, task: multi, mean loss: 0.01894, multilabel_accuracy: 0.94680, avg. loss over tasks: 0.00700, lr: 0.00011786080066207054
Diversity Loss - Mean: 0.00000, Variance: 0.00000
Semantic Loss - Mean: 0.00000, Variance: 0.00000

Test Epoch: 80 
task: majority, mean loss: 0.03656, accuracy: 0.98900, task: max, mean loss: 0.27504, accuracy: 0.93600, task: top, mean loss: 0.40726, accuracy: 0.92600, task: multi, mean loss: 0.06923, multilabel_accuracy: 0.81700, avg. loss over tasks: 0.19702
Diversity Loss - Mean: 0.00000, Variance: 0.00000
Semantic Loss - Mean: 0.00000, Variance: 0.00000

Train Epoch: 81 
task: majority, mean loss: 0.00631, accuracy: 0.99900, task: max, mean loss: 0.00497, accuracy: 0.99820, task: top, mean loss: 0.00449, accuracy: 0.99880, task: multi, mean loss: 0.01844, multilabel_accuracy: 0.94960, avg. loss over tasks: 0.00855, lr: 0.00010688862857344241
Diversity Loss - Mean: 0.00000, Variance: 0.00000
Semantic Loss - Mean: 0.00000, Variance: 0.00000

Test Epoch: 81 
task: majority, mean loss: 0.03854, accuracy: 0.98600, task: max, mean loss: 0.26569, accuracy: 0.93700, task: top, mean loss: 0.43826, accuracy: 0.92100, task: multi, mean loss: 0.07731, multilabel_accuracy: 0.80700, avg. loss over tasks: 0.20495
Diversity Loss - Mean: 0.00000, Variance: 0.00000
Semantic Loss - Mean: 0.00000, Variance: 0.00000

Train Epoch: 82 
task: majority, mean loss: 0.00280, accuracy: 0.99920, task: max, mean loss: 0.00226, accuracy: 0.99940, task: top, mean loss: 0.00296, accuracy: 0.99920, task: multi, mean loss: 0.01729, multilabel_accuracy: 0.95000, avg. loss over tasks: 0.00633, lr: 9.63960113097138e-05
Diversity Loss - Mean: 0.00000, Variance: 0.00000
Semantic Loss - Mean: 0.00000, Variance: 0.00000

Test Epoch: 82 
task: majority, mean loss: 0.03695, accuracy: 0.98500, task: max, mean loss: 0.27492, accuracy: 0.93700, task: top, mean loss: 0.42197, accuracy: 0.92400, task: multi, mean loss: 0.07118, multilabel_accuracy: 0.80600, avg. loss over tasks: 0.20125
Diversity Loss - Mean: 0.00000, Variance: 0.00000
Semantic Loss - Mean: 0.00000, Variance: 0.00000

Train Epoch: 83 
task: majority, mean loss: 0.00303, accuracy: 0.99940, task: max, mean loss: 0.00294, accuracy: 0.99920, task: top, mean loss: 0.00277, accuracy: 0.99940, task: multi, mean loss: 0.01466, multilabel_accuracy: 0.96280, avg. loss over tasks: 0.00585, lr: 8.639573250875671e-05
Diversity Loss - Mean: 0.00000, Variance: 0.00000
Semantic Loss - Mean: 0.00000, Variance: 0.00000

Test Epoch: 83 
task: majority, mean loss: 0.03784, accuracy: 0.98700, task: max, mean loss: 0.29065, accuracy: 0.93600, task: top, mean loss: 0.41252, accuracy: 0.92700, task: multi, mean loss: 0.07153, multilabel_accuracy: 0.81100, avg. loss over tasks: 0.20314
Diversity Loss - Mean: 0.00000, Variance: 0.00000
Semantic Loss - Mean: 0.00000, Variance: 0.00000

Train Epoch: 84 
task: majority, mean loss: 0.00288, accuracy: 0.99940, task: max, mean loss: 0.00418, accuracy: 0.99900, task: top, mean loss: 0.00209, accuracy: 0.99940, task: multi, mean loss: 0.01589, multilabel_accuracy: 0.96000, avg. loss over tasks: 0.00626, lr: 7.689997596986524e-05
Diversity Loss - Mean: 0.00000, Variance: 0.00000
Semantic Loss - Mean: 0.00000, Variance: 0.00000

Test Epoch: 84 
task: majority, mean loss: 0.03787, accuracy: 0.98500, task: max, mean loss: 0.28850, accuracy: 0.92900, task: top, mean loss: 0.47755, accuracy: 0.91500, task: multi, mean loss: 0.07380, multilabel_accuracy: 0.80600, avg. loss over tasks: 0.21943
Diversity Loss - Mean: 0.00000, Variance: 0.00000
Semantic Loss - Mean: 0.00000, Variance: 0.00000

Train Epoch: 85 
task: majority, mean loss: 0.00260, accuracy: 0.99940, task: max, mean loss: 0.00229, accuracy: 0.99980, task: top, mean loss: 0.00233, accuracy: 0.99900, task: multi, mean loss: 0.01417, multilabel_accuracy: 0.96320, avg. loss over tasks: 0.00535, lr: 6.792031080967287e-05
Diversity Loss - Mean: 0.00000, Variance: 0.00000
Semantic Loss - Mean: 0.00000, Variance: 0.00000

Test Epoch: 85 
task: majority, mean loss: 0.02665, accuracy: 0.99200, task: max, mean loss: 0.29865, accuracy: 0.93000, task: top, mean loss: 0.42781, accuracy: 0.92600, task: multi, mean loss: 0.07324, multilabel_accuracy: 0.82400, avg. loss over tasks: 0.20659
Diversity Loss - Mean: 0.00000, Variance: 0.00000
Semantic Loss - Mean: 0.00000, Variance: 0.00000

Train Epoch: 86 
task: majority, mean loss: 0.00206, accuracy: 0.99980, task: max, mean loss: 0.00121, accuracy: 1.00000, task: top, mean loss: 0.00176, accuracy: 0.99960, task: multi, mean loss: 0.01363, multilabel_accuracy: 0.96500, avg. loss over tasks: 0.00467, lr: 5.946767736696608e-05
Diversity Loss - Mean: 0.00000, Variance: 0.00000
Semantic Loss - Mean: 0.00000, Variance: 0.00000

Test Epoch: 86 
task: majority, mean loss: 0.03239, accuracy: 0.98900, task: max, mean loss: 0.27490, accuracy: 0.93500, task: top, mean loss: 0.44091, accuracy: 0.92700, task: multi, mean loss: 0.07110, multilabel_accuracy: 0.82100, avg. loss over tasks: 0.20483
Diversity Loss - Mean: 0.00000, Variance: 0.00000
Semantic Loss - Mean: 0.00000, Variance: 0.00000

Train Epoch: 87 
task: majority, mean loss: 0.00194, accuracy: 0.99960, task: max, mean loss: 0.00141, accuracy: 0.99980, task: top, mean loss: 0.00106, accuracy: 1.00000, task: multi, mean loss: 0.01292, multilabel_accuracy: 0.97040, avg. loss over tasks: 0.00433, lr: 5.155237387356607e-05
Diversity Loss - Mean: 0.00000, Variance: 0.00000
Semantic Loss - Mean: 0.00000, Variance: 0.00000

Test Epoch: 87 
task: majority, mean loss: 0.03189, accuracy: 0.99000, task: max, mean loss: 0.27341, accuracy: 0.93600, task: top, mean loss: 0.44527, accuracy: 0.92200, task: multi, mean loss: 0.07059, multilabel_accuracy: 0.82100, avg. loss over tasks: 0.20529
Diversity Loss - Mean: 0.00000, Variance: 0.00000
Semantic Loss - Mean: 0.00000, Variance: 0.00000

Train Epoch: 88 
task: majority, mean loss: 0.00196, accuracy: 0.99980, task: max, mean loss: 0.00094, accuracy: 1.00000, task: top, mean loss: 0.00267, accuracy: 0.99900, task: multi, mean loss: 0.01221, multilabel_accuracy: 0.96940, avg. loss over tasks: 0.00445, lr: 4.4184043907520925e-05
Diversity Loss - Mean: 0.00000, Variance: 0.00000
Semantic Loss - Mean: 0.00000, Variance: 0.00000

Test Epoch: 88 
task: majority, mean loss: 0.03081, accuracy: 0.99100, task: max, mean loss: 0.27638, accuracy: 0.93700, task: top, mean loss: 0.47380, accuracy: 0.92100, task: multi, mean loss: 0.07180, multilabel_accuracy: 0.82300, avg. loss over tasks: 0.21319
Diversity Loss - Mean: 0.00000, Variance: 0.00000
Semantic Loss - Mean: 0.00000, Variance: 0.00000

Train Epoch: 89 
task: majority, mean loss: 0.00190, accuracy: 0.99980, task: max, mean loss: 0.00120, accuracy: 0.99980, task: top, mean loss: 0.00208, accuracy: 0.99960, task: multi, mean loss: 0.01303, multilabel_accuracy: 0.96580, avg. loss over tasks: 0.00455, lr: 3.7371664643889735e-05
Diversity Loss - Mean: 0.00000, Variance: 0.00000
Semantic Loss - Mean: 0.00000, Variance: 0.00000

Test Epoch: 89 
task: majority, mean loss: 0.03484, accuracy: 0.98900, task: max, mean loss: 0.26381, accuracy: 0.94400, task: top, mean loss: 0.39590, accuracy: 0.92900, task: multi, mean loss: 0.07206, multilabel_accuracy: 0.83200, avg. loss over tasks: 0.19165
Diversity Loss - Mean: 0.00000, Variance: 0.00000
Semantic Loss - Mean: 0.00000, Variance: 0.00000

Train Epoch: 90 
task: majority, mean loss: 0.00237, accuracy: 0.99960, task: max, mean loss: 0.00176, accuracy: 0.99980, task: top, mean loss: 0.00136, accuracy: 0.99960, task: multi, mean loss: 0.01101, multilabel_accuracy: 0.97660, avg. loss over tasks: 0.00412, lr: 3.11235359174388e-05
Diversity Loss - Mean: 0.00000, Variance: 0.00000
Semantic Loss - Mean: 0.00000, Variance: 0.00000

Test Epoch: 90 
task: majority, mean loss: 0.03690, accuracy: 0.99100, task: max, mean loss: 0.28517, accuracy: 0.93900, task: top, mean loss: 0.41269, accuracy: 0.93000, task: multi, mean loss: 0.07366, multilabel_accuracy: 0.82500, avg. loss over tasks: 0.20210
Diversity Loss - Mean: 0.00000, Variance: 0.00000
Semantic Loss - Mean: 0.00000, Variance: 0.00000

Train Epoch: 91 
task: majority, mean loss: 0.00184, accuracy: 0.99960, task: max, mean loss: 0.00130, accuracy: 0.99980, task: top, mean loss: 0.00067, accuracy: 1.00000, task: multi, mean loss: 0.01130, multilabel_accuracy: 0.97440, avg. loss over tasks: 0.00377, lr: 2.544727011057081e-05
Diversity Loss - Mean: 0.00000, Variance: 0.00000
Semantic Loss - Mean: 0.00000, Variance: 0.00000

Test Epoch: 91 
task: majority, mean loss: 0.03418, accuracy: 0.99000, task: max, mean loss: 0.27632, accuracy: 0.93600, task: top, mean loss: 0.44724, accuracy: 0.92600, task: multi, mean loss: 0.07161, multilabel_accuracy: 0.82600, avg. loss over tasks: 0.20734
Diversity Loss - Mean: 0.00000, Variance: 0.00000
Semantic Loss - Mean: 0.00000, Variance: 0.00000

Train Epoch: 92 
task: majority, mean loss: 0.00140, accuracy: 0.99980, task: max, mean loss: 0.00076, accuracy: 1.00000, task: top, mean loss: 0.00156, accuracy: 0.99960, task: multi, mean loss: 0.01115, multilabel_accuracy: 0.97460, avg. loss over tasks: 0.00372, lr: 2.0349782878809714e-05
Diversity Loss - Mean: 0.00000, Variance: 0.00000
Semantic Loss - Mean: 0.00000, Variance: 0.00000

Test Epoch: 92 
task: majority, mean loss: 0.03280, accuracy: 0.99000, task: max, mean loss: 0.26960, accuracy: 0.93800, task: top, mean loss: 0.43916, accuracy: 0.93000, task: multi, mean loss: 0.07070, multilabel_accuracy: 0.82700, avg. loss over tasks: 0.20307
Diversity Loss - Mean: 0.00000, Variance: 0.00000
Semantic Loss - Mean: 0.00000, Variance: 0.00000

Train Epoch: 93 
task: majority, mean loss: 0.00153, accuracy: 1.00000, task: max, mean loss: 0.00104, accuracy: 0.99980, task: top, mean loss: 0.00172, accuracy: 0.99940, task: multi, mean loss: 0.01130, multilabel_accuracy: 0.97460, avg. loss over tasks: 0.00390, lr: 1.583728472513982e-05
Diversity Loss - Mean: 0.00000, Variance: 0.00000
Semantic Loss - Mean: 0.00000, Variance: 0.00000

Test Epoch: 93 
task: majority, mean loss: 0.03350, accuracy: 0.98900, task: max, mean loss: 0.27216, accuracy: 0.93900, task: top, mean loss: 0.41673, accuracy: 0.92800, task: multi, mean loss: 0.07044, multilabel_accuracy: 0.83100, avg. loss over tasks: 0.19821
Diversity Loss - Mean: 0.00000, Variance: 0.00000
Semantic Loss - Mean: 0.00000, Variance: 0.00000

Train Epoch: 94 
task: majority, mean loss: 0.00129, accuracy: 0.99980, task: max, mean loss: 0.00096, accuracy: 0.99980, task: top, mean loss: 0.00246, accuracy: 0.99940, task: multi, mean loss: 0.01141, multilabel_accuracy: 0.97200, avg. loss over tasks: 0.00403, lr: 1.191527343346406e-05
Diversity Loss - Mean: 0.00000, Variance: 0.00000
Semantic Loss - Mean: 0.00000, Variance: 0.00000

Test Epoch: 94 
task: majority, mean loss: 0.03377, accuracy: 0.99000, task: max, mean loss: 0.26369, accuracy: 0.93900, task: top, mean loss: 0.40767, accuracy: 0.93100, task: multi, mean loss: 0.06877, multilabel_accuracy: 0.83600, avg. loss over tasks: 0.19348
Diversity Loss - Mean: 0.00000, Variance: 0.00000
Semantic Loss - Mean: 0.00000, Variance: 0.00000

Train Epoch: 95 
task: majority, mean loss: 0.00111, accuracy: 1.00000, task: max, mean loss: 0.00169, accuracy: 0.99940, task: top, mean loss: 0.00257, accuracy: 0.99880, task: multi, mean loss: 0.01086, multilabel_accuracy: 0.97640, avg. loss over tasks: 0.00406, lr: 8.588527370402095e-06
Diversity Loss - Mean: 0.00000, Variance: 0.00000
Semantic Loss - Mean: 0.00000, Variance: 0.00000

Test Epoch: 95 
task: majority, mean loss: 0.03094, accuracy: 0.98900, task: max, mean loss: 0.26608, accuracy: 0.94200, task: top, mean loss: 0.41467, accuracy: 0.92500, task: multi, mean loss: 0.07027, multilabel_accuracy: 0.83100, avg. loss over tasks: 0.19549
Diversity Loss - Mean: 0.00000, Variance: 0.00000
Semantic Loss - Mean: 0.00000, Variance: 0.00000

Train Epoch: 96 
task: majority, mean loss: 0.00160, accuracy: 0.99980, task: max, mean loss: 0.00111, accuracy: 0.99980, task: top, mean loss: 0.00117, accuracy: 0.99980, task: multi, mean loss: 0.01070, multilabel_accuracy: 0.97480, avg. loss over tasks: 0.00364, lr: 5.86109966358566e-06
Diversity Loss - Mean: 0.00000, Variance: 0.00000
Semantic Loss - Mean: 0.00000, Variance: 0.00000

Test Epoch: 96 
task: majority, mean loss: 0.03474, accuracy: 0.98700, task: max, mean loss: 0.26681, accuracy: 0.94300, task: top, mean loss: 0.40744, accuracy: 0.92600, task: multi, mean loss: 0.06939, multilabel_accuracy: 0.82800, avg. loss over tasks: 0.19460
Diversity Loss - Mean: 0.00000, Variance: 0.00000
Semantic Loss - Mean: 0.00000, Variance: 0.00000

Train Epoch: 97 
task: majority, mean loss: 0.00132, accuracy: 1.00000, task: max, mean loss: 0.00110, accuracy: 1.00000, task: top, mean loss: 0.00421, accuracy: 0.99900, task: multi, mean loss: 0.01130, multilabel_accuracy: 0.97200, avg. loss over tasks: 0.00448, lr: 3.7363132635474912e-06
Diversity Loss - Mean: 0.00000, Variance: 0.00000
Semantic Loss - Mean: 0.00000, Variance: 0.00000

Test Epoch: 97 
task: majority, mean loss: 0.03405, accuracy: 0.99000, task: max, mean loss: 0.26585, accuracy: 0.94300, task: top, mean loss: 0.41249, accuracy: 0.92800, task: multi, mean loss: 0.06966, multilabel_accuracy: 0.83200, avg. loss over tasks: 0.19551
Diversity Loss - Mean: 0.00000, Variance: 0.00000
Semantic Loss - Mean: 0.00000, Variance: 0.00000

Train Epoch: 98 
task: majority, mean loss: 0.00150, accuracy: 0.99980, task: max, mean loss: 0.00081, accuracy: 1.00000, task: top, mean loss: 0.00105, accuracy: 0.99980, task: multi, mean loss: 0.01054, multilabel_accuracy: 0.97720, avg. loss over tasks: 0.00348, lr: 2.216756895217758e-06
Diversity Loss - Mean: 0.00000, Variance: 0.00000
Semantic Loss - Mean: 0.00000, Variance: 0.00000

Test Epoch: 98 
task: majority, mean loss: 0.03084, accuracy: 0.99200, task: max, mean loss: 0.26236, accuracy: 0.93800, task: top, mean loss: 0.41572, accuracy: 0.92700, task: multi, mean loss: 0.06981, multilabel_accuracy: 0.82300, avg. loss over tasks: 0.19468
Diversity Loss - Mean: 0.00000, Variance: 0.00000
Semantic Loss - Mean: 0.00000, Variance: 0.00000

Train Epoch: 99 
task: majority, mean loss: 0.00210, accuracy: 0.99920, task: max, mean loss: 0.00157, accuracy: 0.99960, task: top, mean loss: 0.00135, accuracy: 0.99960, task: multi, mean loss: 0.01044, multilabel_accuracy: 0.97820, avg. loss over tasks: 0.00386, lr: 1.3042819039616668e-06
Diversity Loss - Mean: 0.00000, Variance: 0.00000
Semantic Loss - Mean: 0.00000, Variance: 0.00000

Test Epoch: 99 
task: majority, mean loss: 0.03236, accuracy: 0.99000, task: max, mean loss: 0.26642, accuracy: 0.94400, task: top, mean loss: 0.41468, accuracy: 0.92700, task: multi, mean loss: 0.07010, multilabel_accuracy: 0.83300, avg. loss over tasks: 0.19589
Diversity Loss - Mean: 0.00000, Variance: 0.00000
Semantic Loss - Mean: 0.00000, Variance: 0.00000

Train Epoch: 100 
task: majority, mean loss: 0.00152, accuracy: 0.99980, task: max, mean loss: 0.00114, accuracy: 1.00000, task: top, mean loss: 0.00147, accuracy: 0.99960, task: multi, mean loss: 0.01022, multilabel_accuracy: 0.97880, avg. loss over tasks: 0.00359, lr: 1e-06
Diversity Loss - Mean: 0.00000, Variance: 0.00000
Semantic Loss - Mean: 0.00000, Variance: 0.00000

Test Epoch: 100 
task: majority, mean loss: 0.03187, accuracy: 0.98900, task: max, mean loss: 0.27121, accuracy: 0.94600, task: top, mean loss: 0.42299, accuracy: 0.92500, task: multi, mean loss: 0.07068, multilabel_accuracy: 0.82700, avg. loss over tasks: 0.19919
Diversity Loss - Mean: 0.00000, Variance: 0.00000
Semantic Loss - Mean: 0.00000, Variance: 0.00000

