Generating dataset...
Data generation successful. Proceeding with training.
Used config:
{'B': 16,
 'B_seq': 16,
 'D': 128,
 'D_inner': 512,
 'D_k': 16,
 'D_v': 16,
 'H': 8,
 'I': 100,
 'M': 100,
 'N': 3600,
 'attn_dropout': 0.1,
 'data_dir': 'data/megapixel_mnist/dsets/megapixel_mnist_1500',
 'dropout': 0.1,
 'eager': True,
 'enc_type': 'resnet18',
 'eps': 1e-06,
 'is_image': True,
 'lr': 0.001,
 'mask_K': 10,
 'mask_p': 0,
 'n_chan_in': 1,
 'n_class': 10,
 'n_epoch': 100,
 'n_epoch_warmup': 10,
 'n_res_blocks': 2,
 'n_token': 4,
 'n_worker': 4,
 'patch_size': [50, 50],
 'patch_stride': [50, 50],
 'pin_memory': True,
 'pretrained': False,
 'seed': 0,
 'semantic_diversity_loss': False,
 'shuffle': True,
 'shuffle_style': 'batch',
 'tasks': {'task0': {'act_fn': 'softmax',
                     'id': 0,
                     'metric': 'accuracy',
                     'name': 'majority'},
           'task1': {'act_fn': 'softmax',
                     'id': 1,
                     'metric': 'accuracy',
                     'name': 'max'},
           'task2': {'act_fn': 'softmax',
                     'id': 2,
                     'metric': 'accuracy',
                     'name': 'top'},
           'task3': {'act_fn': 'sigmoid',
                     'id': 3,
                     'metric': 'multilabel_accuracy',
                     'name': 'multi'}},
 'track_efficiency': False,
 'track_epoch': 0,
 'use_pos': True,
 'wd': 0.1}
Train Epoch: 1 
task: majority, mean loss: 2.34831, accuracy: 0.10540, task: max, mean loss: 2.01400, accuracy: 0.25020, task: top, mean loss: 2.34128, accuracy: 0.10300, task: multi, mean loss: 0.64687, multilabel_accuracy: 0.00140, avg. loss over tasks: 1.83761, lr: 0.0001
Diversity Loss - Mean: 0.00000, Variance: 0.00000
Semantic Loss - Mean: 0.00000, Variance: 0.00000

Test Epoch: 1 
task: majority, mean loss: 2.31848, accuracy: 0.09200, task: max, mean loss: 1.87232, accuracy: 0.21300, task: top, mean loss: 2.32901, accuracy: 0.08900, task: multi, mean loss: 0.60164, multilabel_accuracy: 0.00000, avg. loss over tasks: 1.78036
Diversity Loss - Mean: 0.00000, Variance: 0.00000
Semantic Loss - Mean: 0.00000, Variance: 0.00000

Train Epoch: 2 
task: majority, mean loss: 2.31384, accuracy: 0.11540, task: max, mean loss: 1.82676, accuracy: 0.27660, task: top, mean loss: 2.32048, accuracy: 0.10400, task: multi, mean loss: 0.60436, multilabel_accuracy: 0.00000, avg. loss over tasks: 1.76636, lr: 0.0002
Diversity Loss - Mean: 0.00000, Variance: 0.00000
Semantic Loss - Mean: 0.00000, Variance: 0.00000

Test Epoch: 2 
task: majority, mean loss: 2.25182, accuracy: 0.15000, task: max, mean loss: 1.83603, accuracy: 0.29000, task: top, mean loss: 2.29581, accuracy: 0.12700, task: multi, mean loss: 0.59922, multilabel_accuracy: 0.00000, avg. loss over tasks: 1.74572
Diversity Loss - Mean: 0.00000, Variance: 0.00000
Semantic Loss - Mean: 0.00000, Variance: 0.00000

Train Epoch: 3 
task: majority, mean loss: 2.17001, accuracy: 0.18440, task: max, mean loss: 1.69710, accuracy: 0.35700, task: top, mean loss: 2.23971, accuracy: 0.16240, task: multi, mean loss: 0.58641, multilabel_accuracy: 0.00040, avg. loss over tasks: 1.67330, lr: 0.00030000000000000003
Diversity Loss - Mean: 0.00000, Variance: 0.00000
Semantic Loss - Mean: 0.00000, Variance: 0.00000

Test Epoch: 3 
task: majority, mean loss: 2.10496, accuracy: 0.22400, task: max, mean loss: 1.61342, accuracy: 0.39800, task: top, mean loss: 2.17678, accuracy: 0.19400, task: multi, mean loss: 0.56767, multilabel_accuracy: 0.00000, avg. loss over tasks: 1.61571
Diversity Loss - Mean: 0.00000, Variance: 0.00000
Semantic Loss - Mean: 0.00000, Variance: 0.00000

Train Epoch: 4 
task: majority, mean loss: 2.07103, accuracy: 0.22740, task: max, mean loss: 1.58724, accuracy: 0.40340, task: top, mean loss: 2.18041, accuracy: 0.19880, task: multi, mean loss: 0.56936, multilabel_accuracy: 0.00140, avg. loss over tasks: 1.60201, lr: 0.0004
Diversity Loss - Mean: 0.00000, Variance: 0.00000
Semantic Loss - Mean: 0.00000, Variance: 0.00000

Test Epoch: 4 
task: majority, mean loss: 2.46458, accuracy: 0.15700, task: max, mean loss: 1.71338, accuracy: 0.35900, task: top, mean loss: 2.42724, accuracy: 0.12500, task: multi, mean loss: 0.59979, multilabel_accuracy: 0.00200, avg. loss over tasks: 1.80124
Diversity Loss - Mean: 0.00000, Variance: 0.00000
Semantic Loss - Mean: 0.00000, Variance: 0.00000

Train Epoch: 5 
task: majority, mean loss: 1.93422, accuracy: 0.29180, task: max, mean loss: 1.46658, accuracy: 0.45520, task: top, mean loss: 2.07349, accuracy: 0.24920, task: multi, mean loss: 0.55670, multilabel_accuracy: 0.00280, avg. loss over tasks: 1.50775, lr: 0.0005
Diversity Loss - Mean: 0.00000, Variance: 0.00000
Semantic Loss - Mean: 0.00000, Variance: 0.00000

Test Epoch: 5 
task: majority, mean loss: 2.05699, accuracy: 0.21400, task: max, mean loss: 1.45530, accuracy: 0.48100, task: top, mean loss: 2.13529, accuracy: 0.22100, task: multi, mean loss: 0.58145, multilabel_accuracy: 0.00600, avg. loss over tasks: 1.55726
Diversity Loss - Mean: 0.00000, Variance: 0.00000
Semantic Loss - Mean: 0.00000, Variance: 0.00000

Train Epoch: 6 
task: majority, mean loss: 1.62995, accuracy: 0.39960, task: max, mean loss: 1.20002, accuracy: 0.57280, task: top, mean loss: 1.82576, accuracy: 0.36020, task: multi, mean loss: 0.51805, multilabel_accuracy: 0.01080, avg. loss over tasks: 1.29345, lr: 0.0006000000000000001
Diversity Loss - Mean: 0.00000, Variance: 0.00000
Semantic Loss - Mean: 0.00000, Variance: 0.00000

Test Epoch: 6 
task: majority, mean loss: 1.98738, accuracy: 0.29100, task: max, mean loss: 1.32509, accuracy: 0.53100, task: top, mean loss: 1.77405, accuracy: 0.37600, task: multi, mean loss: 0.52982, multilabel_accuracy: 0.01100, avg. loss over tasks: 1.40409
Diversity Loss - Mean: 0.00000, Variance: 0.00000
Semantic Loss - Mean: 0.00000, Variance: 0.00000

Train Epoch: 7 
task: majority, mean loss: 1.28953, accuracy: 0.53140, task: max, mean loss: 0.95694, accuracy: 0.66980, task: top, mean loss: 1.45406, accuracy: 0.51000, task: multi, mean loss: 0.46640, multilabel_accuracy: 0.02860, avg. loss over tasks: 1.04173, lr: 0.0007
Diversity Loss - Mean: 0.00000, Variance: 0.00000
Semantic Loss - Mean: 0.00000, Variance: 0.00000

Test Epoch: 7 
task: majority, mean loss: 1.18982, accuracy: 0.57400, task: max, mean loss: 1.00092, accuracy: 0.66100, task: top, mean loss: 1.23644, accuracy: 0.58700, task: multi, mean loss: 0.44156, multilabel_accuracy: 0.04600, avg. loss over tasks: 0.96718
Diversity Loss - Mean: 0.00000, Variance: 0.00000
Semantic Loss - Mean: 0.00000, Variance: 0.00000

Train Epoch: 8 
task: majority, mean loss: 0.94331, accuracy: 0.65960, task: max, mean loss: 0.82469, accuracy: 0.72180, task: top, mean loss: 1.14497, accuracy: 0.63220, task: multi, mean loss: 0.40749, multilabel_accuracy: 0.07740, avg. loss over tasks: 0.83012, lr: 0.0008
Diversity Loss - Mean: 0.00000, Variance: 0.00000
Semantic Loss - Mean: 0.00000, Variance: 0.00000

Test Epoch: 8 
task: majority, mean loss: 1.64792, accuracy: 0.42700, task: max, mean loss: 0.78240, accuracy: 0.70000, task: top, mean loss: 1.27267, accuracy: 0.59500, task: multi, mean loss: 0.41416, multilabel_accuracy: 0.07900, avg. loss over tasks: 1.02929
Diversity Loss - Mean: 0.00000, Variance: 0.00000
Semantic Loss - Mean: 0.00000, Variance: 0.00000

Train Epoch: 9 
task: majority, mean loss: 0.71382, accuracy: 0.75540, task: max, mean loss: 0.73039, accuracy: 0.75360, task: top, mean loss: 0.91916, accuracy: 0.71620, task: multi, mean loss: 0.34249, multilabel_accuracy: 0.16400, avg. loss over tasks: 0.67647, lr: 0.0009000000000000001
Diversity Loss - Mean: 0.00000, Variance: 0.00000
Semantic Loss - Mean: 0.00000, Variance: 0.00000

Test Epoch: 9 
task: majority, mean loss: 1.30145, accuracy: 0.57400, task: max, mean loss: 1.01885, accuracy: 0.66500, task: top, mean loss: 1.14386, accuracy: 0.64500, task: multi, mean loss: 0.36946, multilabel_accuracy: 0.15800, avg. loss over tasks: 0.95841
Diversity Loss - Mean: 0.00000, Variance: 0.00000
Semantic Loss - Mean: 0.00000, Variance: 0.00000

Train Epoch: 10 
task: majority, mean loss: 0.58178, accuracy: 0.79440, task: max, mean loss: 0.63894, accuracy: 0.78700, task: top, mean loss: 0.78260, accuracy: 0.75820, task: multi, mean loss: 0.30087, multilabel_accuracy: 0.22840, avg. loss over tasks: 0.57605, lr: 0.001
Diversity Loss - Mean: 0.00000, Variance: 0.00000
Semantic Loss - Mean: 0.00000, Variance: 0.00000

Test Epoch: 10 
task: majority, mean loss: 0.57312, accuracy: 0.79400, task: max, mean loss: 0.56314, accuracy: 0.81900, task: top, mean loss: 0.79739, accuracy: 0.74900, task: multi, mean loss: 0.25609, multilabel_accuracy: 0.32100, avg. loss over tasks: 0.54744
Diversity Loss - Mean: 0.00000, Variance: 0.00000
Semantic Loss - Mean: 0.00000, Variance: 0.00000

Train Epoch: 11 
task: majority, mean loss: 0.51127, accuracy: 0.82660, task: max, mean loss: 0.57241, accuracy: 0.80740, task: top, mean loss: 0.68114, accuracy: 0.78920, task: multi, mean loss: 0.26620, multilabel_accuracy: 0.30760, avg. loss over tasks: 0.50776, lr: 0.0009996957180960382
Diversity Loss - Mean: 0.00000, Variance: 0.00000
Semantic Loss - Mean: 0.00000, Variance: 0.00000

Test Epoch: 11 
task: majority, mean loss: 0.39669, accuracy: 0.86400, task: max, mean loss: 0.62556, accuracy: 0.79800, task: top, mean loss: 0.68425, accuracy: 0.77900, task: multi, mean loss: 0.23624, multilabel_accuracy: 0.37700, avg. loss over tasks: 0.48569
Diversity Loss - Mean: 0.00000, Variance: 0.00000
Semantic Loss - Mean: 0.00000, Variance: 0.00000

Train Epoch: 12 
task: majority, mean loss: 0.36710, accuracy: 0.87220, task: max, mean loss: 0.48923, accuracy: 0.84580, task: top, mean loss: 0.55310, accuracy: 0.82960, task: multi, mean loss: 0.23574, multilabel_accuracy: 0.36880, avg. loss over tasks: 0.41129, lr: 0.0009987832431047822
Diversity Loss - Mean: 0.00000, Variance: 0.00000
Semantic Loss - Mean: 0.00000, Variance: 0.00000

Test Epoch: 12 
task: majority, mean loss: 0.37803, accuracy: 0.86300, task: max, mean loss: 0.55688, accuracy: 0.81600, task: top, mean loss: 0.56441, accuracy: 0.82800, task: multi, mean loss: 0.23007, multilabel_accuracy: 0.36000, avg. loss over tasks: 0.43235
Diversity Loss - Mean: 0.00000, Variance: 0.00000
Semantic Loss - Mean: 0.00000, Variance: 0.00000

Train Epoch: 13 
task: majority, mean loss: 0.31300, accuracy: 0.89260, task: max, mean loss: 0.45457, accuracy: 0.85360, task: top, mean loss: 0.49294, accuracy: 0.84740, task: multi, mean loss: 0.22293, multilabel_accuracy: 0.39940, avg. loss over tasks: 0.37086, lr: 0.0009972636867364526
Diversity Loss - Mean: 0.00000, Variance: 0.00000
Semantic Loss - Mean: 0.00000, Variance: 0.00000

Test Epoch: 13 
task: majority, mean loss: 0.32519, accuracy: 0.89100, task: max, mean loss: 0.53968, accuracy: 0.81000, task: top, mean loss: 0.57331, accuracy: 0.82000, task: multi, mean loss: 0.20310, multilabel_accuracy: 0.43800, avg. loss over tasks: 0.41032
Diversity Loss - Mean: 0.00000, Variance: 0.00000
Semantic Loss - Mean: 0.00000, Variance: 0.00000

Train Epoch: 14 
task: majority, mean loss: 0.25171, accuracy: 0.91020, task: max, mean loss: 0.39989, accuracy: 0.86860, task: top, mean loss: 0.38227, accuracy: 0.87940, task: multi, mean loss: 0.20299, multilabel_accuracy: 0.43720, avg. loss over tasks: 0.30922, lr: 0.0009951389003364144
Diversity Loss - Mean: 0.00000, Variance: 0.00000
Semantic Loss - Mean: 0.00000, Variance: 0.00000

Test Epoch: 14 
task: majority, mean loss: 0.46916, accuracy: 0.80900, task: max, mean loss: 0.57018, accuracy: 0.82400, task: top, mean loss: 0.58362, accuracy: 0.82100, task: multi, mean loss: 0.23134, multilabel_accuracy: 0.39600, avg. loss over tasks: 0.46357
Diversity Loss - Mean: 0.00000, Variance: 0.00000
Semantic Loss - Mean: 0.00000, Variance: 0.00000

Train Epoch: 15 
task: majority, mean loss: 0.22587, accuracy: 0.91840, task: max, mean loss: 0.35460, accuracy: 0.88400, task: top, mean loss: 0.36185, accuracy: 0.88900, task: multi, mean loss: 0.18867, multilabel_accuracy: 0.47120, avg. loss over tasks: 0.28275, lr: 0.000992411472629598
Diversity Loss - Mean: 0.00000, Variance: 0.00000
Semantic Loss - Mean: 0.00000, Variance: 0.00000

Test Epoch: 15 
task: majority, mean loss: 0.32289, accuracy: 0.89700, task: max, mean loss: 0.46388, accuracy: 0.85600, task: top, mean loss: 0.57987, accuracy: 0.83400, task: multi, mean loss: 0.20291, multilabel_accuracy: 0.47100, avg. loss over tasks: 0.39239
Diversity Loss - Mean: 0.00000, Variance: 0.00000
Semantic Loss - Mean: 0.00000, Variance: 0.00000

Train Epoch: 16 
task: majority, mean loss: 0.18782, accuracy: 0.93360, task: max, mean loss: 0.34054, accuracy: 0.89080, task: top, mean loss: 0.32704, accuracy: 0.89780, task: multi, mean loss: 0.18046, multilabel_accuracy: 0.49680, avg. loss over tasks: 0.25896, lr: 0.000989084726566536
Diversity Loss - Mean: 0.00000, Variance: 0.00000
Semantic Loss - Mean: 0.00000, Variance: 0.00000

Test Epoch: 16 
task: majority, mean loss: 0.62753, accuracy: 0.78300, task: max, mean loss: 0.40766, accuracy: 0.86800, task: top, mean loss: 0.69717, accuracy: 0.78500, task: multi, mean loss: 0.22971, multilabel_accuracy: 0.37300, avg. loss over tasks: 0.49052
Diversity Loss - Mean: 0.00000, Variance: 0.00000
Semantic Loss - Mean: 0.00000, Variance: 0.00000

Train Epoch: 17 
task: majority, mean loss: 0.18418, accuracy: 0.93540, task: max, mean loss: 0.31948, accuracy: 0.89820, task: top, mean loss: 0.28572, accuracy: 0.90960, task: multi, mean loss: 0.17012, multilabel_accuracy: 0.51760, avg. loss over tasks: 0.23988, lr: 0.00098516271527486
Diversity Loss - Mean: 0.00000, Variance: 0.00000
Semantic Loss - Mean: 0.00000, Variance: 0.00000

Test Epoch: 17 
task: majority, mean loss: 0.23181, accuracy: 0.92600, task: max, mean loss: 0.44467, accuracy: 0.85800, task: top, mean loss: 0.40576, accuracy: 0.88200, task: multi, mean loss: 0.17202, multilabel_accuracy: 0.54800, avg. loss over tasks: 0.31356
Diversity Loss - Mean: 0.00000, Variance: 0.00000
Semantic Loss - Mean: 0.00000, Variance: 0.00000

Train Epoch: 18 
task: majority, mean loss: 0.15917, accuracy: 0.94380, task: max, mean loss: 0.28373, accuracy: 0.91000, task: top, mean loss: 0.26474, accuracy: 0.91640, task: multi, mean loss: 0.16117, multilabel_accuracy: 0.53920, avg. loss over tasks: 0.21720, lr: 0.0009806502171211902
Diversity Loss - Mean: 0.00000, Variance: 0.00000
Semantic Loss - Mean: 0.00000, Variance: 0.00000

Test Epoch: 18 
task: majority, mean loss: 0.63960, accuracy: 0.81700, task: max, mean loss: 0.55662, accuracy: 0.83800, task: top, mean loss: 0.64989, accuracy: 0.82600, task: multi, mean loss: 0.23285, multilabel_accuracy: 0.40300, avg. loss over tasks: 0.51974
Diversity Loss - Mean: 0.00000, Variance: 0.00000
Semantic Loss - Mean: 0.00000, Variance: 0.00000

Train Epoch: 19 
task: majority, mean loss: 0.13123, accuracy: 0.95440, task: max, mean loss: 0.26754, accuracy: 0.91540, task: top, mean loss: 0.24237, accuracy: 0.92480, task: multi, mean loss: 0.15481, multilabel_accuracy: 0.55660, avg. loss over tasks: 0.19899, lr: 0.0009755527298894293
Diversity Loss - Mean: 0.00000, Variance: 0.00000
Semantic Loss - Mean: 0.00000, Variance: 0.00000

Test Epoch: 19 
task: majority, mean loss: 0.29096, accuracy: 0.89600, task: max, mean loss: 0.44001, accuracy: 0.87200, task: top, mean loss: 0.47571, accuracy: 0.87500, task: multi, mean loss: 0.19614, multilabel_accuracy: 0.51400, avg. loss over tasks: 0.35070
Diversity Loss - Mean: 0.00000, Variance: 0.00000
Semantic Loss - Mean: 0.00000, Variance: 0.00000

Train Epoch: 20 
task: majority, mean loss: 0.14443, accuracy: 0.95000, task: max, mean loss: 0.26029, accuracy: 0.91680, task: top, mean loss: 0.24920, accuracy: 0.92160, task: multi, mean loss: 0.15384, multilabel_accuracy: 0.56160, avg. loss over tasks: 0.20194, lr: 0.0009698764640825613
Diversity Loss - Mean: 0.00000, Variance: 0.00000
Semantic Loss - Mean: 0.00000, Variance: 0.00000

Test Epoch: 20 
task: majority, mean loss: 0.22957, accuracy: 0.92700, task: max, mean loss: 0.39740, accuracy: 0.86600, task: top, mean loss: 0.47876, accuracy: 0.86600, task: multi, mean loss: 0.16121, multilabel_accuracy: 0.56900, avg. loss over tasks: 0.31673
Diversity Loss - Mean: 0.00000, Variance: 0.00000
Semantic Loss - Mean: 0.00000, Variance: 0.00000

Train Epoch: 21 
task: majority, mean loss: 0.13597, accuracy: 0.95340, task: max, mean loss: 0.24419, accuracy: 0.92000, task: top, mean loss: 0.19732, accuracy: 0.93580, task: multi, mean loss: 0.14756, multilabel_accuracy: 0.57940, avg. loss over tasks: 0.18126, lr: 0.0009636283353561103
Diversity Loss - Mean: 0.00000, Variance: 0.00000
Semantic Loss - Mean: 0.00000, Variance: 0.00000

Test Epoch: 21 
task: majority, mean loss: 0.24390, accuracy: 0.92000, task: max, mean loss: 0.55819, accuracy: 0.84100, task: top, mean loss: 0.53119, accuracy: 0.86800, task: multi, mean loss: 0.18638, multilabel_accuracy: 0.52300, avg. loss over tasks: 0.37991
Diversity Loss - Mean: 0.00000, Variance: 0.00000
Semantic Loss - Mean: 0.00000, Variance: 0.00000

Train Epoch: 22 
task: majority, mean loss: 0.12778, accuracy: 0.95620, task: max, mean loss: 0.22458, accuracy: 0.92980, task: top, mean loss: 0.21353, accuracy: 0.93500, task: multi, mean loss: 0.14207, multilabel_accuracy: 0.58940, avg. loss over tasks: 0.17699, lr: 0.0009568159560924791
Diversity Loss - Mean: 0.00000, Variance: 0.00000
Semantic Loss - Mean: 0.00000, Variance: 0.00000

Test Epoch: 22 
task: majority, mean loss: 0.18651, accuracy: 0.93000, task: max, mean loss: 0.47901, accuracy: 0.84900, task: top, mean loss: 0.77114, accuracy: 0.80800, task: multi, mean loss: 0.17635, multilabel_accuracy: 0.52900, avg. loss over tasks: 0.40325
Diversity Loss - Mean: 0.00000, Variance: 0.00000
Semantic Loss - Mean: 0.00000, Variance: 0.00000

Train Epoch: 23 
task: majority, mean loss: 0.09591, accuracy: 0.96680, task: max, mean loss: 0.20884, accuracy: 0.93020, task: top, mean loss: 0.17635, accuracy: 0.94480, task: multi, mean loss: 0.13184, multilabel_accuracy: 0.61980, avg. loss over tasks: 0.15324, lr: 0.000949447626126434
Diversity Loss - Mean: 0.00000, Variance: 0.00000
Semantic Loss - Mean: 0.00000, Variance: 0.00000

Test Epoch: 23 
task: majority, mean loss: 0.22778, accuracy: 0.93600, task: max, mean loss: 0.41433, accuracy: 0.87500, task: top, mean loss: 0.53215, accuracy: 0.86900, task: multi, mean loss: 0.14752, multilabel_accuracy: 0.61100, avg. loss over tasks: 0.33045
Diversity Loss - Mean: 0.00000, Variance: 0.00000
Semantic Loss - Mean: 0.00000, Variance: 0.00000

Train Epoch: 24 
task: majority, mean loss: 0.11605, accuracy: 0.96180, task: max, mean loss: 0.19123, accuracy: 0.94160, task: top, mean loss: 0.17188, accuracy: 0.94720, task: multi, mean loss: 0.12819, multilabel_accuracy: 0.62840, avg. loss over tasks: 0.15184, lr: 0.000941532322633034
Diversity Loss - Mean: 0.00000, Variance: 0.00000
Semantic Loss - Mean: 0.00000, Variance: 0.00000

Test Epoch: 24 
task: majority, mean loss: 0.13959, accuracy: 0.95400, task: max, mean loss: 0.45102, accuracy: 0.87400, task: top, mean loss: 0.40318, accuracy: 0.89200, task: multi, mean loss: 0.14948, multilabel_accuracy: 0.60200, avg. loss over tasks: 0.28582
Diversity Loss - Mean: 0.00000, Variance: 0.00000
Semantic Loss - Mean: 0.00000, Variance: 0.00000

Train Epoch: 25 
task: majority, mean loss: 0.09690, accuracy: 0.96620, task: max, mean loss: 0.16297, accuracy: 0.94740, task: top, mean loss: 0.14984, accuracy: 0.95160, task: multi, mean loss: 0.11817, multilabel_accuracy: 0.65300, avg. loss over tasks: 0.13197, lr: 0.0009330796891903273
Diversity Loss - Mean: 0.00000, Variance: 0.00000
Semantic Loss - Mean: 0.00000, Variance: 0.00000

Test Epoch: 25 
task: majority, mean loss: 0.10824, accuracy: 0.96100, task: max, mean loss: 0.26975, accuracy: 0.91900, task: top, mean loss: 0.34822, accuracy: 0.90300, task: multi, mean loss: 0.11136, multilabel_accuracy: 0.67300, avg. loss over tasks: 0.20939
Diversity Loss - Mean: 0.00000, Variance: 0.00000
Semantic Loss - Mean: 0.00000, Variance: 0.00000

Train Epoch: 26 
task: majority, mean loss: 0.09017, accuracy: 0.96860, task: max, mean loss: 0.16772, accuracy: 0.94600, task: top, mean loss: 0.13152, accuracy: 0.95600, task: multi, mean loss: 0.11508, multilabel_accuracy: 0.66400, avg. loss over tasks: 0.12612, lr: 0.0009241000240301347
Diversity Loss - Mean: 0.00000, Variance: 0.00000
Semantic Loss - Mean: 0.00000, Variance: 0.00000

Test Epoch: 26 
task: majority, mean loss: 0.09311, accuracy: 0.96500, task: max, mean loss: 0.34771, accuracy: 0.88500, task: top, mean loss: 0.39632, accuracy: 0.89000, task: multi, mean loss: 0.12340, multilabel_accuracy: 0.64900, avg. loss over tasks: 0.24013
Diversity Loss - Mean: 0.00000, Variance: 0.00000
Semantic Loss - Mean: 0.00000, Variance: 0.00000

Train Epoch: 27 
task: majority, mean loss: 0.08818, accuracy: 0.97220, task: max, mean loss: 0.16550, accuracy: 0.94400, task: top, mean loss: 0.12528, accuracy: 0.95980, task: multi, mean loss: 0.11574, multilabel_accuracy: 0.66020, avg. loss over tasks: 0.12367, lr: 0.0009146042674912433
Diversity Loss - Mean: 0.00000, Variance: 0.00000
Semantic Loss - Mean: 0.00000, Variance: 0.00000

Test Epoch: 27 
task: majority, mean loss: 0.11688, accuracy: 0.95800, task: max, mean loss: 0.29382, accuracy: 0.91100, task: top, mean loss: 0.37376, accuracy: 0.91200, task: multi, mean loss: 0.13195, multilabel_accuracy: 0.64000, avg. loss over tasks: 0.22910
Diversity Loss - Mean: 0.00000, Variance: 0.00000
Semantic Loss - Mean: 0.00000, Variance: 0.00000

Train Epoch: 28 
task: majority, mean loss: 0.09266, accuracy: 0.96680, task: max, mean loss: 0.14371, accuracy: 0.95440, task: top, mean loss: 0.12605, accuracy: 0.96080, task: multi, mean loss: 0.11053, multilabel_accuracy: 0.67780, avg. loss over tasks: 0.11824, lr: 0.0009046039886902862
Diversity Loss - Mean: 0.00000, Variance: 0.00000
Semantic Loss - Mean: 0.00000, Variance: 0.00000

Test Epoch: 28 
task: majority, mean loss: 0.11800, accuracy: 0.95800, task: max, mean loss: 0.38540, accuracy: 0.88600, task: top, mean loss: 0.42653, accuracy: 0.87900, task: multi, mean loss: 0.12969, multilabel_accuracy: 0.63100, avg. loss over tasks: 0.26491
Diversity Loss - Mean: 0.00000, Variance: 0.00000
Semantic Loss - Mean: 0.00000, Variance: 0.00000

Train Epoch: 29 
task: majority, mean loss: 0.12796, accuracy: 0.95960, task: max, mean loss: 0.16018, accuracy: 0.94440, task: top, mean loss: 0.16705, accuracy: 0.95060, task: multi, mean loss: 0.12058, multilabel_accuracy: 0.65680, avg. loss over tasks: 0.14394, lr: 0.0008941113714265576
Diversity Loss - Mean: 0.00000, Variance: 0.00000
Semantic Loss - Mean: 0.00000, Variance: 0.00000

Test Epoch: 29 
task: majority, mean loss: 0.19348, accuracy: 0.93600, task: max, mean loss: 0.33369, accuracy: 0.89600, task: top, mean loss: 0.45908, accuracy: 0.87200, task: multi, mean loss: 0.13871, multilabel_accuracy: 0.62100, avg. loss over tasks: 0.28124
Diversity Loss - Mean: 0.00000, Variance: 0.00000
Semantic Loss - Mean: 0.00000, Variance: 0.00000

Train Epoch: 30 
task: majority, mean loss: 0.08279, accuracy: 0.96860, task: max, mean loss: 0.13750, accuracy: 0.95600, task: top, mean loss: 0.12335, accuracy: 0.96180, task: multi, mean loss: 0.10535, multilabel_accuracy: 0.68420, avg. loss over tasks: 0.11225, lr: 0.0008831391993379295
Diversity Loss - Mean: 0.00000, Variance: 0.00000
Semantic Loss - Mean: 0.00000, Variance: 0.00000

Test Epoch: 30 
task: majority, mean loss: 0.09785, accuracy: 0.96500, task: max, mean loss: 0.36429, accuracy: 0.89500, task: top, mean loss: 0.35973, accuracy: 0.91100, task: multi, mean loss: 0.11802, multilabel_accuracy: 0.69400, avg. loss over tasks: 0.23497
Diversity Loss - Mean: 0.00000, Variance: 0.00000
Semantic Loss - Mean: 0.00000, Variance: 0.00000

Train Epoch: 31 
task: majority, mean loss: 0.05897, accuracy: 0.98180, task: max, mean loss: 0.11926, accuracy: 0.96180, task: top, mean loss: 0.08351, accuracy: 0.97400, task: multi, mean loss: 0.09596, multilabel_accuracy: 0.71680, avg. loss over tasks: 0.08943, lr: 0.0008717008403259584
Diversity Loss - Mean: 0.00000, Variance: 0.00000
Semantic Loss - Mean: 0.00000, Variance: 0.00000

Test Epoch: 31 
task: majority, mean loss: 0.11899, accuracy: 0.96100, task: max, mean loss: 0.33589, accuracy: 0.90800, task: top, mean loss: 0.34873, accuracy: 0.90700, task: multi, mean loss: 0.11297, multilabel_accuracy: 0.69800, avg. loss over tasks: 0.22914
Diversity Loss - Mean: 0.00000, Variance: 0.00000
Semantic Loss - Mean: 0.00000, Variance: 0.00000

Train Epoch: 32 
task: majority, mean loss: 0.06283, accuracy: 0.98020, task: max, mean loss: 0.11001, accuracy: 0.96720, task: top, mean loss: 0.09485, accuracy: 0.96840, task: multi, mean loss: 0.09828, multilabel_accuracy: 0.70740, avg. loss over tasks: 0.09149, lr: 0.0008598102302691562
Diversity Loss - Mean: 0.00000, Variance: 0.00000
Semantic Loss - Mean: 0.00000, Variance: 0.00000

Test Epoch: 32 
task: majority, mean loss: 0.08286, accuracy: 0.97400, task: max, mean loss: 0.34374, accuracy: 0.91100, task: top, mean loss: 0.30815, accuracy: 0.92000, task: multi, mean loss: 0.10499, multilabel_accuracy: 0.72800, avg. loss over tasks: 0.20993
Diversity Loss - Mean: 0.00000, Variance: 0.00000
Semantic Loss - Mean: 0.00000, Variance: 0.00000

Train Epoch: 33 
task: majority, mean loss: 0.06291, accuracy: 0.98200, task: max, mean loss: 0.10461, accuracy: 0.96560, task: top, mean loss: 0.09299, accuracy: 0.97080, task: multi, mean loss: 0.09597, multilabel_accuracy: 0.72040, avg. loss over tasks: 0.08912, lr: 0.0008474818560442692
Diversity Loss - Mean: 0.00000, Variance: 0.00000
Semantic Loss - Mean: 0.00000, Variance: 0.00000

Test Epoch: 33 
task: majority, mean loss: 0.16692, accuracy: 0.94100, task: max, mean loss: 0.30484, accuracy: 0.91700, task: top, mean loss: 0.38727, accuracy: 0.89700, task: multi, mean loss: 0.11496, multilabel_accuracy: 0.67300, avg. loss over tasks: 0.24350
Diversity Loss - Mean: 0.00000, Variance: 0.00000
Semantic Loss - Mean: 0.00000, Variance: 0.00000

Train Epoch: 34 
task: majority, mean loss: 0.07020, accuracy: 0.97480, task: max, mean loss: 0.12591, accuracy: 0.95900, task: top, mean loss: 0.08767, accuracy: 0.97420, task: multi, mean loss: 0.09702, multilabel_accuracy: 0.71460, avg. loss over tasks: 0.09520, lr: 0.0008347307378762497
Diversity Loss - Mean: 0.00000, Variance: 0.00000
Semantic Loss - Mean: 0.00000, Variance: 0.00000

Test Epoch: 34 
task: majority, mean loss: 0.10442, accuracy: 0.96200, task: max, mean loss: 0.38298, accuracy: 0.89300, task: top, mean loss: 0.41446, accuracy: 0.89800, task: multi, mean loss: 0.12369, multilabel_accuracy: 0.67100, avg. loss over tasks: 0.25639
Diversity Loss - Mean: 0.00000, Variance: 0.00000
Semantic Loss - Mean: 0.00000, Variance: 0.00000

Train Epoch: 35 
task: majority, mean loss: 0.06966, accuracy: 0.97540, task: max, mean loss: 0.10575, accuracy: 0.96580, task: top, mean loss: 0.09874, accuracy: 0.97080, task: multi, mean loss: 0.09706, multilabel_accuracy: 0.71500, avg. loss over tasks: 0.09280, lr: 0.0008215724110384264
Diversity Loss - Mean: 0.00000, Variance: 0.00000
Semantic Loss - Mean: 0.00000, Variance: 0.00000

Test Epoch: 35 
task: majority, mean loss: 0.08466, accuracy: 0.97800, task: max, mean loss: 0.33576, accuracy: 0.91000, task: top, mean loss: 0.43501, accuracy: 0.89400, task: multi, mean loss: 0.12903, multilabel_accuracy: 0.64700, avg. loss over tasks: 0.24612
Diversity Loss - Mean: 0.00000, Variance: 0.00000
Semantic Loss - Mean: 0.00000, Variance: 0.00000

Train Epoch: 36 
task: majority, mean loss: 0.04834, accuracy: 0.98460, task: max, mean loss: 0.08109, accuracy: 0.97500, task: top, mean loss: 0.06079, accuracy: 0.98140, task: multi, mean loss: 0.08534, multilabel_accuracy: 0.74920, avg. loss over tasks: 0.06889, lr: 0.0008080229069251663
Diversity Loss - Mean: 0.00000, Variance: 0.00000
Semantic Loss - Mean: 0.00000, Variance: 0.00000

Test Epoch: 36 
task: majority, mean loss: 0.10586, accuracy: 0.96400, task: max, mean loss: 0.39054, accuracy: 0.90300, task: top, mean loss: 0.39893, accuracy: 0.90100, task: multi, mean loss: 0.10973, multilabel_accuracy: 0.71400, avg. loss over tasks: 0.25126
Diversity Loss - Mean: 0.00000, Variance: 0.00000
Semantic Loss - Mean: 0.00000, Variance: 0.00000

Train Epoch: 37 
task: majority, mean loss: 0.07807, accuracy: 0.97380, task: max, mean loss: 0.12591, accuracy: 0.95880, task: top, mean loss: 0.11880, accuracy: 0.96000, task: multi, mean loss: 0.09923, multilabel_accuracy: 0.70320, avg. loss over tasks: 0.10550, lr: 0.0007940987335200903
Diversity Loss - Mean: 0.00000, Variance: 0.00000
Semantic Loss - Mean: 0.00000, Variance: 0.00000

Test Epoch: 37 
task: majority, mean loss: 0.06012, accuracy: 0.97700, task: max, mean loss: 0.29055, accuracy: 0.92600, task: top, mean loss: 0.33446, accuracy: 0.91400, task: multi, mean loss: 0.10047, multilabel_accuracy: 0.72200, avg. loss over tasks: 0.19640
Diversity Loss - Mean: 0.00000, Variance: 0.00000
Semantic Loss - Mean: 0.00000, Variance: 0.00000

Train Epoch: 38 
task: majority, mean loss: 0.10322, accuracy: 0.96900, task: max, mean loss: 0.11170, accuracy: 0.96780, task: top, mean loss: 0.14184, accuracy: 0.96260, task: multi, mean loss: 0.09843, multilabel_accuracy: 0.71600, avg. loss over tasks: 0.11380, lr: 0.0007798168552836382
Diversity Loss - Mean: 0.00000, Variance: 0.00000
Semantic Loss - Mean: 0.00000, Variance: 0.00000

Test Epoch: 38 
task: majority, mean loss: 0.10441, accuracy: 0.96000, task: max, mean loss: 0.30695, accuracy: 0.91800, task: top, mean loss: 0.51194, accuracy: 0.87900, task: multi, mean loss: 0.12214, multilabel_accuracy: 0.66700, avg. loss over tasks: 0.26136
Diversity Loss - Mean: 0.00000, Variance: 0.00000
Semantic Loss - Mean: 0.00000, Variance: 0.00000

Train Epoch: 39 
task: majority, mean loss: 0.04347, accuracy: 0.98540, task: max, mean loss: 0.06973, accuracy: 0.97740, task: top, mean loss: 0.04858, accuracy: 0.98620, task: multi, mean loss: 0.07946, multilabel_accuracy: 0.76460, avg. loss over tasks: 0.06031, lr: 0.000765194672484486
Diversity Loss - Mean: 0.00000, Variance: 0.00000
Semantic Loss - Mean: 0.00000, Variance: 0.00000

Test Epoch: 39 
task: majority, mean loss: 0.08903, accuracy: 0.97100, task: max, mean loss: 0.39565, accuracy: 0.91200, task: top, mean loss: 0.31333, accuracy: 0.91100, task: multi, mean loss: 0.09535, multilabel_accuracy: 0.73800, avg. loss over tasks: 0.22334
Diversity Loss - Mean: 0.00000, Variance: 0.00000
Semantic Loss - Mean: 0.00000, Variance: 0.00000

Train Epoch: 40 
task: majority, mean loss: 0.04644, accuracy: 0.98720, task: max, mean loss: 0.08639, accuracy: 0.97120, task: top, mean loss: 0.06876, accuracy: 0.97920, task: multi, mean loss: 0.08406, multilabel_accuracy: 0.75280, avg. loss over tasks: 0.07141, lr: 0.00075025
Diversity Loss - Mean: 0.00000, Variance: 0.00000
Semantic Loss - Mean: 0.00000, Variance: 0.00000

Test Epoch: 40 
task: majority, mean loss: 0.08842, accuracy: 0.97100, task: max, mean loss: 0.35987, accuracy: 0.90800, task: top, mean loss: 0.31323, accuracy: 0.92300, task: multi, mean loss: 0.10068, multilabel_accuracy: 0.74000, avg. loss over tasks: 0.21555
Diversity Loss - Mean: 0.00000, Variance: 0.00000
Semantic Loss - Mean: 0.00000, Variance: 0.00000

Train Epoch: 41 
task: majority, mean loss: 0.05280, accuracy: 0.98220, task: max, mean loss: 0.07631, accuracy: 0.97540, task: top, mean loss: 0.06548, accuracy: 0.97720, task: multi, mean loss: 0.07959, multilabel_accuracy: 0.76060, avg. loss over tasks: 0.06855, lr: 0.0007350010456115524
Diversity Loss - Mean: 0.00000, Variance: 0.00000
Semantic Loss - Mean: 0.00000, Variance: 0.00000

Test Epoch: 41 
task: majority, mean loss: 0.07585, accuracy: 0.97100, task: max, mean loss: 0.30775, accuracy: 0.92700, task: top, mean loss: 0.36249, accuracy: 0.90500, task: multi, mean loss: 0.09744, multilabel_accuracy: 0.72600, avg. loss over tasks: 0.21088
Diversity Loss - Mean: 0.00000, Variance: 0.00000
Semantic Loss - Mean: 0.00000, Variance: 0.00000

Train Epoch: 42 
task: majority, mean loss: 0.04308, accuracy: 0.98500, task: max, mean loss: 0.07768, accuracy: 0.97620, task: top, mean loss: 0.07660, accuracy: 0.97680, task: multi, mean loss: 0.07781, multilabel_accuracy: 0.76440, avg. loss over tasks: 0.06879, lr: 0.0007194663878211441
Diversity Loss - Mean: 0.00000, Variance: 0.00000
Semantic Loss - Mean: 0.00000, Variance: 0.00000

Test Epoch: 42 
task: majority, mean loss: 0.11624, accuracy: 0.96500, task: max, mean loss: 0.33583, accuracy: 0.90900, task: top, mean loss: 0.44769, accuracy: 0.89700, task: multi, mean loss: 0.12320, multilabel_accuracy: 0.67500, avg. loss over tasks: 0.25574
Diversity Loss - Mean: 0.00000, Variance: 0.00000
Semantic Loss - Mean: 0.00000, Variance: 0.00000

Train Epoch: 43 
task: majority, mean loss: 0.05206, accuracy: 0.98300, task: max, mean loss: 0.09465, accuracy: 0.96860, task: top, mean loss: 0.06877, accuracy: 0.97780, task: multi, mean loss: 0.08364, multilabel_accuracy: 0.75160, avg. loss over tasks: 0.07478, lr: 0.0007036649532163623
Diversity Loss - Mean: 0.00000, Variance: 0.00000
Semantic Loss - Mean: 0.00000, Variance: 0.00000

Test Epoch: 43 
task: majority, mean loss: 0.60963, accuracy: 0.80500, task: max, mean loss: 0.39273, accuracy: 0.88100, task: top, mean loss: 0.94869, accuracy: 0.74200, task: multi, mean loss: 0.14781, multilabel_accuracy: 0.61500, avg. loss over tasks: 0.52472
Diversity Loss - Mean: 0.00000, Variance: 0.00000
Semantic Loss - Mean: 0.00000, Variance: 0.00000

Train Epoch: 44 
task: majority, mean loss: 0.03278, accuracy: 0.98820, task: max, mean loss: 0.04198, accuracy: 0.98780, task: top, mean loss: 0.04994, accuracy: 0.98660, task: multi, mean loss: 0.06764, multilabel_accuracy: 0.79760, avg. loss over tasks: 0.04809, lr: 0.0006876159934112482
Diversity Loss - Mean: 0.00000, Variance: 0.00000
Semantic Loss - Mean: 0.00000, Variance: 0.00000

Test Epoch: 44 
task: majority, mean loss: 0.06153, accuracy: 0.97800, task: max, mean loss: 0.34175, accuracy: 0.92700, task: top, mean loss: 0.41956, accuracy: 0.90200, task: multi, mean loss: 0.10508, multilabel_accuracy: 0.71600, avg. loss over tasks: 0.23198
Diversity Loss - Mean: 0.00000, Variance: 0.00000
Semantic Loss - Mean: 0.00000, Variance: 0.00000

Train Epoch: 45 
task: majority, mean loss: 0.02541, accuracy: 0.99320, task: max, mean loss: 0.04083, accuracy: 0.98860, task: top, mean loss: 0.03629, accuracy: 0.98940, task: multi, mean loss: 0.06628, multilabel_accuracy: 0.80580, avg. loss over tasks: 0.04220, lr: 0.0006713390615911716
Diversity Loss - Mean: 0.00000, Variance: 0.00000
Semantic Loss - Mean: 0.00000, Variance: 0.00000

Test Epoch: 45 
task: majority, mean loss: 0.11859, accuracy: 0.97200, task: max, mean loss: 0.36360, accuracy: 0.91700, task: top, mean loss: 0.39114, accuracy: 0.90600, task: multi, mean loss: 0.11445, multilabel_accuracy: 0.71600, avg. loss over tasks: 0.24694
Diversity Loss - Mean: 0.00000, Variance: 0.00000
Semantic Loss - Mean: 0.00000, Variance: 0.00000

Train Epoch: 46 
task: majority, mean loss: 0.05076, accuracy: 0.98280, task: max, mean loss: 0.07620, accuracy: 0.97620, task: top, mean loss: 0.06993, accuracy: 0.97600, task: multi, mean loss: 0.07711, multilabel_accuracy: 0.76680, avg. loss over tasks: 0.06850, lr: 0.0006548539886902863
Diversity Loss - Mean: 0.00000, Variance: 0.00000
Semantic Loss - Mean: 0.00000, Variance: 0.00000

Test Epoch: 46 
task: majority, mean loss: 0.06693, accuracy: 0.97100, task: max, mean loss: 0.30595, accuracy: 0.92200, task: top, mean loss: 0.36625, accuracy: 0.90400, task: multi, mean loss: 0.09951, multilabel_accuracy: 0.71100, avg. loss over tasks: 0.20966
Diversity Loss - Mean: 0.00000, Variance: 0.00000
Semantic Loss - Mean: 0.00000, Variance: 0.00000

Train Epoch: 47 
task: majority, mean loss: 0.04361, accuracy: 0.98300, task: max, mean loss: 0.05612, accuracy: 0.98260, task: top, mean loss: 0.04684, accuracy: 0.98640, task: multi, mean loss: 0.06792, multilabel_accuracy: 0.79680, avg. loss over tasks: 0.05363, lr: 0.0006381808592305911
Diversity Loss - Mean: 0.00000, Variance: 0.00000
Semantic Loss - Mean: 0.00000, Variance: 0.00000

Test Epoch: 47 
task: majority, mean loss: 0.05350, accuracy: 0.98200, task: max, mean loss: 0.29499, accuracy: 0.92000, task: top, mean loss: 0.30301, accuracy: 0.93100, task: multi, mean loss: 0.09104, multilabel_accuracy: 0.75400, avg. loss over tasks: 0.18564
Diversity Loss - Mean: 0.00000, Variance: 0.00000
Semantic Loss - Mean: 0.00000, Variance: 0.00000

Train Epoch: 48 
task: majority, mean loss: 0.03502, accuracy: 0.98760, task: max, mean loss: 0.05035, accuracy: 0.98540, task: top, mean loss: 0.03278, accuracy: 0.98980, task: multi, mean loss: 0.06326, multilabel_accuracy: 0.81080, avg. loss over tasks: 0.04535, lr: 0.0006213399868520341
Diversity Loss - Mean: 0.00000, Variance: 0.00000
Semantic Loss - Mean: 0.00000, Variance: 0.00000

Test Epoch: 48 
task: majority, mean loss: 0.09304, accuracy: 0.97400, task: max, mean loss: 0.31417, accuracy: 0.92400, task: top, mean loss: 0.32428, accuracy: 0.91300, task: multi, mean loss: 0.09001, multilabel_accuracy: 0.77200, avg. loss over tasks: 0.20537
Diversity Loss - Mean: 0.00000, Variance: 0.00000
Semantic Loss - Mean: 0.00000, Variance: 0.00000

Train Epoch: 49 
task: majority, mean loss: 0.02679, accuracy: 0.99140, task: max, mean loss: 0.03131, accuracy: 0.98980, task: top, mean loss: 0.02223, accuracy: 0.99420, task: multi, mean loss: 0.05851, multilabel_accuracy: 0.82300, avg. loss over tasks: 0.03471, lr: 0.0006043518895634709
Diversity Loss - Mean: 0.00000, Variance: 0.00000
Semantic Loss - Mean: 0.00000, Variance: 0.00000

Test Epoch: 49 
task: majority, mean loss: 0.13718, accuracy: 0.96200, task: max, mean loss: 0.34955, accuracy: 0.92100, task: top, mean loss: 0.46314, accuracy: 0.89700, task: multi, mean loss: 0.11095, multilabel_accuracy: 0.69300, avg. loss over tasks: 0.26520
Diversity Loss - Mean: 0.00000, Variance: 0.00000
Semantic Loss - Mean: 0.00000, Variance: 0.00000

Train Epoch: 50 
task: majority, mean loss: 0.02586, accuracy: 0.99260, task: max, mean loss: 0.03838, accuracy: 0.98780, task: top, mean loss: 0.03131, accuracy: 0.99040, task: multi, mean loss: 0.05960, multilabel_accuracy: 0.81960, avg. loss over tasks: 0.03879, lr: 0.0005872372647446318
Diversity Loss - Mean: 0.00000, Variance: 0.00000
Semantic Loss - Mean: 0.00000, Variance: 0.00000

Test Epoch: 50 
task: majority, mean loss: 0.07240, accuracy: 0.97600, task: max, mean loss: 0.31299, accuracy: 0.92600, task: top, mean loss: 0.37129, accuracy: 0.91100, task: multi, mean loss: 0.09980, multilabel_accuracy: 0.74300, avg. loss over tasks: 0.21412
Diversity Loss - Mean: 0.00000, Variance: 0.00000
Semantic Loss - Mean: 0.00000, Variance: 0.00000

Train Epoch: 51 
task: majority, mean loss: 0.03148, accuracy: 0.98940, task: max, mean loss: 0.06419, accuracy: 0.98240, task: top, mean loss: 0.04319, accuracy: 0.98620, task: multi, mean loss: 0.06632, multilabel_accuracy: 0.79900, avg. loss over tasks: 0.05130, lr: 0.0005700169639295527
Diversity Loss - Mean: 0.00000, Variance: 0.00000
Semantic Loss - Mean: 0.00000, Variance: 0.00000

Test Epoch: 51 
task: majority, mean loss: 0.10470, accuracy: 0.96400, task: max, mean loss: 0.34015, accuracy: 0.91700, task: top, mean loss: 0.46492, accuracy: 0.90300, task: multi, mean loss: 0.12266, multilabel_accuracy: 0.70100, avg. loss over tasks: 0.25811
Diversity Loss - Mean: 0.00000, Variance: 0.00000
Semantic Loss - Mean: 0.00000, Variance: 0.00000

Train Epoch: 52 
task: majority, mean loss: 0.03722, accuracy: 0.98760, task: max, mean loss: 0.06474, accuracy: 0.98020, task: top, mean loss: 0.05714, accuracy: 0.98420, task: multi, mean loss: 0.06869, multilabel_accuracy: 0.79360, avg. loss over tasks: 0.05695, lr: 0.000552711967402193
Diversity Loss - Mean: 0.00000, Variance: 0.00000
Semantic Loss - Mean: 0.00000, Variance: 0.00000

Test Epoch: 52 
task: majority, mean loss: 0.07163, accuracy: 0.97400, task: max, mean loss: 0.40383, accuracy: 0.91200, task: top, mean loss: 0.34973, accuracy: 0.92100, task: multi, mean loss: 0.08923, multilabel_accuracy: 0.76900, avg. loss over tasks: 0.22861
Diversity Loss - Mean: 0.00000, Variance: 0.00000
Semantic Loss - Mean: 0.00000, Variance: 0.00000

Train Epoch: 53 
task: majority, mean loss: 0.02268, accuracy: 0.99360, task: max, mean loss: 0.04382, accuracy: 0.98660, task: top, mean loss: 0.03501, accuracy: 0.98840, task: multi, mean loss: 0.05912, multilabel_accuracy: 0.82360, avg. loss over tasks: 0.04016, lr: 0.0005353433586351906
Diversity Loss - Mean: 0.00000, Variance: 0.00000
Semantic Loss - Mean: 0.00000, Variance: 0.00000

Test Epoch: 53 
task: majority, mean loss: 0.07222, accuracy: 0.97400, task: max, mean loss: 0.34386, accuracy: 0.92000, task: top, mean loss: 0.38110, accuracy: 0.91400, task: multi, mean loss: 0.09681, multilabel_accuracy: 0.74300, avg. loss over tasks: 0.22350
Diversity Loss - Mean: 0.00000, Variance: 0.00000
Semantic Loss - Mean: 0.00000, Variance: 0.00000

Train Epoch: 54 
task: majority, mean loss: 0.02353, accuracy: 0.99360, task: max, mean loss: 0.03853, accuracy: 0.98720, task: top, mean loss: 0.02396, accuracy: 0.99180, task: multi, mean loss: 0.05578, multilabel_accuracy: 0.83280, avg. loss over tasks: 0.03545, lr: 0.0005179322986028992
Diversity Loss - Mean: 0.00000, Variance: 0.00000
Semantic Loss - Mean: 0.00000, Variance: 0.00000

Test Epoch: 54 
task: majority, mean loss: 0.04993, accuracy: 0.98200, task: max, mean loss: 0.30694, accuracy: 0.91400, task: top, mean loss: 0.39905, accuracy: 0.91300, task: multi, mean loss: 0.09294, multilabel_accuracy: 0.74800, avg. loss over tasks: 0.21221
Diversity Loss - Mean: 0.00000, Variance: 0.00000
Semantic Loss - Mean: 0.00000, Variance: 0.00000

Train Epoch: 55 
task: majority, mean loss: 0.04620, accuracy: 0.98540, task: max, mean loss: 0.05190, accuracy: 0.98440, task: top, mean loss: 0.05157, accuracy: 0.98560, task: multi, mean loss: 0.06204, multilabel_accuracy: 0.80680, avg. loss over tasks: 0.05293, lr: 0.0005005
Diversity Loss - Mean: 0.00000, Variance: 0.00000
Semantic Loss - Mean: 0.00000, Variance: 0.00000

Test Epoch: 55 
task: majority, mean loss: 0.05140, accuracy: 0.98100, task: max, mean loss: 0.29670, accuracy: 0.92900, task: top, mean loss: 0.31182, accuracy: 0.92700, task: multi, mean loss: 0.08298, multilabel_accuracy: 0.78000, avg. loss over tasks: 0.18572
Diversity Loss - Mean: 0.00000, Variance: 0.00000
Semantic Loss - Mean: 0.00000, Variance: 0.00000

Train Epoch: 56 
task: majority, mean loss: 0.01496, accuracy: 0.99500, task: max, mean loss: 0.01794, accuracy: 0.99500, task: top, mean loss: 0.01294, accuracy: 0.99560, task: multi, mean loss: 0.04654, multilabel_accuracy: 0.86380, avg. loss over tasks: 0.02309, lr: 0.00048306770139710083
Diversity Loss - Mean: 0.00000, Variance: 0.00000
Semantic Loss - Mean: 0.00000, Variance: 0.00000

Test Epoch: 56 
task: majority, mean loss: 0.07137, accuracy: 0.98200, task: max, mean loss: 0.31715, accuracy: 0.93400, task: top, mean loss: 0.38962, accuracy: 0.91600, task: multi, mean loss: 0.07983, multilabel_accuracy: 0.77800, avg. loss over tasks: 0.21449
Diversity Loss - Mean: 0.00000, Variance: 0.00000
Semantic Loss - Mean: 0.00000, Variance: 0.00000

Train Epoch: 57 
task: majority, mean loss: 0.01390, accuracy: 0.99600, task: max, mean loss: 0.01546, accuracy: 0.99600, task: top, mean loss: 0.01829, accuracy: 0.99380, task: multi, mean loss: 0.04332, multilabel_accuracy: 0.87080, avg. loss over tasks: 0.02274, lr: 0.0004656566413648095
Diversity Loss - Mean: 0.00000, Variance: 0.00000
Semantic Loss - Mean: 0.00000, Variance: 0.00000

Test Epoch: 57 
task: majority, mean loss: 0.10827, accuracy: 0.96700, task: max, mean loss: 0.37650, accuracy: 0.92900, task: top, mean loss: 0.40589, accuracy: 0.90700, task: multi, mean loss: 0.09665, multilabel_accuracy: 0.75900, avg. loss over tasks: 0.24683
Diversity Loss - Mean: 0.00000, Variance: 0.00000
Semantic Loss - Mean: 0.00000, Variance: 0.00000

Train Epoch: 58 
task: majority, mean loss: 0.02723, accuracy: 0.99100, task: max, mean loss: 0.02914, accuracy: 0.99120, task: top, mean loss: 0.01873, accuracy: 0.99400, task: multi, mean loss: 0.04728, multilabel_accuracy: 0.86000, avg. loss over tasks: 0.03059, lr: 0.0004482880325978071
Diversity Loss - Mean: 0.00000, Variance: 0.00000
Semantic Loss - Mean: 0.00000, Variance: 0.00000

Test Epoch: 58 
task: majority, mean loss: 0.07920, accuracy: 0.97100, task: max, mean loss: 0.36791, accuracy: 0.92000, task: top, mean loss: 0.36535, accuracy: 0.91600, task: multi, mean loss: 0.09520, multilabel_accuracy: 0.75600, avg. loss over tasks: 0.22692
Diversity Loss - Mean: 0.00000, Variance: 0.00000
Semantic Loss - Mean: 0.00000, Variance: 0.00000

Train Epoch: 59 
task: majority, mean loss: 0.03663, accuracy: 0.98720, task: max, mean loss: 0.05516, accuracy: 0.98260, task: top, mean loss: 0.03566, accuracy: 0.99000, task: multi, mean loss: 0.05550, multilabel_accuracy: 0.83460, avg. loss over tasks: 0.04574, lr: 0.0004309830360704473
Diversity Loss - Mean: 0.00000, Variance: 0.00000
Semantic Loss - Mean: 0.00000, Variance: 0.00000

Test Epoch: 59 
task: majority, mean loss: 0.03867, accuracy: 0.99200, task: max, mean loss: 0.28632, accuracy: 0.92700, task: top, mean loss: 0.26549, accuracy: 0.93600, task: multi, mean loss: 0.08425, multilabel_accuracy: 0.78500, avg. loss over tasks: 0.16868
Diversity Loss - Mean: 0.00000, Variance: 0.00000
Semantic Loss - Mean: 0.00000, Variance: 0.00000

Train Epoch: 60 
task: majority, mean loss: 0.01452, accuracy: 0.99480, task: max, mean loss: 0.02850, accuracy: 0.99020, task: top, mean loss: 0.02042, accuracy: 0.99260, task: multi, mean loss: 0.04756, multilabel_accuracy: 0.85920, avg. loss over tasks: 0.02775, lr: 0.00041376273525536834
Diversity Loss - Mean: 0.00000, Variance: 0.00000
Semantic Loss - Mean: 0.00000, Variance: 0.00000

Test Epoch: 60 
task: majority, mean loss: 0.03808, accuracy: 0.98800, task: max, mean loss: 0.28805, accuracy: 0.93100, task: top, mean loss: 0.30963, accuracy: 0.92400, task: multi, mean loss: 0.08023, multilabel_accuracy: 0.78100, avg. loss over tasks: 0.17900
Diversity Loss - Mean: 0.00000, Variance: 0.00000
Semantic Loss - Mean: 0.00000, Variance: 0.00000

Train Epoch: 61 
task: majority, mean loss: 0.01334, accuracy: 0.99520, task: max, mean loss: 0.02110, accuracy: 0.99500, task: top, mean loss: 0.01500, accuracy: 0.99580, task: multi, mean loss: 0.04057, multilabel_accuracy: 0.87640, avg. loss over tasks: 0.02250, lr: 0.00039664811043652927
Diversity Loss - Mean: 0.00000, Variance: 0.00000
Semantic Loss - Mean: 0.00000, Variance: 0.00000

Test Epoch: 61 
task: majority, mean loss: 0.04633, accuracy: 0.98100, task: max, mean loss: 0.29600, accuracy: 0.92900, task: top, mean loss: 0.32988, accuracy: 0.93500, task: multi, mean loss: 0.08496, multilabel_accuracy: 0.78200, avg. loss over tasks: 0.18929
Diversity Loss - Mean: 0.00000, Variance: 0.00000
Semantic Loss - Mean: 0.00000, Variance: 0.00000

Train Epoch: 62 
task: majority, mean loss: 0.01163, accuracy: 0.99700, task: max, mean loss: 0.01416, accuracy: 0.99560, task: top, mean loss: 0.01271, accuracy: 0.99600, task: multi, mean loss: 0.03713, multilabel_accuracy: 0.88840, avg. loss over tasks: 0.01891, lr: 0.00037966001314796593
Diversity Loss - Mean: 0.00000, Variance: 0.00000
Semantic Loss - Mean: 0.00000, Variance: 0.00000

Test Epoch: 62 
task: majority, mean loss: 0.03539, accuracy: 0.99100, task: max, mean loss: 0.34645, accuracy: 0.92300, task: top, mean loss: 0.29860, accuracy: 0.93500, task: multi, mean loss: 0.08400, multilabel_accuracy: 0.78400, avg. loss over tasks: 0.19111
Diversity Loss - Mean: 0.00000, Variance: 0.00000
Semantic Loss - Mean: 0.00000, Variance: 0.00000

Train Epoch: 63 
task: majority, mean loss: 0.01675, accuracy: 0.99540, task: max, mean loss: 0.01322, accuracy: 0.99680, task: top, mean loss: 0.01651, accuracy: 0.99580, task: multi, mean loss: 0.03997, multilabel_accuracy: 0.88020, avg. loss over tasks: 0.02161, lr: 0.00036281914076940894
Diversity Loss - Mean: 0.00000, Variance: 0.00000
Semantic Loss - Mean: 0.00000, Variance: 0.00000

Test Epoch: 63 
task: majority, mean loss: 0.04186, accuracy: 0.98300, task: max, mean loss: 0.35606, accuracy: 0.92000, task: top, mean loss: 0.50569, accuracy: 0.89900, task: multi, mean loss: 0.09134, multilabel_accuracy: 0.76900, avg. loss over tasks: 0.24874
Diversity Loss - Mean: 0.00000, Variance: 0.00000
Semantic Loss - Mean: 0.00000, Variance: 0.00000

Train Epoch: 64 
task: majority, mean loss: 0.01737, accuracy: 0.99460, task: max, mean loss: 0.02280, accuracy: 0.99300, task: top, mean loss: 0.02855, accuracy: 0.99060, task: multi, mean loss: 0.04197, multilabel_accuracy: 0.87240, avg. loss over tasks: 0.02767, lr: 0.00034614601130971383
Diversity Loss - Mean: 0.00000, Variance: 0.00000
Semantic Loss - Mean: 0.00000, Variance: 0.00000

Test Epoch: 64 
task: majority, mean loss: 0.04589, accuracy: 0.98100, task: max, mean loss: 0.34688, accuracy: 0.93200, task: top, mean loss: 0.36475, accuracy: 0.92000, task: multi, mean loss: 0.08417, multilabel_accuracy: 0.78800, avg. loss over tasks: 0.21042
Diversity Loss - Mean: 0.00000, Variance: 0.00000
Semantic Loss - Mean: 0.00000, Variance: 0.00000

Train Epoch: 65 
task: majority, mean loss: 0.00702, accuracy: 0.99860, task: max, mean loss: 0.00847, accuracy: 0.99780, task: top, mean loss: 0.00654, accuracy: 0.99800, task: multi, mean loss: 0.03125, multilabel_accuracy: 0.91160, avg. loss over tasks: 0.01332, lr: 0.0003296609384088285
Diversity Loss - Mean: 0.00000, Variance: 0.00000
Semantic Loss - Mean: 0.00000, Variance: 0.00000

Test Epoch: 65 
task: majority, mean loss: 0.04388, accuracy: 0.98600, task: max, mean loss: 0.29566, accuracy: 0.94200, task: top, mean loss: 0.31930, accuracy: 0.93200, task: multi, mean loss: 0.06757, multilabel_accuracy: 0.81900, avg. loss over tasks: 0.18160
Diversity Loss - Mean: 0.00000, Variance: 0.00000
Semantic Loss - Mean: 0.00000, Variance: 0.00000

Train Epoch: 66 
task: majority, mean loss: 0.00577, accuracy: 0.99900, task: max, mean loss: 0.00466, accuracy: 0.99900, task: top, mean loss: 0.00352, accuracy: 0.99900, task: multi, mean loss: 0.02727, multilabel_accuracy: 0.92200, avg. loss over tasks: 0.01031, lr: 0.00031338400658875205
Diversity Loss - Mean: 0.00000, Variance: 0.00000
Semantic Loss - Mean: 0.00000, Variance: 0.00000

Test Epoch: 66 
task: majority, mean loss: 0.02773, accuracy: 0.98900, task: max, mean loss: 0.30083, accuracy: 0.94500, task: top, mean loss: 0.32643, accuracy: 0.92800, task: multi, mean loss: 0.06791, multilabel_accuracy: 0.81900, avg. loss over tasks: 0.18072
Diversity Loss - Mean: 0.00000, Variance: 0.00000
Semantic Loss - Mean: 0.00000, Variance: 0.00000

Train Epoch: 67 
task: majority, mean loss: 0.00936, accuracy: 0.99720, task: max, mean loss: 0.01146, accuracy: 0.99720, task: top, mean loss: 0.01603, accuracy: 0.99440, task: multi, mean loss: 0.03285, multilabel_accuracy: 0.90340, avg. loss over tasks: 0.01742, lr: 0.00029733504678363775
Diversity Loss - Mean: 0.00000, Variance: 0.00000
Semantic Loss - Mean: 0.00000, Variance: 0.00000

Test Epoch: 67 
task: majority, mean loss: 0.04418, accuracy: 0.98500, task: max, mean loss: 0.38495, accuracy: 0.93000, task: top, mean loss: 0.40021, accuracy: 0.91600, task: multi, mean loss: 0.07667, multilabel_accuracy: 0.79900, avg. loss over tasks: 0.22650
Diversity Loss - Mean: 0.00000, Variance: 0.00000
Semantic Loss - Mean: 0.00000, Variance: 0.00000

Train Epoch: 68 
task: majority, mean loss: 0.06388, accuracy: 0.98520, task: max, mean loss: 0.03352, accuracy: 0.99180, task: top, mean loss: 0.07070, accuracy: 0.98780, task: multi, mean loss: 0.04529, multilabel_accuracy: 0.87880, avg. loss over tasks: 0.05335, lr: 0.00028153361217885594
Diversity Loss - Mean: 0.00000, Variance: 0.00000
Semantic Loss - Mean: 0.00000, Variance: 0.00000

Test Epoch: 68 
task: majority, mean loss: 0.12080, accuracy: 0.96000, task: max, mean loss: 0.35399, accuracy: 0.90900, task: top, mean loss: 0.39960, accuracy: 0.88800, task: multi, mean loss: 0.12022, multilabel_accuracy: 0.69500, avg. loss over tasks: 0.24865
Diversity Loss - Mean: 0.00000, Variance: 0.00000
Semantic Loss - Mean: 0.00000, Variance: 0.00000

Train Epoch: 69 
task: majority, mean loss: 0.01873, accuracy: 0.99480, task: max, mean loss: 0.02529, accuracy: 0.99380, task: top, mean loss: 0.02184, accuracy: 0.99400, task: multi, mean loss: 0.04034, multilabel_accuracy: 0.87520, avg. loss over tasks: 0.02655, lr: 0.0002659989543884475
Diversity Loss - Mean: 0.00000, Variance: 0.00000
Semantic Loss - Mean: 0.00000, Variance: 0.00000

Test Epoch: 69 
task: majority, mean loss: 0.03899, accuracy: 0.98200, task: max, mean loss: 0.30262, accuracy: 0.92800, task: top, mean loss: 0.29239, accuracy: 0.93300, task: multi, mean loss: 0.08572, multilabel_accuracy: 0.77900, avg. loss over tasks: 0.17993
Diversity Loss - Mean: 0.00000, Variance: 0.00000
Semantic Loss - Mean: 0.00000, Variance: 0.00000

Train Epoch: 70 
task: majority, mean loss: 0.00647, accuracy: 0.99900, task: max, mean loss: 0.00591, accuracy: 0.99880, task: top, mean loss: 0.00789, accuracy: 0.99860, task: multi, mean loss: 0.02830, multilabel_accuracy: 0.91880, avg. loss over tasks: 0.01214, lr: 0.0002507500000000001
Diversity Loss - Mean: 0.00000, Variance: 0.00000
Semantic Loss - Mean: 0.00000, Variance: 0.00000

Test Epoch: 70 
task: majority, mean loss: 0.03216, accuracy: 0.98800, task: max, mean loss: 0.26762, accuracy: 0.94100, task: top, mean loss: 0.23003, accuracy: 0.94900, task: multi, mean loss: 0.06657, multilabel_accuracy: 0.81800, avg. loss over tasks: 0.14910
Diversity Loss - Mean: 0.00000, Variance: 0.00000
Semantic Loss - Mean: 0.00000, Variance: 0.00000

Train Epoch: 71 
task: majority, mean loss: 0.00381, accuracy: 0.99980, task: max, mean loss: 0.00369, accuracy: 0.99960, task: top, mean loss: 0.00456, accuracy: 0.99900, task: multi, mean loss: 0.02280, multilabel_accuracy: 0.93860, avg. loss over tasks: 0.00871, lr: 0.0002358053275155142
Diversity Loss - Mean: 0.00000, Variance: 0.00000
Semantic Loss - Mean: 0.00000, Variance: 0.00000

Test Epoch: 71 
task: majority, mean loss: 0.03597, accuracy: 0.98600, task: max, mean loss: 0.30738, accuracy: 0.94200, task: top, mean loss: 0.26952, accuracy: 0.93900, task: multi, mean loss: 0.07154, multilabel_accuracy: 0.81900, avg. loss over tasks: 0.17110
Diversity Loss - Mean: 0.00000, Variance: 0.00000
Semantic Loss - Mean: 0.00000, Variance: 0.00000

Train Epoch: 72 
task: majority, mean loss: 0.00618, accuracy: 0.99860, task: max, mean loss: 0.00368, accuracy: 0.99920, task: top, mean loss: 0.00306, accuracy: 0.99940, task: multi, mean loss: 0.02299, multilabel_accuracy: 0.93500, avg. loss over tasks: 0.00898, lr: 0.00022118314471636204
Diversity Loss - Mean: 0.00000, Variance: 0.00000
Semantic Loss - Mean: 0.00000, Variance: 0.00000

Test Epoch: 72 
task: majority, mean loss: 0.02903, accuracy: 0.99000, task: max, mean loss: 0.30131, accuracy: 0.94400, task: top, mean loss: 0.26387, accuracy: 0.93900, task: multi, mean loss: 0.06707, multilabel_accuracy: 0.82300, avg. loss over tasks: 0.16532
Diversity Loss - Mean: 0.00000, Variance: 0.00000
Semantic Loss - Mean: 0.00000, Variance: 0.00000

Train Epoch: 73 
task: majority, mean loss: 0.00395, accuracy: 0.99920, task: max, mean loss: 0.00358, accuracy: 0.99860, task: top, mean loss: 0.00178, accuracy: 0.99980, task: multi, mean loss: 0.02076, multilabel_accuracy: 0.94440, avg. loss over tasks: 0.00752, lr: 0.00020690126647990973
Diversity Loss - Mean: 0.00000, Variance: 0.00000
Semantic Loss - Mean: 0.00000, Variance: 0.00000

Test Epoch: 73 
task: majority, mean loss: 0.03710, accuracy: 0.98600, task: max, mean loss: 0.32719, accuracy: 0.93900, task: top, mean loss: 0.26578, accuracy: 0.94200, task: multi, mean loss: 0.06921, multilabel_accuracy: 0.82400, avg. loss over tasks: 0.17482
Diversity Loss - Mean: 0.00000, Variance: 0.00000
Semantic Loss - Mean: 0.00000, Variance: 0.00000

Train Epoch: 74 
task: majority, mean loss: 0.00414, accuracy: 0.99920, task: max, mean loss: 0.00205, accuracy: 0.99980, task: top, mean loss: 0.00549, accuracy: 0.99820, task: multi, mean loss: 0.02023, multilabel_accuracy: 0.94440, avg. loss over tasks: 0.00798, lr: 0.00019297709307483367
Diversity Loss - Mean: 0.00000, Variance: 0.00000
Semantic Loss - Mean: 0.00000, Variance: 0.00000

Test Epoch: 74 
task: majority, mean loss: 0.03022, accuracy: 0.98800, task: max, mean loss: 0.32103, accuracy: 0.93600, task: top, mean loss: 0.30210, accuracy: 0.93600, task: multi, mean loss: 0.06843, multilabel_accuracy: 0.81700, avg. loss over tasks: 0.18044
Diversity Loss - Mean: 0.00000, Variance: 0.00000
Semantic Loss - Mean: 0.00000, Variance: 0.00000

Train Epoch: 75 
task: majority, mean loss: 0.00342, accuracy: 0.99920, task: max, mean loss: 0.00277, accuracy: 0.99960, task: top, mean loss: 0.00259, accuracy: 0.99920, task: multi, mean loss: 0.01892, multilabel_accuracy: 0.94840, avg. loss over tasks: 0.00692, lr: 0.0001794275889615736
Diversity Loss - Mean: 0.00000, Variance: 0.00000
Semantic Loss - Mean: 0.00000, Variance: 0.00000

Test Epoch: 75 
task: majority, mean loss: 0.02947, accuracy: 0.98800, task: max, mean loss: 0.29730, accuracy: 0.93800, task: top, mean loss: 0.28453, accuracy: 0.93800, task: multi, mean loss: 0.06525, multilabel_accuracy: 0.82300, avg. loss over tasks: 0.16914
Diversity Loss - Mean: 0.00000, Variance: 0.00000
Semantic Loss - Mean: 0.00000, Variance: 0.00000

Train Epoch: 76 
task: majority, mean loss: 0.00705, accuracy: 0.99800, task: max, mean loss: 0.00650, accuracy: 0.99840, task: top, mean loss: 0.00886, accuracy: 0.99740, task: multi, mean loss: 0.02210, multilabel_accuracy: 0.93880, avg. loss over tasks: 0.01113, lr: 0.00016626926212375047
Diversity Loss - Mean: 0.00000, Variance: 0.00000
Semantic Loss - Mean: 0.00000, Variance: 0.00000

Test Epoch: 76 
task: majority, mean loss: 0.02771, accuracy: 0.98900, task: max, mean loss: 0.33412, accuracy: 0.93300, task: top, mean loss: 0.29901, accuracy: 0.93800, task: multi, mean loss: 0.07116, multilabel_accuracy: 0.81100, avg. loss over tasks: 0.18300
Diversity Loss - Mean: 0.00000, Variance: 0.00000
Semantic Loss - Mean: 0.00000, Variance: 0.00000

Train Epoch: 77 
task: majority, mean loss: 0.00345, accuracy: 0.99960, task: max, mean loss: 0.00256, accuracy: 0.99940, task: top, mean loss: 0.00389, accuracy: 0.99940, task: multi, mean loss: 0.01862, multilabel_accuracy: 0.94840, avg. loss over tasks: 0.00713, lr: 0.00015351814395573083
Diversity Loss - Mean: 0.00000, Variance: 0.00000
Semantic Loss - Mean: 0.00000, Variance: 0.00000

Test Epoch: 77 
task: majority, mean loss: 0.02818, accuracy: 0.99200, task: max, mean loss: 0.31626, accuracy: 0.93700, task: top, mean loss: 0.29349, accuracy: 0.93500, task: multi, mean loss: 0.06963, multilabel_accuracy: 0.81900, avg. loss over tasks: 0.17689
Diversity Loss - Mean: 0.00000, Variance: 0.00000
Semantic Loss - Mean: 0.00000, Variance: 0.00000

Train Epoch: 78 
task: majority, mean loss: 0.00348, accuracy: 0.99900, task: max, mean loss: 0.00403, accuracy: 0.99900, task: top, mean loss: 0.00352, accuracy: 0.99920, task: multi, mean loss: 0.01829, multilabel_accuracy: 0.95080, avg. loss over tasks: 0.00733, lr: 0.00014118976973084385
Diversity Loss - Mean: 0.00000, Variance: 0.00000
Semantic Loss - Mean: 0.00000, Variance: 0.00000

Test Epoch: 78 
task: majority, mean loss: 0.04997, accuracy: 0.98500, task: max, mean loss: 0.33511, accuracy: 0.93700, task: top, mean loss: 0.32586, accuracy: 0.92800, task: multi, mean loss: 0.07839, multilabel_accuracy: 0.81900, avg. loss over tasks: 0.19733
Diversity Loss - Mean: 0.00000, Variance: 0.00000
Semantic Loss - Mean: 0.00000, Variance: 0.00000

Train Epoch: 79 
task: majority, mean loss: 0.00389, accuracy: 0.99940, task: max, mean loss: 0.00515, accuracy: 0.99820, task: top, mean loss: 0.00278, accuracy: 0.99960, task: multi, mean loss: 0.01807, multilabel_accuracy: 0.94840, avg. loss over tasks: 0.00747, lr: 0.00012929915967404152
Diversity Loss - Mean: 0.00000, Variance: 0.00000
Semantic Loss - Mean: 0.00000, Variance: 0.00000

Test Epoch: 79 
task: majority, mean loss: 0.03063, accuracy: 0.99000, task: max, mean loss: 0.30744, accuracy: 0.93900, task: top, mean loss: 0.32213, accuracy: 0.92900, task: multi, mean loss: 0.07208, multilabel_accuracy: 0.81200, avg. loss over tasks: 0.18307
Diversity Loss - Mean: 0.00000, Variance: 0.00000
Semantic Loss - Mean: 0.00000, Variance: 0.00000

Train Epoch: 80 
task: majority, mean loss: 0.00277, accuracy: 0.99940, task: max, mean loss: 0.00321, accuracy: 0.99940, task: top, mean loss: 0.00251, accuracy: 0.99940, task: multi, mean loss: 0.01562, multilabel_accuracy: 0.95860, avg. loss over tasks: 0.00603, lr: 0.00011786080066207054
Diversity Loss - Mean: 0.00000, Variance: 0.00000
Semantic Loss - Mean: 0.00000, Variance: 0.00000

Test Epoch: 80 
task: majority, mean loss: 0.03206, accuracy: 0.98800, task: max, mean loss: 0.29994, accuracy: 0.93700, task: top, mean loss: 0.31205, accuracy: 0.92800, task: multi, mean loss: 0.07496, multilabel_accuracy: 0.82400, avg. loss over tasks: 0.17975
Diversity Loss - Mean: 0.00000, Variance: 0.00000
Semantic Loss - Mean: 0.00000, Variance: 0.00000

Train Epoch: 81 
task: majority, mean loss: 0.00323, accuracy: 0.99900, task: max, mean loss: 0.00212, accuracy: 0.99960, task: top, mean loss: 0.00219, accuracy: 0.99960, task: multi, mean loss: 0.01386, multilabel_accuracy: 0.96580, avg. loss over tasks: 0.00535, lr: 0.00010688862857344241
Diversity Loss - Mean: 0.00000, Variance: 0.00000
Semantic Loss - Mean: 0.00000, Variance: 0.00000

Test Epoch: 81 
task: majority, mean loss: 0.01895, accuracy: 0.99500, task: max, mean loss: 0.31902, accuracy: 0.93800, task: top, mean loss: 0.34833, accuracy: 0.92700, task: multi, mean loss: 0.07395, multilabel_accuracy: 0.81800, avg. loss over tasks: 0.19006
Diversity Loss - Mean: 0.00000, Variance: 0.00000
Semantic Loss - Mean: 0.00000, Variance: 0.00000

Train Epoch: 82 
task: majority, mean loss: 0.00320, accuracy: 0.99940, task: max, mean loss: 0.00174, accuracy: 0.99980, task: top, mean loss: 0.00263, accuracy: 0.99940, task: multi, mean loss: 0.01423, multilabel_accuracy: 0.96380, avg. loss over tasks: 0.00545, lr: 9.63960113097138e-05
Diversity Loss - Mean: 0.00000, Variance: 0.00000
Semantic Loss - Mean: 0.00000, Variance: 0.00000

Test Epoch: 82 
task: majority, mean loss: 0.02419, accuracy: 0.98900, task: max, mean loss: 0.33840, accuracy: 0.93600, task: top, mean loss: 0.37396, accuracy: 0.92500, task: multi, mean loss: 0.07209, multilabel_accuracy: 0.83200, avg. loss over tasks: 0.20216
Diversity Loss - Mean: 0.00000, Variance: 0.00000
Semantic Loss - Mean: 0.00000, Variance: 0.00000

Train Epoch: 83 
task: majority, mean loss: 0.00398, accuracy: 0.99900, task: max, mean loss: 0.00250, accuracy: 0.99940, task: top, mean loss: 0.00141, accuracy: 0.99980, task: multi, mean loss: 0.01294, multilabel_accuracy: 0.96980, avg. loss over tasks: 0.00521, lr: 8.639573250875671e-05
Diversity Loss - Mean: 0.00000, Variance: 0.00000
Semantic Loss - Mean: 0.00000, Variance: 0.00000

Test Epoch: 83 
task: majority, mean loss: 0.03343, accuracy: 0.98900, task: max, mean loss: 0.33689, accuracy: 0.94000, task: top, mean loss: 0.36415, accuracy: 0.92600, task: multi, mean loss: 0.07437, multilabel_accuracy: 0.82500, avg. loss over tasks: 0.20221
Diversity Loss - Mean: 0.00000, Variance: 0.00000
Semantic Loss - Mean: 0.00000, Variance: 0.00000

Train Epoch: 84 
task: majority, mean loss: 0.00147, accuracy: 0.99980, task: max, mean loss: 0.00109, accuracy: 1.00000, task: top, mean loss: 0.00111, accuracy: 0.99980, task: multi, mean loss: 0.01216, multilabel_accuracy: 0.97040, avg. loss over tasks: 0.00396, lr: 7.689997596986524e-05
Diversity Loss - Mean: 0.00000, Variance: 0.00000
Semantic Loss - Mean: 0.00000, Variance: 0.00000

Test Epoch: 84 
task: majority, mean loss: 0.02662, accuracy: 0.98900, task: max, mean loss: 0.31957, accuracy: 0.94300, task: top, mean loss: 0.35813, accuracy: 0.92600, task: multi, mean loss: 0.07102, multilabel_accuracy: 0.82800, avg. loss over tasks: 0.19383
Diversity Loss - Mean: 0.00000, Variance: 0.00000
Semantic Loss - Mean: 0.00000, Variance: 0.00000

Train Epoch: 85 
task: majority, mean loss: 0.00163, accuracy: 1.00000, task: max, mean loss: 0.00288, accuracy: 0.99900, task: top, mean loss: 0.00106, accuracy: 1.00000, task: multi, mean loss: 0.01155, multilabel_accuracy: 0.97460, avg. loss over tasks: 0.00428, lr: 6.792031080967287e-05
Diversity Loss - Mean: 0.00000, Variance: 0.00000
Semantic Loss - Mean: 0.00000, Variance: 0.00000

Test Epoch: 85 
task: majority, mean loss: 0.02994, accuracy: 0.98900, task: max, mean loss: 0.34573, accuracy: 0.94300, task: top, mean loss: 0.36766, accuracy: 0.93000, task: multi, mean loss: 0.07749, multilabel_accuracy: 0.81600, avg. loss over tasks: 0.20520
Diversity Loss - Mean: 0.00000, Variance: 0.00000
Semantic Loss - Mean: 0.00000, Variance: 0.00000

Train Epoch: 86 
task: majority, mean loss: 0.00165, accuracy: 0.99980, task: max, mean loss: 0.00099, accuracy: 1.00000, task: top, mean loss: 0.00167, accuracy: 0.99960, task: multi, mean loss: 0.01155, multilabel_accuracy: 0.97120, avg. loss over tasks: 0.00397, lr: 5.946767736696608e-05
Diversity Loss - Mean: 0.00000, Variance: 0.00000
Semantic Loss - Mean: 0.00000, Variance: 0.00000

Test Epoch: 86 
task: majority, mean loss: 0.02977, accuracy: 0.99000, task: max, mean loss: 0.33643, accuracy: 0.94100, task: top, mean loss: 0.36490, accuracy: 0.92600, task: multi, mean loss: 0.07215, multilabel_accuracy: 0.83300, avg. loss over tasks: 0.20081
Diversity Loss - Mean: 0.00000, Variance: 0.00000
Semantic Loss - Mean: 0.00000, Variance: 0.00000

Train Epoch: 87 
task: majority, mean loss: 0.00178, accuracy: 0.99980, task: max, mean loss: 0.00116, accuracy: 0.99980, task: top, mean loss: 0.00107, accuracy: 0.99960, task: multi, mean loss: 0.01141, multilabel_accuracy: 0.97020, avg. loss over tasks: 0.00385, lr: 5.155237387356607e-05
Diversity Loss - Mean: 0.00000, Variance: 0.00000
Semantic Loss - Mean: 0.00000, Variance: 0.00000

Test Epoch: 87 
task: majority, mean loss: 0.02511, accuracy: 0.99000, task: max, mean loss: 0.33194, accuracy: 0.94100, task: top, mean loss: 0.35535, accuracy: 0.93200, task: multi, mean loss: 0.07113, multilabel_accuracy: 0.83600, avg. loss over tasks: 0.19588
Diversity Loss - Mean: 0.00000, Variance: 0.00000
Semantic Loss - Mean: 0.00000, Variance: 0.00000

Train Epoch: 88 
task: majority, mean loss: 0.00153, accuracy: 0.99980, task: max, mean loss: 0.00103, accuracy: 0.99960, task: top, mean loss: 0.00099, accuracy: 0.99980, task: multi, mean loss: 0.01018, multilabel_accuracy: 0.97780, avg. loss over tasks: 0.00343, lr: 4.4184043907520925e-05
Diversity Loss - Mean: 0.00000, Variance: 0.00000
Semantic Loss - Mean: 0.00000, Variance: 0.00000

Test Epoch: 88 
task: majority, mean loss: 0.03826, accuracy: 0.98700, task: max, mean loss: 0.36397, accuracy: 0.93700, task: top, mean loss: 0.37683, accuracy: 0.92700, task: multi, mean loss: 0.07557, multilabel_accuracy: 0.81200, avg. loss over tasks: 0.21366
Diversity Loss - Mean: 0.00000, Variance: 0.00000
Semantic Loss - Mean: 0.00000, Variance: 0.00000

Train Epoch: 89 
task: majority, mean loss: 0.00131, accuracy: 1.00000, task: max, mean loss: 0.00068, accuracy: 1.00000, task: top, mean loss: 0.00141, accuracy: 0.99940, task: multi, mean loss: 0.01062, multilabel_accuracy: 0.97520, avg. loss over tasks: 0.00351, lr: 3.7371664643889735e-05
Diversity Loss - Mean: 0.00000, Variance: 0.00000
Semantic Loss - Mean: 0.00000, Variance: 0.00000

Test Epoch: 89 
task: majority, mean loss: 0.02718, accuracy: 0.99000, task: max, mean loss: 0.31539, accuracy: 0.94600, task: top, mean loss: 0.37638, accuracy: 0.92500, task: multi, mean loss: 0.06842, multilabel_accuracy: 0.84200, avg. loss over tasks: 0.19684
Diversity Loss - Mean: 0.00000, Variance: 0.00000
Semantic Loss - Mean: 0.00000, Variance: 0.00000

Train Epoch: 90 
task: majority, mean loss: 0.00130, accuracy: 1.00000, task: max, mean loss: 0.00072, accuracy: 1.00000, task: top, mean loss: 0.00085, accuracy: 0.99960, task: multi, mean loss: 0.00992, multilabel_accuracy: 0.97680, avg. loss over tasks: 0.00320, lr: 3.11235359174388e-05
Diversity Loss - Mean: 0.00000, Variance: 0.00000
Semantic Loss - Mean: 0.00000, Variance: 0.00000

Test Epoch: 90 
task: majority, mean loss: 0.03177, accuracy: 0.98800, task: max, mean loss: 0.33686, accuracy: 0.94100, task: top, mean loss: 0.38796, accuracy: 0.92700, task: multi, mean loss: 0.07262, multilabel_accuracy: 0.83000, avg. loss over tasks: 0.20730
Diversity Loss - Mean: 0.00000, Variance: 0.00000
Semantic Loss - Mean: 0.00000, Variance: 0.00000

Train Epoch: 91 
task: majority, mean loss: 0.00148, accuracy: 0.99980, task: max, mean loss: 0.00120, accuracy: 0.99980, task: top, mean loss: 0.00169, accuracy: 0.99980, task: multi, mean loss: 0.00950, multilabel_accuracy: 0.98040, avg. loss over tasks: 0.00347, lr: 2.544727011057081e-05
Diversity Loss - Mean: 0.00000, Variance: 0.00000
Semantic Loss - Mean: 0.00000, Variance: 0.00000

Test Epoch: 91 
task: majority, mean loss: 0.03167, accuracy: 0.99000, task: max, mean loss: 0.34718, accuracy: 0.94000, task: top, mean loss: 0.35500, accuracy: 0.93000, task: multi, mean loss: 0.07135, multilabel_accuracy: 0.83300, avg. loss over tasks: 0.20130
Diversity Loss - Mean: 0.00000, Variance: 0.00000
Semantic Loss - Mean: 0.00000, Variance: 0.00000

Train Epoch: 92 
task: majority, mean loss: 0.00097, accuracy: 1.00000, task: max, mean loss: 0.00098, accuracy: 1.00000, task: top, mean loss: 0.00150, accuracy: 0.99960, task: multi, mean loss: 0.00947, multilabel_accuracy: 0.97900, avg. loss over tasks: 0.00323, lr: 2.0349782878809714e-05
Diversity Loss - Mean: 0.00000, Variance: 0.00000
Semantic Loss - Mean: 0.00000, Variance: 0.00000

Test Epoch: 92 
task: majority, mean loss: 0.03200, accuracy: 0.98900, task: max, mean loss: 0.33698, accuracy: 0.94600, task: top, mean loss: 0.37339, accuracy: 0.92600, task: multi, mean loss: 0.07169, multilabel_accuracy: 0.83500, avg. loss over tasks: 0.20352
Diversity Loss - Mean: 0.00000, Variance: 0.00000
Semantic Loss - Mean: 0.00000, Variance: 0.00000

Train Epoch: 93 
task: majority, mean loss: 0.00158, accuracy: 0.99940, task: max, mean loss: 0.00066, accuracy: 1.00000, task: top, mean loss: 0.00087, accuracy: 0.99960, task: multi, mean loss: 0.00951, multilabel_accuracy: 0.97920, avg. loss over tasks: 0.00315, lr: 1.583728472513982e-05
Diversity Loss - Mean: 0.00000, Variance: 0.00000
Semantic Loss - Mean: 0.00000, Variance: 0.00000

Test Epoch: 93 
task: majority, mean loss: 0.02904, accuracy: 0.99000, task: max, mean loss: 0.33123, accuracy: 0.94800, task: top, mean loss: 0.37755, accuracy: 0.92900, task: multi, mean loss: 0.07000, multilabel_accuracy: 0.83400, avg. loss over tasks: 0.20196
Diversity Loss - Mean: 0.00000, Variance: 0.00000
Semantic Loss - Mean: 0.00000, Variance: 0.00000

Train Epoch: 94 
task: majority, mean loss: 0.00155, accuracy: 0.99960, task: max, mean loss: 0.00089, accuracy: 0.99980, task: top, mean loss: 0.00126, accuracy: 0.99980, task: multi, mean loss: 0.00890, multilabel_accuracy: 0.98160, avg. loss over tasks: 0.00315, lr: 1.191527343346406e-05
Diversity Loss - Mean: 0.00000, Variance: 0.00000
Semantic Loss - Mean: 0.00000, Variance: 0.00000

Test Epoch: 94 
task: majority, mean loss: 0.02981, accuracy: 0.99000, task: max, mean loss: 0.33725, accuracy: 0.94700, task: top, mean loss: 0.35485, accuracy: 0.92700, task: multi, mean loss: 0.07040, multilabel_accuracy: 0.83200, avg. loss over tasks: 0.19808
Diversity Loss - Mean: 0.00000, Variance: 0.00000
Semantic Loss - Mean: 0.00000, Variance: 0.00000

Train Epoch: 95 
task: majority, mean loss: 0.00080, accuracy: 1.00000, task: max, mean loss: 0.00087, accuracy: 1.00000, task: top, mean loss: 0.00206, accuracy: 0.99980, task: multi, mean loss: 0.00869, multilabel_accuracy: 0.98040, avg. loss over tasks: 0.00311, lr: 8.588527370402095e-06
Diversity Loss - Mean: 0.00000, Variance: 0.00000
Semantic Loss - Mean: 0.00000, Variance: 0.00000

Test Epoch: 95 
task: majority, mean loss: 0.03013, accuracy: 0.99000, task: max, mean loss: 0.34112, accuracy: 0.94000, task: top, mean loss: 0.36272, accuracy: 0.92600, task: multi, mean loss: 0.07176, multilabel_accuracy: 0.82400, avg. loss over tasks: 0.20143
Diversity Loss - Mean: 0.00000, Variance: 0.00000
Semantic Loss - Mean: 0.00000, Variance: 0.00000

Train Epoch: 96 
task: majority, mean loss: 0.00115, accuracy: 1.00000, task: max, mean loss: 0.00097, accuracy: 0.99980, task: top, mean loss: 0.00060, accuracy: 1.00000, task: multi, mean loss: 0.00857, multilabel_accuracy: 0.98420, avg. loss over tasks: 0.00282, lr: 5.86109966358566e-06
Diversity Loss - Mean: 0.00000, Variance: 0.00000
Semantic Loss - Mean: 0.00000, Variance: 0.00000

Test Epoch: 96 
task: majority, mean loss: 0.02877, accuracy: 0.99000, task: max, mean loss: 0.32681, accuracy: 0.94700, task: top, mean loss: 0.35899, accuracy: 0.92600, task: multi, mean loss: 0.06898, multilabel_accuracy: 0.83600, avg. loss over tasks: 0.19589
Diversity Loss - Mean: 0.00000, Variance: 0.00000
Semantic Loss - Mean: 0.00000, Variance: 0.00000

Train Epoch: 97 
task: majority, mean loss: 0.00110, accuracy: 0.99980, task: max, mean loss: 0.00109, accuracy: 0.99960, task: top, mean loss: 0.00099, accuracy: 0.99960, task: multi, mean loss: 0.00922, multilabel_accuracy: 0.97760, avg. loss over tasks: 0.00310, lr: 3.7363132635474912e-06
Diversity Loss - Mean: 0.00000, Variance: 0.00000
Semantic Loss - Mean: 0.00000, Variance: 0.00000

Test Epoch: 97 
task: majority, mean loss: 0.03033, accuracy: 0.98900, task: max, mean loss: 0.32814, accuracy: 0.94600, task: top, mean loss: 0.34463, accuracy: 0.93100, task: multi, mean loss: 0.06927, multilabel_accuracy: 0.83900, avg. loss over tasks: 0.19309
Diversity Loss - Mean: 0.00000, Variance: 0.00000
Semantic Loss - Mean: 0.00000, Variance: 0.00000

Train Epoch: 98 
task: majority, mean loss: 0.00097, accuracy: 1.00000, task: max, mean loss: 0.00124, accuracy: 0.99960, task: top, mean loss: 0.00108, accuracy: 0.99980, task: multi, mean loss: 0.00821, multilabel_accuracy: 0.98100, avg. loss over tasks: 0.00288, lr: 2.216756895217758e-06
Diversity Loss - Mean: 0.00000, Variance: 0.00000
Semantic Loss - Mean: 0.00000, Variance: 0.00000

Test Epoch: 98 
task: majority, mean loss: 0.02855, accuracy: 0.99100, task: max, mean loss: 0.32807, accuracy: 0.94300, task: top, mean loss: 0.34941, accuracy: 0.93000, task: multi, mean loss: 0.06961, multilabel_accuracy: 0.84100, avg. loss over tasks: 0.19391
Diversity Loss - Mean: 0.00000, Variance: 0.00000
Semantic Loss - Mean: 0.00000, Variance: 0.00000

Train Epoch: 99 
task: majority, mean loss: 0.00144, accuracy: 0.99980, task: max, mean loss: 0.00163, accuracy: 0.99960, task: top, mean loss: 0.00182, accuracy: 0.99980, task: multi, mean loss: 0.00828, multilabel_accuracy: 0.98320, avg. loss over tasks: 0.00329, lr: 1.3042819039616668e-06
Diversity Loss - Mean: 0.00000, Variance: 0.00000
Semantic Loss - Mean: 0.00000, Variance: 0.00000

Test Epoch: 99 
task: majority, mean loss: 0.02910, accuracy: 0.99000, task: max, mean loss: 0.33003, accuracy: 0.94400, task: top, mean loss: 0.34418, accuracy: 0.92900, task: multi, mean loss: 0.06968, multilabel_accuracy: 0.83600, avg. loss over tasks: 0.19325
Diversity Loss - Mean: 0.00000, Variance: 0.00000
Semantic Loss - Mean: 0.00000, Variance: 0.00000

Train Epoch: 100 
task: majority, mean loss: 0.00082, accuracy: 1.00000, task: max, mean loss: 0.00145, accuracy: 0.99960, task: top, mean loss: 0.00223, accuracy: 0.99940, task: multi, mean loss: 0.00842, multilabel_accuracy: 0.98080, avg. loss over tasks: 0.00323, lr: 1e-06
Diversity Loss - Mean: 0.00000, Variance: 0.00000
Semantic Loss - Mean: 0.00000, Variance: 0.00000

Test Epoch: 100 
task: majority, mean loss: 0.02976, accuracy: 0.99000, task: max, mean loss: 0.32949, accuracy: 0.94500, task: top, mean loss: 0.35017, accuracy: 0.92700, task: multi, mean loss: 0.06952, multilabel_accuracy: 0.83600, avg. loss over tasks: 0.19473
Diversity Loss - Mean: 0.00000, Variance: 0.00000
Semantic Loss - Mean: 0.00000, Variance: 0.00000

