Generating dataset...
Data generation successful. Proceeding with training.
Used config:
{'B': 16,
 'B_seq': 16,
 'D': 128,
 'D_inner': 512,
 'D_k': 16,
 'D_v': 16,
 'H': 8,
 'I': 100,
 'M': 100,
 'N': 3600,
 'attn_dropout': 0.1,
 'data_dir': 'data/megapixel_mnist/dsets/megapixel_mnist_1500',
 'dropout': 0.1,
 'eager': True,
 'enc_type': 'resnet18',
 'eps': 1e-06,
 'is_image': True,
 'lr': 0.001,
 'mask_K': 10,
 'mask_p': 0,
 'n_chan_in': 1,
 'n_class': 10,
 'n_epoch': 100,
 'n_epoch_warmup': 10,
 'n_res_blocks': 2,
 'n_token': 4,
 'n_worker': 4,
 'patch_size': [50, 50],
 'patch_stride': [50, 50],
 'pin_memory': True,
 'pretrained': False,
 'seed': 0,
 'semantic_diversity_loss': False,
 'shuffle': True,
 'shuffle_style': 'batch',
 'tasks': {'task0': {'act_fn': 'softmax',
                     'id': 0,
                     'metric': 'accuracy',
                     'name': 'majority'},
           'task1': {'act_fn': 'softmax',
                     'id': 1,
                     'metric': 'accuracy',
                     'name': 'max'},
           'task2': {'act_fn': 'softmax',
                     'id': 2,
                     'metric': 'accuracy',
                     'name': 'top'},
           'task3': {'act_fn': 'sigmoid',
                     'id': 3,
                     'metric': 'multilabel_accuracy',
                     'name': 'multi'}},
 'track_efficiency': False,
 'track_epoch': 0,
 'use_pos': True,
 'wd': 0.1}
Train Epoch: 1 
task: majority, mean loss: 2.35056, accuracy: 0.10600, task: max, mean loss: 2.01840, accuracy: 0.24340, task: top, mean loss: 2.34065, accuracy: 0.10020, task: multi, mean loss: 0.64652, multilabel_accuracy: 0.00120, avg. loss over tasks: 1.83903, lr: 0.0001
Diversity Loss - Mean: 0.00000, Variance: 0.00000
Semantic Loss - Mean: 0.00000, Variance: 0.00000

Test Epoch: 1 
task: majority, mean loss: 2.31596, accuracy: 0.09200, task: max, mean loss: 1.87234, accuracy: 0.22200, task: top, mean loss: 2.32779, accuracy: 0.08900, task: multi, mean loss: 0.60177, multilabel_accuracy: 0.00000, avg. loss over tasks: 1.77947
Diversity Loss - Mean: 0.00000, Variance: 0.00000
Semantic Loss - Mean: 0.00000, Variance: 0.00000

Train Epoch: 2 
task: majority, mean loss: 2.30465, accuracy: 0.11640, task: max, mean loss: 1.82529, accuracy: 0.28040, task: top, mean loss: 2.31490, accuracy: 0.11080, task: multi, mean loss: 0.60412, multilabel_accuracy: 0.00000, avg. loss over tasks: 1.76224, lr: 0.0002
Diversity Loss - Mean: 0.00000, Variance: 0.00000
Semantic Loss - Mean: 0.00000, Variance: 0.00000

Test Epoch: 2 
task: majority, mean loss: 2.27945, accuracy: 0.10000, task: max, mean loss: 1.85214, accuracy: 0.31000, task: top, mean loss: 2.28598, accuracy: 0.14500, task: multi, mean loss: 0.59940, multilabel_accuracy: 0.00000, avg. loss over tasks: 1.75424
Diversity Loss - Mean: 0.00000, Variance: 0.00000
Semantic Loss - Mean: 0.00000, Variance: 0.00000

Train Epoch: 3 
task: majority, mean loss: 2.01264, accuracy: 0.25480, task: max, mean loss: 1.68113, accuracy: 0.35940, task: top, mean loss: 2.16144, accuracy: 0.20760, task: multi, mean loss: 0.58226, multilabel_accuracy: 0.00240, avg. loss over tasks: 1.60936, lr: 0.00030000000000000003
Diversity Loss - Mean: 0.00000, Variance: 0.00000
Semantic Loss - Mean: 0.00000, Variance: 0.00000

Test Epoch: 3 
task: majority, mean loss: 2.18688, accuracy: 0.22800, task: max, mean loss: 1.84657, accuracy: 0.31500, task: top, mean loss: 2.22410, accuracy: 0.17700, task: multi, mean loss: 0.58054, multilabel_accuracy: 0.00200, avg. loss over tasks: 1.70952
Diversity Loss - Mean: 0.00000, Variance: 0.00000
Semantic Loss - Mean: 0.00000, Variance: 0.00000

Train Epoch: 4 
task: majority, mean loss: 1.55021, accuracy: 0.44280, task: max, mean loss: 1.40950, accuracy: 0.47600, task: top, mean loss: 1.86999, accuracy: 0.35920, task: multi, mean loss: 0.53402, multilabel_accuracy: 0.00880, avg. loss over tasks: 1.34093, lr: 0.0004
Diversity Loss - Mean: 0.00000, Variance: 0.00000
Semantic Loss - Mean: 0.00000, Variance: 0.00000

