Generating dataset...
Data generation successful. Proceeding with training.
Used config:
{'B': 16,
 'B_seq': 16,
 'D': 128,
 'D_inner': 512,
 'D_k': 16,
 'D_v': 16,
 'H': 8,
 'I': 18,
 'M': 18,
 'N': 3600,
 'attn_dropout': 0.1,
 'data_dir': 'data/megapixel_mnist/dsets/megapixel_mnist_1500',
 'dropout': 0.1,
 'eager': True,
 'enc_type': 'resnet18',
 'eps': 1e-06,
 'is_image': True,
 'lr': 0.001,
 'mask_K': 10,
 'mask_p': 0,
 'n_chan_in': 1,
 'n_class': 10,
 'n_epoch': 100,
 'n_epoch_warmup': 10,
 'n_res_blocks': 2,
 'n_token': 4,
 'n_worker': 2,
 'patch_size': [50, 50],
 'patch_stride': [50, 50],
 'pin_memory': True,
 'pretrained': False,
 'seed': 0,
 'semantic_diversity_loss': False,
 'shuffle': True,
 'shuffle_style': 'batch',
 'tasks': {'task0': {'act_fn': 'softmax',
                     'id': 0,
                     'metric': 'accuracy',
                     'name': 'majority'},
           'task1': {'act_fn': 'softmax',
                     'id': 1,
                     'metric': 'accuracy',
                     'name': 'max'},
           'task2': {'act_fn': 'softmax',
                     'id': 2,
                     'metric': 'accuracy',
                     'name': 'top'},
           'task3': {'act_fn': 'sigmoid',
                     'id': 3,
                     'metric': 'multilabel_accuracy',
                     'name': 'multi'}},
 'track_efficiency': False,
 'track_epoch': 0,
 'use_pos': True,
 'wd': 0.1}
Train Epoch: 1 
task: majority, mean loss: 2.38791, accuracy: 0.11125, task: max, mean loss: 2.25593, accuracy: 0.19750, task: top, mean loss: 2.34825, accuracy: 0.10500, task: multi, mean loss: 0.68869, multilabel_accuracy: 0.00250, avg. loss over tasks: 1.92020, lr: 0.0001
Diversity Loss - Mean: 0.00000, Variance: 0.00000
Semantic Loss - Mean: 0.00000, Variance: 0.00000

Test Epoch: 1 
task: majority, mean loss: 2.31631, accuracy: 0.10600, task: max, mean loss: 1.95374, accuracy: 0.27400, task: top, mean loss: 2.31419, accuracy: 0.10300, task: multi, mean loss: 0.62730, multilabel_accuracy: 0.00000, avg. loss over tasks: 1.80288
Diversity Loss - Mean: 0.00000, Variance: 0.00000
Semantic Loss - Mean: 0.00000, Variance: 0.00000

Train Epoch: 2 
task: majority, mean loss: 2.33299, accuracy: 0.11375, task: max, mean loss: 1.88720, accuracy: 0.27000, task: top, mean loss: 2.32650, accuracy: 0.11500, task: multi, mean loss: 0.61950, multilabel_accuracy: 0.00000, avg. loss over tasks: 1.79155, lr: 0.0002
Diversity Loss - Mean: 0.00000, Variance: 0.00000
Semantic Loss - Mean: 0.00000, Variance: 0.00000

Test Epoch: 2 
task: majority, mean loss: 2.34026, accuracy: 0.08900, task: max, mean loss: 1.88752, accuracy: 0.27400, task: top, mean loss: 2.34960, accuracy: 0.09700, task: multi, mean loss: 0.60286, multilabel_accuracy: 0.00000, avg. loss over tasks: 1.79506
Diversity Loss - Mean: 0.00000, Variance: 0.00000
Semantic Loss - Mean: 0.00000, Variance: 0.00000

Train Epoch: 3 
task: majority, mean loss: 2.33235, accuracy: 0.11125, task: max, mean loss: 1.86515, accuracy: 0.24750, task: top, mean loss: 2.34244, accuracy: 0.11750, task: multi, mean loss: 0.60822, multilabel_accuracy: 0.00000, avg. loss over tasks: 1.78704, lr: 0.0003
Diversity Loss - Mean: 0.00000, Variance: 0.00000
Semantic Loss - Mean: 0.00000, Variance: 0.00000

Test Epoch: 3 
task: majority, mean loss: 2.32407, accuracy: 0.11400, task: max, mean loss: 1.87693, accuracy: 0.27400, task: top, mean loss: 2.33986, accuracy: 0.09900, task: multi, mean loss: 0.60334, multilabel_accuracy: 0.00000, avg. loss over tasks: 1.78605
Diversity Loss - Mean: 0.00000, Variance: 0.00000
Semantic Loss - Mean: 0.00000, Variance: 0.00000

Train Epoch: 4 
task: majority, mean loss: 2.32788, accuracy: 0.09875, task: max, mean loss: 1.83951, accuracy: 0.27875, task: top, mean loss: 2.32362, accuracy: 0.10125, task: multi, mean loss: 0.60720, multilabel_accuracy: 0.00000, avg. loss over tasks: 1.77455, lr: 0.0004
Diversity Loss - Mean: 0.00000, Variance: 0.00000
Semantic Loss - Mean: 0.00000, Variance: 0.00000

Test Epoch: 4 
task: majority, mean loss: 2.33881, accuracy: 0.10400, task: max, mean loss: 1.87166, accuracy: 0.27400, task: top, mean loss: 2.34193, accuracy: 0.10300, task: multi, mean loss: 0.60235, multilabel_accuracy: 0.00000, avg. loss over tasks: 1.78869
Diversity Loss - Mean: 0.00000, Variance: 0.00000
Semantic Loss - Mean: 0.00000, Variance: 0.00000

Train Epoch: 5 
task: majority, mean loss: 2.28652, accuracy: 0.11625, task: max, mean loss: 1.82995, accuracy: 0.27875, task: top, mean loss: 2.30557, accuracy: 0.12000, task: multi, mean loss: 0.60551, multilabel_accuracy: 0.00000, avg. loss over tasks: 1.75689, lr: 0.0005
Diversity Loss - Mean: 0.00000, Variance: 0.00000
Semantic Loss - Mean: 0.00000, Variance: 0.00000

Test Epoch: 5 
task: majority, mean loss: 2.56635, accuracy: 0.09000, task: max, mean loss: 1.97483, accuracy: 0.21300, task: top, mean loss: 2.50663, accuracy: 0.09700, task: multi, mean loss: 0.60656, multilabel_accuracy: 0.00000, avg. loss over tasks: 1.91359
Diversity Loss - Mean: 0.00000, Variance: 0.00000
Semantic Loss - Mean: 0.00000, Variance: 0.00000

Train Epoch: 6 
task: majority, mean loss: 2.22322, accuracy: 0.15250, task: max, mean loss: 1.82431, accuracy: 0.27750, task: top, mean loss: 2.27829, accuracy: 0.14000, task: multi, mean loss: 0.60209, multilabel_accuracy: 0.00000, avg. loss over tasks: 1.73198, lr: 0.0006
Diversity Loss - Mean: 0.00000, Variance: 0.00000
Semantic Loss - Mean: 0.00000, Variance: 0.00000

Test Epoch: 6 
task: majority, mean loss: 2.83696, accuracy: 0.10200, task: max, mean loss: 2.13330, accuracy: 0.21300, task: top, mean loss: 2.68644, accuracy: 0.10300, task: multi, mean loss: 0.65470, multilabel_accuracy: 0.00200, avg. loss over tasks: 2.07785
Diversity Loss - Mean: 0.00000, Variance: 0.00000
Semantic Loss - Mean: 0.00000, Variance: 0.00000

Train Epoch: 7 
task: majority, mean loss: 2.22771, accuracy: 0.14125, task: max, mean loss: 1.83002, accuracy: 0.27500, task: top, mean loss: 2.28798, accuracy: 0.13125, task: multi, mean loss: 0.59968, multilabel_accuracy: 0.00250, avg. loss over tasks: 1.73635, lr: 0.0007000000000000001
Diversity Loss - Mean: 0.00000, Variance: 0.00000
Semantic Loss - Mean: 0.00000, Variance: 0.00000

Test Epoch: 7 
task: majority, mean loss: 2.53098, accuracy: 0.10600, task: max, mean loss: 1.89512, accuracy: 0.21800, task: top, mean loss: 2.44440, accuracy: 0.09700, task: multi, mean loss: 0.61062, multilabel_accuracy: 0.00000, avg. loss over tasks: 1.87028
Diversity Loss - Mean: 0.00000, Variance: 0.00000
Semantic Loss - Mean: 0.00000, Variance: 0.00000

Train Epoch: 8 
task: majority, mean loss: 2.14080, accuracy: 0.16750, task: max, mean loss: 1.80211, accuracy: 0.30250, task: top, mean loss: 2.24592, accuracy: 0.14625, task: multi, mean loss: 0.58873, multilabel_accuracy: 0.00250, avg. loss over tasks: 1.69439, lr: 0.0008
Diversity Loss - Mean: 0.00000, Variance: 0.00000
Semantic Loss - Mean: 0.00000, Variance: 0.00000

Test Epoch: 8 
task: majority, mean loss: 3.13923, accuracy: 0.11100, task: max, mean loss: 2.04984, accuracy: 0.21300, task: top, mean loss: 2.69693, accuracy: 0.11200, task: multi, mean loss: 0.69407, multilabel_accuracy: 0.00100, avg. loss over tasks: 2.14502
Diversity Loss - Mean: 0.00000, Variance: 0.00000
Semantic Loss - Mean: 0.00000, Variance: 0.00000

Train Epoch: 9 
task: majority, mean loss: 2.07286, accuracy: 0.17375, task: max, mean loss: 1.80148, accuracy: 0.31125, task: top, mean loss: 2.21248, accuracy: 0.16000, task: multi, mean loss: 0.58624, multilabel_accuracy: 0.00375, avg. loss over tasks: 1.66827, lr: 0.0009
Diversity Loss - Mean: 0.00000, Variance: 0.00000
Semantic Loss - Mean: 0.00000, Variance: 0.00000

Test Epoch: 9 
task: majority, mean loss: 2.06248, accuracy: 0.17100, task: max, mean loss: 1.77296, accuracy: 0.34700, task: top, mean loss: 2.21310, accuracy: 0.13100, task: multi, mean loss: 0.57899, multilabel_accuracy: 0.00200, avg. loss over tasks: 1.65688
Diversity Loss - Mean: 0.00000, Variance: 0.00000
Semantic Loss - Mean: 0.00000, Variance: 0.00000

Train Epoch: 10 
task: majority, mean loss: 2.14470, accuracy: 0.16750, task: max, mean loss: 1.78528, accuracy: 0.31500, task: top, mean loss: 2.23253, accuracy: 0.14875, task: multi, mean loss: 0.59074, multilabel_accuracy: 0.00250, avg. loss over tasks: 1.68831, lr: 0.001
Diversity Loss - Mean: 0.00000, Variance: 0.00000
Semantic Loss - Mean: 0.00000, Variance: 0.00000

Test Epoch: 10 
task: majority, mean loss: 2.21287, accuracy: 0.15200, task: max, mean loss: 1.83584, accuracy: 0.26800, task: top, mean loss: 2.30385, accuracy: 0.12400, task: multi, mean loss: 0.59221, multilabel_accuracy: 0.00000, avg. loss over tasks: 1.73619
Diversity Loss - Mean: 0.00000, Variance: 0.00000
Semantic Loss - Mean: 0.00000, Variance: 0.00000

Train Epoch: 11 
task: majority, mean loss: 2.25825, accuracy: 0.14125, task: max, mean loss: 1.82871, accuracy: 0.29250, task: top, mean loss: 2.29287, accuracy: 0.11375, task: multi, mean loss: 0.59990, multilabel_accuracy: 0.00000, avg. loss over tasks: 1.74493, lr: 0.0009996957180960382
Diversity Loss - Mean: 0.00000, Variance: 0.00000
Semantic Loss - Mean: 0.00000, Variance: 0.00000

Test Epoch: 11 
task: majority, mean loss: 2.91101, accuracy: 0.10600, task: max, mean loss: 2.03488, accuracy: 0.21300, task: top, mean loss: 2.76192, accuracy: 0.10300, task: multi, mean loss: 0.64957, multilabel_accuracy: 0.00200, avg. loss over tasks: 2.08935
Diversity Loss - Mean: 0.00000, Variance: 0.00000
Semantic Loss - Mean: 0.00000, Variance: 0.00000

Train Epoch: 12 
task: majority, mean loss: 2.32396, accuracy: 0.11125, task: max, mean loss: 1.83420, accuracy: 0.26375, task: top, mean loss: 2.33700, accuracy: 0.10750, task: multi, mean loss: 0.60705, multilabel_accuracy: 0.00000, avg. loss over tasks: 1.77555, lr: 0.0009987832431047822
Diversity Loss - Mean: 0.00000, Variance: 0.00000
Semantic Loss - Mean: 0.00000, Variance: 0.00000

Test Epoch: 12 
task: majority, mean loss: 2.61205, accuracy: 0.10600, task: max, mean loss: 1.92034, accuracy: 0.21300, task: top, mean loss: 2.54289, accuracy: 0.10300, task: multi, mean loss: 0.61895, multilabel_accuracy: 0.00000, avg. loss over tasks: 1.92356
Diversity Loss - Mean: 0.00000, Variance: 0.00000
Semantic Loss - Mean: 0.00000, Variance: 0.00000

Train Epoch: 13 
task: majority, mean loss: 2.32497, accuracy: 0.10875, task: max, mean loss: 1.84950, accuracy: 0.24875, task: top, mean loss: 2.32126, accuracy: 0.12875, task: multi, mean loss: 0.60638, multilabel_accuracy: 0.00000, avg. loss over tasks: 1.77553, lr: 0.0009972636867364526
Diversity Loss - Mean: 0.00000, Variance: 0.00000
Semantic Loss - Mean: 0.00000, Variance: 0.00000

Test Epoch: 13 
task: majority, mean loss: 2.53525, accuracy: 0.10600, task: max, mean loss: 1.90128, accuracy: 0.21300, task: top, mean loss: 2.50921, accuracy: 0.09700, task: multi, mean loss: 0.61268, multilabel_accuracy: 0.00000, avg. loss over tasks: 1.88960
Diversity Loss - Mean: 0.00000, Variance: 0.00000
Semantic Loss - Mean: 0.00000, Variance: 0.00000

Train Epoch: 14 
task: majority, mean loss: 2.33870, accuracy: 0.09625, task: max, mean loss: 1.84037, accuracy: 0.24500, task: top, mean loss: 2.32329, accuracy: 0.10750, task: multi, mean loss: 0.60558, multilabel_accuracy: 0.00000, avg. loss over tasks: 1.77699, lr: 0.0009951389003364144
Diversity Loss - Mean: 0.00000, Variance: 0.00000
Semantic Loss - Mean: 0.00000, Variance: 0.00000

Test Epoch: 14 
task: majority, mean loss: 2.51014, accuracy: 0.10600, task: max, mean loss: 1.89837, accuracy: 0.21300, task: top, mean loss: 2.45015, accuracy: 0.10300, task: multi, mean loss: 0.61326, multilabel_accuracy: 0.00000, avg. loss over tasks: 1.86798
Diversity Loss - Mean: 0.00000, Variance: 0.00000
Semantic Loss - Mean: 0.00000, Variance: 0.00000

Train Epoch: 15 
task: majority, mean loss: 2.32253, accuracy: 0.10375, task: max, mean loss: 1.82925, accuracy: 0.25375, task: top, mean loss: 2.32300, accuracy: 0.10125, task: multi, mean loss: 0.60551, multilabel_accuracy: 0.00000, avg. loss over tasks: 1.77007, lr: 0.000992411472629598
Diversity Loss - Mean: 0.00000, Variance: 0.00000
Semantic Loss - Mean: 0.00000, Variance: 0.00000

Test Epoch: 15 
task: majority, mean loss: 2.44244, accuracy: 0.09900, task: max, mean loss: 1.88646, accuracy: 0.21300, task: top, mean loss: 2.40533, accuracy: 0.09700, task: multi, mean loss: 0.60949, multilabel_accuracy: 0.00000, avg. loss over tasks: 1.83593
Diversity Loss - Mean: 0.00000, Variance: 0.00000
Semantic Loss - Mean: 0.00000, Variance: 0.00000

Train Epoch: 16 
task: majority, mean loss: 2.32464, accuracy: 0.10500, task: max, mean loss: 1.82663, accuracy: 0.27250, task: top, mean loss: 2.32481, accuracy: 0.10125, task: multi, mean loss: 0.60418, multilabel_accuracy: 0.00000, avg. loss over tasks: 1.77006, lr: 0.000989084726566536
Diversity Loss - Mean: 0.00000, Variance: 0.00000
Semantic Loss - Mean: 0.00000, Variance: 0.00000

Test Epoch: 16 
task: majority, mean loss: 2.43897, accuracy: 0.10600, task: max, mean loss: 1.87501, accuracy: 0.21200, task: top, mean loss: 2.40842, accuracy: 0.09700, task: multi, mean loss: 0.61060, multilabel_accuracy: 0.00000, avg. loss over tasks: 1.83325
Diversity Loss - Mean: 0.00000, Variance: 0.00000
Semantic Loss - Mean: 0.00000, Variance: 0.00000

Train Epoch: 17 
task: majority, mean loss: 2.25507, accuracy: 0.13250, task: max, mean loss: 1.79112, accuracy: 0.31875, task: top, mean loss: 2.28846, accuracy: 0.13000, task: multi, mean loss: 0.59867, multilabel_accuracy: 0.00000, avg. loss over tasks: 1.73333, lr: 0.00098516271527486
Diversity Loss - Mean: 0.00000, Variance: 0.00000
Semantic Loss - Mean: 0.00000, Variance: 0.00000

Test Epoch: 17 
task: majority, mean loss: 2.49259, accuracy: 0.10900, task: max, mean loss: 1.94614, accuracy: 0.27400, task: top, mean loss: 2.36051, accuracy: 0.09700, task: multi, mean loss: 0.61229, multilabel_accuracy: 0.00000, avg. loss over tasks: 1.85288
Diversity Loss - Mean: 0.00000, Variance: 0.00000
Semantic Loss - Mean: 0.00000, Variance: 0.00000

Train Epoch: 18 
task: majority, mean loss: 2.11180, accuracy: 0.16625, task: max, mean loss: 1.75327, accuracy: 0.34875, task: top, mean loss: 2.19444, accuracy: 0.15000, task: multi, mean loss: 0.58296, multilabel_accuracy: 0.00375, avg. loss over tasks: 1.66061, lr: 0.0009806502171211902
Diversity Loss - Mean: 0.00000, Variance: 0.00000
Semantic Loss - Mean: 0.00000, Variance: 0.00000

Test Epoch: 18 
task: majority, mean loss: 1.98591, accuracy: 0.19700, task: max, mean loss: 1.78675, accuracy: 0.28900, task: top, mean loss: 2.19021, accuracy: 0.15000, task: multi, mean loss: 0.57852, multilabel_accuracy: 0.00300, avg. loss over tasks: 1.63535
Diversity Loss - Mean: 0.00000, Variance: 0.00000
Semantic Loss - Mean: 0.00000, Variance: 0.00000

Train Epoch: 19 
task: majority, mean loss: 2.18759, accuracy: 0.16125, task: max, mean loss: 1.79950, accuracy: 0.29125, task: top, mean loss: 2.23522, accuracy: 0.14375, task: multi, mean loss: 0.59439, multilabel_accuracy: 0.00000, avg. loss over tasks: 1.70418, lr: 0.0009755527298894293
Diversity Loss - Mean: 0.00000, Variance: 0.00000
Semantic Loss - Mean: 0.00000, Variance: 0.00000

Test Epoch: 19 
task: majority, mean loss: 2.34452, accuracy: 0.10000, task: max, mean loss: 1.88591, accuracy: 0.21300, task: top, mean loss: 2.32835, accuracy: 0.09800, task: multi, mean loss: 0.60160, multilabel_accuracy: 0.00000, avg. loss over tasks: 1.79010
Diversity Loss - Mean: 0.00000, Variance: 0.00000
Semantic Loss - Mean: 0.00000, Variance: 0.00000

Train Epoch: 20 
task: majority, mean loss: 2.30472, accuracy: 0.13000, task: max, mean loss: 1.83219, accuracy: 0.26750, task: top, mean loss: 2.30944, accuracy: 0.11750, task: multi, mean loss: 0.60404, multilabel_accuracy: 0.00000, avg. loss over tasks: 1.76260, lr: 0.0009698764640825613
Diversity Loss - Mean: 0.00000, Variance: 0.00000
Semantic Loss - Mean: 0.00000, Variance: 0.00000

Test Epoch: 20 
task: majority, mean loss: 2.49133, accuracy: 0.10700, task: max, mean loss: 1.86967, accuracy: 0.21500, task: top, mean loss: 2.31547, accuracy: 0.09700, task: multi, mean loss: 0.60294, multilabel_accuracy: 0.00000, avg. loss over tasks: 1.81985
Diversity Loss - Mean: 0.00000, Variance: 0.00000
Semantic Loss - Mean: 0.00000, Variance: 0.00000

Train Epoch: 21 
task: majority, mean loss: 2.17920, accuracy: 0.14000, task: max, mean loss: 1.79693, accuracy: 0.29625, task: top, mean loss: 2.24482, accuracy: 0.15750, task: multi, mean loss: 0.59222, multilabel_accuracy: 0.00250, avg. loss over tasks: 1.70329, lr: 0.0009636283353561103
Diversity Loss - Mean: 0.00000, Variance: 0.00000
Semantic Loss - Mean: 0.00000, Variance: 0.00000

Test Epoch: 21 
task: majority, mean loss: 2.37210, accuracy: 0.09400, task: max, mean loss: 1.91370, accuracy: 0.27400, task: top, mean loss: 2.35335, accuracy: 0.09500, task: multi, mean loss: 0.60677, multilabel_accuracy: 0.00000, avg. loss over tasks: 1.81148
Diversity Loss - Mean: 0.00000, Variance: 0.00000
Semantic Loss - Mean: 0.00000, Variance: 0.00000

Train Epoch: 22 
task: majority, mean loss: 2.32763, accuracy: 0.09500, task: max, mean loss: 1.83745, accuracy: 0.28000, task: top, mean loss: 2.31857, accuracy: 0.10250, task: multi, mean loss: 0.60575, multilabel_accuracy: 0.00000, avg. loss over tasks: 1.77235, lr: 0.0009568159560924791
Diversity Loss - Mean: 0.00000, Variance: 0.00000
Semantic Loss - Mean: 0.00000, Variance: 0.00000

Test Epoch: 22 
task: majority, mean loss: 2.44088, accuracy: 0.10600, task: max, mean loss: 1.91094, accuracy: 0.21200, task: top, mean loss: 2.39092, accuracy: 0.10400, task: multi, mean loss: 0.61074, multilabel_accuracy: 0.00000, avg. loss over tasks: 1.83837
Diversity Loss - Mean: 0.00000, Variance: 0.00000
Semantic Loss - Mean: 0.00000, Variance: 0.00000

Train Epoch: 23 
task: majority, mean loss: 2.23785, accuracy: 0.14875, task: max, mean loss: 1.81345, accuracy: 0.28500, task: top, mean loss: 2.29452, accuracy: 0.11375, task: multi, mean loss: 0.59899, multilabel_accuracy: 0.00000, avg. loss over tasks: 1.73621, lr: 0.000949447626126434
Diversity Loss - Mean: 0.00000, Variance: 0.00000
Semantic Loss - Mean: 0.00000, Variance: 0.00000

Test Epoch: 23 
task: majority, mean loss: 2.53199, accuracy: 0.11900, task: max, mean loss: 1.85301, accuracy: 0.26700, task: top, mean loss: 2.38286, accuracy: 0.13300, task: multi, mean loss: 0.60266, multilabel_accuracy: 0.00200, avg. loss over tasks: 1.84263
Diversity Loss - Mean: 0.00000, Variance: 0.00000
Semantic Loss - Mean: 0.00000, Variance: 0.00000

Train Epoch: 24 
task: majority, mean loss: 2.07437, accuracy: 0.18875, task: max, mean loss: 1.76663, accuracy: 0.34875, task: top, mean loss: 2.20102, accuracy: 0.14750, task: multi, mean loss: 0.58285, multilabel_accuracy: 0.00125, avg. loss over tasks: 1.65622, lr: 0.000941532322633034
Diversity Loss - Mean: 0.00000, Variance: 0.00000
Semantic Loss - Mean: 0.00000, Variance: 0.00000

Test Epoch: 24 
task: majority, mean loss: 2.79315, accuracy: 0.10900, task: max, mean loss: 1.97373, accuracy: 0.27400, task: top, mean loss: 2.48845, accuracy: 0.09700, task: multi, mean loss: 0.63386, multilabel_accuracy: 0.00000, avg. loss over tasks: 1.97230
Diversity Loss - Mean: 0.00000, Variance: 0.00000
Semantic Loss - Mean: 0.00000, Variance: 0.00000

Train Epoch: 25 
task: majority, mean loss: 2.06532, accuracy: 0.18500, task: max, mean loss: 1.73182, accuracy: 0.35250, task: top, mean loss: 2.16524, accuracy: 0.15625, task: multi, mean loss: 0.58099, multilabel_accuracy: 0.00125, avg. loss over tasks: 1.63584, lr: 0.0009330796891903273
Diversity Loss - Mean: 0.00000, Variance: 0.00000
Semantic Loss - Mean: 0.00000, Variance: 0.00000

Test Epoch: 25 
task: majority, mean loss: 1.98633, accuracy: 0.20500, task: max, mean loss: 1.75055, accuracy: 0.34800, task: top, mean loss: 2.16671, accuracy: 0.15600, task: multi, mean loss: 0.57639, multilabel_accuracy: 0.00200, avg. loss over tasks: 1.62000
Diversity Loss - Mean: 0.00000, Variance: 0.00000
Semantic Loss - Mean: 0.00000, Variance: 0.00000

Train Epoch: 26 
task: majority, mean loss: 2.05451, accuracy: 0.19625, task: max, mean loss: 1.72869, accuracy: 0.36000, task: top, mean loss: 2.11406, accuracy: 0.19750, task: multi, mean loss: 0.58126, multilabel_accuracy: 0.00125, avg. loss over tasks: 1.61963, lr: 0.0009241000240301347
Diversity Loss - Mean: 0.00000, Variance: 0.00000
Semantic Loss - Mean: 0.00000, Variance: 0.00000

Test Epoch: 26 
task: majority, mean loss: 2.51660, accuracy: 0.12300, task: max, mean loss: 1.91433, accuracy: 0.31400, task: top, mean loss: 2.46392, accuracy: 0.11400, task: multi, mean loss: 0.61703, multilabel_accuracy: 0.00000, avg. loss over tasks: 1.87797
Diversity Loss - Mean: 0.00000, Variance: 0.00000
Semantic Loss - Mean: 0.00000, Variance: 0.00000

Train Epoch: 27 
task: majority, mean loss: 2.11325, accuracy: 0.17000, task: max, mean loss: 1.74032, accuracy: 0.35000, task: top, mean loss: 2.16663, accuracy: 0.15500, task: multi, mean loss: 0.58536, multilabel_accuracy: 0.00250, avg. loss over tasks: 1.65139, lr: 0.0009146042674912433
Diversity Loss - Mean: 0.00000, Variance: 0.00000
Semantic Loss - Mean: 0.00000, Variance: 0.00000

