Generating dataset...
Data generation successful. Proceeding with training.
Used config:
{'B': 16,
 'B_seq': 16,
 'D': 128,
 'D_inner': 512,
 'D_k': 16,
 'D_v': 16,
 'H': 8,
 'I': 100,
 'M': 100,
 'N': 3600,
 'attn_dropout': 0.1,
 'data_dir': 'data/megapixel_mnist/dsets/megapixel_mnist_1500',
 'dropout': 0.1,
 'eager': True,
 'enc_type': 'resnet18',
 'eps': 1e-06,
 'is_image': True,
 'lr': 0.001,
 'mask_K': 10,
 'mask_p': 0,
 'n_chan_in': 1,
 'n_class': 10,
 'n_epoch': 100,
 'n_epoch_warmup': 10,
 'n_res_blocks': 2,
 'n_token': 4,
 'n_worker': 4,
 'patch_size': [50, 50],
 'patch_stride': [50, 50],
 'pin_memory': True,
 'pretrained': False,
 'seed': 0,
 'semantic_diversity_loss': False,
 'shuffle': True,
 'shuffle_style': 'batch',
 'tasks': {'task0': {'act_fn': 'softmax',
                     'id': 0,
                     'metric': 'accuracy',
                     'name': 'majority'},
           'task1': {'act_fn': 'softmax',
                     'id': 1,
                     'metric': 'accuracy',
                     'name': 'max'},
           'task2': {'act_fn': 'softmax',
                     'id': 2,
                     'metric': 'accuracy',
                     'name': 'top'},
           'task3': {'act_fn': 'sigmoid',
                     'id': 3,
                     'metric': 'multilabel_accuracy',
                     'name': 'multi'}},
 'track_efficiency': False,
 'track_epoch': 0,
 'use_pos': True,
 'wd': 0.1}
Train Epoch: 1 
task: majority, mean loss: 2.34919, accuracy: 0.10300, task: max, mean loss: 2.01510, accuracy: 0.24660, task: top, mean loss: 2.34064, accuracy: 0.10140, task: multi, mean loss: 0.64674, multilabel_accuracy: 0.00120, avg. loss over tasks: 1.83792, lr: 0.0001
Diversity Loss - Mean: 0.00000, Variance: 0.00000
Semantic Loss - Mean: 0.00000, Variance: 0.00000

Test Epoch: 1 
task: majority, mean loss: 2.31965, accuracy: 0.09000, task: max, mean loss: 1.87052, accuracy: 0.21700, task: top, mean loss: 2.32867, accuracy: 0.08900, task: multi, mean loss: 0.60187, multilabel_accuracy: 0.00000, avg. loss over tasks: 1.78018
Diversity Loss - Mean: 0.00000, Variance: 0.00000
Semantic Loss - Mean: 0.00000, Variance: 0.00000

Train Epoch: 2 
task: majority, mean loss: 2.32122, accuracy: 0.10420, task: max, mean loss: 1.82883, accuracy: 0.27000, task: top, mean loss: 2.32414, accuracy: 0.10100, task: multi, mean loss: 0.60456, multilabel_accuracy: 0.00000, avg. loss over tasks: 1.76969, lr: 0.0002
Diversity Loss - Mean: 0.00000, Variance: 0.00000
Semantic Loss - Mean: 0.00000, Variance: 0.00000

Test Epoch: 2 
task: majority, mean loss: 2.32038, accuracy: 0.10000, task: max, mean loss: 1.87427, accuracy: 0.21400, task: top, mean loss: 2.30868, accuracy: 0.10300, task: multi, mean loss: 0.60158, multilabel_accuracy: 0.00000, avg. loss over tasks: 1.77623
Diversity Loss - Mean: 0.00000, Variance: 0.00000
Semantic Loss - Mean: 0.00000, Variance: 0.00000

Train Epoch: 3 
task: majority, mean loss: 2.32318, accuracy: 0.10220, task: max, mean loss: 1.82535, accuracy: 0.26580, task: top, mean loss: 2.31788, accuracy: 0.10520, task: multi, mean loss: 0.60410, multilabel_accuracy: 0.00000, avg. loss over tasks: 1.76763, lr: 0.00030000000000000003
Diversity Loss - Mean: 0.00000, Variance: 0.00000
Semantic Loss - Mean: 0.00000, Variance: 0.00000

Test Epoch: 3 
task: majority, mean loss: 2.31349, accuracy: 0.10100, task: max, mean loss: 1.88606, accuracy: 0.27400, task: top, mean loss: 2.31473, accuracy: 0.09600, task: multi, mean loss: 0.60216, multilabel_accuracy: 0.00000, avg. loss over tasks: 1.77911
Diversity Loss - Mean: 0.00000, Variance: 0.00000
Semantic Loss - Mean: 0.00000, Variance: 0.00000

