Generating dataset...
Data generation successful. Proceeding with training.
Used config:
{'B': 16,
 'B_seq': 16,
 'D': 128,
 'D_inner': 512,
 'D_k': 16,
 'D_v': 16,
 'H': 8,
 'I': 100,
 'M': 100,
 'N': 3600,
 'attn_dropout': 0.1,
 'data_dir': 'data/megapixel_mnist/dsets/megapixel_mnist_1500',
 'dropout': 0.1,
 'eager': True,
 'enc_type': 'resnet18',
 'eps': 1e-06,
 'is_image': True,
 'lr': 0.001,
 'mask_K': 10,
 'mask_p': 0,
 'n_chan_in': 1,
 'n_class': 10,
 'n_epoch': 100,
 'n_epoch_warmup': 10,
 'n_res_blocks': 2,
 'n_token': 4,
 'n_worker': 4,
 'patch_size': [50, 50],
 'patch_stride': [50, 50],
 'pin_memory': True,
 'pretrained': False,
 'seed': 0,
 'semantic_diversity_loss': False,
 'shuffle': True,
 'shuffle_style': 'batch',
 'tasks': {'task0': {'act_fn': 'softmax',
                     'id': 0,
                     'metric': 'accuracy',
                     'name': 'majority'},
           'task1': {'act_fn': 'softmax',
                     'id': 1,
                     'metric': 'accuracy',
                     'name': 'max'},
           'task2': {'act_fn': 'softmax',
                     'id': 2,
                     'metric': 'accuracy',
                     'name': 'top'},
           'task3': {'act_fn': 'sigmoid',
                     'id': 3,
                     'metric': 'multilabel_accuracy',
                     'name': 'multi'}},
 'track_efficiency': False,
 'track_epoch': 0,
 'use_pos': True,
 'wd': 0.1}
Train Epoch: 1 
task: majority, mean loss: 2.35746, accuracy: 0.11400, task: max, mean loss: 2.19616, accuracy: 0.24200, task: top, mean loss: 2.35154, accuracy: 0.10000, task: multi, mean loss: 0.69184, multilabel_accuracy: 0.00300, avg. loss over tasks: 1.89925, lr: 0.0001
Diversity Loss - Mean: 0.00000, Variance: 0.00000
Semantic Loss - Mean: 0.00000, Variance: 0.00000

Test Epoch: 1 
task: majority, mean loss: 2.30923, accuracy: 0.10900, task: max, mean loss: 1.91256, accuracy: 0.21500, task: top, mean loss: 2.31297, accuracy: 0.09200, task: multi, mean loss: 0.62457, multilabel_accuracy: 0.00000, avg. loss over tasks: 1.78983
Diversity Loss - Mean: 0.00000, Variance: 0.00000
Semantic Loss - Mean: 0.00000, Variance: 0.00000

Train Epoch: 2 
task: majority, mean loss: 2.32868, accuracy: 0.10100, task: max, mean loss: 1.86213, accuracy: 0.25700, task: top, mean loss: 2.32865, accuracy: 0.09600, task: multi, mean loss: 0.61249, multilabel_accuracy: 0.00000, avg. loss over tasks: 1.78299, lr: 0.0002
Diversity Loss - Mean: 0.00000, Variance: 0.00000
Semantic Loss - Mean: 0.00000, Variance: 0.00000

Test Epoch: 2 
task: majority, mean loss: 2.32162, accuracy: 0.10000, task: max, mean loss: 1.89228, accuracy: 0.21300, task: top, mean loss: 2.32383, accuracy: 0.09900, task: multi, mean loss: 0.60140, multilabel_accuracy: 0.00000, avg. loss over tasks: 1.78478
Diversity Loss - Mean: 0.00000, Variance: 0.00000
Semantic Loss - Mean: 0.00000, Variance: 0.00000

Train Epoch: 3 
task: majority, mean loss: 2.34227, accuracy: 0.09300, task: max, mean loss: 1.85458, accuracy: 0.23500, task: top, mean loss: 2.33683, accuracy: 0.08600, task: multi, mean loss: 0.60670, multilabel_accuracy: 0.00000, avg. loss over tasks: 1.78510, lr: 0.00030000000000000003
Diversity Loss - Mean: 0.00000, Variance: 0.00000
Semantic Loss - Mean: 0.00000, Variance: 0.00000

Test Epoch: 3 
task: majority, mean loss: 2.32772, accuracy: 0.10000, task: max, mean loss: 1.87863, accuracy: 0.27300, task: top, mean loss: 2.30998, accuracy: 0.11800, task: multi, mean loss: 0.60189, multilabel_accuracy: 0.00000, avg. loss over tasks: 1.77955
Diversity Loss - Mean: 0.00000, Variance: 0.00000
Semantic Loss - Mean: 0.00000, Variance: 0.00000

Train Epoch: 4 
task: majority, mean loss: 2.33730, accuracy: 0.09800, task: max, mean loss: 1.84841, accuracy: 0.24000, task: top, mean loss: 2.32493, accuracy: 0.10800, task: multi, mean loss: 0.60755, multilabel_accuracy: 0.00000, avg. loss over tasks: 1.77955, lr: 0.0004
Diversity Loss - Mean: 0.00000, Variance: 0.00000
Semantic Loss - Mean: 0.00000, Variance: 0.00000

Test Epoch: 4 
task: majority, mean loss: 2.32521, accuracy: 0.10000, task: max, mean loss: 1.86287, accuracy: 0.25700, task: top, mean loss: 2.33233, accuracy: 0.08800, task: multi, mean loss: 0.60277, multilabel_accuracy: 0.00000, avg. loss over tasks: 1.78080
Diversity Loss - Mean: 0.00000, Variance: 0.00000
Semantic Loss - Mean: 0.00000, Variance: 0.00000

Train Epoch: 5 
task: majority, mean loss: 2.33017, accuracy: 0.09300, task: max, mean loss: 1.83873, accuracy: 0.23100, task: top, mean loss: 2.32915, accuracy: 0.09400, task: multi, mean loss: 0.60538, multilabel_accuracy: 0.00000, avg. loss over tasks: 1.77586, lr: 0.0005
Diversity Loss - Mean: 0.00000, Variance: 0.00000
Semantic Loss - Mean: 0.00000, Variance: 0.00000

Test Epoch: 5 
task: majority, mean loss: 2.31519, accuracy: 0.08900, task: max, mean loss: 1.86050, accuracy: 0.27400, task: top, mean loss: 2.31380, accuracy: 0.10800, task: multi, mean loss: 0.60180, multilabel_accuracy: 0.00000, avg. loss over tasks: 1.77282
Diversity Loss - Mean: 0.00000, Variance: 0.00000
Semantic Loss - Mean: 0.00000, Variance: 0.00000

Train Epoch: 6 
task: majority, mean loss: 2.32775, accuracy: 0.10900, task: max, mean loss: 1.84242, accuracy: 0.24500, task: top, mean loss: 2.32979, accuracy: 0.09400, task: multi, mean loss: 0.60602, multilabel_accuracy: 0.00000, avg. loss over tasks: 1.77649, lr: 0.0006000000000000001
Diversity Loss - Mean: 0.00000, Variance: 0.00000
Semantic Loss - Mean: 0.00000, Variance: 0.00000

Test Epoch: 6 
task: majority, mean loss: 2.32994, accuracy: 0.09000, task: max, mean loss: 1.85978, accuracy: 0.27300, task: top, mean loss: 2.32575, accuracy: 0.09900, task: multi, mean loss: 0.60163, multilabel_accuracy: 0.00000, avg. loss over tasks: 1.77927
Diversity Loss - Mean: 0.00000, Variance: 0.00000
Semantic Loss - Mean: 0.00000, Variance: 0.00000

Train Epoch: 7 
task: majority, mean loss: 2.32528, accuracy: 0.09600, task: max, mean loss: 1.85323, accuracy: 0.25200, task: top, mean loss: 2.32170, accuracy: 0.09700, task: multi, mean loss: 0.60630, multilabel_accuracy: 0.00000, avg. loss over tasks: 1.77663, lr: 0.0007
Diversity Loss - Mean: 0.00000, Variance: 0.00000
Semantic Loss - Mean: 0.00000, Variance: 0.00000

Test Epoch: 7 
task: majority, mean loss: 2.31911, accuracy: 0.09400, task: max, mean loss: 1.91375, accuracy: 0.16500, task: top, mean loss: 2.34750, accuracy: 0.10700, task: multi, mean loss: 0.60433, multilabel_accuracy: 0.00000, avg. loss over tasks: 1.79617
Diversity Loss - Mean: 0.00000, Variance: 0.00000
Semantic Loss - Mean: 0.00000, Variance: 0.00000

Train Epoch: 8 
task: majority, mean loss: 2.32549, accuracy: 0.10600, task: max, mean loss: 1.84078, accuracy: 0.24400, task: top, mean loss: 2.32708, accuracy: 0.12100, task: multi, mean loss: 0.60612, multilabel_accuracy: 0.00000, avg. loss over tasks: 1.77487, lr: 0.0008
Diversity Loss - Mean: 0.00000, Variance: 0.00000
Semantic Loss - Mean: 0.00000, Variance: 0.00000

Test Epoch: 8 
task: majority, mean loss: 2.36472, accuracy: 0.08900, task: max, mean loss: 1.88190, accuracy: 0.27400, task: top, mean loss: 2.35717, accuracy: 0.09900, task: multi, mean loss: 0.60147, multilabel_accuracy: 0.00000, avg. loss over tasks: 1.80131
Diversity Loss - Mean: 0.00000, Variance: 0.00000
Semantic Loss - Mean: 0.00000, Variance: 0.00000

Train Epoch: 9 
task: majority, mean loss: 2.31573, accuracy: 0.12100, task: max, mean loss: 1.84442, accuracy: 0.25000, task: top, mean loss: 2.32060, accuracy: 0.11000, task: multi, mean loss: 0.60704, multilabel_accuracy: 0.00000, avg. loss over tasks: 1.77195, lr: 0.0009000000000000001
Diversity Loss - Mean: 0.00000, Variance: 0.00000
Semantic Loss - Mean: 0.00000, Variance: 0.00000

Test Epoch: 9 
task: majority, mean loss: 2.34741, accuracy: 0.10700, task: max, mean loss: 1.89759, accuracy: 0.16500, task: top, mean loss: 2.37352, accuracy: 0.09700, task: multi, mean loss: 0.60503, multilabel_accuracy: 0.00000, avg. loss over tasks: 1.80589
Diversity Loss - Mean: 0.00000, Variance: 0.00000
Semantic Loss - Mean: 0.00000, Variance: 0.00000

Train Epoch: 10 
task: majority, mean loss: 2.26366, accuracy: 0.13300, task: max, mean loss: 1.84115, accuracy: 0.24100, task: top, mean loss: 2.29761, accuracy: 0.12900, task: multi, mean loss: 0.60363, multilabel_accuracy: 0.00000, avg. loss over tasks: 1.75151, lr: 0.001
Diversity Loss - Mean: 0.00000, Variance: 0.00000
Semantic Loss - Mean: 0.00000, Variance: 0.00000

Test Epoch: 10 
task: majority, mean loss: 2.36089, accuracy: 0.11100, task: max, mean loss: 1.89505, accuracy: 0.27400, task: top, mean loss: 2.32699, accuracy: 0.09700, task: multi, mean loss: 0.60390, multilabel_accuracy: 0.00000, avg. loss over tasks: 1.79671
Diversity Loss - Mean: 0.00000, Variance: 0.00000
Semantic Loss - Mean: 0.00000, Variance: 0.00000

Train Epoch: 11 
task: majority, mean loss: 2.17505, accuracy: 0.17600, task: max, mean loss: 1.83128, accuracy: 0.24800, task: top, mean loss: 2.24441, accuracy: 0.15100, task: multi, mean loss: 0.59371, multilabel_accuracy: 0.00000, avg. loss over tasks: 1.71111, lr: 0.0009996957180960382
Diversity Loss - Mean: 0.00000, Variance: 0.00000
Semantic Loss - Mean: 0.00000, Variance: 0.00000

Test Epoch: 11 
task: majority, mean loss: 2.51072, accuracy: 0.10600, task: max, mean loss: 1.90829, accuracy: 0.27400, task: top, mean loss: 2.40912, accuracy: 0.10300, task: multi, mean loss: 0.62608, multilabel_accuracy: 0.00000, avg. loss over tasks: 1.86355
Diversity Loss - Mean: 0.00000, Variance: 0.00000
Semantic Loss - Mean: 0.00000, Variance: 0.00000

Train Epoch: 12 
task: majority, mean loss: 2.16702, accuracy: 0.16200, task: max, mean loss: 1.79793, accuracy: 0.27200, task: top, mean loss: 2.23099, accuracy: 0.14400, task: multi, mean loss: 0.58716, multilabel_accuracy: 0.00000, avg. loss over tasks: 1.69578, lr: 0.0009987832431047822
Diversity Loss - Mean: 0.00000, Variance: 0.00000
Semantic Loss - Mean: 0.00000, Variance: 0.00000

Test Epoch: 12 
task: majority, mean loss: 2.66314, accuracy: 0.09300, task: max, mean loss: 2.03599, accuracy: 0.16900, task: top, mean loss: 2.51253, accuracy: 0.10300, task: multi, mean loss: 0.65004, multilabel_accuracy: 0.00000, avg. loss over tasks: 1.96542
Diversity Loss - Mean: 0.00000, Variance: 0.00000
Semantic Loss - Mean: 0.00000, Variance: 0.00000

Train Epoch: 13 
task: majority, mean loss: 2.16026, accuracy: 0.17000, task: max, mean loss: 1.78551, accuracy: 0.29000, task: top, mean loss: 2.19493, accuracy: 0.17300, task: multi, mean loss: 0.58297, multilabel_accuracy: 0.00000, avg. loss over tasks: 1.68092, lr: 0.0009972636867364526
Diversity Loss - Mean: 0.00000, Variance: 0.00000
Semantic Loss - Mean: 0.00000, Variance: 0.00000

Test Epoch: 13 
task: majority, mean loss: 2.25339, accuracy: 0.14900, task: max, mean loss: 1.84969, accuracy: 0.24700, task: top, mean loss: 2.28398, accuracy: 0.13500, task: multi, mean loss: 0.58643, multilabel_accuracy: 0.00000, avg. loss over tasks: 1.74337
Diversity Loss - Mean: 0.00000, Variance: 0.00000
Semantic Loss - Mean: 0.00000, Variance: 0.00000

Train Epoch: 14 
task: majority, mean loss: 2.12045, accuracy: 0.18600, task: max, mean loss: 1.78218, accuracy: 0.29300, task: top, mean loss: 2.21413, accuracy: 0.15700, task: multi, mean loss: 0.58407, multilabel_accuracy: 0.00000, avg. loss over tasks: 1.67521, lr: 0.0009951389003364144
Diversity Loss - Mean: 0.00000, Variance: 0.00000
Semantic Loss - Mean: 0.00000, Variance: 0.00000

Test Epoch: 14 
task: majority, mean loss: 2.32983, accuracy: 0.11000, task: max, mean loss: 1.85999, accuracy: 0.22800, task: top, mean loss: 2.30643, accuracy: 0.12600, task: multi, mean loss: 0.59822, multilabel_accuracy: 0.00000, avg. loss over tasks: 1.77362
Diversity Loss - Mean: 0.00000, Variance: 0.00000
Semantic Loss - Mean: 0.00000, Variance: 0.00000

Train Epoch: 15 
task: majority, mean loss: 2.13031, accuracy: 0.18400, task: max, mean loss: 1.75763, accuracy: 0.30100, task: top, mean loss: 2.18324, accuracy: 0.16100, task: multi, mean loss: 0.58015, multilabel_accuracy: 0.00100, avg. loss over tasks: 1.66283, lr: 0.000992411472629598
Diversity Loss - Mean: 0.00000, Variance: 0.00000
Semantic Loss - Mean: 0.00000, Variance: 0.00000

Test Epoch: 15 
task: majority, mean loss: 2.22934, accuracy: 0.14900, task: max, mean loss: 1.85321, accuracy: 0.29300, task: top, mean loss: 2.32636, accuracy: 0.12900, task: multi, mean loss: 0.60332, multilabel_accuracy: 0.00000, avg. loss over tasks: 1.75306
Diversity Loss - Mean: 0.00000, Variance: 0.00000
Semantic Loss - Mean: 0.00000, Variance: 0.00000

Train Epoch: 16 
task: majority, mean loss: 2.08744, accuracy: 0.20000, task: max, mean loss: 1.75223, accuracy: 0.28400, task: top, mean loss: 2.15240, accuracy: 0.19100, task: multi, mean loss: 0.57394, multilabel_accuracy: 0.00000, avg. loss over tasks: 1.64150, lr: 0.000989084726566536
Diversity Loss - Mean: 0.00000, Variance: 0.00000
Semantic Loss - Mean: 0.00000, Variance: 0.00000

Test Epoch: 16 
task: majority, mean loss: 2.50523, accuracy: 0.12100, task: max, mean loss: 1.84189, accuracy: 0.23000, task: top, mean loss: 2.48035, accuracy: 0.10700, task: multi, mean loss: 0.60254, multilabel_accuracy: 0.00100, avg. loss over tasks: 1.85750
Diversity Loss - Mean: 0.00000, Variance: 0.00000
Semantic Loss - Mean: 0.00000, Variance: 0.00000

Train Epoch: 17 
task: majority, mean loss: 2.06142, accuracy: 0.20100, task: max, mean loss: 1.73238, accuracy: 0.32400, task: top, mean loss: 2.11029, accuracy: 0.18800, task: multi, mean loss: 0.57376, multilabel_accuracy: 0.00000, avg. loss over tasks: 1.61946, lr: 0.00098516271527486
Diversity Loss - Mean: 0.00000, Variance: 0.00000
Semantic Loss - Mean: 0.00000, Variance: 0.00000

Test Epoch: 17 
task: majority, mean loss: 2.98018, accuracy: 0.08900, task: max, mean loss: 1.90737, accuracy: 0.15800, task: top, mean loss: 2.72556, accuracy: 0.08900, task: multi, mean loss: 0.64009, multilabel_accuracy: 0.00000, avg. loss over tasks: 2.06330
Diversity Loss - Mean: 0.00000, Variance: 0.00000
Semantic Loss - Mean: 0.00000, Variance: 0.00000

Train Epoch: 18 
task: majority, mean loss: 2.05112, accuracy: 0.21000, task: max, mean loss: 1.72993, accuracy: 0.30700, task: top, mean loss: 2.12286, accuracy: 0.21400, task: multi, mean loss: 0.57044, multilabel_accuracy: 0.00100, avg. loss over tasks: 1.61859, lr: 0.0009806502171211902
Diversity Loss - Mean: 0.00000, Variance: 0.00000
Semantic Loss - Mean: 0.00000, Variance: 0.00000

Test Epoch: 18 
task: majority, mean loss: 2.17900, accuracy: 0.17700, task: max, mean loss: 1.79997, accuracy: 0.32200, task: top, mean loss: 2.24124, accuracy: 0.15400, task: multi, mean loss: 0.57547, multilabel_accuracy: 0.00100, avg. loss over tasks: 1.69892
Diversity Loss - Mean: 0.00000, Variance: 0.00000
Semantic Loss - Mean: 0.00000, Variance: 0.00000

Train Epoch: 19 
task: majority, mean loss: 2.02012, accuracy: 0.23800, task: max, mean loss: 1.71059, accuracy: 0.34600, task: top, mean loss: 2.09022, accuracy: 0.21600, task: multi, mean loss: 0.56969, multilabel_accuracy: 0.00000, avg. loss over tasks: 1.59765, lr: 0.0009755527298894293
Diversity Loss - Mean: 0.00000, Variance: 0.00000
Semantic Loss - Mean: 0.00000, Variance: 0.00000

Test Epoch: 19 
task: majority, mean loss: 2.38565, accuracy: 0.10200, task: max, mean loss: 1.89311, accuracy: 0.23000, task: top, mean loss: 2.32752, accuracy: 0.10800, task: multi, mean loss: 0.60968, multilabel_accuracy: 0.00000, avg. loss over tasks: 1.80399
Diversity Loss - Mean: 0.00000, Variance: 0.00000
Semantic Loss - Mean: 0.00000, Variance: 0.00000

Train Epoch: 20 
task: majority, mean loss: 2.04510, accuracy: 0.22800, task: max, mean loss: 1.73677, accuracy: 0.31300, task: top, mean loss: 2.10001, accuracy: 0.20400, task: multi, mean loss: 0.56903, multilabel_accuracy: 0.00000, avg. loss over tasks: 1.61273, lr: 0.0009698764640825613
Diversity Loss - Mean: 0.00000, Variance: 0.00000
Semantic Loss - Mean: 0.00000, Variance: 0.00000

Test Epoch: 20 
task: majority, mean loss: 2.12456, accuracy: 0.19400, task: max, mean loss: 1.77969, accuracy: 0.30300, task: top, mean loss: 2.20452, accuracy: 0.15900, task: multi, mean loss: 0.57100, multilabel_accuracy: 0.00000, avg. loss over tasks: 1.66994
Diversity Loss - Mean: 0.00000, Variance: 0.00000
Semantic Loss - Mean: 0.00000, Variance: 0.00000

Train Epoch: 21 
task: majority, mean loss: 2.00382, accuracy: 0.21300, task: max, mean loss: 1.69583, accuracy: 0.35200, task: top, mean loss: 2.03916, accuracy: 0.22500, task: multi, mean loss: 0.56475, multilabel_accuracy: 0.00200, avg. loss over tasks: 1.57589, lr: 0.0009636283353561103
Diversity Loss - Mean: 0.00000, Variance: 0.00000
Semantic Loss - Mean: 0.00000, Variance: 0.00000

Test Epoch: 21 
task: majority, mean loss: 2.13648, accuracy: 0.22200, task: max, mean loss: 1.75837, accuracy: 0.32300, task: top, mean loss: 2.18913, accuracy: 0.19600, task: multi, mean loss: 0.56519, multilabel_accuracy: 0.00100, avg. loss over tasks: 1.66229
Diversity Loss - Mean: 0.00000, Variance: 0.00000
Semantic Loss - Mean: 0.00000, Variance: 0.00000

Train Epoch: 22 
task: majority, mean loss: 1.96811, accuracy: 0.23600, task: max, mean loss: 1.68731, accuracy: 0.35500, task: top, mean loss: 2.01798, accuracy: 0.23600, task: multi, mean loss: 0.56615, multilabel_accuracy: 0.00100, avg. loss over tasks: 1.55989, lr: 0.0009568159560924791
Diversity Loss - Mean: 0.00000, Variance: 0.00000
Semantic Loss - Mean: 0.00000, Variance: 0.00000

Test Epoch: 22 
task: majority, mean loss: 2.58505, accuracy: 0.12200, task: max, mean loss: 1.88126, accuracy: 0.20200, task: top, mean loss: 2.34866, accuracy: 0.14000, task: multi, mean loss: 0.60585, multilabel_accuracy: 0.00000, avg. loss over tasks: 1.85520
Diversity Loss - Mean: 0.00000, Variance: 0.00000
Semantic Loss - Mean: 0.00000, Variance: 0.00000

Train Epoch: 23 
task: majority, mean loss: 1.99561, accuracy: 0.22700, task: max, mean loss: 1.69681, accuracy: 0.33900, task: top, mean loss: 2.03520, accuracy: 0.23300, task: multi, mean loss: 0.56524, multilabel_accuracy: 0.00000, avg. loss over tasks: 1.57322, lr: 0.000949447626126434
Diversity Loss - Mean: 0.00000, Variance: 0.00000
Semantic Loss - Mean: 0.00000, Variance: 0.00000

Test Epoch: 23 
task: majority, mean loss: 2.20685, accuracy: 0.15700, task: max, mean loss: 1.81126, accuracy: 0.31100, task: top, mean loss: 2.22601, accuracy: 0.16300, task: multi, mean loss: 0.57527, multilabel_accuracy: 0.00000, avg. loss over tasks: 1.70485
Diversity Loss - Mean: 0.00000, Variance: 0.00000
Semantic Loss - Mean: 0.00000, Variance: 0.00000

Train Epoch: 24 
task: majority, mean loss: 1.94226, accuracy: 0.25600, task: max, mean loss: 1.65692, accuracy: 0.36800, task: top, mean loss: 1.99438, accuracy: 0.23800, task: multi, mean loss: 0.55965, multilabel_accuracy: 0.00100, avg. loss over tasks: 1.53830, lr: 0.000941532322633034
Diversity Loss - Mean: 0.00000, Variance: 0.00000
Semantic Loss - Mean: 0.00000, Variance: 0.00000

Test Epoch: 24 
task: majority, mean loss: 2.63348, accuracy: 0.10700, task: max, mean loss: 1.84484, accuracy: 0.25200, task: top, mean loss: 2.49520, accuracy: 0.11600, task: multi, mean loss: 0.60595, multilabel_accuracy: 0.00000, avg. loss over tasks: 1.89487
Diversity Loss - Mean: 0.00000, Variance: 0.00000
Semantic Loss - Mean: 0.00000, Variance: 0.00000

Train Epoch: 25 
task: majority, mean loss: 1.90448, accuracy: 0.30000, task: max, mean loss: 1.62878, accuracy: 0.38100, task: top, mean loss: 1.92529, accuracy: 0.27600, task: multi, mean loss: 0.55707, multilabel_accuracy: 0.00100, avg. loss over tasks: 1.50390, lr: 0.0009330796891903273
Diversity Loss - Mean: 0.00000, Variance: 0.00000
Semantic Loss - Mean: 0.00000, Variance: 0.00000

Test Epoch: 25 
task: majority, mean loss: 2.03926, accuracy: 0.28400, task: max, mean loss: 1.78539, accuracy: 0.30000, task: top, mean loss: 2.06837, accuracy: 0.26100, task: multi, mean loss: 0.55881, multilabel_accuracy: 0.00100, avg. loss over tasks: 1.61296
Diversity Loss - Mean: 0.00000, Variance: 0.00000
Semantic Loss - Mean: 0.00000, Variance: 0.00000

Train Epoch: 26 
task: majority, mean loss: 1.87670, accuracy: 0.29700, task: max, mean loss: 1.61712, accuracy: 0.36800, task: top, mean loss: 1.90307, accuracy: 0.28100, task: multi, mean loss: 0.54984, multilabel_accuracy: 0.00100, avg. loss over tasks: 1.48668, lr: 0.0009241000240301347
Diversity Loss - Mean: 0.00000, Variance: 0.00000
Semantic Loss - Mean: 0.00000, Variance: 0.00000

Test Epoch: 26 
task: majority, mean loss: 2.01189, accuracy: 0.24200, task: max, mean loss: 1.69266, accuracy: 0.36100, task: top, mean loss: 2.09066, accuracy: 0.23000, task: multi, mean loss: 0.55205, multilabel_accuracy: 0.00100, avg. loss over tasks: 1.58682
Diversity Loss - Mean: 0.00000, Variance: 0.00000
Semantic Loss - Mean: 0.00000, Variance: 0.00000

Train Epoch: 27 
task: majority, mean loss: 1.89394, accuracy: 0.29900, task: max, mean loss: 1.59913, accuracy: 0.38500, task: top, mean loss: 1.93542, accuracy: 0.25400, task: multi, mean loss: 0.55070, multilabel_accuracy: 0.00000, avg. loss over tasks: 1.49480, lr: 0.0009146042674912433
Diversity Loss - Mean: 0.00000, Variance: 0.00000
Semantic Loss - Mean: 0.00000, Variance: 0.00000

Test Epoch: 27 
task: majority, mean loss: 2.95328, accuracy: 0.11000, task: max, mean loss: 2.17076, accuracy: 0.25500, task: top, mean loss: 2.99312, accuracy: 0.10800, task: multi, mean loss: 0.67893, multilabel_accuracy: 0.00200, avg. loss over tasks: 2.19902
Diversity Loss - Mean: 0.00000, Variance: 0.00000
Semantic Loss - Mean: 0.00000, Variance: 0.00000

Train Epoch: 28 
task: majority, mean loss: 1.76653, accuracy: 0.36500, task: max, mean loss: 1.52576, accuracy: 0.44300, task: top, mean loss: 1.88110, accuracy: 0.30000, task: multi, mean loss: 0.54166, multilabel_accuracy: 0.00100, avg. loss over tasks: 1.42876, lr: 0.0009046039886902862
Diversity Loss - Mean: 0.00000, Variance: 0.00000
Semantic Loss - Mean: 0.00000, Variance: 0.00000

Test Epoch: 28 
task: majority, mean loss: 2.48581, accuracy: 0.14400, task: max, mean loss: 1.80764, accuracy: 0.30900, task: top, mean loss: 2.31809, accuracy: 0.18100, task: multi, mean loss: 0.59912, multilabel_accuracy: 0.00000, avg. loss over tasks: 1.80267
Diversity Loss - Mean: 0.00000, Variance: 0.00000
Semantic Loss - Mean: 0.00000, Variance: 0.00000

Train Epoch: 29 
task: majority, mean loss: 1.78967, accuracy: 0.35800, task: max, mean loss: 1.53135, accuracy: 0.43900, task: top, mean loss: 1.84977, accuracy: 0.32200, task: multi, mean loss: 0.53774, multilabel_accuracy: 0.00200, avg. loss over tasks: 1.42713, lr: 0.0008941113714265576
Diversity Loss - Mean: 0.00000, Variance: 0.00000
Semantic Loss - Mean: 0.00000, Variance: 0.00000

Test Epoch: 29 
task: majority, mean loss: 2.30284, accuracy: 0.18900, task: max, mean loss: 1.85162, accuracy: 0.29000, task: top, mean loss: 2.36466, accuracy: 0.19100, task: multi, mean loss: 0.59496, multilabel_accuracy: 0.00300, avg. loss over tasks: 1.77852
Diversity Loss - Mean: 0.00000, Variance: 0.00000
Semantic Loss - Mean: 0.00000, Variance: 0.00000

Train Epoch: 30 
task: majority, mean loss: 1.72383, accuracy: 0.36700, task: max, mean loss: 1.49148, accuracy: 0.43700, task: top, mean loss: 1.87293, accuracy: 0.29600, task: multi, mean loss: 0.52936, multilabel_accuracy: 0.00200, avg. loss over tasks: 1.40440, lr: 0.0008831391993379295
Diversity Loss - Mean: 0.00000, Variance: 0.00000
Semantic Loss - Mean: 0.00000, Variance: 0.00000

Test Epoch: 30 
task: majority, mean loss: 1.92789, accuracy: 0.32100, task: max, mean loss: 1.69508, accuracy: 0.35300, task: top, mean loss: 1.99654, accuracy: 0.29600, task: multi, mean loss: 0.54639, multilabel_accuracy: 0.00300, avg. loss over tasks: 1.54148
Diversity Loss - Mean: 0.00000, Variance: 0.00000
Semantic Loss - Mean: 0.00000, Variance: 0.00000

Train Epoch: 31 
task: majority, mean loss: 1.71951, accuracy: 0.39000, task: max, mean loss: 1.46888, accuracy: 0.44200, task: top, mean loss: 1.79352, accuracy: 0.34400, task: multi, mean loss: 0.52509, multilabel_accuracy: 0.00600, avg. loss over tasks: 1.37675, lr: 0.0008717008403259585
Diversity Loss - Mean: 0.00000, Variance: 0.00000
Semantic Loss - Mean: 0.00000, Variance: 0.00000

Test Epoch: 31 
task: majority, mean loss: 3.56462, accuracy: 0.09000, task: max, mean loss: 2.10682, accuracy: 0.20700, task: top, mean loss: 3.39233, accuracy: 0.10100, task: multi, mean loss: 0.67445, multilabel_accuracy: 0.00000, avg. loss over tasks: 2.43456
Diversity Loss - Mean: 0.00000, Variance: 0.00000
Semantic Loss - Mean: 0.00000, Variance: 0.00000

Train Epoch: 32 
task: majority, mean loss: 1.64815, accuracy: 0.41400, task: max, mean loss: 1.41366, accuracy: 0.48200, task: top, mean loss: 1.74530, accuracy: 0.38100, task: multi, mean loss: 0.51336, multilabel_accuracy: 0.00900, avg. loss over tasks: 1.33012, lr: 0.0008598102302691562
Diversity Loss - Mean: 0.00000, Variance: 0.00000
Semantic Loss - Mean: 0.00000, Variance: 0.00000

Test Epoch: 32 
task: majority, mean loss: 2.42186, accuracy: 0.23700, task: max, mean loss: 1.64321, accuracy: 0.40100, task: top, mean loss: 2.31642, accuracy: 0.26000, task: multi, mean loss: 0.55624, multilabel_accuracy: 0.00500, avg. loss over tasks: 1.73443
Diversity Loss - Mean: 0.00000, Variance: 0.00000
Semantic Loss - Mean: 0.00000, Variance: 0.00000

Train Epoch: 33 
task: majority, mean loss: 1.52616, accuracy: 0.47500, task: max, mean loss: 1.38559, accuracy: 0.49100, task: top, mean loss: 1.68376, accuracy: 0.40600, task: multi, mean loss: 0.50440, multilabel_accuracy: 0.01400, avg. loss over tasks: 1.27498, lr: 0.0008474818560442692
Diversity Loss - Mean: 0.00000, Variance: 0.00000
Semantic Loss - Mean: 0.00000, Variance: 0.00000

Test Epoch: 33 
task: majority, mean loss: 2.75171, accuracy: 0.19900, task: max, mean loss: 1.93014, accuracy: 0.29700, task: top, mean loss: 2.33133, accuracy: 0.22500, task: multi, mean loss: 0.63834, multilabel_accuracy: 0.00100, avg. loss over tasks: 1.91288
Diversity Loss - Mean: 0.00000, Variance: 0.00000
Semantic Loss - Mean: 0.00000, Variance: 0.00000

Train Epoch: 34 
task: majority, mean loss: 1.47949, accuracy: 0.47700, task: max, mean loss: 1.35893, accuracy: 0.49000, task: top, mean loss: 1.62814, accuracy: 0.42100, task: multi, mean loss: 0.50125, multilabel_accuracy: 0.01500, avg. loss over tasks: 1.24195, lr: 0.0008347307378762497
Diversity Loss - Mean: 0.00000, Variance: 0.00000
Semantic Loss - Mean: 0.00000, Variance: 0.00000

Test Epoch: 34 
task: majority, mean loss: 2.39121, accuracy: 0.25500, task: max, mean loss: 1.72856, accuracy: 0.38500, task: top, mean loss: 2.22730, accuracy: 0.25300, task: multi, mean loss: 0.57148, multilabel_accuracy: 0.00100, avg. loss over tasks: 1.72964
Diversity Loss - Mean: 0.00000, Variance: 0.00000
Semantic Loss - Mean: 0.00000, Variance: 0.00000

Train Epoch: 35 
task: majority, mean loss: 1.46217, accuracy: 0.50600, task: max, mean loss: 1.30739, accuracy: 0.51800, task: top, mean loss: 1.54300, accuracy: 0.46200, task: multi, mean loss: 0.48884, multilabel_accuracy: 0.01500, avg. loss over tasks: 1.20035, lr: 0.0008215724110384264
Diversity Loss - Mean: 0.00000, Variance: 0.00000
Semantic Loss - Mean: 0.00000, Variance: 0.00000

Test Epoch: 35 
task: majority, mean loss: 1.98769, accuracy: 0.29700, task: max, mean loss: 1.55818, accuracy: 0.42700, task: top, mean loss: 2.07202, accuracy: 0.29600, task: multi, mean loss: 0.52219, multilabel_accuracy: 0.01300, avg. loss over tasks: 1.53502
Diversity Loss - Mean: 0.00000, Variance: 0.00000
Semantic Loss - Mean: 0.00000, Variance: 0.00000

Train Epoch: 36 
task: majority, mean loss: 1.39079, accuracy: 0.51100, task: max, mean loss: 1.28565, accuracy: 0.52400, task: top, mean loss: 1.52179, accuracy: 0.46500, task: multi, mean loss: 0.48395, multilabel_accuracy: 0.01700, avg. loss over tasks: 1.17055, lr: 0.0008080229069251663
Diversity Loss - Mean: 0.00000, Variance: 0.00000
Semantic Loss - Mean: 0.00000, Variance: 0.00000

Test Epoch: 36 
task: majority, mean loss: 2.95489, accuracy: 0.15500, task: max, mean loss: 2.05666, accuracy: 0.25200, task: top, mean loss: 2.49044, accuracy: 0.21400, task: multi, mean loss: 0.64671, multilabel_accuracy: 0.00500, avg. loss over tasks: 2.03718
Diversity Loss - Mean: 0.00000, Variance: 0.00000
Semantic Loss - Mean: 0.00000, Variance: 0.00000

