Generating dataset...
Data generation successful. Proceeding with training.
Used config:
{'B': 16,
 'B_seq': 16,
 'D': 128,
 'D_inner': 512,
 'D_k': 16,
 'D_v': 16,
 'H': 8,
 'I': 100,
 'M': 100,
 'N': 3600,
 'attn_dropout': 0.1,
 'data_dir': 'data/megapixel_mnist/dsets/megapixel_mnist_1500',
 'dropout': 0.1,
 'eager': True,
 'enc_type': 'resnet18',
 'eps': 1e-06,
 'is_image': True,
 'lr': 0.001,
 'mask_K': 10,
 'mask_p': 0,
 'n_chan_in': 1,
 'n_class': 10,
 'n_epoch': 100,
 'n_epoch_warmup': 10,
 'n_res_blocks': 2,
 'n_token': 4,
 'n_worker': 4,
 'patch_size': [50, 50],
 'patch_stride': [50, 50],
 'pin_memory': True,
 'pretrained': False,
 'seed': 0,
 'semantic_diversity_loss': False,
 'shuffle': True,
 'shuffle_style': 'batch',
 'tasks': {'task0': {'act_fn': 'softmax',
                     'id': 0,
                     'metric': 'accuracy',
                     'name': 'majority'},
           'task1': {'act_fn': 'softmax',
                     'id': 1,
                     'metric': 'accuracy',
                     'name': 'max'},
           'task2': {'act_fn': 'softmax',
                     'id': 2,
                     'metric': 'accuracy',
                     'name': 'top'},
           'task3': {'act_fn': 'sigmoid',
                     'id': 3,
                     'metric': 'multilabel_accuracy',
                     'name': 'multi'}},
 'track_efficiency': False,
 'track_epoch': 0,
 'use_pos': True,
 'wd': 0.1}
Train Epoch: 1 
task: majority, mean loss: 2.35770, accuracy: 0.10750, task: max, mean loss: 2.20581, accuracy: 0.27375, task: top, mean loss: 2.36832, accuracy: 0.10250, task: multi, mean loss: 0.69895, multilabel_accuracy: 0.00250, avg. loss over tasks: 1.90769, lr: 0.0001
Diversity Loss - Mean: 0.00000, Variance: 0.00000
Semantic Loss - Mean: 0.00000, Variance: 0.00000

Test Epoch: 1 
task: majority, mean loss: 2.31891, accuracy: 0.09200, task: max, mean loss: 1.92308, accuracy: 0.27500, task: top, mean loss: 2.31147, accuracy: 0.11300, task: multi, mean loss: 0.63509, multilabel_accuracy: 0.00000, avg. loss over tasks: 1.79714
Diversity Loss - Mean: 0.00000, Variance: 0.00000
Semantic Loss - Mean: 0.00000, Variance: 0.00000

Train Epoch: 2 
task: majority, mean loss: 2.33834, accuracy: 0.09500, task: max, mean loss: 1.87605, accuracy: 0.26000, task: top, mean loss: 2.35272, accuracy: 0.08000, task: multi, mean loss: 0.61534, multilabel_accuracy: 0.00000, avg. loss over tasks: 1.79561, lr: 0.0002
Diversity Loss - Mean: 0.00000, Variance: 0.00000
Semantic Loss - Mean: 0.00000, Variance: 0.00000

Test Epoch: 2 
task: majority, mean loss: 2.32636, accuracy: 0.10900, task: max, mean loss: 1.88029, accuracy: 0.27400, task: top, mean loss: 2.32190, accuracy: 0.11000, task: multi, mean loss: 0.60500, multilabel_accuracy: 0.00000, avg. loss over tasks: 1.78339
Diversity Loss - Mean: 0.00000, Variance: 0.00000
Semantic Loss - Mean: 0.00000, Variance: 0.00000

Train Epoch: 3 
task: majority, mean loss: 2.32711, accuracy: 0.09750, task: max, mean loss: 1.85488, accuracy: 0.23375, task: top, mean loss: 2.32311, accuracy: 0.11125, task: multi, mean loss: 0.60579, multilabel_accuracy: 0.00000, avg. loss over tasks: 1.77772, lr: 0.0003
Diversity Loss - Mean: 0.00000, Variance: 0.00000
Semantic Loss - Mean: 0.00000, Variance: 0.00000

Test Epoch: 3 
task: majority, mean loss: 2.32612, accuracy: 0.11000, task: max, mean loss: 1.88296, accuracy: 0.27400, task: top, mean loss: 2.33030, accuracy: 0.09900, task: multi, mean loss: 0.60120, multilabel_accuracy: 0.00000, avg. loss over tasks: 1.78514
Diversity Loss - Mean: 0.00000, Variance: 0.00000
Semantic Loss - Mean: 0.00000, Variance: 0.00000

Train Epoch: 4 
task: majority, mean loss: 2.30988, accuracy: 0.09875, task: max, mean loss: 1.84039, accuracy: 0.26875, task: top, mean loss: 2.31379, accuracy: 0.12625, task: multi, mean loss: 0.60547, multilabel_accuracy: 0.00000, avg. loss over tasks: 1.76738, lr: 0.0004
Diversity Loss - Mean: 0.00000, Variance: 0.00000
Semantic Loss - Mean: 0.00000, Variance: 0.00000

Test Epoch: 4 
task: majority, mean loss: 2.39327, accuracy: 0.09200, task: max, mean loss: 1.89575, accuracy: 0.27400, task: top, mean loss: 2.34294, accuracy: 0.11100, task: multi, mean loss: 0.60215, multilabel_accuracy: 0.00000, avg. loss over tasks: 1.80853
Diversity Loss - Mean: 0.00000, Variance: 0.00000
Semantic Loss - Mean: 0.00000, Variance: 0.00000

Train Epoch: 5 
task: majority, mean loss: 2.26424, accuracy: 0.13750, task: max, mean loss: 1.84695, accuracy: 0.26000, task: top, mean loss: 2.30992, accuracy: 0.11375, task: multi, mean loss: 0.60384, multilabel_accuracy: 0.00000, avg. loss over tasks: 1.75624, lr: 0.0005
Diversity Loss - Mean: 0.00000, Variance: 0.00000
Semantic Loss - Mean: 0.00000, Variance: 0.00000

Test Epoch: 5 
task: majority, mean loss: 2.40058, accuracy: 0.12300, task: max, mean loss: 1.88436, accuracy: 0.26300, task: top, mean loss: 2.31673, accuracy: 0.10700, task: multi, mean loss: 0.60272, multilabel_accuracy: 0.00000, avg. loss over tasks: 1.80110
Diversity Loss - Mean: 0.00000, Variance: 0.00000
Semantic Loss - Mean: 0.00000, Variance: 0.00000

Train Epoch: 6 
task: majority, mean loss: 2.28503, accuracy: 0.11750, task: max, mean loss: 1.84986, accuracy: 0.24625, task: top, mean loss: 2.30914, accuracy: 0.12500, task: multi, mean loss: 0.60628, multilabel_accuracy: 0.00000, avg. loss over tasks: 1.76258, lr: 0.0006
Diversity Loss - Mean: 0.00000, Variance: 0.00000
Semantic Loss - Mean: 0.00000, Variance: 0.00000

Test Epoch: 6 
task: majority, mean loss: 2.41165, accuracy: 0.09000, task: max, mean loss: 1.86281, accuracy: 0.27400, task: top, mean loss: 2.35412, accuracy: 0.10500, task: multi, mean loss: 0.60267, multilabel_accuracy: 0.00000, avg. loss over tasks: 1.80781
Diversity Loss - Mean: 0.00000, Variance: 0.00000
Semantic Loss - Mean: 0.00000, Variance: 0.00000

Train Epoch: 7 
task: majority, mean loss: 2.24368, accuracy: 0.16750, task: max, mean loss: 1.83461, accuracy: 0.25375, task: top, mean loss: 2.28648, accuracy: 0.14625, task: multi, mean loss: 0.60289, multilabel_accuracy: 0.00125, avg. loss over tasks: 1.74192, lr: 0.0007000000000000001
Diversity Loss - Mean: 0.00000, Variance: 0.00000
Semantic Loss - Mean: 0.00000, Variance: 0.00000

Test Epoch: 7 
task: majority, mean loss: 2.23626, accuracy: 0.15700, task: max, mean loss: 1.90792, accuracy: 0.17200, task: top, mean loss: 2.26079, accuracy: 0.14500, task: multi, mean loss: 0.59289, multilabel_accuracy: 0.00100, avg. loss over tasks: 1.74947
Diversity Loss - Mean: 0.00000, Variance: 0.00000
Semantic Loss - Mean: 0.00000, Variance: 0.00000

Train Epoch: 8 
task: majority, mean loss: 2.18624, accuracy: 0.15375, task: max, mean loss: 1.84630, accuracy: 0.25500, task: top, mean loss: 2.25062, accuracy: 0.14125, task: multi, mean loss: 0.59366, multilabel_accuracy: 0.00250, avg. loss over tasks: 1.71920, lr: 0.0008
Diversity Loss - Mean: 0.00000, Variance: 0.00000
Semantic Loss - Mean: 0.00000, Variance: 0.00000

Test Epoch: 8 
task: majority, mean loss: 2.30347, accuracy: 0.15300, task: max, mean loss: 1.94641, accuracy: 0.27400, task: top, mean loss: 2.29218, accuracy: 0.14700, task: multi, mean loss: 0.61195, multilabel_accuracy: 0.00400, avg. loss over tasks: 1.78850
Diversity Loss - Mean: 0.00000, Variance: 0.00000
Semantic Loss - Mean: 0.00000, Variance: 0.00000

Train Epoch: 9 
task: majority, mean loss: 2.11066, accuracy: 0.17875, task: max, mean loss: 1.83134, accuracy: 0.26125, task: top, mean loss: 2.22488, accuracy: 0.16500, task: multi, mean loss: 0.59295, multilabel_accuracy: 0.00125, avg. loss over tasks: 1.68996, lr: 0.0009
Diversity Loss - Mean: 0.00000, Variance: 0.00000
Semantic Loss - Mean: 0.00000, Variance: 0.00000

Test Epoch: 9 
task: majority, mean loss: 2.11443, accuracy: 0.18900, task: max, mean loss: 1.88460, accuracy: 0.21400, task: top, mean loss: 2.37576, accuracy: 0.13400, task: multi, mean loss: 0.59496, multilabel_accuracy: 0.00000, avg. loss over tasks: 1.74244
Diversity Loss - Mean: 0.00000, Variance: 0.00000
Semantic Loss - Mean: 0.00000, Variance: 0.00000

Train Epoch: 10 
task: majority, mean loss: 2.02874, accuracy: 0.21750, task: max, mean loss: 1.80546, accuracy: 0.26500, task: top, mean loss: 2.19564, accuracy: 0.19375, task: multi, mean loss: 0.58316, multilabel_accuracy: 0.00500, avg. loss over tasks: 1.65325, lr: 0.001
Diversity Loss - Mean: 0.00000, Variance: 0.00000
Semantic Loss - Mean: 0.00000, Variance: 0.00000

Test Epoch: 10 
task: majority, mean loss: 4.04701, accuracy: 0.10600, task: max, mean loss: 2.06565, accuracy: 0.18100, task: top, mean loss: 3.27614, accuracy: 0.09900, task: multi, mean loss: 0.72121, multilabel_accuracy: 0.00900, avg. loss over tasks: 2.52750
Diversity Loss - Mean: 0.00000, Variance: 0.00000
Semantic Loss - Mean: 0.00000, Variance: 0.00000

Train Epoch: 11 
task: majority, mean loss: 1.90876, accuracy: 0.26000, task: max, mean loss: 1.78405, accuracy: 0.28625, task: top, mean loss: 2.16282, accuracy: 0.19500, task: multi, mean loss: 0.57680, multilabel_accuracy: 0.00625, avg. loss over tasks: 1.60811, lr: 0.0009996957180960382
Diversity Loss - Mean: 0.00000, Variance: 0.00000
Semantic Loss - Mean: 0.00000, Variance: 0.00000

Test Epoch: 11 
task: majority, mean loss: 3.29715, accuracy: 0.12900, task: max, mean loss: 1.91237, accuracy: 0.22200, task: top, mean loss: 3.02145, accuracy: 0.10000, task: multi, mean loss: 0.67694, multilabel_accuracy: 0.00000, avg. loss over tasks: 2.22698
Diversity Loss - Mean: 0.00000, Variance: 0.00000
Semantic Loss - Mean: 0.00000, Variance: 0.00000

Train Epoch: 12 
task: majority, mean loss: 1.86545, accuracy: 0.25875, task: max, mean loss: 1.74011, accuracy: 0.30500, task: top, mean loss: 2.10309, accuracy: 0.20250, task: multi, mean loss: 0.56836, multilabel_accuracy: 0.00750, avg. loss over tasks: 1.56925, lr: 0.0009987832431047822
Diversity Loss - Mean: 0.00000, Variance: 0.00000
Semantic Loss - Mean: 0.00000, Variance: 0.00000

Test Epoch: 12 
task: majority, mean loss: 4.14622, accuracy: 0.10600, task: max, mean loss: 2.21004, accuracy: 0.17300, task: top, mean loss: 3.08339, accuracy: 0.10000, task: multi, mean loss: 0.72537, multilabel_accuracy: 0.00600, avg. loss over tasks: 2.54125
Diversity Loss - Mean: 0.00000, Variance: 0.00000
Semantic Loss - Mean: 0.00000, Variance: 0.00000

Train Epoch: 13 
task: majority, mean loss: 1.92778, accuracy: 0.25375, task: max, mean loss: 1.70991, accuracy: 0.33875, task: top, mean loss: 2.11503, accuracy: 0.18375, task: multi, mean loss: 0.57494, multilabel_accuracy: 0.00500, avg. loss over tasks: 1.58192, lr: 0.0009972636867364526
Diversity Loss - Mean: 0.00000, Variance: 0.00000
Semantic Loss - Mean: 0.00000, Variance: 0.00000

Test Epoch: 13 
task: majority, mean loss: 1.87412, accuracy: 0.27000, task: max, mean loss: 1.76453, accuracy: 0.29300, task: top, mean loss: 2.10417, accuracy: 0.19800, task: multi, mean loss: 0.56256, multilabel_accuracy: 0.01000, avg. loss over tasks: 1.57634
Diversity Loss - Mean: 0.00000, Variance: 0.00000
Semantic Loss - Mean: 0.00000, Variance: 0.00000

Train Epoch: 14 
task: majority, mean loss: 1.84560, accuracy: 0.28250, task: max, mean loss: 1.71803, accuracy: 0.31750, task: top, mean loss: 2.03323, accuracy: 0.24375, task: multi, mean loss: 0.56239, multilabel_accuracy: 0.01000, avg. loss over tasks: 1.53981, lr: 0.0009951389003364144
Diversity Loss - Mean: 0.00000, Variance: 0.00000
Semantic Loss - Mean: 0.00000, Variance: 0.00000

Test Epoch: 14 
task: majority, mean loss: 2.53301, accuracy: 0.23700, task: max, mean loss: 2.24383, accuracy: 0.17000, task: top, mean loss: 2.48259, accuracy: 0.17300, task: multi, mean loss: 0.63864, multilabel_accuracy: 0.01000, avg. loss over tasks: 1.97452
Diversity Loss - Mean: 0.00000, Variance: 0.00000
Semantic Loss - Mean: 0.00000, Variance: 0.00000

Train Epoch: 15 
task: majority, mean loss: 1.79114, accuracy: 0.28000, task: max, mean loss: 1.66412, accuracy: 0.37125, task: top, mean loss: 1.97263, accuracy: 0.27125, task: multi, mean loss: 0.56022, multilabel_accuracy: 0.01000, avg. loss over tasks: 1.49703, lr: 0.000992411472629598
Diversity Loss - Mean: 0.00000, Variance: 0.00000
Semantic Loss - Mean: 0.00000, Variance: 0.00000

Test Epoch: 15 
task: majority, mean loss: 2.63374, accuracy: 0.18900, task: max, mean loss: 1.85856, accuracy: 0.23500, task: top, mean loss: 2.41108, accuracy: 0.15800, task: multi, mean loss: 0.62069, multilabel_accuracy: 0.01000, avg. loss over tasks: 1.88102
Diversity Loss - Mean: 0.00000, Variance: 0.00000
Semantic Loss - Mean: 0.00000, Variance: 0.00000

Train Epoch: 16 
task: majority, mean loss: 1.64215, accuracy: 0.35000, task: max, mean loss: 1.64569, accuracy: 0.36000, task: top, mean loss: 1.87251, accuracy: 0.28000, task: multi, mean loss: 0.55201, multilabel_accuracy: 0.01250, avg. loss over tasks: 1.42809, lr: 0.000989084726566536
Diversity Loss - Mean: 0.00000, Variance: 0.00000
Semantic Loss - Mean: 0.00000, Variance: 0.00000

Test Epoch: 16 
task: majority, mean loss: 2.96589, accuracy: 0.15800, task: max, mean loss: 2.10898, accuracy: 0.22700, task: top, mean loss: 2.24785, accuracy: 0.16700, task: multi, mean loss: 0.63464, multilabel_accuracy: 0.00300, avg. loss over tasks: 1.98934
Diversity Loss - Mean: 0.00000, Variance: 0.00000
Semantic Loss - Mean: 0.00000, Variance: 0.00000

Train Epoch: 17 
task: majority, mean loss: 1.65719, accuracy: 0.36000, task: max, mean loss: 1.66615, accuracy: 0.36500, task: top, mean loss: 1.88924, accuracy: 0.28375, task: multi, mean loss: 0.55685, multilabel_accuracy: 0.01250, avg. loss over tasks: 1.44236, lr: 0.00098516271527486
Diversity Loss - Mean: 0.00000, Variance: 0.00000
Semantic Loss - Mean: 0.00000, Variance: 0.00000

Test Epoch: 17 
task: majority, mean loss: 1.72587, accuracy: 0.37500, task: max, mean loss: 1.70150, accuracy: 0.34400, task: top, mean loss: 1.99036, accuracy: 0.28100, task: multi, mean loss: 0.57032, multilabel_accuracy: 0.01100, avg. loss over tasks: 1.49701
Diversity Loss - Mean: 0.00000, Variance: 0.00000
Semantic Loss - Mean: 0.00000, Variance: 0.00000

Train Epoch: 18 
task: majority, mean loss: 1.60197, accuracy: 0.35875, task: max, mean loss: 1.63411, accuracy: 0.37125, task: top, mean loss: 1.81218, accuracy: 0.29875, task: multi, mean loss: 0.54865, multilabel_accuracy: 0.01500, avg. loss over tasks: 1.39923, lr: 0.0009806502171211902
Diversity Loss - Mean: 0.00000, Variance: 0.00000
Semantic Loss - Mean: 0.00000, Variance: 0.00000

Test Epoch: 18 
task: majority, mean loss: 3.08169, accuracy: 0.13000, task: max, mean loss: 2.14131, accuracy: 0.22900, task: top, mean loss: 2.20713, accuracy: 0.20200, task: multi, mean loss: 0.62314, multilabel_accuracy: 0.00200, avg. loss over tasks: 2.01332
Diversity Loss - Mean: 0.00000, Variance: 0.00000
Semantic Loss - Mean: 0.00000, Variance: 0.00000

Train Epoch: 19 
task: majority, mean loss: 1.61389, accuracy: 0.39750, task: max, mean loss: 1.62309, accuracy: 0.40000, task: top, mean loss: 1.78135, accuracy: 0.32875, task: multi, mean loss: 0.54543, multilabel_accuracy: 0.01250, avg. loss over tasks: 1.39094, lr: 0.0009755527298894293
Diversity Loss - Mean: 0.00000, Variance: 0.00000
Semantic Loss - Mean: 0.00000, Variance: 0.00000

Test Epoch: 19 
task: majority, mean loss: 3.85381, accuracy: 0.10100, task: max, mean loss: 2.23310, accuracy: 0.21800, task: top, mean loss: 2.83612, accuracy: 0.09000, task: multi, mean loss: 0.68423, multilabel_accuracy: 0.00300, avg. loss over tasks: 2.40181
Diversity Loss - Mean: 0.00000, Variance: 0.00000
Semantic Loss - Mean: 0.00000, Variance: 0.00000

Train Epoch: 20 
task: majority, mean loss: 1.80153, accuracy: 0.29250, task: max, mean loss: 1.65636, accuracy: 0.36750, task: top, mean loss: 1.94051, accuracy: 0.26375, task: multi, mean loss: 0.56026, multilabel_accuracy: 0.00750, avg. loss over tasks: 1.48966, lr: 0.0009698764640825613
Diversity Loss - Mean: 0.00000, Variance: 0.00000
Semantic Loss - Mean: 0.00000, Variance: 0.00000

Test Epoch: 20 
task: majority, mean loss: 2.90160, accuracy: 0.17400, task: max, mean loss: 1.89158, accuracy: 0.29700, task: top, mean loss: 2.52676, accuracy: 0.15600, task: multi, mean loss: 0.64898, multilabel_accuracy: 0.00300, avg. loss over tasks: 1.99223
Diversity Loss - Mean: 0.00000, Variance: 0.00000
Semantic Loss - Mean: 0.00000, Variance: 0.00000

Train Epoch: 21 
task: majority, mean loss: 1.59026, accuracy: 0.35500, task: max, mean loss: 1.59708, accuracy: 0.38125, task: top, mean loss: 1.73888, accuracy: 0.33625, task: multi, mean loss: 0.54308, multilabel_accuracy: 0.01625, avg. loss over tasks: 1.36733, lr: 0.0009636283353561103
Diversity Loss - Mean: 0.00000, Variance: 0.00000
Semantic Loss - Mean: 0.00000, Variance: 0.00000

Test Epoch: 21 
task: majority, mean loss: 1.84901, accuracy: 0.32900, task: max, mean loss: 1.81703, accuracy: 0.29200, task: top, mean loss: 1.90386, accuracy: 0.32400, task: multi, mean loss: 0.56468, multilabel_accuracy: 0.00700, avg. loss over tasks: 1.53365
Diversity Loss - Mean: 0.00000, Variance: 0.00000
Semantic Loss - Mean: 0.00000, Variance: 0.00000

Train Epoch: 22 
task: majority, mean loss: 1.51184, accuracy: 0.44125, task: max, mean loss: 1.60023, accuracy: 0.40000, task: top, mean loss: 1.67169, accuracy: 0.38375, task: multi, mean loss: 0.54218, multilabel_accuracy: 0.01375, avg. loss over tasks: 1.33149, lr: 0.0009568159560924791
Diversity Loss - Mean: 0.00000, Variance: 0.00000
Semantic Loss - Mean: 0.00000, Variance: 0.00000

Test Epoch: 22 
task: majority, mean loss: 2.21039, accuracy: 0.27800, task: max, mean loss: 1.84733, accuracy: 0.29200, task: top, mean loss: 2.32227, accuracy: 0.26300, task: multi, mean loss: 0.63743, multilabel_accuracy: 0.00400, avg. loss over tasks: 1.75435
Diversity Loss - Mean: 0.00000, Variance: 0.00000
Semantic Loss - Mean: 0.00000, Variance: 0.00000

Train Epoch: 23 
task: majority, mean loss: 1.45107, accuracy: 0.43625, task: max, mean loss: 1.56862, accuracy: 0.41625, task: top, mean loss: 1.58360, accuracy: 0.39750, task: multi, mean loss: 0.53516, multilabel_accuracy: 0.02000, avg. loss over tasks: 1.28461, lr: 0.000949447626126434
Diversity Loss - Mean: 0.00000, Variance: 0.00000
Semantic Loss - Mean: 0.00000, Variance: 0.00000

Test Epoch: 23 
task: majority, mean loss: 2.82673, accuracy: 0.25400, task: max, mean loss: 1.79787, accuracy: 0.35000, task: top, mean loss: 2.62323, accuracy: 0.20700, task: multi, mean loss: 0.62731, multilabel_accuracy: 0.01200, avg. loss over tasks: 1.96878
Diversity Loss - Mean: 0.00000, Variance: 0.00000
Semantic Loss - Mean: 0.00000, Variance: 0.00000

Train Epoch: 24 
task: majority, mean loss: 1.40139, accuracy: 0.45625, task: max, mean loss: 1.57720, accuracy: 0.38500, task: top, mean loss: 1.53690, accuracy: 0.40000, task: multi, mean loss: 0.53208, multilabel_accuracy: 0.02250, avg. loss over tasks: 1.26189, lr: 0.000941532322633034
Diversity Loss - Mean: 0.00000, Variance: 0.00000
Semantic Loss - Mean: 0.00000, Variance: 0.00000

Test Epoch: 24 
task: majority, mean loss: 3.38526, accuracy: 0.25100, task: max, mean loss: 2.45137, accuracy: 0.17200, task: top, mean loss: 2.74646, accuracy: 0.22900, task: multi, mean loss: 0.67185, multilabel_accuracy: 0.01200, avg. loss over tasks: 2.31373
Diversity Loss - Mean: 0.00000, Variance: 0.00000
Semantic Loss - Mean: 0.00000, Variance: 0.00000

Train Epoch: 25 
task: majority, mean loss: 1.41345, accuracy: 0.47875, task: max, mean loss: 1.51907, accuracy: 0.41750, task: top, mean loss: 1.52337, accuracy: 0.41625, task: multi, mean loss: 0.53302, multilabel_accuracy: 0.01500, avg. loss over tasks: 1.24723, lr: 0.0009330796891903273
Diversity Loss - Mean: 0.00000, Variance: 0.00000
Semantic Loss - Mean: 0.00000, Variance: 0.00000

Test Epoch: 25 
task: majority, mean loss: 2.14148, accuracy: 0.26600, task: max, mean loss: 1.89070, accuracy: 0.31200, task: top, mean loss: 2.04249, accuracy: 0.28900, task: multi, mean loss: 0.57533, multilabel_accuracy: 0.00700, avg. loss over tasks: 1.66250
Diversity Loss - Mean: 0.00000, Variance: 0.00000
Semantic Loss - Mean: 0.00000, Variance: 0.00000

Train Epoch: 26 
task: majority, mean loss: 1.38316, accuracy: 0.45000, task: max, mean loss: 1.56236, accuracy: 0.42250, task: top, mean loss: 1.50351, accuracy: 0.43125, task: multi, mean loss: 0.52739, multilabel_accuracy: 0.01250, avg. loss over tasks: 1.24411, lr: 0.0009241000240301347
Diversity Loss - Mean: 0.00000, Variance: 0.00000
Semantic Loss - Mean: 0.00000, Variance: 0.00000

Test Epoch: 26 
task: majority, mean loss: 3.16488, accuracy: 0.24700, task: max, mean loss: 1.73210, accuracy: 0.36900, task: top, mean loss: 2.92504, accuracy: 0.21500, task: multi, mean loss: 0.67995, multilabel_accuracy: 0.01500, avg. loss over tasks: 2.12549
Diversity Loss - Mean: 0.00000, Variance: 0.00000
Semantic Loss - Mean: 0.00000, Variance: 0.00000

Train Epoch: 27 
task: majority, mean loss: 1.36583, accuracy: 0.48625, task: max, mean loss: 1.49814, accuracy: 0.45375, task: top, mean loss: 1.46531, accuracy: 0.45625, task: multi, mean loss: 0.53371, multilabel_accuracy: 0.01875, avg. loss over tasks: 1.21575, lr: 0.0009146042674912433
Diversity Loss - Mean: 0.00000, Variance: 0.00000
Semantic Loss - Mean: 0.00000, Variance: 0.00000

Test Epoch: 27 
task: majority, mean loss: 2.28801, accuracy: 0.24400, task: max, mean loss: 1.90217, accuracy: 0.31300, task: top, mean loss: 1.96788, accuracy: 0.31900, task: multi, mean loss: 0.58286, multilabel_accuracy: 0.00700, avg. loss over tasks: 1.68523
Diversity Loss - Mean: 0.00000, Variance: 0.00000
Semantic Loss - Mean: 0.00000, Variance: 0.00000

Train Epoch: 28 
task: majority, mean loss: 1.34397, accuracy: 0.49625, task: max, mean loss: 1.49983, accuracy: 0.43000, task: top, mean loss: 1.41203, accuracy: 0.48000, task: multi, mean loss: 0.52733, multilabel_accuracy: 0.01250, avg. loss over tasks: 1.19579, lr: 0.0009046039886902862
Diversity Loss - Mean: 0.00000, Variance: 0.00000
Semantic Loss - Mean: 0.00000, Variance: 0.00000

Test Epoch: 28 
task: majority, mean loss: 1.64727, accuracy: 0.43200, task: max, mean loss: 1.63188, accuracy: 0.38900, task: top, mean loss: 2.05621, accuracy: 0.34600, task: multi, mean loss: 0.57034, multilabel_accuracy: 0.01400, avg. loss over tasks: 1.47643
Diversity Loss - Mean: 0.00000, Variance: 0.00000
Semantic Loss - Mean: 0.00000, Variance: 0.00000

Train Epoch: 29 
task: majority, mean loss: 1.35765, accuracy: 0.46500, task: max, mean loss: 1.45231, accuracy: 0.45500, task: top, mean loss: 1.42339, accuracy: 0.46375, task: multi, mean loss: 0.52562, multilabel_accuracy: 0.01625, avg. loss over tasks: 1.18974, lr: 0.0008941113714265575
Diversity Loss - Mean: 0.00000, Variance: 0.00000
Semantic Loss - Mean: 0.00000, Variance: 0.00000

Test Epoch: 29 
task: majority, mean loss: 1.34596, accuracy: 0.47200, task: max, mean loss: 1.67015, accuracy: 0.38500, task: top, mean loss: 1.59203, accuracy: 0.40700, task: multi, mean loss: 0.53884, multilabel_accuracy: 0.01500, avg. loss over tasks: 1.28674
Diversity Loss - Mean: 0.00000, Variance: 0.00000
Semantic Loss - Mean: 0.00000, Variance: 0.00000

Train Epoch: 30 
task: majority, mean loss: 1.31061, accuracy: 0.48625, task: max, mean loss: 1.49195, accuracy: 0.44625, task: top, mean loss: 1.37876, accuracy: 0.48500, task: multi, mean loss: 0.52437, multilabel_accuracy: 0.01375, avg. loss over tasks: 1.17642, lr: 0.0008831391993379295
Diversity Loss - Mean: 0.00000, Variance: 0.00000
Semantic Loss - Mean: 0.00000, Variance: 0.00000

Test Epoch: 30 
task: majority, mean loss: 2.03622, accuracy: 0.30200, task: max, mean loss: 2.04912, accuracy: 0.24400, task: top, mean loss: 1.90264, accuracy: 0.33600, task: multi, mean loss: 0.57052, multilabel_accuracy: 0.01900, avg. loss over tasks: 1.63963
Diversity Loss - Mean: 0.00000, Variance: 0.00000
Semantic Loss - Mean: 0.00000, Variance: 0.00000

Train Epoch: 31 
task: majority, mean loss: 1.20544, accuracy: 0.53875, task: max, mean loss: 1.41769, accuracy: 0.48250, task: top, mean loss: 1.25988, accuracy: 0.55375, task: multi, mean loss: 0.51465, multilabel_accuracy: 0.01500, avg. loss over tasks: 1.09942, lr: 0.0008717008403259584
Diversity Loss - Mean: 0.00000, Variance: 0.00000
Semantic Loss - Mean: 0.00000, Variance: 0.00000

Test Epoch: 31 
task: majority, mean loss: 1.87320, accuracy: 0.36500, task: max, mean loss: 1.72284, accuracy: 0.34500, task: top, mean loss: 2.01371, accuracy: 0.36200, task: multi, mean loss: 0.56757, multilabel_accuracy: 0.01400, avg. loss over tasks: 1.54433
Diversity Loss - Mean: 0.00000, Variance: 0.00000
Semantic Loss - Mean: 0.00000, Variance: 0.00000

Train Epoch: 32 
task: majority, mean loss: 1.14638, accuracy: 0.55250, task: max, mean loss: 1.40166, accuracy: 0.47500, task: top, mean loss: 1.20245, accuracy: 0.57375, task: multi, mean loss: 0.51511, multilabel_accuracy: 0.01625, avg. loss over tasks: 1.06640, lr: 0.0008598102302691562
Diversity Loss - Mean: 0.00000, Variance: 0.00000
Semantic Loss - Mean: 0.00000, Variance: 0.00000

Test Epoch: 32 
task: majority, mean loss: 1.35967, accuracy: 0.46500, task: max, mean loss: 1.67147, accuracy: 0.40400, task: top, mean loss: 1.45976, accuracy: 0.47200, task: multi, mean loss: 0.53224, multilabel_accuracy: 0.01700, avg. loss over tasks: 1.25578
Diversity Loss - Mean: 0.00000, Variance: 0.00000
Semantic Loss - Mean: 0.00000, Variance: 0.00000

Train Epoch: 33 
task: majority, mean loss: 1.19169, accuracy: 0.53500, task: max, mean loss: 1.37642, accuracy: 0.48375, task: top, mean loss: 1.17971, accuracy: 0.55500, task: multi, mean loss: 0.50933, multilabel_accuracy: 0.02375, avg. loss over tasks: 1.06429, lr: 0.0008474818560442692
Diversity Loss - Mean: 0.00000, Variance: 0.00000
Semantic Loss - Mean: 0.00000, Variance: 0.00000

Test Epoch: 33 
task: majority, mean loss: 2.66736, accuracy: 0.25700, task: max, mean loss: 2.36815, accuracy: 0.27000, task: top, mean loss: 2.11902, accuracy: 0.34800, task: multi, mean loss: 0.60165, multilabel_accuracy: 0.00600, avg. loss over tasks: 1.93905
Diversity Loss - Mean: 0.00000, Variance: 0.00000
Semantic Loss - Mean: 0.00000, Variance: 0.00000

Train Epoch: 34 
task: majority, mean loss: 1.09787, accuracy: 0.57000, task: max, mean loss: 1.38658, accuracy: 0.48250, task: top, mean loss: 1.07130, accuracy: 0.60625, task: multi, mean loss: 0.50265, multilabel_accuracy: 0.02500, avg. loss over tasks: 1.01460, lr: 0.0008347307378762497
Diversity Loss - Mean: 0.00000, Variance: 0.00000
Semantic Loss - Mean: 0.00000, Variance: 0.00000

Test Epoch: 34 
task: majority, mean loss: 1.26238, accuracy: 0.50800, task: max, mean loss: 1.59975, accuracy: 0.41000, task: top, mean loss: 1.47843, accuracy: 0.46900, task: multi, mean loss: 0.50653, multilabel_accuracy: 0.02700, avg. loss over tasks: 1.21177
Diversity Loss - Mean: 0.00000, Variance: 0.00000
Semantic Loss - Mean: 0.00000, Variance: 0.00000

Train Epoch: 35 
task: majority, mean loss: 1.14024, accuracy: 0.54750, task: max, mean loss: 1.33288, accuracy: 0.50625, task: top, mean loss: 1.10616, accuracy: 0.62000, task: multi, mean loss: 0.50445, multilabel_accuracy: 0.02000, avg. loss over tasks: 1.02093, lr: 0.0008215724110384264
Diversity Loss - Mean: 0.00000, Variance: 0.00000
Semantic Loss - Mean: 0.00000, Variance: 0.00000

Test Epoch: 35 
task: majority, mean loss: 2.14614, accuracy: 0.30100, task: max, mean loss: 1.82148, accuracy: 0.30200, task: top, mean loss: 1.97428, accuracy: 0.37000, task: multi, mean loss: 0.57079, multilabel_accuracy: 0.01600, avg. loss over tasks: 1.62817
Diversity Loss - Mean: 0.00000, Variance: 0.00000
Semantic Loss - Mean: 0.00000, Variance: 0.00000

Train Epoch: 36 
task: majority, mean loss: 1.08245, accuracy: 0.58125, task: max, mean loss: 1.29409, accuracy: 0.52625, task: top, mean loss: 1.04532, accuracy: 0.60500, task: multi, mean loss: 0.49818, multilabel_accuracy: 0.02375, avg. loss over tasks: 0.98001, lr: 0.0008080229069251663
Diversity Loss - Mean: 0.00000, Variance: 0.00000
Semantic Loss - Mean: 0.00000, Variance: 0.00000

Test Epoch: 36 
task: majority, mean loss: 2.32119, accuracy: 0.29700, task: max, mean loss: 2.16357, accuracy: 0.29300, task: top, mean loss: 2.38538, accuracy: 0.31600, task: multi, mean loss: 0.56136, multilabel_accuracy: 0.00900, avg. loss over tasks: 1.85788
Diversity Loss - Mean: 0.00000, Variance: 0.00000
Semantic Loss - Mean: 0.00000, Variance: 0.00000

Train Epoch: 37 
task: majority, mean loss: 1.00290, accuracy: 0.64625, task: max, mean loss: 1.29002, accuracy: 0.52500, task: top, mean loss: 1.03381, accuracy: 0.63375, task: multi, mean loss: 0.49551, multilabel_accuracy: 0.02000, avg. loss over tasks: 0.95556, lr: 0.0007940987335200902
Diversity Loss - Mean: 0.00000, Variance: 0.00000
Semantic Loss - Mean: 0.00000, Variance: 0.00000

Test Epoch: 37 
task: majority, mean loss: 2.38037, accuracy: 0.37500, task: max, mean loss: 1.75432, accuracy: 0.38400, task: top, mean loss: 1.86744, accuracy: 0.41100, task: multi, mean loss: 0.55872, multilabel_accuracy: 0.01600, avg. loss over tasks: 1.64021
Diversity Loss - Mean: 0.00000, Variance: 0.00000
Semantic Loss - Mean: 0.00000, Variance: 0.00000

Train Epoch: 38 
task: majority, mean loss: 0.96239, accuracy: 0.62875, task: max, mean loss: 1.21564, accuracy: 0.55000, task: top, mean loss: 0.95000, accuracy: 0.65250, task: multi, mean loss: 0.48339, multilabel_accuracy: 0.03250, avg. loss over tasks: 0.90286, lr: 0.0007798168552836382
Diversity Loss - Mean: 0.00000, Variance: 0.00000
Semantic Loss - Mean: 0.00000, Variance: 0.00000

Test Epoch: 38 
task: majority, mean loss: 3.17266, accuracy: 0.18700, task: max, mean loss: 1.94647, accuracy: 0.35000, task: top, mean loss: 2.14396, accuracy: 0.36500, task: multi, mean loss: 0.63848, multilabel_accuracy: 0.01300, avg. loss over tasks: 1.97539
Diversity Loss - Mean: 0.00000, Variance: 0.00000
Semantic Loss - Mean: 0.00000, Variance: 0.00000

Train Epoch: 39 
task: majority, mean loss: 0.94803, accuracy: 0.65000, task: max, mean loss: 1.22129, accuracy: 0.55875, task: top, mean loss: 0.91546, accuracy: 0.68250, task: multi, mean loss: 0.48369, multilabel_accuracy: 0.04000, avg. loss over tasks: 0.89212, lr: 0.000765194672484486
Diversity Loss - Mean: 0.00000, Variance: 0.00000
Semantic Loss - Mean: 0.00000, Variance: 0.00000

Test Epoch: 39 
task: majority, mean loss: 1.15049, accuracy: 0.56400, task: max, mean loss: 1.57398, accuracy: 0.44800, task: top, mean loss: 1.29517, accuracy: 0.54700, task: multi, mean loss: 0.49206, multilabel_accuracy: 0.03200, avg. loss over tasks: 1.12793
Diversity Loss - Mean: 0.00000, Variance: 0.00000
Semantic Loss - Mean: 0.00000, Variance: 0.00000

Train Epoch: 40 
task: majority, mean loss: 0.84794, accuracy: 0.67250, task: max, mean loss: 1.14000, accuracy: 0.58000, task: top, mean loss: 0.84954, accuracy: 0.69000, task: multi, mean loss: 0.47305, multilabel_accuracy: 0.04250, avg. loss over tasks: 0.82763, lr: 0.00075025
Diversity Loss - Mean: 0.00000, Variance: 0.00000
Semantic Loss - Mean: 0.00000, Variance: 0.00000

Test Epoch: 40 
task: majority, mean loss: 2.47693, accuracy: 0.30500, task: max, mean loss: 1.79529, accuracy: 0.42000, task: top, mean loss: 2.02453, accuracy: 0.40100, task: multi, mean loss: 0.59690, multilabel_accuracy: 0.01200, avg. loss over tasks: 1.72341
Diversity Loss - Mean: 0.00000, Variance: 0.00000
Semantic Loss - Mean: 0.00000, Variance: 0.00000

Train Epoch: 41 
task: majority, mean loss: 0.78223, accuracy: 0.71000, task: max, mean loss: 1.07725, accuracy: 0.60875, task: top, mean loss: 0.76650, accuracy: 0.71625, task: multi, mean loss: 0.46658, multilabel_accuracy: 0.04375, avg. loss over tasks: 0.77314, lr: 0.0007350010456115524
Diversity Loss - Mean: 0.00000, Variance: 0.00000
Semantic Loss - Mean: 0.00000, Variance: 0.00000

Test Epoch: 41 
task: majority, mean loss: 1.45981, accuracy: 0.50800, task: max, mean loss: 1.61268, accuracy: 0.43100, task: top, mean loss: 1.49179, accuracy: 0.52300, task: multi, mean loss: 0.52109, multilabel_accuracy: 0.02400, avg. loss over tasks: 1.27134
Diversity Loss - Mean: 0.00000, Variance: 0.00000
Semantic Loss - Mean: 0.00000, Variance: 0.00000

Train Epoch: 42 
task: majority, mean loss: 0.82809, accuracy: 0.69125, task: max, mean loss: 1.08352, accuracy: 0.62500, task: top, mean loss: 0.86750, accuracy: 0.70125, task: multi, mean loss: 0.46480, multilabel_accuracy: 0.04125, avg. loss over tasks: 0.81098, lr: 0.0007194663878211441
Diversity Loss - Mean: 0.00000, Variance: 0.00000
Semantic Loss - Mean: 0.00000, Variance: 0.00000

Test Epoch: 42 
task: majority, mean loss: 1.75178, accuracy: 0.42600, task: max, mean loss: 1.52447, accuracy: 0.46100, task: top, mean loss: 1.37485, accuracy: 0.53000, task: multi, mean loss: 0.54159, multilabel_accuracy: 0.02900, avg. loss over tasks: 1.29817
Diversity Loss - Mean: 0.00000, Variance: 0.00000
Semantic Loss - Mean: 0.00000, Variance: 0.00000

Train Epoch: 43 
task: majority, mean loss: 0.75615, accuracy: 0.72500, task: max, mean loss: 1.08880, accuracy: 0.60250, task: top, mean loss: 0.70415, accuracy: 0.74125, task: multi, mean loss: 0.45754, multilabel_accuracy: 0.05250, avg. loss over tasks: 0.75166, lr: 0.0007036649532163622
Diversity Loss - Mean: 0.00000, Variance: 0.00000
Semantic Loss - Mean: 0.00000, Variance: 0.00000

Test Epoch: 43 
task: majority, mean loss: 2.89572, accuracy: 0.23200, task: max, mean loss: 2.12848, accuracy: 0.37700, task: top, mean loss: 2.56108, accuracy: 0.28900, task: multi, mean loss: 0.59928, multilabel_accuracy: 0.01300, avg. loss over tasks: 2.04614
Diversity Loss - Mean: 0.00000, Variance: 0.00000
Semantic Loss - Mean: 0.00000, Variance: 0.00000

Train Epoch: 44 
task: majority, mean loss: 0.76461, accuracy: 0.72875, task: max, mean loss: 1.02983, accuracy: 0.63625, task: top, mean loss: 0.69113, accuracy: 0.76625, task: multi, mean loss: 0.45899, multilabel_accuracy: 0.04750, avg. loss over tasks: 0.73614, lr: 0.0006876159934112482
Diversity Loss - Mean: 0.00000, Variance: 0.00000
Semantic Loss - Mean: 0.00000, Variance: 0.00000

