Generating dataset...
Data generation successful. Proceeding with training.
Used config:
{'B': 16,
 'B_seq': 16,
 'D': 128,
 'D_inner': 512,
 'D_k': 16,
 'D_v': 16,
 'H': 8,
 'I': 100,
 'M': 100,
 'N': 3600,
 'attn_dropout': 0.1,
 'data_dir': 'data/megapixel_mnist/dsets/megapixel_mnist_1500',
 'dropout': 0.1,
 'eager': True,
 'enc_type': 'resnet18',
 'eps': 1e-06,
 'is_image': True,
 'lr': 0.001,
 'mask_K': 10,
 'mask_p': 0,
 'n_chan_in': 1,
 'n_class': 10,
 'n_epoch': 100,
 'n_epoch_warmup': 10,
 'n_res_blocks': 2,
 'n_token': 4,
 'n_worker': 4,
 'patch_size': [50, 50],
 'patch_stride': [50, 50],
 'pin_memory': True,
 'pretrained': False,
 'seed': 0,
 'semantic_diversity_loss': False,
 'shuffle': True,
 'shuffle_style': 'batch',
 'tasks': {'task0': {'act_fn': 'softmax',
                     'id': 0,
                     'metric': 'accuracy',
                     'name': 'majority'},
           'task1': {'act_fn': 'softmax',
                     'id': 1,
                     'metric': 'accuracy',
                     'name': 'max'},
           'task2': {'act_fn': 'softmax',
                     'id': 2,
                     'metric': 'accuracy',
                     'name': 'top'},
           'task3': {'act_fn': 'sigmoid',
                     'id': 3,
                     'metric': 'multilabel_accuracy',
                     'name': 'multi'}},
 'track_efficiency': False,
 'track_epoch': 0,
 'use_pos': True,
 'wd': 0.1}
Train Epoch: 1 
task: majority, mean loss: 2.34175, accuracy: 0.10720, task: max, mean loss: 2.00408, accuracy: 0.25800, task: top, mean loss: 2.34207, accuracy: 0.09660, task: multi, mean loss: 0.64729, multilabel_accuracy: 0.00100, avg. loss over tasks: 1.83380, lr: 0.0001
Diversity Loss - Mean: 0.00000, Variance: 0.00000
Semantic Loss - Mean: 0.00000, Variance: 0.00000

Test Epoch: 1 
task: majority, mean loss: 2.31900, accuracy: 0.09200, task: max, mean loss: 1.87087, accuracy: 0.21400, task: top, mean loss: 2.32828, accuracy: 0.08900, task: multi, mean loss: 0.60176, multilabel_accuracy: 0.00000, avg. loss over tasks: 1.77997
Diversity Loss - Mean: 0.00000, Variance: 0.00000
Semantic Loss - Mean: 0.00000, Variance: 0.00000

Train Epoch: 2 
task: majority, mean loss: 2.32119, accuracy: 0.10140, task: max, mean loss: 1.82803, accuracy: 0.26960, task: top, mean loss: 2.32446, accuracy: 0.10040, task: multi, mean loss: 0.60453, multilabel_accuracy: 0.00000, avg. loss over tasks: 1.76955, lr: 0.0002
Diversity Loss - Mean: 0.00000, Variance: 0.00000
Semantic Loss - Mean: 0.00000, Variance: 0.00000

Test Epoch: 2 
task: majority, mean loss: 2.31834, accuracy: 0.10000, task: max, mean loss: 1.87690, accuracy: 0.21300, task: top, mean loss: 2.30806, accuracy: 0.10300, task: multi, mean loss: 0.60164, multilabel_accuracy: 0.00000, avg. loss over tasks: 1.77624
Diversity Loss - Mean: 0.00000, Variance: 0.00000
Semantic Loss - Mean: 0.00000, Variance: 0.00000

Train Epoch: 3 
task: majority, mean loss: 2.31654, accuracy: 0.10760, task: max, mean loss: 1.82479, accuracy: 0.26800, task: top, mean loss: 2.31600, accuracy: 0.10460, task: multi, mean loss: 0.60410, multilabel_accuracy: 0.00000, avg. loss over tasks: 1.76536, lr: 0.00030000000000000003
Diversity Loss - Mean: 0.00000, Variance: 0.00000
Semantic Loss - Mean: 0.00000, Variance: 0.00000

Test Epoch: 3 
task: majority, mean loss: 2.30013, accuracy: 0.11200, task: max, mean loss: 1.89420, accuracy: 0.27400, task: top, mean loss: 2.31262, accuracy: 0.09600, task: multi, mean loss: 0.60292, multilabel_accuracy: 0.00000, avg. loss over tasks: 1.77747
Diversity Loss - Mean: 0.00000, Variance: 0.00000
Semantic Loss - Mean: 0.00000, Variance: 0.00000

Train Epoch: 4 
task: majority, mean loss: 2.21283, accuracy: 0.15980, task: max, mean loss: 1.80300, accuracy: 0.28140, task: top, mean loss: 2.26931, accuracy: 0.12800, task: multi, mean loss: 0.59450, multilabel_accuracy: 0.00020, avg. loss over tasks: 1.71991, lr: 0.0004
Diversity Loss - Mean: 0.00000, Variance: 0.00000
Semantic Loss - Mean: 0.00000, Variance: 0.00000

Test Epoch: 4 
task: majority, mean loss: 2.13640, accuracy: 0.18400, task: max, mean loss: 1.80787, accuracy: 0.28400, task: top, mean loss: 2.22909, accuracy: 0.15600, task: multi, mean loss: 0.57485, multilabel_accuracy: 0.00000, avg. loss over tasks: 1.68705
Diversity Loss - Mean: 0.00000, Variance: 0.00000
Semantic Loss - Mean: 0.00000, Variance: 0.00000

Train Epoch: 5 
task: majority, mean loss: 2.10516, accuracy: 0.19620, task: max, mean loss: 1.74021, accuracy: 0.31560, task: top, mean loss: 2.19188, accuracy: 0.17140, task: multi, mean loss: 0.57327, multilabel_accuracy: 0.00080, avg. loss over tasks: 1.65263, lr: 0.0005
Diversity Loss - Mean: 0.00000, Variance: 0.00000
Semantic Loss - Mean: 0.00000, Variance: 0.00000

Test Epoch: 5 
task: majority, mean loss: 2.69118, accuracy: 0.10400, task: max, mean loss: 2.17113, accuracy: 0.26600, task: top, mean loss: 2.45927, accuracy: 0.10600, task: multi, mean loss: 0.66678, multilabel_accuracy: 0.00600, avg. loss over tasks: 1.99709
Diversity Loss - Mean: 0.00000, Variance: 0.00000
Semantic Loss - Mean: 0.00000, Variance: 0.00000

Train Epoch: 6 
task: majority, mean loss: 2.00770, accuracy: 0.24680, task: max, mean loss: 1.66902, accuracy: 0.35480, task: top, mean loss: 2.10299, accuracy: 0.22240, task: multi, mean loss: 0.55905, multilabel_accuracy: 0.00280, avg. loss over tasks: 1.58469, lr: 0.0006000000000000001
Diversity Loss - Mean: 0.00000, Variance: 0.00000
Semantic Loss - Mean: 0.00000, Variance: 0.00000

Test Epoch: 6 
task: majority, mean loss: 2.00066, accuracy: 0.27300, task: max, mean loss: 1.65345, accuracy: 0.36300, task: top, mean loss: 2.06970, accuracy: 0.24200, task: multi, mean loss: 0.54094, multilabel_accuracy: 0.00100, avg. loss over tasks: 1.56619
Diversity Loss - Mean: 0.00000, Variance: 0.00000
Semantic Loss - Mean: 0.00000, Variance: 0.00000

Train Epoch: 7 
task: majority, mean loss: 1.82638, accuracy: 0.34780, task: max, mean loss: 1.53290, accuracy: 0.42520, task: top, mean loss: 1.94194, accuracy: 0.30640, task: multi, mean loss: 0.53381, multilabel_accuracy: 0.00280, avg. loss over tasks: 1.45875, lr: 0.0007
Diversity Loss - Mean: 0.00000, Variance: 0.00000
Semantic Loss - Mean: 0.00000, Variance: 0.00000

Test Epoch: 7 
task: majority, mean loss: 2.00079, accuracy: 0.30700, task: max, mean loss: 1.45734, accuracy: 0.43300, task: top, mean loss: 1.97622, accuracy: 0.29400, task: multi, mean loss: 0.52822, multilabel_accuracy: 0.00100, avg. loss over tasks: 1.49064
Diversity Loss - Mean: 0.00000, Variance: 0.00000
Semantic Loss - Mean: 0.00000, Variance: 0.00000

Train Epoch: 8 
task: majority, mean loss: 1.68153, accuracy: 0.39620, task: max, mean loss: 1.40490, accuracy: 0.47720, task: top, mean loss: 1.80639, accuracy: 0.35900, task: multi, mean loss: 0.50335, multilabel_accuracy: 0.01100, avg. loss over tasks: 1.34904, lr: 0.0008
Diversity Loss - Mean: 0.00000, Variance: 0.00000
Semantic Loss - Mean: 0.00000, Variance: 0.00000

Test Epoch: 8 
task: majority, mean loss: 1.78144, accuracy: 0.37900, task: max, mean loss: 1.36949, accuracy: 0.49000, task: top, mean loss: 1.75784, accuracy: 0.36400, task: multi, mean loss: 0.50466, multilabel_accuracy: 0.01200, avg. loss over tasks: 1.35336
Diversity Loss - Mean: 0.00000, Variance: 0.00000
Semantic Loss - Mean: 0.00000, Variance: 0.00000

Train Epoch: 9 
task: majority, mean loss: 1.53959, accuracy: 0.44120, task: max, mean loss: 1.27260, accuracy: 0.52780, task: top, mean loss: 1.65396, accuracy: 0.43080, task: multi, mean loss: 0.48706, multilabel_accuracy: 0.02180, avg. loss over tasks: 1.23831, lr: 0.0009000000000000001
Diversity Loss - Mean: 0.00000, Variance: 0.00000
Semantic Loss - Mean: 0.00000, Variance: 0.00000

Test Epoch: 9 
task: majority, mean loss: 1.68311, accuracy: 0.40800, task: max, mean loss: 1.38686, accuracy: 0.51900, task: top, mean loss: 1.70790, accuracy: 0.42700, task: multi, mean loss: 0.53271, multilabel_accuracy: 0.02200, avg. loss over tasks: 1.32764
Diversity Loss - Mean: 0.00000, Variance: 0.00000
Semantic Loss - Mean: 0.00000, Variance: 0.00000

Train Epoch: 10 
task: majority, mean loss: 1.22385, accuracy: 0.56980, task: max, mean loss: 1.04523, accuracy: 0.63500, task: top, mean loss: 1.33073, accuracy: 0.56920, task: multi, mean loss: 0.44985, multilabel_accuracy: 0.04680, avg. loss over tasks: 1.01242, lr: 0.001
Diversity Loss - Mean: 0.00000, Variance: 0.00000
Semantic Loss - Mean: 0.00000, Variance: 0.00000

Test Epoch: 10 
task: majority, mean loss: 1.90283, accuracy: 0.39100, task: max, mean loss: 1.23141, accuracy: 0.58100, task: top, mean loss: 1.49828, accuracy: 0.49600, task: multi, mean loss: 0.49827, multilabel_accuracy: 0.03600, avg. loss over tasks: 1.28270
Diversity Loss - Mean: 0.00000, Variance: 0.00000
Semantic Loss - Mean: 0.00000, Variance: 0.00000

Train Epoch: 11 
task: majority, mean loss: 0.95514, accuracy: 0.67000, task: max, mean loss: 0.86305, accuracy: 0.70860, task: top, mean loss: 1.07274, accuracy: 0.67320, task: multi, mean loss: 0.40272, multilabel_accuracy: 0.09560, avg. loss over tasks: 0.82341, lr: 0.0009996957180960382
Diversity Loss - Mean: 0.00000, Variance: 0.00000
Semantic Loss - Mean: 0.00000, Variance: 0.00000

Test Epoch: 11 
task: majority, mean loss: 1.77763, accuracy: 0.47600, task: max, mean loss: 1.25923, accuracy: 0.61700, task: top, mean loss: 1.24350, accuracy: 0.60700, task: multi, mean loss: 0.48855, multilabel_accuracy: 0.07000, avg. loss over tasks: 1.19223
Diversity Loss - Mean: 0.00000, Variance: 0.00000
Semantic Loss - Mean: 0.00000, Variance: 0.00000

Train Epoch: 12 
task: majority, mean loss: 0.58191, accuracy: 0.80040, task: max, mean loss: 0.68982, accuracy: 0.76840, task: top, mean loss: 0.77169, accuracy: 0.76280, task: multi, mean loss: 0.32865, multilabel_accuracy: 0.18780, avg. loss over tasks: 0.59302, lr: 0.0009987832431047822
Diversity Loss - Mean: 0.00000, Variance: 0.00000
Semantic Loss - Mean: 0.00000, Variance: 0.00000

Test Epoch: 12 
task: majority, mean loss: 1.26612, accuracy: 0.57800, task: max, mean loss: 0.90026, accuracy: 0.69800, task: top, mean loss: 0.94505, accuracy: 0.69800, task: multi, mean loss: 0.36576, multilabel_accuracy: 0.16000, avg. loss over tasks: 0.86930
Diversity Loss - Mean: 0.00000, Variance: 0.00000
Semantic Loss - Mean: 0.00000, Variance: 0.00000

Train Epoch: 13 
task: majority, mean loss: 0.43318, accuracy: 0.84880, task: max, mean loss: 0.59677, accuracy: 0.80180, task: top, mean loss: 0.61401, accuracy: 0.80560, task: multi, mean loss: 0.28112, multilabel_accuracy: 0.27280, avg. loss over tasks: 0.48127, lr: 0.0009972636867364526
Diversity Loss - Mean: 0.00000, Variance: 0.00000
Semantic Loss - Mean: 0.00000, Variance: 0.00000

Test Epoch: 13 
task: majority, mean loss: 0.51714, accuracy: 0.81400, task: max, mean loss: 0.62316, accuracy: 0.77900, task: top, mean loss: 0.65654, accuracy: 0.79600, task: multi, mean loss: 0.27316, multilabel_accuracy: 0.29900, avg. loss over tasks: 0.51750
Diversity Loss - Mean: 0.00000, Variance: 0.00000
Semantic Loss - Mean: 0.00000, Variance: 0.00000

Train Epoch: 14 
task: majority, mean loss: 0.33487, accuracy: 0.88100, task: max, mean loss: 0.51910, accuracy: 0.83100, task: top, mean loss: 0.50021, accuracy: 0.84760, task: multi, mean loss: 0.24791, multilabel_accuracy: 0.33040, avg. loss over tasks: 0.40052, lr: 0.0009951389003364144
Diversity Loss - Mean: 0.00000, Variance: 0.00000
Semantic Loss - Mean: 0.00000, Variance: 0.00000

Test Epoch: 14 
task: majority, mean loss: 0.44311, accuracy: 0.83700, task: max, mean loss: 0.63294, accuracy: 0.79500, task: top, mean loss: 0.63147, accuracy: 0.80500, task: multi, mean loss: 0.24454, multilabel_accuracy: 0.34500, avg. loss over tasks: 0.48802
Diversity Loss - Mean: 0.00000, Variance: 0.00000
Semantic Loss - Mean: 0.00000, Variance: 0.00000

Train Epoch: 15 
task: majority, mean loss: 0.25879, accuracy: 0.91300, task: max, mean loss: 0.45856, accuracy: 0.85180, task: top, mean loss: 0.44152, accuracy: 0.86800, task: multi, mean loss: 0.22070, multilabel_accuracy: 0.38620, avg. loss over tasks: 0.34489, lr: 0.000992411472629598
Diversity Loss - Mean: 0.00000, Variance: 0.00000
Semantic Loss - Mean: 0.00000, Variance: 0.00000

Test Epoch: 15 
task: majority, mean loss: 0.21629, accuracy: 0.92700, task: max, mean loss: 0.47599, accuracy: 0.85000, task: top, mean loss: 0.46610, accuracy: 0.84700, task: multi, mean loss: 0.19099, multilabel_accuracy: 0.46700, avg. loss over tasks: 0.33734
Diversity Loss - Mean: 0.00000, Variance: 0.00000
Semantic Loss - Mean: 0.00000, Variance: 0.00000

Train Epoch: 16 
task: majority, mean loss: 0.23594, accuracy: 0.91540, task: max, mean loss: 0.39316, accuracy: 0.87540, task: top, mean loss: 0.38579, accuracy: 0.88200, task: multi, mean loss: 0.19950, multilabel_accuracy: 0.44400, avg. loss over tasks: 0.30360, lr: 0.000989084726566536
Diversity Loss - Mean: 0.00000, Variance: 0.00000
Semantic Loss - Mean: 0.00000, Variance: 0.00000

Test Epoch: 16 
task: majority, mean loss: 0.21291, accuracy: 0.92100, task: max, mean loss: 0.41583, accuracy: 0.86500, task: top, mean loss: 0.49979, accuracy: 0.84200, task: multi, mean loss: 0.17978, multilabel_accuracy: 0.51600, avg. loss over tasks: 0.32708
Diversity Loss - Mean: 0.00000, Variance: 0.00000
Semantic Loss - Mean: 0.00000, Variance: 0.00000

Train Epoch: 17 
task: majority, mean loss: 0.19558, accuracy: 0.93120, task: max, mean loss: 0.35843, accuracy: 0.88440, task: top, mean loss: 0.33017, accuracy: 0.90320, task: multi, mean loss: 0.18759, multilabel_accuracy: 0.45980, avg. loss over tasks: 0.26794, lr: 0.00098516271527486
Diversity Loss - Mean: 0.00000, Variance: 0.00000
Semantic Loss - Mean: 0.00000, Variance: 0.00000

Test Epoch: 17 
task: majority, mean loss: 0.22979, accuracy: 0.92200, task: max, mean loss: 0.44353, accuracy: 0.85300, task: top, mean loss: 0.57623, accuracy: 0.83800, task: multi, mean loss: 0.18636, multilabel_accuracy: 0.50100, avg. loss over tasks: 0.35898
Diversity Loss - Mean: 0.00000, Variance: 0.00000
Semantic Loss - Mean: 0.00000, Variance: 0.00000

Train Epoch: 18 
task: majority, mean loss: 0.17854, accuracy: 0.93540, task: max, mean loss: 0.31770, accuracy: 0.89740, task: top, mean loss: 0.32643, accuracy: 0.90100, task: multi, mean loss: 0.17669, multilabel_accuracy: 0.50280, avg. loss over tasks: 0.24984, lr: 0.0009806502171211902
Diversity Loss - Mean: 0.00000, Variance: 0.00000
Semantic Loss - Mean: 0.00000, Variance: 0.00000

Test Epoch: 18 
task: majority, mean loss: 0.23596, accuracy: 0.92200, task: max, mean loss: 0.51449, accuracy: 0.84500, task: top, mean loss: 0.45457, accuracy: 0.86200, task: multi, mean loss: 0.17046, multilabel_accuracy: 0.52100, avg. loss over tasks: 0.34387
Diversity Loss - Mean: 0.00000, Variance: 0.00000
Semantic Loss - Mean: 0.00000, Variance: 0.00000

Train Epoch: 19 
task: majority, mean loss: 0.16163, accuracy: 0.94460, task: max, mean loss: 0.28496, accuracy: 0.91080, task: top, mean loss: 0.26178, accuracy: 0.91880, task: multi, mean loss: 0.15946, multilabel_accuracy: 0.54800, avg. loss over tasks: 0.21696, lr: 0.0009755527298894293
Diversity Loss - Mean: 0.00000, Variance: 0.00000
Semantic Loss - Mean: 0.00000, Variance: 0.00000

Test Epoch: 19 
task: majority, mean loss: 0.60790, accuracy: 0.80100, task: max, mean loss: 0.48511, accuracy: 0.85100, task: top, mean loss: 1.05626, accuracy: 0.74000, task: multi, mean loss: 0.23240, multilabel_accuracy: 0.41600, avg. loss over tasks: 0.59542
Diversity Loss - Mean: 0.00000, Variance: 0.00000
Semantic Loss - Mean: 0.00000, Variance: 0.00000

Train Epoch: 20 
task: majority, mean loss: 0.15610, accuracy: 0.94420, task: max, mean loss: 0.28806, accuracy: 0.90820, task: top, mean loss: 0.26468, accuracy: 0.91780, task: multi, mean loss: 0.16019, multilabel_accuracy: 0.54940, avg. loss over tasks: 0.21726, lr: 0.0009698764640825613
Diversity Loss - Mean: 0.00000, Variance: 0.00000
Semantic Loss - Mean: 0.00000, Variance: 0.00000

Test Epoch: 20 
task: majority, mean loss: 0.55795, accuracy: 0.82100, task: max, mean loss: 0.95746, accuracy: 0.72700, task: top, mean loss: 1.03305, accuracy: 0.73600, task: multi, mean loss: 0.22533, multilabel_accuracy: 0.43000, avg. loss over tasks: 0.69345
Diversity Loss - Mean: 0.00000, Variance: 0.00000
Semantic Loss - Mean: 0.00000, Variance: 0.00000

Train Epoch: 21 
task: majority, mean loss: 0.13326, accuracy: 0.95580, task: max, mean loss: 0.25651, accuracy: 0.91740, task: top, mean loss: 0.22745, accuracy: 0.93100, task: multi, mean loss: 0.14766, multilabel_accuracy: 0.58600, avg. loss over tasks: 0.19122, lr: 0.0009636283353561103
Diversity Loss - Mean: 0.00000, Variance: 0.00000
Semantic Loss - Mean: 0.00000, Variance: 0.00000

Test Epoch: 21 
task: majority, mean loss: 0.11442, accuracy: 0.96500, task: max, mean loss: 0.30300, accuracy: 0.90000, task: top, mean loss: 0.36517, accuracy: 0.89400, task: multi, mean loss: 0.12964, multilabel_accuracy: 0.63800, avg. loss over tasks: 0.22806
Diversity Loss - Mean: 0.00000, Variance: 0.00000
Semantic Loss - Mean: 0.00000, Variance: 0.00000

Train Epoch: 22 
task: majority, mean loss: 0.13667, accuracy: 0.95080, task: max, mean loss: 0.22364, accuracy: 0.93040, task: top, mean loss: 0.21609, accuracy: 0.93580, task: multi, mean loss: 0.13872, multilabel_accuracy: 0.59940, avg. loss over tasks: 0.17878, lr: 0.0009568159560924791
Diversity Loss - Mean: 0.00000, Variance: 0.00000
Semantic Loss - Mean: 0.00000, Variance: 0.00000

Test Epoch: 22 
task: majority, mean loss: 0.11320, accuracy: 0.95800, task: max, mean loss: 0.32594, accuracy: 0.89300, task: top, mean loss: 0.33140, accuracy: 0.90400, task: multi, mean loss: 0.12948, multilabel_accuracy: 0.62800, avg. loss over tasks: 0.22500
Diversity Loss - Mean: 0.00000, Variance: 0.00000
Semantic Loss - Mean: 0.00000, Variance: 0.00000

Train Epoch: 23 
task: majority, mean loss: 0.11509, accuracy: 0.95920, task: max, mean loss: 0.20257, accuracy: 0.93420, task: top, mean loss: 0.19371, accuracy: 0.93940, task: multi, mean loss: 0.13436, multilabel_accuracy: 0.61040, avg. loss over tasks: 0.16143, lr: 0.000949447626126434
Diversity Loss - Mean: 0.00000, Variance: 0.00000
Semantic Loss - Mean: 0.00000, Variance: 0.00000

Test Epoch: 23 
task: majority, mean loss: 0.21242, accuracy: 0.93300, task: max, mean loss: 0.45622, accuracy: 0.87800, task: top, mean loss: 0.50739, accuracy: 0.86000, task: multi, mean loss: 0.15423, multilabel_accuracy: 0.58800, avg. loss over tasks: 0.33256
Diversity Loss - Mean: 0.00000, Variance: 0.00000
Semantic Loss - Mean: 0.00000, Variance: 0.00000

Train Epoch: 24 
task: majority, mean loss: 0.11032, accuracy: 0.96240, task: max, mean loss: 0.20705, accuracy: 0.93160, task: top, mean loss: 0.18957, accuracy: 0.94180, task: multi, mean loss: 0.13138, multilabel_accuracy: 0.62200, avg. loss over tasks: 0.15958, lr: 0.000941532322633034
Diversity Loss - Mean: 0.00000, Variance: 0.00000
Semantic Loss - Mean: 0.00000, Variance: 0.00000

Test Epoch: 24 
task: majority, mean loss: 0.24895, accuracy: 0.91500, task: max, mean loss: 0.43458, accuracy: 0.86300, task: top, mean loss: 0.45008, accuracy: 0.86800, task: multi, mean loss: 0.16549, multilabel_accuracy: 0.54700, avg. loss over tasks: 0.32477
Diversity Loss - Mean: 0.00000, Variance: 0.00000
Semantic Loss - Mean: 0.00000, Variance: 0.00000

Train Epoch: 25 
task: majority, mean loss: 0.09598, accuracy: 0.96600, task: max, mean loss: 0.17741, accuracy: 0.94720, task: top, mean loss: 0.16376, accuracy: 0.95160, task: multi, mean loss: 0.12551, multilabel_accuracy: 0.63460, avg. loss over tasks: 0.14067, lr: 0.0009330796891903273
Diversity Loss - Mean: 0.00000, Variance: 0.00000
Semantic Loss - Mean: 0.00000, Variance: 0.00000

Test Epoch: 25 
task: majority, mean loss: 0.17647, accuracy: 0.93900, task: max, mean loss: 0.41594, accuracy: 0.87700, task: top, mean loss: 0.43544, accuracy: 0.88400, task: multi, mean loss: 0.14603, multilabel_accuracy: 0.60800, avg. loss over tasks: 0.29347
Diversity Loss - Mean: 0.00000, Variance: 0.00000
Semantic Loss - Mean: 0.00000, Variance: 0.00000

Train Epoch: 26 
task: majority, mean loss: 0.10057, accuracy: 0.96640, task: max, mean loss: 0.18384, accuracy: 0.94200, task: top, mean loss: 0.16581, accuracy: 0.94940, task: multi, mean loss: 0.12175, multilabel_accuracy: 0.64400, avg. loss over tasks: 0.14299, lr: 0.0009241000240301347
Diversity Loss - Mean: 0.00000, Variance: 0.00000
Semantic Loss - Mean: 0.00000, Variance: 0.00000

Test Epoch: 26 
task: majority, mean loss: 0.09790, accuracy: 0.96500, task: max, mean loss: 0.35559, accuracy: 0.87500, task: top, mean loss: 0.31744, accuracy: 0.90900, task: multi, mean loss: 0.12290, multilabel_accuracy: 0.65300, avg. loss over tasks: 0.22346
Diversity Loss - Mean: 0.00000, Variance: 0.00000
Semantic Loss - Mean: 0.00000, Variance: 0.00000

Train Epoch: 27 
task: majority, mean loss: 0.11037, accuracy: 0.96360, task: max, mean loss: 0.16010, accuracy: 0.94660, task: top, mean loss: 0.16496, accuracy: 0.94780, task: multi, mean loss: 0.11943, multilabel_accuracy: 0.65400, avg. loss over tasks: 0.13872, lr: 0.0009146042674912433
Diversity Loss - Mean: 0.00000, Variance: 0.00000
Semantic Loss - Mean: 0.00000, Variance: 0.00000

Test Epoch: 27 
task: majority, mean loss: 0.24617, accuracy: 0.91500, task: max, mean loss: 0.53844, accuracy: 0.86000, task: top, mean loss: 0.56397, accuracy: 0.84800, task: multi, mean loss: 0.15844, multilabel_accuracy: 0.59000, avg. loss over tasks: 0.37675
Diversity Loss - Mean: 0.00000, Variance: 0.00000
Semantic Loss - Mean: 0.00000, Variance: 0.00000

Train Epoch: 28 
task: majority, mean loss: 0.08961, accuracy: 0.96520, task: max, mean loss: 0.15620, accuracy: 0.95080, task: top, mean loss: 0.15235, accuracy: 0.95160, task: multi, mean loss: 0.11258, multilabel_accuracy: 0.67160, avg. loss over tasks: 0.12768, lr: 0.0009046039886902862
Diversity Loss - Mean: 0.00000, Variance: 0.00000
Semantic Loss - Mean: 0.00000, Variance: 0.00000

Test Epoch: 28 
task: majority, mean loss: 0.13411, accuracy: 0.95400, task: max, mean loss: 0.46436, accuracy: 0.86400, task: top, mean loss: 0.52773, accuracy: 0.87000, task: multi, mean loss: 0.14654, multilabel_accuracy: 0.60100, avg. loss over tasks: 0.31819
Diversity Loss - Mean: 0.00000, Variance: 0.00000
Semantic Loss - Mean: 0.00000, Variance: 0.00000

Train Epoch: 29 
task: majority, mean loss: 0.09458, accuracy: 0.96580, task: max, mean loss: 0.14818, accuracy: 0.95060, task: top, mean loss: 0.15315, accuracy: 0.94920, task: multi, mean loss: 0.11378, multilabel_accuracy: 0.66100, avg. loss over tasks: 0.12742, lr: 0.0008941113714265576
Diversity Loss - Mean: 0.00000, Variance: 0.00000
Semantic Loss - Mean: 0.00000, Variance: 0.00000

Test Epoch: 29 
task: majority, mean loss: 0.13057, accuracy: 0.95000, task: max, mean loss: 0.31766, accuracy: 0.90400, task: top, mean loss: 0.41230, accuracy: 0.88700, task: multi, mean loss: 0.12066, multilabel_accuracy: 0.64800, avg. loss over tasks: 0.24530
Diversity Loss - Mean: 0.00000, Variance: 0.00000
Semantic Loss - Mean: 0.00000, Variance: 0.00000

Train Epoch: 30 
task: majority, mean loss: 0.08346, accuracy: 0.96720, task: max, mean loss: 0.13052, accuracy: 0.95920, task: top, mean loss: 0.11581, accuracy: 0.96400, task: multi, mean loss: 0.10485, multilabel_accuracy: 0.69300, avg. loss over tasks: 0.10866, lr: 0.0008831391993379295
Diversity Loss - Mean: 0.00000, Variance: 0.00000
Semantic Loss - Mean: 0.00000, Variance: 0.00000

Test Epoch: 30 
task: majority, mean loss: 0.09715, accuracy: 0.96600, task: max, mean loss: 0.35586, accuracy: 0.88800, task: top, mean loss: 0.32804, accuracy: 0.90300, task: multi, mean loss: 0.12397, multilabel_accuracy: 0.65800, avg. loss over tasks: 0.22625
Diversity Loss - Mean: 0.00000, Variance: 0.00000
Semantic Loss - Mean: 0.00000, Variance: 0.00000

Train Epoch: 31 
task: majority, mean loss: 0.06814, accuracy: 0.97840, task: max, mean loss: 0.11499, accuracy: 0.96360, task: top, mean loss: 0.12757, accuracy: 0.95840, task: multi, mean loss: 0.10329, multilabel_accuracy: 0.68920, avg. loss over tasks: 0.10350, lr: 0.0008717008403259584
Diversity Loss - Mean: 0.00000, Variance: 0.00000
Semantic Loss - Mean: 0.00000, Variance: 0.00000

Test Epoch: 31 
task: majority, mean loss: 0.11695, accuracy: 0.95900, task: max, mean loss: 0.38414, accuracy: 0.89100, task: top, mean loss: 0.38074, accuracy: 0.89900, task: multi, mean loss: 0.11603, multilabel_accuracy: 0.67200, avg. loss over tasks: 0.24946
Diversity Loss - Mean: 0.00000, Variance: 0.00000
Semantic Loss - Mean: 0.00000, Variance: 0.00000

Train Epoch: 32 
task: majority, mean loss: 0.07136, accuracy: 0.97440, task: max, mean loss: 0.11485, accuracy: 0.96220, task: top, mean loss: 0.11199, accuracy: 0.96300, task: multi, mean loss: 0.10096, multilabel_accuracy: 0.70560, avg. loss over tasks: 0.09979, lr: 0.0008598102302691562
Diversity Loss - Mean: 0.00000, Variance: 0.00000
Semantic Loss - Mean: 0.00000, Variance: 0.00000

Test Epoch: 32 
task: majority, mean loss: 0.16393, accuracy: 0.95000, task: max, mean loss: 0.34849, accuracy: 0.90600, task: top, mean loss: 0.39426, accuracy: 0.90500, task: multi, mean loss: 0.12572, multilabel_accuracy: 0.67100, avg. loss over tasks: 0.25810
Diversity Loss - Mean: 0.00000, Variance: 0.00000
Semantic Loss - Mean: 0.00000, Variance: 0.00000

Train Epoch: 33 
task: majority, mean loss: 0.06810, accuracy: 0.97720, task: max, mean loss: 0.11621, accuracy: 0.96460, task: top, mean loss: 0.08869, accuracy: 0.97140, task: multi, mean loss: 0.09745, multilabel_accuracy: 0.71800, avg. loss over tasks: 0.09261, lr: 0.0008474818560442692
Diversity Loss - Mean: 0.00000, Variance: 0.00000
Semantic Loss - Mean: 0.00000, Variance: 0.00000

Test Epoch: 33 
task: majority, mean loss: 0.11725, accuracy: 0.96700, task: max, mean loss: 0.36159, accuracy: 0.90400, task: top, mean loss: 0.35083, accuracy: 0.90800, task: multi, mean loss: 0.12226, multilabel_accuracy: 0.69600, avg. loss over tasks: 0.23798
Diversity Loss - Mean: 0.00000, Variance: 0.00000
Semantic Loss - Mean: 0.00000, Variance: 0.00000

Train Epoch: 34 
task: majority, mean loss: 0.06350, accuracy: 0.97860, task: max, mean loss: 0.09865, accuracy: 0.96880, task: top, mean loss: 0.09602, accuracy: 0.96840, task: multi, mean loss: 0.09267, multilabel_accuracy: 0.72220, avg. loss over tasks: 0.08771, lr: 0.0008347307378762497
Diversity Loss - Mean: 0.00000, Variance: 0.00000
Semantic Loss - Mean: 0.00000, Variance: 0.00000

Test Epoch: 34 
task: majority, mean loss: 0.13759, accuracy: 0.95800, task: max, mean loss: 0.42917, accuracy: 0.89700, task: top, mean loss: 0.38514, accuracy: 0.88800, task: multi, mean loss: 0.12767, multilabel_accuracy: 0.65700, avg. loss over tasks: 0.26989
Diversity Loss - Mean: 0.00000, Variance: 0.00000
Semantic Loss - Mean: 0.00000, Variance: 0.00000

Train Epoch: 35 
task: majority, mean loss: 0.06510, accuracy: 0.97840, task: max, mean loss: 0.09934, accuracy: 0.96920, task: top, mean loss: 0.10011, accuracy: 0.96860, task: multi, mean loss: 0.09787, multilabel_accuracy: 0.71500, avg. loss over tasks: 0.09060, lr: 0.0008215724110384264
Diversity Loss - Mean: 0.00000, Variance: 0.00000
Semantic Loss - Mean: 0.00000, Variance: 0.00000

Test Epoch: 35 
task: majority, mean loss: 0.11151, accuracy: 0.96500, task: max, mean loss: 0.44031, accuracy: 0.88400, task: top, mean loss: 0.40663, accuracy: 0.89500, task: multi, mean loss: 0.11498, multilabel_accuracy: 0.68600, avg. loss over tasks: 0.26836
Diversity Loss - Mean: 0.00000, Variance: 0.00000
Semantic Loss - Mean: 0.00000, Variance: 0.00000

Train Epoch: 36 
task: majority, mean loss: 0.08216, accuracy: 0.97320, task: max, mean loss: 0.14156, accuracy: 0.95500, task: top, mean loss: 0.12672, accuracy: 0.96180, task: multi, mean loss: 0.10328, multilabel_accuracy: 0.69840, avg. loss over tasks: 0.11343, lr: 0.0008080229069251663
Diversity Loss - Mean: 0.00000, Variance: 0.00000
Semantic Loss - Mean: 0.00000, Variance: 0.00000

Test Epoch: 36 
task: majority, mean loss: 0.19680, accuracy: 0.92600, task: max, mean loss: 0.42722, accuracy: 0.88900, task: top, mean loss: 0.56084, accuracy: 0.86100, task: multi, mean loss: 0.14434, multilabel_accuracy: 0.63800, avg. loss over tasks: 0.33230
Diversity Loss - Mean: 0.00000, Variance: 0.00000
Semantic Loss - Mean: 0.00000, Variance: 0.00000

Train Epoch: 37 
task: majority, mean loss: 0.06380, accuracy: 0.97660, task: max, mean loss: 0.08890, accuracy: 0.97180, task: top, mean loss: 0.08869, accuracy: 0.97080, task: multi, mean loss: 0.09057, multilabel_accuracy: 0.73460, avg. loss over tasks: 0.08299, lr: 0.0007940987335200903
Diversity Loss - Mean: 0.00000, Variance: 0.00000
Semantic Loss - Mean: 0.00000, Variance: 0.00000

Test Epoch: 37 
task: majority, mean loss: 0.12101, accuracy: 0.95900, task: max, mean loss: 0.42229, accuracy: 0.88900, task: top, mean loss: 0.47759, accuracy: 0.88100, task: multi, mean loss: 0.13466, multilabel_accuracy: 0.65500, avg. loss over tasks: 0.28889
Diversity Loss - Mean: 0.00000, Variance: 0.00000
Semantic Loss - Mean: 0.00000, Variance: 0.00000

Train Epoch: 38 
task: majority, mean loss: 0.07194, accuracy: 0.97620, task: max, mean loss: 0.09989, accuracy: 0.97060, task: top, mean loss: 0.11153, accuracy: 0.96660, task: multi, mean loss: 0.09244, multilabel_accuracy: 0.73080, avg. loss over tasks: 0.09395, lr: 0.0007798168552836382
Diversity Loss - Mean: 0.00000, Variance: 0.00000
Semantic Loss - Mean: 0.00000, Variance: 0.00000

Test Epoch: 38 
task: majority, mean loss: 0.10448, accuracy: 0.95700, task: max, mean loss: 0.38287, accuracy: 0.89500, task: top, mean loss: 0.54453, accuracy: 0.87900, task: multi, mean loss: 0.11588, multilabel_accuracy: 0.68900, avg. loss over tasks: 0.28694
Diversity Loss - Mean: 0.00000, Variance: 0.00000
Semantic Loss - Mean: 0.00000, Variance: 0.00000

Train Epoch: 39 
task: majority, mean loss: 0.06461, accuracy: 0.97600, task: max, mean loss: 0.07437, accuracy: 0.97640, task: top, mean loss: 0.07474, accuracy: 0.97840, task: multi, mean loss: 0.08497, multilabel_accuracy: 0.74840, avg. loss over tasks: 0.07467, lr: 0.000765194672484486
Diversity Loss - Mean: 0.00000, Variance: 0.00000
Semantic Loss - Mean: 0.00000, Variance: 0.00000

Test Epoch: 39 
task: majority, mean loss: 0.09201, accuracy: 0.96900, task: max, mean loss: 0.32064, accuracy: 0.91700, task: top, mean loss: 0.39267, accuracy: 0.90700, task: multi, mean loss: 0.10038, multilabel_accuracy: 0.71900, avg. loss over tasks: 0.22643
Diversity Loss - Mean: 0.00000, Variance: 0.00000
Semantic Loss - Mean: 0.00000, Variance: 0.00000

Train Epoch: 40 
task: majority, mean loss: 0.06096, accuracy: 0.97800, task: max, mean loss: 0.07609, accuracy: 0.97480, task: top, mean loss: 0.07166, accuracy: 0.97840, task: multi, mean loss: 0.08524, multilabel_accuracy: 0.74780, avg. loss over tasks: 0.07348, lr: 0.00075025
Diversity Loss - Mean: 0.00000, Variance: 0.00000
Semantic Loss - Mean: 0.00000, Variance: 0.00000

Test Epoch: 40 
task: majority, mean loss: 0.05525, accuracy: 0.97800, task: max, mean loss: 0.28767, accuracy: 0.91200, task: top, mean loss: 0.42311, accuracy: 0.90300, task: multi, mean loss: 0.09823, multilabel_accuracy: 0.72800, avg. loss over tasks: 0.21606
Diversity Loss - Mean: 0.00000, Variance: 0.00000
Semantic Loss - Mean: 0.00000, Variance: 0.00000

Train Epoch: 41 
task: majority, mean loss: 0.04663, accuracy: 0.98400, task: max, mean loss: 0.06066, accuracy: 0.98260, task: top, mean loss: 0.05342, accuracy: 0.98100, task: multi, mean loss: 0.07582, multilabel_accuracy: 0.77720, avg. loss over tasks: 0.05913, lr: 0.0007350010456115524
Diversity Loss - Mean: 0.00000, Variance: 0.00000
Semantic Loss - Mean: 0.00000, Variance: 0.00000

Test Epoch: 41 
task: majority, mean loss: 0.07026, accuracy: 0.97900, task: max, mean loss: 0.30084, accuracy: 0.91800, task: top, mean loss: 0.37645, accuracy: 0.91100, task: multi, mean loss: 0.10282, multilabel_accuracy: 0.71600, avg. loss over tasks: 0.21259
Diversity Loss - Mean: 0.00000, Variance: 0.00000
Semantic Loss - Mean: 0.00000, Variance: 0.00000

Train Epoch: 42 
task: majority, mean loss: 0.04014, accuracy: 0.98700, task: max, mean loss: 0.06685, accuracy: 0.98180, task: top, mean loss: 0.06402, accuracy: 0.98020, task: multi, mean loss: 0.07781, multilabel_accuracy: 0.77000, avg. loss over tasks: 0.06220, lr: 0.0007194663878211441
Diversity Loss - Mean: 0.00000, Variance: 0.00000
Semantic Loss - Mean: 0.00000, Variance: 0.00000

Test Epoch: 42 
task: majority, mean loss: 2.88122, accuracy: 0.36400, task: max, mean loss: 1.31374, accuracy: 0.75600, task: top, mean loss: 2.17952, accuracy: 0.62700, task: multi, mean loss: 0.45484, multilabel_accuracy: 0.20700, avg. loss over tasks: 1.70733
Diversity Loss - Mean: 0.00000, Variance: 0.00000
Semantic Loss - Mean: 0.00000, Variance: 0.00000

Train Epoch: 43 
task: majority, mean loss: 0.06104, accuracy: 0.98080, task: max, mean loss: 0.07391, accuracy: 0.97620, task: top, mean loss: 0.08113, accuracy: 0.97480, task: multi, mean loss: 0.08526, multilabel_accuracy: 0.74840, avg. loss over tasks: 0.07534, lr: 0.0007036649532163623
Diversity Loss - Mean: 0.00000, Variance: 0.00000
Semantic Loss - Mean: 0.00000, Variance: 0.00000

Test Epoch: 43 
task: majority, mean loss: 0.06124, accuracy: 0.97800, task: max, mean loss: 0.38657, accuracy: 0.91000, task: top, mean loss: 0.38457, accuracy: 0.90900, task: multi, mean loss: 0.10236, multilabel_accuracy: 0.73400, avg. loss over tasks: 0.23369
Diversity Loss - Mean: 0.00000, Variance: 0.00000
Semantic Loss - Mean: 0.00000, Variance: 0.00000

Train Epoch: 44 
task: majority, mean loss: 0.05981, accuracy: 0.98060, task: max, mean loss: 0.06149, accuracy: 0.98120, task: top, mean loss: 0.05331, accuracy: 0.98340, task: multi, mean loss: 0.07364, multilabel_accuracy: 0.77760, avg. loss over tasks: 0.06206, lr: 0.0006876159934112482
Diversity Loss - Mean: 0.00000, Variance: 0.00000
Semantic Loss - Mean: 0.00000, Variance: 0.00000

Test Epoch: 44 
task: majority, mean loss: 0.12529, accuracy: 0.96100, task: max, mean loss: 0.36360, accuracy: 0.91100, task: top, mean loss: 0.48509, accuracy: 0.88000, task: multi, mean loss: 0.12204, multilabel_accuracy: 0.69600, avg. loss over tasks: 0.27400
Diversity Loss - Mean: 0.00000, Variance: 0.00000
Semantic Loss - Mean: 0.00000, Variance: 0.00000

Train Epoch: 45 
task: majority, mean loss: 0.06241, accuracy: 0.97980, task: max, mean loss: 0.10155, accuracy: 0.96680, task: top, mean loss: 0.12000, accuracy: 0.96480, task: multi, mean loss: 0.08808, multilabel_accuracy: 0.73900, avg. loss over tasks: 0.09301, lr: 0.0006713390615911716
Diversity Loss - Mean: 0.00000, Variance: 0.00000
Semantic Loss - Mean: 0.00000, Variance: 0.00000

Test Epoch: 45 
task: majority, mean loss: 0.06253, accuracy: 0.97900, task: max, mean loss: 0.34147, accuracy: 0.91700, task: top, mean loss: 0.35971, accuracy: 0.90200, task: multi, mean loss: 0.09909, multilabel_accuracy: 0.72600, avg. loss over tasks: 0.21570
Diversity Loss - Mean: 0.00000, Variance: 0.00000
Semantic Loss - Mean: 0.00000, Variance: 0.00000

Train Epoch: 46 
task: majority, mean loss: 0.03185, accuracy: 0.99060, task: max, mean loss: 0.04207, accuracy: 0.98860, task: top, mean loss: 0.03675, accuracy: 0.98940, task: multi, mean loss: 0.06910, multilabel_accuracy: 0.79520, avg. loss over tasks: 0.04494, lr: 0.0006548539886902863
Diversity Loss - Mean: 0.00000, Variance: 0.00000
Semantic Loss - Mean: 0.00000, Variance: 0.00000

Test Epoch: 46 
task: majority, mean loss: 0.03793, accuracy: 0.98600, task: max, mean loss: 0.28651, accuracy: 0.92600, task: top, mean loss: 0.31117, accuracy: 0.92300, task: multi, mean loss: 0.08650, multilabel_accuracy: 0.78000, avg. loss over tasks: 0.18053
Diversity Loss - Mean: 0.00000, Variance: 0.00000
Semantic Loss - Mean: 0.00000, Variance: 0.00000

Train Epoch: 47 
task: majority, mean loss: 0.04755, accuracy: 0.98420, task: max, mean loss: 0.07013, accuracy: 0.97760, task: top, mean loss: 0.05335, accuracy: 0.98360, task: multi, mean loss: 0.07399, multilabel_accuracy: 0.78120, avg. loss over tasks: 0.06125, lr: 0.0006381808592305911
Diversity Loss - Mean: 0.00000, Variance: 0.00000
Semantic Loss - Mean: 0.00000, Variance: 0.00000

Test Epoch: 47 
task: majority, mean loss: 0.09593, accuracy: 0.97400, task: max, mean loss: 0.40229, accuracy: 0.90600, task: top, mean loss: 0.36695, accuracy: 0.91200, task: multi, mean loss: 0.11127, multilabel_accuracy: 0.69400, avg. loss over tasks: 0.24411
Diversity Loss - Mean: 0.00000, Variance: 0.00000
Semantic Loss - Mean: 0.00000, Variance: 0.00000

Train Epoch: 48 
task: majority, mean loss: 0.04559, accuracy: 0.98460, task: max, mean loss: 0.06396, accuracy: 0.97880, task: top, mean loss: 0.05486, accuracy: 0.98260, task: multi, mean loss: 0.07559, multilabel_accuracy: 0.78140, avg. loss over tasks: 0.06000, lr: 0.0006213399868520341
Diversity Loss - Mean: 0.00000, Variance: 0.00000
Semantic Loss - Mean: 0.00000, Variance: 0.00000

Test Epoch: 48 
task: majority, mean loss: 0.04487, accuracy: 0.98700, task: max, mean loss: 0.30430, accuracy: 0.92900, task: top, mean loss: 0.32251, accuracy: 0.92300, task: multi, mean loss: 0.08589, multilabel_accuracy: 0.76300, avg. loss over tasks: 0.18939
Diversity Loss - Mean: 0.00000, Variance: 0.00000
Semantic Loss - Mean: 0.00000, Variance: 0.00000

Train Epoch: 49 
task: majority, mean loss: 0.03333, accuracy: 0.98860, task: max, mean loss: 0.04571, accuracy: 0.98400, task: top, mean loss: 0.03584, accuracy: 0.98840, task: multi, mean loss: 0.06713, multilabel_accuracy: 0.80240, avg. loss over tasks: 0.04550, lr: 0.0006043518895634709
Diversity Loss - Mean: 0.00000, Variance: 0.00000
Semantic Loss - Mean: 0.00000, Variance: 0.00000

Test Epoch: 49 
task: majority, mean loss: 0.07134, accuracy: 0.98000, task: max, mean loss: 0.39102, accuracy: 0.91300, task: top, mean loss: 0.38729, accuracy: 0.90500, task: multi, mean loss: 0.11410, multilabel_accuracy: 0.70800, avg. loss over tasks: 0.24094
Diversity Loss - Mean: 0.00000, Variance: 0.00000
Semantic Loss - Mean: 0.00000, Variance: 0.00000

Train Epoch: 50 
task: majority, mean loss: 0.03939, accuracy: 0.98580, task: max, mean loss: 0.03314, accuracy: 0.98960, task: top, mean loss: 0.04519, accuracy: 0.98520, task: multi, mean loss: 0.06518, multilabel_accuracy: 0.80100, avg. loss over tasks: 0.04572, lr: 0.0005872372647446318
Diversity Loss - Mean: 0.00000, Variance: 0.00000
Semantic Loss - Mean: 0.00000, Variance: 0.00000

Test Epoch: 50 
task: majority, mean loss: 0.35650, accuracy: 0.91100, task: max, mean loss: 0.60580, accuracy: 0.87700, task: top, mean loss: 0.50266, accuracy: 0.89100, task: multi, mean loss: 0.16521, multilabel_accuracy: 0.61500, avg. loss over tasks: 0.40754
Diversity Loss - Mean: 0.00000, Variance: 0.00000
Semantic Loss - Mean: 0.00000, Variance: 0.00000

Train Epoch: 51 
task: majority, mean loss: 0.05263, accuracy: 0.97980, task: max, mean loss: 0.07285, accuracy: 0.97780, task: top, mean loss: 0.06166, accuracy: 0.98220, task: multi, mean loss: 0.07182, multilabel_accuracy: 0.78000, avg. loss over tasks: 0.06474, lr: 0.0005700169639295527
Diversity Loss - Mean: 0.00000, Variance: 0.00000
Semantic Loss - Mean: 0.00000, Variance: 0.00000

Test Epoch: 51 
task: majority, mean loss: 0.16293, accuracy: 0.94200, task: max, mean loss: 0.48323, accuracy: 0.88100, task: top, mean loss: 0.44227, accuracy: 0.89800, task: multi, mean loss: 0.14668, multilabel_accuracy: 0.63900, avg. loss over tasks: 0.30878
Diversity Loss - Mean: 0.00000, Variance: 0.00000
Semantic Loss - Mean: 0.00000, Variance: 0.00000

Train Epoch: 52 
task: majority, mean loss: 0.04127, accuracy: 0.98440, task: max, mean loss: 0.04723, accuracy: 0.98440, task: top, mean loss: 0.07535, accuracy: 0.97440, task: multi, mean loss: 0.07076, multilabel_accuracy: 0.79020, avg. loss over tasks: 0.05866, lr: 0.000552711967402193
Diversity Loss - Mean: 0.00000, Variance: 0.00000
Semantic Loss - Mean: 0.00000, Variance: 0.00000

Test Epoch: 52 
task: majority, mean loss: 0.12456, accuracy: 0.95600, task: max, mean loss: 0.38747, accuracy: 0.89400, task: top, mean loss: 0.55535, accuracy: 0.88600, task: multi, mean loss: 0.12047, multilabel_accuracy: 0.68300, avg. loss over tasks: 0.29696
Diversity Loss - Mean: 0.00000, Variance: 0.00000
Semantic Loss - Mean: 0.00000, Variance: 0.00000

Train Epoch: 53 
task: majority, mean loss: 0.02695, accuracy: 0.99100, task: max, mean loss: 0.04273, accuracy: 0.98760, task: top, mean loss: 0.03451, accuracy: 0.98820, task: multi, mean loss: 0.06068, multilabel_accuracy: 0.81880, avg. loss over tasks: 0.04122, lr: 0.0005353433586351906
Diversity Loss - Mean: 0.00000, Variance: 0.00000
Semantic Loss - Mean: 0.00000, Variance: 0.00000

Test Epoch: 53 
task: majority, mean loss: 0.07062, accuracy: 0.97800, task: max, mean loss: 0.33309, accuracy: 0.92100, task: top, mean loss: 0.35814, accuracy: 0.91800, task: multi, mean loss: 0.09330, multilabel_accuracy: 0.74600, avg. loss over tasks: 0.21379
Diversity Loss - Mean: 0.00000, Variance: 0.00000
Semantic Loss - Mean: 0.00000, Variance: 0.00000

Train Epoch: 54 
task: majority, mean loss: 0.02632, accuracy: 0.99120, task: max, mean loss: 0.02512, accuracy: 0.99180, task: top, mean loss: 0.02175, accuracy: 0.99280, task: multi, mean loss: 0.05397, multilabel_accuracy: 0.83560, avg. loss over tasks: 0.03179, lr: 0.0005179322986028992
Diversity Loss - Mean: 0.00000, Variance: 0.00000
Semantic Loss - Mean: 0.00000, Variance: 0.00000

Test Epoch: 54 
task: majority, mean loss: 0.04811, accuracy: 0.98200, task: max, mean loss: 0.29476, accuracy: 0.92500, task: top, mean loss: 0.37862, accuracy: 0.91000, task: multi, mean loss: 0.08627, multilabel_accuracy: 0.75300, avg. loss over tasks: 0.20194
Diversity Loss - Mean: 0.00000, Variance: 0.00000
Semantic Loss - Mean: 0.00000, Variance: 0.00000

Train Epoch: 55 
task: majority, mean loss: 0.02015, accuracy: 0.99400, task: max, mean loss: 0.01518, accuracy: 0.99620, task: top, mean loss: 0.01982, accuracy: 0.99340, task: multi, mean loss: 0.04942, multilabel_accuracy: 0.85640, avg. loss over tasks: 0.02615, lr: 0.0005005
Diversity Loss - Mean: 0.00000, Variance: 0.00000
Semantic Loss - Mean: 0.00000, Variance: 0.00000

Test Epoch: 55 
task: majority, mean loss: 0.03671, accuracy: 0.98600, task: max, mean loss: 0.33297, accuracy: 0.92500, task: top, mean loss: 0.39372, accuracy: 0.91900, task: multi, mean loss: 0.08281, multilabel_accuracy: 0.77500, avg. loss over tasks: 0.21155
Diversity Loss - Mean: 0.00000, Variance: 0.00000
Semantic Loss - Mean: 0.00000, Variance: 0.00000

Train Epoch: 56 
task: majority, mean loss: 0.03730, accuracy: 0.98960, task: max, mean loss: 0.05726, accuracy: 0.98420, task: top, mean loss: 0.04456, accuracy: 0.98600, task: multi, mean loss: 0.06508, multilabel_accuracy: 0.80800, avg. loss over tasks: 0.05105, lr: 0.00048306770139710083
Diversity Loss - Mean: 0.00000, Variance: 0.00000
Semantic Loss - Mean: 0.00000, Variance: 0.00000

Test Epoch: 56 
task: majority, mean loss: 0.06200, accuracy: 0.98100, task: max, mean loss: 0.39225, accuracy: 0.91200, task: top, mean loss: 0.29644, accuracy: 0.91700, task: multi, mean loss: 0.10572, multilabel_accuracy: 0.73700, avg. loss over tasks: 0.21410
Diversity Loss - Mean: 0.00000, Variance: 0.00000
Semantic Loss - Mean: 0.00000, Variance: 0.00000

Train Epoch: 57 
task: majority, mean loss: 0.03273, accuracy: 0.98840, task: max, mean loss: 0.03953, accuracy: 0.98780, task: top, mean loss: 0.03214, accuracy: 0.98920, task: multi, mean loss: 0.06273, multilabel_accuracy: 0.81360, avg. loss over tasks: 0.04178, lr: 0.0004656566413648095
Diversity Loss - Mean: 0.00000, Variance: 0.00000
Semantic Loss - Mean: 0.00000, Variance: 0.00000

Test Epoch: 57 
task: majority, mean loss: 0.06667, accuracy: 0.98100, task: max, mean loss: 0.35602, accuracy: 0.90900, task: top, mean loss: 0.36912, accuracy: 0.91600, task: multi, mean loss: 0.09426, multilabel_accuracy: 0.73300, avg. loss over tasks: 0.22152
Diversity Loss - Mean: 0.00000, Variance: 0.00000
Semantic Loss - Mean: 0.00000, Variance: 0.00000

Train Epoch: 58 
task: majority, mean loss: 0.01957, accuracy: 0.99440, task: max, mean loss: 0.03764, accuracy: 0.98980, task: top, mean loss: 0.03658, accuracy: 0.98900, task: multi, mean loss: 0.05580, multilabel_accuracy: 0.83820, avg. loss over tasks: 0.03740, lr: 0.0004482880325978071
Diversity Loss - Mean: 0.00000, Variance: 0.00000
Semantic Loss - Mean: 0.00000, Variance: 0.00000

Test Epoch: 58 
task: majority, mean loss: 0.04078, accuracy: 0.98900, task: max, mean loss: 0.36443, accuracy: 0.90900, task: top, mean loss: 0.30912, accuracy: 0.91300, task: multi, mean loss: 0.09018, multilabel_accuracy: 0.75600, avg. loss over tasks: 0.20113
Diversity Loss - Mean: 0.00000, Variance: 0.00000
Semantic Loss - Mean: 0.00000, Variance: 0.00000

Train Epoch: 59 
task: majority, mean loss: 0.02341, accuracy: 0.99200, task: max, mean loss: 0.02932, accuracy: 0.99100, task: top, mean loss: 0.02415, accuracy: 0.99300, task: multi, mean loss: 0.05230, multilabel_accuracy: 0.84420, avg. loss over tasks: 0.03229, lr: 0.0004309830360704473
Diversity Loss - Mean: 0.00000, Variance: 0.00000
Semantic Loss - Mean: 0.00000, Variance: 0.00000

Test Epoch: 59 
task: majority, mean loss: 0.05188, accuracy: 0.98400, task: max, mean loss: 0.30915, accuracy: 0.92800, task: top, mean loss: 0.31810, accuracy: 0.92100, task: multi, mean loss: 0.08023, multilabel_accuracy: 0.79500, avg. loss over tasks: 0.18984
Diversity Loss - Mean: 0.00000, Variance: 0.00000
Semantic Loss - Mean: 0.00000, Variance: 0.00000

Train Epoch: 60 
task: majority, mean loss: 0.02398, accuracy: 0.99260, task: max, mean loss: 0.02138, accuracy: 0.99400, task: top, mean loss: 0.02654, accuracy: 0.99200, task: multi, mean loss: 0.05029, multilabel_accuracy: 0.84860, avg. loss over tasks: 0.03055, lr: 0.00041376273525536834
Diversity Loss - Mean: 0.00000, Variance: 0.00000
Semantic Loss - Mean: 0.00000, Variance: 0.00000

Test Epoch: 60 
task: majority, mean loss: 0.05269, accuracy: 0.98200, task: max, mean loss: 0.32657, accuracy: 0.91600, task: top, mean loss: 0.37234, accuracy: 0.91200, task: multi, mean loss: 0.08347, multilabel_accuracy: 0.77900, avg. loss over tasks: 0.20877
Diversity Loss - Mean: 0.00000, Variance: 0.00000
Semantic Loss - Mean: 0.00000, Variance: 0.00000

Train Epoch: 61 
task: majority, mean loss: 0.01833, accuracy: 0.99480, task: max, mean loss: 0.01696, accuracy: 0.99580, task: top, mean loss: 0.01595, accuracy: 0.99460, task: multi, mean loss: 0.04685, multilabel_accuracy: 0.85220, avg. loss over tasks: 0.02452, lr: 0.00039664811043652927
Diversity Loss - Mean: 0.00000, Variance: 0.00000
Semantic Loss - Mean: 0.00000, Variance: 0.00000

Test Epoch: 61 
task: majority, mean loss: 0.04782, accuracy: 0.99000, task: max, mean loss: 0.36357, accuracy: 0.91500, task: top, mean loss: 0.30108, accuracy: 0.93400, task: multi, mean loss: 0.08406, multilabel_accuracy: 0.78300, avg. loss over tasks: 0.19913
Diversity Loss - Mean: 0.00000, Variance: 0.00000
Semantic Loss - Mean: 0.00000, Variance: 0.00000

Train Epoch: 62 
task: majority, mean loss: 0.03160, accuracy: 0.98840, task: max, mean loss: 0.05525, accuracy: 0.98200, task: top, mean loss: 0.04404, accuracy: 0.98620, task: multi, mean loss: 0.05609, multilabel_accuracy: 0.82960, avg. loss over tasks: 0.04675, lr: 0.00037966001314796593
Diversity Loss - Mean: 0.00000, Variance: 0.00000
Semantic Loss - Mean: 0.00000, Variance: 0.00000

Test Epoch: 62 
task: majority, mean loss: 0.09293, accuracy: 0.97000, task: max, mean loss: 0.36461, accuracy: 0.91000, task: top, mean loss: 0.41391, accuracy: 0.91100, task: multi, mean loss: 0.10436, multilabel_accuracy: 0.72800, avg. loss over tasks: 0.24395
Diversity Loss - Mean: 0.00000, Variance: 0.00000
Semantic Loss - Mean: 0.00000, Variance: 0.00000

Train Epoch: 63 
task: majority, mean loss: 0.01880, accuracy: 0.99560, task: max, mean loss: 0.02504, accuracy: 0.99240, task: top, mean loss: 0.01908, accuracy: 0.99320, task: multi, mean loss: 0.04903, multilabel_accuracy: 0.85280, avg. loss over tasks: 0.02799, lr: 0.00036281914076940894
Diversity Loss - Mean: 0.00000, Variance: 0.00000
Semantic Loss - Mean: 0.00000, Variance: 0.00000

Test Epoch: 63 
task: majority, mean loss: 0.03931, accuracy: 0.98900, task: max, mean loss: 0.34278, accuracy: 0.92100, task: top, mean loss: 0.40675, accuracy: 0.90900, task: multi, mean loss: 0.08240, multilabel_accuracy: 0.78700, avg. loss over tasks: 0.21781
Diversity Loss - Mean: 0.00000, Variance: 0.00000
Semantic Loss - Mean: 0.00000, Variance: 0.00000

Train Epoch: 64 
task: majority, mean loss: 0.01313, accuracy: 0.99520, task: max, mean loss: 0.01184, accuracy: 0.99820, task: top, mean loss: 0.01211, accuracy: 0.99620, task: multi, mean loss: 0.04060, multilabel_accuracy: 0.88000, avg. loss over tasks: 0.01942, lr: 0.00034614601130971383
Diversity Loss - Mean: 0.00000, Variance: 0.00000
Semantic Loss - Mean: 0.00000, Variance: 0.00000

Test Epoch: 64 
task: majority, mean loss: 0.03752, accuracy: 0.98800, task: max, mean loss: 0.33435, accuracy: 0.92600, task: top, mean loss: 0.37857, accuracy: 0.92000, task: multi, mean loss: 0.07667, multilabel_accuracy: 0.79100, avg. loss over tasks: 0.20678
Diversity Loss - Mean: 0.00000, Variance: 0.00000
Semantic Loss - Mean: 0.00000, Variance: 0.00000

Train Epoch: 65 
task: majority, mean loss: 0.01309, accuracy: 0.99700, task: max, mean loss: 0.01142, accuracy: 0.99720, task: top, mean loss: 0.01202, accuracy: 0.99600, task: multi, mean loss: 0.03792, multilabel_accuracy: 0.88300, avg. loss over tasks: 0.01861, lr: 0.0003296609384088285
Diversity Loss - Mean: 0.00000, Variance: 0.00000
Semantic Loss - Mean: 0.00000, Variance: 0.00000

Test Epoch: 65 
task: majority, mean loss: 0.08979, accuracy: 0.96700, task: max, mean loss: 0.32979, accuracy: 0.92600, task: top, mean loss: 0.38391, accuracy: 0.92500, task: multi, mean loss: 0.08630, multilabel_accuracy: 0.78000, avg. loss over tasks: 0.22245
Diversity Loss - Mean: 0.00000, Variance: 0.00000
Semantic Loss - Mean: 0.00000, Variance: 0.00000

Train Epoch: 66 
task: majority, mean loss: 0.00930, accuracy: 0.99760, task: max, mean loss: 0.00736, accuracy: 0.99840, task: top, mean loss: 0.01112, accuracy: 0.99640, task: multi, mean loss: 0.03378, multilabel_accuracy: 0.90000, avg. loss over tasks: 0.01539, lr: 0.00031338400658875205
Diversity Loss - Mean: 0.00000, Variance: 0.00000
Semantic Loss - Mean: 0.00000, Variance: 0.00000

Test Epoch: 66 
task: majority, mean loss: 0.04235, accuracy: 0.98400, task: max, mean loss: 0.31365, accuracy: 0.93500, task: top, mean loss: 0.36895, accuracy: 0.91500, task: multi, mean loss: 0.07963, multilabel_accuracy: 0.79400, avg. loss over tasks: 0.20115
Diversity Loss - Mean: 0.00000, Variance: 0.00000
Semantic Loss - Mean: 0.00000, Variance: 0.00000

Train Epoch: 67 
task: majority, mean loss: 0.01078, accuracy: 0.99620, task: max, mean loss: 0.00633, accuracy: 0.99860, task: top, mean loss: 0.01427, accuracy: 0.99640, task: multi, mean loss: 0.03377, multilabel_accuracy: 0.89720, avg. loss over tasks: 0.01628, lr: 0.00029733504678363775
Diversity Loss - Mean: 0.00000, Variance: 0.00000
Semantic Loss - Mean: 0.00000, Variance: 0.00000

Test Epoch: 67 
task: majority, mean loss: 0.03587, accuracy: 0.98500, task: max, mean loss: 0.34528, accuracy: 0.93100, task: top, mean loss: 0.36837, accuracy: 0.92300, task: multi, mean loss: 0.07583, multilabel_accuracy: 0.80000, avg. loss over tasks: 0.20634
Diversity Loss - Mean: 0.00000, Variance: 0.00000
Semantic Loss - Mean: 0.00000, Variance: 0.00000

Train Epoch: 68 
task: majority, mean loss: 0.00884, accuracy: 0.99700, task: max, mean loss: 0.00789, accuracy: 0.99700, task: top, mean loss: 0.00884, accuracy: 0.99760, task: multi, mean loss: 0.03276, multilabel_accuracy: 0.90380, avg. loss over tasks: 0.01458, lr: 0.00028153361217885594
Diversity Loss - Mean: 0.00000, Variance: 0.00000
Semantic Loss - Mean: 0.00000, Variance: 0.00000

Test Epoch: 68 
task: majority, mean loss: 0.05568, accuracy: 0.97700, task: max, mean loss: 0.33441, accuracy: 0.93600, task: top, mean loss: 0.37826, accuracy: 0.93200, task: multi, mean loss: 0.07568, multilabel_accuracy: 0.79200, avg. loss over tasks: 0.21101
Diversity Loss - Mean: 0.00000, Variance: 0.00000
Semantic Loss - Mean: 0.00000, Variance: 0.00000

Train Epoch: 69 
task: majority, mean loss: 0.01673, accuracy: 0.99480, task: max, mean loss: 0.02003, accuracy: 0.99260, task: top, mean loss: 0.02682, accuracy: 0.99180, task: multi, mean loss: 0.04407, multilabel_accuracy: 0.86860, avg. loss over tasks: 0.02691, lr: 0.0002659989543884475
Diversity Loss - Mean: 0.00000, Variance: 0.00000
Semantic Loss - Mean: 0.00000, Variance: 0.00000

Test Epoch: 69 
task: majority, mean loss: 0.03352, accuracy: 0.98700, task: max, mean loss: 0.33740, accuracy: 0.92000, task: top, mean loss: 0.39079, accuracy: 0.92000, task: multi, mean loss: 0.07728, multilabel_accuracy: 0.79100, avg. loss over tasks: 0.20975
Diversity Loss - Mean: 0.00000, Variance: 0.00000
Semantic Loss - Mean: 0.00000, Variance: 0.00000

Train Epoch: 70 
task: majority, mean loss: 0.00805, accuracy: 0.99800, task: max, mean loss: 0.00938, accuracy: 0.99740, task: top, mean loss: 0.00996, accuracy: 0.99760, task: multi, mean loss: 0.03090, multilabel_accuracy: 0.90840, avg. loss over tasks: 0.01457, lr: 0.0002507500000000001
Diversity Loss - Mean: 0.00000, Variance: 0.00000
Semantic Loss - Mean: 0.00000, Variance: 0.00000

Test Epoch: 70 
task: majority, mean loss: 0.03119, accuracy: 0.98700, task: max, mean loss: 0.32449, accuracy: 0.93200, task: top, mean loss: 0.40596, accuracy: 0.92000, task: multi, mean loss: 0.07454, multilabel_accuracy: 0.80800, avg. loss over tasks: 0.20904
Diversity Loss - Mean: 0.00000, Variance: 0.00000
Semantic Loss - Mean: 0.00000, Variance: 0.00000

Train Epoch: 71 
task: majority, mean loss: 0.00670, accuracy: 0.99820, task: max, mean loss: 0.00483, accuracy: 0.99880, task: top, mean loss: 0.00732, accuracy: 0.99780, task: multi, mean loss: 0.02725, multilabel_accuracy: 0.92420, avg. loss over tasks: 0.01152, lr: 0.0002358053275155142
Diversity Loss - Mean: 0.00000, Variance: 0.00000
Semantic Loss - Mean: 0.00000, Variance: 0.00000

Test Epoch: 71 
task: majority, mean loss: 0.02591, accuracy: 0.99100, task: max, mean loss: 0.31271, accuracy: 0.93100, task: top, mean loss: 0.38515, accuracy: 0.92700, task: multi, mean loss: 0.07478, multilabel_accuracy: 0.81100, avg. loss over tasks: 0.19964
Diversity Loss - Mean: 0.00000, Variance: 0.00000
Semantic Loss - Mean: 0.00000, Variance: 0.00000

Train Epoch: 72 
task: majority, mean loss: 0.00548, accuracy: 0.99900, task: max, mean loss: 0.00547, accuracy: 0.99900, task: top, mean loss: 0.00462, accuracy: 0.99880, task: multi, mean loss: 0.02495, multilabel_accuracy: 0.92980, avg. loss over tasks: 0.01013, lr: 0.00022118314471636204
Diversity Loss - Mean: 0.00000, Variance: 0.00000
Semantic Loss - Mean: 0.00000, Variance: 0.00000

Test Epoch: 72 
task: majority, mean loss: 0.03026, accuracy: 0.98900, task: max, mean loss: 0.34994, accuracy: 0.92500, task: top, mean loss: 0.37806, accuracy: 0.92900, task: multi, mean loss: 0.07130, multilabel_accuracy: 0.81900, avg. loss over tasks: 0.20739
Diversity Loss - Mean: 0.00000, Variance: 0.00000
Semantic Loss - Mean: 0.00000, Variance: 0.00000

Train Epoch: 73 
task: majority, mean loss: 0.00549, accuracy: 0.99880, task: max, mean loss: 0.00380, accuracy: 0.99900, task: top, mean loss: 0.00427, accuracy: 0.99900, task: multi, mean loss: 0.02493, multilabel_accuracy: 0.92980, avg. loss over tasks: 0.00962, lr: 0.00020690126647990973
Diversity Loss - Mean: 0.00000, Variance: 0.00000
Semantic Loss - Mean: 0.00000, Variance: 0.00000

Test Epoch: 73 
task: majority, mean loss: 0.02200, accuracy: 0.99400, task: max, mean loss: 0.37300, accuracy: 0.93100, task: top, mean loss: 0.40600, accuracy: 0.92200, task: multi, mean loss: 0.07912, multilabel_accuracy: 0.81900, avg. loss over tasks: 0.22003
Diversity Loss - Mean: 0.00000, Variance: 0.00000
Semantic Loss - Mean: 0.00000, Variance: 0.00000

Train Epoch: 74 
task: majority, mean loss: 0.00547, accuracy: 0.99840, task: max, mean loss: 0.00251, accuracy: 0.99960, task: top, mean loss: 0.00701, accuracy: 0.99880, task: multi, mean loss: 0.02138, multilabel_accuracy: 0.94580, avg. loss over tasks: 0.00909, lr: 0.00019297709307483367
Diversity Loss - Mean: 0.00000, Variance: 0.00000
Semantic Loss - Mean: 0.00000, Variance: 0.00000

Test Epoch: 74 
task: majority, mean loss: 0.04811, accuracy: 0.98100, task: max, mean loss: 0.33946, accuracy: 0.93400, task: top, mean loss: 0.44096, accuracy: 0.92300, task: multi, mean loss: 0.07660, multilabel_accuracy: 0.80500, avg. loss over tasks: 0.22629
Diversity Loss - Mean: 0.00000, Variance: 0.00000
Semantic Loss - Mean: 0.00000, Variance: 0.00000

Train Epoch: 75 
task: majority, mean loss: 0.00982, accuracy: 0.99600, task: max, mean loss: 0.01757, accuracy: 0.99540, task: top, mean loss: 0.01085, accuracy: 0.99580, task: multi, mean loss: 0.02885, multilabel_accuracy: 0.91280, avg. loss over tasks: 0.01678, lr: 0.0001794275889615736
Diversity Loss - Mean: 0.00000, Variance: 0.00000
Semantic Loss - Mean: 0.00000, Variance: 0.00000

Test Epoch: 75 
task: majority, mean loss: 0.04709, accuracy: 0.98400, task: max, mean loss: 0.36943, accuracy: 0.92300, task: top, mean loss: 0.39010, accuracy: 0.92000, task: multi, mean loss: 0.08094, multilabel_accuracy: 0.79400, avg. loss over tasks: 0.22189
Diversity Loss - Mean: 0.00000, Variance: 0.00000
Semantic Loss - Mean: 0.00000, Variance: 0.00000

Train Epoch: 76 
task: majority, mean loss: 0.00624, accuracy: 0.99840, task: max, mean loss: 0.00624, accuracy: 0.99840, task: top, mean loss: 0.00609, accuracy: 0.99820, task: multi, mean loss: 0.02339, multilabel_accuracy: 0.92980, avg. loss over tasks: 0.01049, lr: 0.00016626926212375047
Diversity Loss - Mean: 0.00000, Variance: 0.00000
Semantic Loss - Mean: 0.00000, Variance: 0.00000

Test Epoch: 76 
task: majority, mean loss: 0.03202, accuracy: 0.98500, task: max, mean loss: 0.35807, accuracy: 0.93000, task: top, mean loss: 0.37665, accuracy: 0.92100, task: multi, mean loss: 0.07547, multilabel_accuracy: 0.82600, avg. loss over tasks: 0.21055
Diversity Loss - Mean: 0.00000, Variance: 0.00000
Semantic Loss - Mean: 0.00000, Variance: 0.00000

Train Epoch: 77 
task: majority, mean loss: 0.00391, accuracy: 0.99940, task: max, mean loss: 0.00195, accuracy: 0.99980, task: top, mean loss: 0.00360, accuracy: 0.99940, task: multi, mean loss: 0.02003, multilabel_accuracy: 0.94700, avg. loss over tasks: 0.00737, lr: 0.00015351814395573083
Diversity Loss - Mean: 0.00000, Variance: 0.00000
Semantic Loss - Mean: 0.00000, Variance: 0.00000

Test Epoch: 77 
task: majority, mean loss: 0.04233, accuracy: 0.98600, task: max, mean loss: 0.32609, accuracy: 0.92800, task: top, mean loss: 0.36764, accuracy: 0.93500, task: multi, mean loss: 0.07096, multilabel_accuracy: 0.82000, avg. loss over tasks: 0.20175
Diversity Loss - Mean: 0.00000, Variance: 0.00000
Semantic Loss - Mean: 0.00000, Variance: 0.00000

Train Epoch: 78 
task: majority, mean loss: 0.00632, accuracy: 0.99860, task: max, mean loss: 0.00365, accuracy: 0.99920, task: top, mean loss: 0.00743, accuracy: 0.99720, task: multi, mean loss: 0.02257, multilabel_accuracy: 0.93120, avg. loss over tasks: 0.00999, lr: 0.00014118976973084385
Diversity Loss - Mean: 0.00000, Variance: 0.00000
Semantic Loss - Mean: 0.00000, Variance: 0.00000

Test Epoch: 78 
task: majority, mean loss: 0.06203, accuracy: 0.98100, task: max, mean loss: 0.37049, accuracy: 0.92700, task: top, mean loss: 0.37169, accuracy: 0.92900, task: multi, mean loss: 0.07682, multilabel_accuracy: 0.82100, avg. loss over tasks: 0.22026
Diversity Loss - Mean: 0.00000, Variance: 0.00000
Semantic Loss - Mean: 0.00000, Variance: 0.00000

Train Epoch: 79 
task: majority, mean loss: 0.00552, accuracy: 0.99860, task: max, mean loss: 0.00314, accuracy: 0.99940, task: top, mean loss: 0.00432, accuracy: 0.99920, task: multi, mean loss: 0.02109, multilabel_accuracy: 0.93820, avg. loss over tasks: 0.00852, lr: 0.00012929915967404152
Diversity Loss - Mean: 0.00000, Variance: 0.00000
Semantic Loss - Mean: 0.00000, Variance: 0.00000

Test Epoch: 79 
task: majority, mean loss: 0.04222, accuracy: 0.98700, task: max, mean loss: 0.39867, accuracy: 0.92800, task: top, mean loss: 0.41508, accuracy: 0.92200, task: multi, mean loss: 0.07635, multilabel_accuracy: 0.81400, avg. loss over tasks: 0.23308
Diversity Loss - Mean: 0.00000, Variance: 0.00000
Semantic Loss - Mean: 0.00000, Variance: 0.00000

Train Epoch: 80 
task: majority, mean loss: 0.00494, accuracy: 0.99840, task: max, mean loss: 0.00361, accuracy: 0.99960, task: top, mean loss: 0.00374, accuracy: 0.99880, task: multi, mean loss: 0.01799, multilabel_accuracy: 0.95140, avg. loss over tasks: 0.00757, lr: 0.00011786080066207054
Diversity Loss - Mean: 0.00000, Variance: 0.00000
Semantic Loss - Mean: 0.00000, Variance: 0.00000

Test Epoch: 80 
task: majority, mean loss: 0.03584, accuracy: 0.99200, task: max, mean loss: 0.37409, accuracy: 0.92700, task: top, mean loss: 0.39838, accuracy: 0.92400, task: multi, mean loss: 0.07534, multilabel_accuracy: 0.82000, avg. loss over tasks: 0.22091
Diversity Loss - Mean: 0.00000, Variance: 0.00000
Semantic Loss - Mean: 0.00000, Variance: 0.00000

Train Epoch: 81 
task: majority, mean loss: 0.00267, accuracy: 0.99960, task: max, mean loss: 0.00160, accuracy: 0.99980, task: top, mean loss: 0.00195, accuracy: 0.99960, task: multi, mean loss: 0.01607, multilabel_accuracy: 0.96080, avg. loss over tasks: 0.00557, lr: 0.00010688862857344241
Diversity Loss - Mean: 0.00000, Variance: 0.00000
Semantic Loss - Mean: 0.00000, Variance: 0.00000

Test Epoch: 81 
task: majority, mean loss: 0.02613, accuracy: 0.99000, task: max, mean loss: 0.34970, accuracy: 0.93300, task: top, mean loss: 0.38770, accuracy: 0.92400, task: multi, mean loss: 0.07072, multilabel_accuracy: 0.82800, avg. loss over tasks: 0.20856
Diversity Loss - Mean: 0.00000, Variance: 0.00000
Semantic Loss - Mean: 0.00000, Variance: 0.00000

Train Epoch: 82 
task: majority, mean loss: 0.00223, accuracy: 0.99980, task: max, mean loss: 0.00146, accuracy: 0.99980, task: top, mean loss: 0.00127, accuracy: 1.00000, task: multi, mean loss: 0.01380, multilabel_accuracy: 0.96780, avg. loss over tasks: 0.00469, lr: 9.63960113097138e-05
Diversity Loss - Mean: 0.00000, Variance: 0.00000
Semantic Loss - Mean: 0.00000, Variance: 0.00000

Test Epoch: 82 
task: majority, mean loss: 0.02439, accuracy: 0.99100, task: max, mean loss: 0.38901, accuracy: 0.92500, task: top, mean loss: 0.39734, accuracy: 0.92500, task: multi, mean loss: 0.07243, multilabel_accuracy: 0.81600, avg. loss over tasks: 0.22079
Diversity Loss - Mean: 0.00000, Variance: 0.00000
Semantic Loss - Mean: 0.00000, Variance: 0.00000

Train Epoch: 83 
task: majority, mean loss: 0.00190, accuracy: 0.99980, task: max, mean loss: 0.00097, accuracy: 1.00000, task: top, mean loss: 0.00113, accuracy: 0.99980, task: multi, mean loss: 0.01350, multilabel_accuracy: 0.96740, avg. loss over tasks: 0.00437, lr: 8.639573250875671e-05
Diversity Loss - Mean: 0.00000, Variance: 0.00000
Semantic Loss - Mean: 0.00000, Variance: 0.00000

Test Epoch: 83 
task: majority, mean loss: 0.03148, accuracy: 0.99200, task: max, mean loss: 0.36000, accuracy: 0.93100, task: top, mean loss: 0.39129, accuracy: 0.92500, task: multi, mean loss: 0.07090, multilabel_accuracy: 0.82400, avg. loss over tasks: 0.21342
Diversity Loss - Mean: 0.00000, Variance: 0.00000
Semantic Loss - Mean: 0.00000, Variance: 0.00000

Train Epoch: 84 
task: majority, mean loss: 0.00234, accuracy: 0.99960, task: max, mean loss: 0.00095, accuracy: 1.00000, task: top, mean loss: 0.00249, accuracy: 0.99900, task: multi, mean loss: 0.01389, multilabel_accuracy: 0.96300, avg. loss over tasks: 0.00492, lr: 7.689997596986524e-05
Diversity Loss - Mean: 0.00000, Variance: 0.00000
Semantic Loss - Mean: 0.00000, Variance: 0.00000

Test Epoch: 84 
task: majority, mean loss: 0.03061, accuracy: 0.98900, task: max, mean loss: 0.36386, accuracy: 0.92700, task: top, mean loss: 0.39454, accuracy: 0.92100, task: multi, mean loss: 0.07049, multilabel_accuracy: 0.82700, avg. loss over tasks: 0.21487
Diversity Loss - Mean: 0.00000, Variance: 0.00000
Semantic Loss - Mean: 0.00000, Variance: 0.00000

Train Epoch: 85 
task: majority, mean loss: 0.00229, accuracy: 1.00000, task: max, mean loss: 0.00160, accuracy: 0.99960, task: top, mean loss: 0.00308, accuracy: 0.99840, task: multi, mean loss: 0.01420, multilabel_accuracy: 0.96380, avg. loss over tasks: 0.00530, lr: 6.792031080967287e-05
Diversity Loss - Mean: 0.00000, Variance: 0.00000
Semantic Loss - Mean: 0.00000, Variance: 0.00000

Test Epoch: 85 
task: majority, mean loss: 0.02399, accuracy: 0.99100, task: max, mean loss: 0.37258, accuracy: 0.92400, task: top, mean loss: 0.39582, accuracy: 0.92800, task: multi, mean loss: 0.07355, multilabel_accuracy: 0.82900, avg. loss over tasks: 0.21648
Diversity Loss - Mean: 0.00000, Variance: 0.00000
Semantic Loss - Mean: 0.00000, Variance: 0.00000

Train Epoch: 86 
task: majority, mean loss: 0.00123, accuracy: 1.00000, task: max, mean loss: 0.00076, accuracy: 1.00000, task: top, mean loss: 0.00251, accuracy: 0.99940, task: multi, mean loss: 0.01204, multilabel_accuracy: 0.97220, avg. loss over tasks: 0.00414, lr: 5.946767736696608e-05
Diversity Loss - Mean: 0.00000, Variance: 0.00000
Semantic Loss - Mean: 0.00000, Variance: 0.00000

Test Epoch: 86 
task: majority, mean loss: 0.02429, accuracy: 0.98800, task: max, mean loss: 0.35534, accuracy: 0.92700, task: top, mean loss: 0.38823, accuracy: 0.93200, task: multi, mean loss: 0.06929, multilabel_accuracy: 0.83100, avg. loss over tasks: 0.20929
Diversity Loss - Mean: 0.00000, Variance: 0.00000
Semantic Loss - Mean: 0.00000, Variance: 0.00000

Train Epoch: 87 
task: majority, mean loss: 0.00142, accuracy: 1.00000, task: max, mean loss: 0.00061, accuracy: 1.00000, task: top, mean loss: 0.00159, accuracy: 0.99960, task: multi, mean loss: 0.01208, multilabel_accuracy: 0.97140, avg. loss over tasks: 0.00392, lr: 5.155237387356607e-05
Diversity Loss - Mean: 0.00000, Variance: 0.00000
Semantic Loss - Mean: 0.00000, Variance: 0.00000

Test Epoch: 87 
task: majority, mean loss: 0.02053, accuracy: 0.99400, task: max, mean loss: 0.35339, accuracy: 0.92900, task: top, mean loss: 0.38152, accuracy: 0.93100, task: multi, mean loss: 0.07333, multilabel_accuracy: 0.82100, avg. loss over tasks: 0.20719
Diversity Loss - Mean: 0.00000, Variance: 0.00000
Semantic Loss - Mean: 0.00000, Variance: 0.00000

Train Epoch: 88 
task: majority, mean loss: 0.00110, accuracy: 1.00000, task: max, mean loss: 0.00150, accuracy: 0.99980, task: top, mean loss: 0.00131, accuracy: 0.99980, task: multi, mean loss: 0.01209, multilabel_accuracy: 0.97240, avg. loss over tasks: 0.00400, lr: 4.4184043907520925e-05
Diversity Loss - Mean: 0.00000, Variance: 0.00000
Semantic Loss - Mean: 0.00000, Variance: 0.00000

Test Epoch: 88 
task: majority, mean loss: 0.02609, accuracy: 0.99100, task: max, mean loss: 0.36189, accuracy: 0.93100, task: top, mean loss: 0.37291, accuracy: 0.93100, task: multi, mean loss: 0.07212, multilabel_accuracy: 0.82300, avg. loss over tasks: 0.20825
Diversity Loss - Mean: 0.00000, Variance: 0.00000
Semantic Loss - Mean: 0.00000, Variance: 0.00000

Train Epoch: 89 
task: majority, mean loss: 0.00148, accuracy: 0.99980, task: max, mean loss: 0.00103, accuracy: 0.99980, task: top, mean loss: 0.00274, accuracy: 0.99880, task: multi, mean loss: 0.01150, multilabel_accuracy: 0.97300, avg. loss over tasks: 0.00419, lr: 3.7371664643889735e-05
Diversity Loss - Mean: 0.00000, Variance: 0.00000
Semantic Loss - Mean: 0.00000, Variance: 0.00000

Test Epoch: 89 
task: majority, mean loss: 0.02441, accuracy: 0.99200, task: max, mean loss: 0.34612, accuracy: 0.93400, task: top, mean loss: 0.37463, accuracy: 0.93100, task: multi, mean loss: 0.07051, multilabel_accuracy: 0.83000, avg. loss over tasks: 0.20392
Diversity Loss - Mean: 0.00000, Variance: 0.00000
Semantic Loss - Mean: 0.00000, Variance: 0.00000

Train Epoch: 90 
task: majority, mean loss: 0.00169, accuracy: 0.99980, task: max, mean loss: 0.00106, accuracy: 0.99980, task: top, mean loss: 0.00152, accuracy: 0.99980, task: multi, mean loss: 0.01189, multilabel_accuracy: 0.97180, avg. loss over tasks: 0.00404, lr: 3.11235359174388e-05
Diversity Loss - Mean: 0.00000, Variance: 0.00000
Semantic Loss - Mean: 0.00000, Variance: 0.00000

Test Epoch: 90 
task: majority, mean loss: 0.02919, accuracy: 0.98900, task: max, mean loss: 0.36865, accuracy: 0.92800, task: top, mean loss: 0.39594, accuracy: 0.93100, task: multi, mean loss: 0.07207, multilabel_accuracy: 0.83400, avg. loss over tasks: 0.21646
Diversity Loss - Mean: 0.00000, Variance: 0.00000
Semantic Loss - Mean: 0.00000, Variance: 0.00000

Train Epoch: 91 
task: majority, mean loss: 0.00116, accuracy: 1.00000, task: max, mean loss: 0.00058, accuracy: 1.00000, task: top, mean loss: 0.00145, accuracy: 0.99960, task: multi, mean loss: 0.01016, multilabel_accuracy: 0.97860, avg. loss over tasks: 0.00334, lr: 2.544727011057081e-05
Diversity Loss - Mean: 0.00000, Variance: 0.00000
Semantic Loss - Mean: 0.00000, Variance: 0.00000

Test Epoch: 91 
task: majority, mean loss: 0.02497, accuracy: 0.99300, task: max, mean loss: 0.36898, accuracy: 0.93100, task: top, mean loss: 0.38439, accuracy: 0.93400, task: multi, mean loss: 0.06956, multilabel_accuracy: 0.83100, avg. loss over tasks: 0.21197
Diversity Loss - Mean: 0.00000, Variance: 0.00000
Semantic Loss - Mean: 0.00000, Variance: 0.00000

Train Epoch: 92 
task: majority, mean loss: 0.00116, accuracy: 0.99980, task: max, mean loss: 0.00142, accuracy: 0.99960, task: top, mean loss: 0.00219, accuracy: 0.99940, task: multi, mean loss: 0.01112, multilabel_accuracy: 0.97480, avg. loss over tasks: 0.00397, lr: 2.0349782878809714e-05
Diversity Loss - Mean: 0.00000, Variance: 0.00000
Semantic Loss - Mean: 0.00000, Variance: 0.00000

Test Epoch: 92 
task: majority, mean loss: 0.01825, accuracy: 0.99400, task: max, mean loss: 0.37393, accuracy: 0.92900, task: top, mean loss: 0.38609, accuracy: 0.93500, task: multi, mean loss: 0.07159, multilabel_accuracy: 0.82900, avg. loss over tasks: 0.21246
Diversity Loss - Mean: 0.00000, Variance: 0.00000
Semantic Loss - Mean: 0.00000, Variance: 0.00000

Train Epoch: 93 
task: majority, mean loss: 0.00139, accuracy: 0.99980, task: max, mean loss: 0.00081, accuracy: 0.99980, task: top, mean loss: 0.00160, accuracy: 0.99920, task: multi, mean loss: 0.00991, multilabel_accuracy: 0.97780, avg. loss over tasks: 0.00343, lr: 1.583728472513982e-05
Diversity Loss - Mean: 0.00000, Variance: 0.00000
Semantic Loss - Mean: 0.00000, Variance: 0.00000

Test Epoch: 93 
task: majority, mean loss: 0.02076, accuracy: 0.99200, task: max, mean loss: 0.37217, accuracy: 0.92700, task: top, mean loss: 0.37762, accuracy: 0.93400, task: multi, mean loss: 0.06997, multilabel_accuracy: 0.82800, avg. loss over tasks: 0.21013
Diversity Loss - Mean: 0.00000, Variance: 0.00000
Semantic Loss - Mean: 0.00000, Variance: 0.00000

Train Epoch: 94 
task: majority, mean loss: 0.00155, accuracy: 0.99940, task: max, mean loss: 0.00079, accuracy: 1.00000, task: top, mean loss: 0.00119, accuracy: 0.99980, task: multi, mean loss: 0.00969, multilabel_accuracy: 0.98200, avg. loss over tasks: 0.00331, lr: 1.191527343346406e-05
Diversity Loss - Mean: 0.00000, Variance: 0.00000
Semantic Loss - Mean: 0.00000, Variance: 0.00000

Test Epoch: 94 
task: majority, mean loss: 0.02004, accuracy: 0.99300, task: max, mean loss: 0.37019, accuracy: 0.92800, task: top, mean loss: 0.37530, accuracy: 0.93500, task: multi, mean loss: 0.06970, multilabel_accuracy: 0.83100, avg. loss over tasks: 0.20881
Diversity Loss - Mean: 0.00000, Variance: 0.00000
Semantic Loss - Mean: 0.00000, Variance: 0.00000

Train Epoch: 95 
task: majority, mean loss: 0.00199, accuracy: 0.99960, task: max, mean loss: 0.00050, accuracy: 1.00000, task: top, mean loss: 0.00179, accuracy: 0.99960, task: multi, mean loss: 0.00999, multilabel_accuracy: 0.97820, avg. loss over tasks: 0.00357, lr: 8.588527370402095e-06
Diversity Loss - Mean: 0.00000, Variance: 0.00000
Semantic Loss - Mean: 0.00000, Variance: 0.00000

Test Epoch: 95 
task: majority, mean loss: 0.02035, accuracy: 0.99200, task: max, mean loss: 0.37622, accuracy: 0.92700, task: top, mean loss: 0.37376, accuracy: 0.93400, task: multi, mean loss: 0.07023, multilabel_accuracy: 0.83200, avg. loss over tasks: 0.21014
Diversity Loss - Mean: 0.00000, Variance: 0.00000
Semantic Loss - Mean: 0.00000, Variance: 0.00000

Train Epoch: 96 
task: majority, mean loss: 0.00174, accuracy: 0.99960, task: max, mean loss: 0.00089, accuracy: 0.99980, task: top, mean loss: 0.00156, accuracy: 0.99980, task: multi, mean loss: 0.00961, multilabel_accuracy: 0.97940, avg. loss over tasks: 0.00345, lr: 5.86109966358566e-06
Diversity Loss - Mean: 0.00000, Variance: 0.00000
Semantic Loss - Mean: 0.00000, Variance: 0.00000

Test Epoch: 96 
task: majority, mean loss: 0.01945, accuracy: 0.99300, task: max, mean loss: 0.36973, accuracy: 0.93000, task: top, mean loss: 0.37312, accuracy: 0.93300, task: multi, mean loss: 0.06967, multilabel_accuracy: 0.82900, avg. loss over tasks: 0.20799
Diversity Loss - Mean: 0.00000, Variance: 0.00000
Semantic Loss - Mean: 0.00000, Variance: 0.00000

Train Epoch: 97 
task: majority, mean loss: 0.00136, accuracy: 1.00000, task: max, mean loss: 0.00090, accuracy: 0.99980, task: top, mean loss: 0.00135, accuracy: 0.99960, task: multi, mean loss: 0.00999, multilabel_accuracy: 0.97920, avg. loss over tasks: 0.00340, lr: 3.7363132635474912e-06
Diversity Loss - Mean: 0.00000, Variance: 0.00000
Semantic Loss - Mean: 0.00000, Variance: 0.00000

Test Epoch: 97 
task: majority, mean loss: 0.02017, accuracy: 0.99300, task: max, mean loss: 0.37055, accuracy: 0.93000, task: top, mean loss: 0.37093, accuracy: 0.93200, task: multi, mean loss: 0.06996, multilabel_accuracy: 0.83000, avg. loss over tasks: 0.20790
Diversity Loss - Mean: 0.00000, Variance: 0.00000
Semantic Loss - Mean: 0.00000, Variance: 0.00000

Train Epoch: 98 
task: majority, mean loss: 0.00096, accuracy: 1.00000, task: max, mean loss: 0.00053, accuracy: 1.00000, task: top, mean loss: 0.00131, accuracy: 0.99980, task: multi, mean loss: 0.00972, multilabel_accuracy: 0.97900, avg. loss over tasks: 0.00313, lr: 2.216756895217758e-06
Diversity Loss - Mean: 0.00000, Variance: 0.00000
Semantic Loss - Mean: 0.00000, Variance: 0.00000

Test Epoch: 98 
task: majority, mean loss: 0.01957, accuracy: 0.99300, task: max, mean loss: 0.37315, accuracy: 0.92900, task: top, mean loss: 0.37494, accuracy: 0.93500, task: multi, mean loss: 0.07027, multilabel_accuracy: 0.83000, avg. loss over tasks: 0.20948
Diversity Loss - Mean: 0.00000, Variance: 0.00000
Semantic Loss - Mean: 0.00000, Variance: 0.00000

Train Epoch: 99 
task: majority, mean loss: 0.00179, accuracy: 0.99960, task: max, mean loss: 0.00050, accuracy: 1.00000, task: top, mean loss: 0.00140, accuracy: 0.99980, task: multi, mean loss: 0.01019, multilabel_accuracy: 0.97740, avg. loss over tasks: 0.00347, lr: 1.3042819039616668e-06
Diversity Loss - Mean: 0.00000, Variance: 0.00000
Semantic Loss - Mean: 0.00000, Variance: 0.00000

Test Epoch: 99 
task: majority, mean loss: 0.02059, accuracy: 0.99200, task: max, mean loss: 0.37424, accuracy: 0.92800, task: top, mean loss: 0.37598, accuracy: 0.93400, task: multi, mean loss: 0.07040, multilabel_accuracy: 0.82700, avg. loss over tasks: 0.21030
Diversity Loss - Mean: 0.00000, Variance: 0.00000
Semantic Loss - Mean: 0.00000, Variance: 0.00000

Train Epoch: 100 
task: majority, mean loss: 0.00111, accuracy: 1.00000, task: max, mean loss: 0.00102, accuracy: 0.99980, task: top, mean loss: 0.00184, accuracy: 0.99940, task: multi, mean loss: 0.00947, multilabel_accuracy: 0.97880, avg. loss over tasks: 0.00336, lr: 1e-06
Diversity Loss - Mean: 0.00000, Variance: 0.00000
Semantic Loss - Mean: 0.00000, Variance: 0.00000

Test Epoch: 100 
task: majority, mean loss: 0.02115, accuracy: 0.99100, task: max, mean loss: 0.37364, accuracy: 0.92700, task: top, mean loss: 0.37716, accuracy: 0.93500, task: multi, mean loss: 0.07031, multilabel_accuracy: 0.83400, avg. loss over tasks: 0.21057
Diversity Loss - Mean: 0.00000, Variance: 0.00000
Semantic Loss - Mean: 0.00000, Variance: 0.00000

