Generating dataset...
Data generation successful. Proceeding with training.
Used config:
{'B': 16,
 'B_seq': 16,
 'D': 128,
 'D_inner': 512,
 'D_k': 16,
 'D_v': 16,
 'H': 8,
 'I': 100,
 'M': 100,
 'N': 3600,
 'attn_dropout': 0.1,
 'data_dir': 'data/megapixel_mnist/dsets/megapixel_mnist_1500',
 'dropout': 0.1,
 'eager': True,
 'enc_type': 'resnet18',
 'eps': 1e-06,
 'is_image': True,
 'lr': 0.001,
 'mask_K': 10,
 'mask_p': 0,
 'n_chan_in': 1,
 'n_class': 10,
 'n_epoch': 100,
 'n_epoch_warmup': 10,
 'n_res_blocks': 2,
 'n_token': 4,
 'n_worker': 4,
 'patch_size': [50, 50],
 'patch_stride': [50, 50],
 'pin_memory': True,
 'pretrained': False,
 'seed': 0,
 'semantic_diversity_loss': False,
 'shuffle': True,
 'shuffle_style': 'batch',
 'tasks': {'task0': {'act_fn': 'softmax',
                     'id': 0,
                     'metric': 'accuracy',
                     'name': 'majority'},
           'task1': {'act_fn': 'softmax',
                     'id': 1,
                     'metric': 'accuracy',
                     'name': 'max'},
           'task2': {'act_fn': 'softmax',
                     'id': 2,
                     'metric': 'accuracy',
                     'name': 'top'},
           'task3': {'act_fn': 'sigmoid',
                     'id': 3,
                     'metric': 'multilabel_accuracy',
                     'name': 'multi'}},
 'track_efficiency': False,
 'track_epoch': 0,
 'use_pos': True,
 'wd': 0.1}
Train Epoch: 1 
task: majority, mean loss: 2.34626, accuracy: 0.10940, task: max, mean loss: 2.01085, accuracy: 0.25460, task: top, mean loss: 2.34143, accuracy: 0.10180, task: multi, mean loss: 0.64695, multilabel_accuracy: 0.00140, avg. loss over tasks: 1.83637, lr: 0.0001
Diversity Loss - Mean: 0.00000, Variance: 0.00000
Semantic Loss - Mean: 0.00000, Variance: 0.00000

Test Epoch: 1 
task: majority, mean loss: 2.31834, accuracy: 0.09100, task: max, mean loss: 1.87089, accuracy: 0.22100, task: top, mean loss: 2.33108, accuracy: 0.08900, task: multi, mean loss: 0.60190, multilabel_accuracy: 0.00000, avg. loss over tasks: 1.78055
Diversity Loss - Mean: 0.00000, Variance: 0.00000
Semantic Loss - Mean: 0.00000, Variance: 0.00000

Train Epoch: 2 
task: majority, mean loss: 2.31726, accuracy: 0.10480, task: max, mean loss: 1.82785, accuracy: 0.27440, task: top, mean loss: 2.32356, accuracy: 0.09900, task: multi, mean loss: 0.60448, multilabel_accuracy: 0.00000, avg. loss over tasks: 1.76829, lr: 0.0002
Diversity Loss - Mean: 0.00000, Variance: 0.00000
Semantic Loss - Mean: 0.00000, Variance: 0.00000

Test Epoch: 2 
task: majority, mean loss: 2.31539, accuracy: 0.11100, task: max, mean loss: 1.86192, accuracy: 0.27400, task: top, mean loss: 2.31615, accuracy: 0.11500, task: multi, mean loss: 0.60160, multilabel_accuracy: 0.00000, avg. loss over tasks: 1.77377
Diversity Loss - Mean: 0.00000, Variance: 0.00000
Semantic Loss - Mean: 0.00000, Variance: 0.00000

Train Epoch: 3 
task: majority, mean loss: 2.22483, accuracy: 0.15040, task: max, mean loss: 1.78667, accuracy: 0.30080, task: top, mean loss: 2.26921, accuracy: 0.13220, task: multi, mean loss: 0.59781, multilabel_accuracy: 0.00020, avg. loss over tasks: 1.71963, lr: 0.00030000000000000003
Diversity Loss - Mean: 0.00000, Variance: 0.00000
Semantic Loss - Mean: 0.00000, Variance: 0.00000

Test Epoch: 3 
task: majority, mean loss: 2.74617, accuracy: 0.10800, task: max, mean loss: 2.25147, accuracy: 0.18900, task: top, mean loss: 2.64734, accuracy: 0.09700, task: multi, mean loss: 0.66080, multilabel_accuracy: 0.00000, avg. loss over tasks: 2.07644
Diversity Loss - Mean: 0.00000, Variance: 0.00000
Semantic Loss - Mean: 0.00000, Variance: 0.00000

Train Epoch: 4 
task: majority, mean loss: 2.10830, accuracy: 0.18440, task: max, mean loss: 1.66209, accuracy: 0.35760, task: top, mean loss: 2.20066, accuracy: 0.16680, task: multi, mean loss: 0.57766, multilabel_accuracy: 0.00120, avg. loss over tasks: 1.63718, lr: 0.0004
Diversity Loss - Mean: 0.00000, Variance: 0.00000
Semantic Loss - Mean: 0.00000, Variance: 0.00000

Test Epoch: 4 
task: majority, mean loss: 2.24162, accuracy: 0.15100, task: max, mean loss: 1.70321, accuracy: 0.36400, task: top, mean loss: 2.31353, accuracy: 0.13000, task: multi, mean loss: 0.58777, multilabel_accuracy: 0.00000, avg. loss over tasks: 1.71153
Diversity Loss - Mean: 0.00000, Variance: 0.00000
Semantic Loss - Mean: 0.00000, Variance: 0.00000

Train Epoch: 5 
task: majority, mean loss: 2.06918, accuracy: 0.21140, task: max, mean loss: 1.61183, accuracy: 0.36300, task: top, mean loss: 2.15845, accuracy: 0.19020, task: multi, mean loss: 0.56979, multilabel_accuracy: 0.00140, avg. loss over tasks: 1.60231, lr: 0.0005
Diversity Loss - Mean: 0.00000, Variance: 0.00000
Semantic Loss - Mean: 0.00000, Variance: 0.00000

Test Epoch: 5 
task: majority, mean loss: 2.54612, accuracy: 0.09000, task: max, mean loss: 2.03136, accuracy: 0.29600, task: top, mean loss: 2.39446, accuracy: 0.10700, task: multi, mean loss: 0.62041, multilabel_accuracy: 0.00200, avg. loss over tasks: 1.89809
Diversity Loss - Mean: 0.00000, Variance: 0.00000
Semantic Loss - Mean: 0.00000, Variance: 0.00000

Train Epoch: 6 
task: majority, mean loss: 1.89086, accuracy: 0.29400, task: max, mean loss: 1.55869, accuracy: 0.39420, task: top, mean loss: 2.04453, accuracy: 0.23540, task: multi, mean loss: 0.56073, multilabel_accuracy: 0.00340, avg. loss over tasks: 1.51370, lr: 0.0006000000000000001
Diversity Loss - Mean: 0.00000, Variance: 0.00000
Semantic Loss - Mean: 0.00000, Variance: 0.00000

Test Epoch: 6 
task: majority, mean loss: 2.38689, accuracy: 0.23200, task: max, mean loss: 1.62883, accuracy: 0.40000, task: top, mean loss: 2.08031, accuracy: 0.26700, task: multi, mean loss: 0.59066, multilabel_accuracy: 0.01200, avg. loss over tasks: 1.67167
Diversity Loss - Mean: 0.00000, Variance: 0.00000
Semantic Loss - Mean: 0.00000, Variance: 0.00000

Train Epoch: 7 
task: majority, mean loss: 1.51309, accuracy: 0.43220, task: max, mean loss: 1.24604, accuracy: 0.55820, task: top, mean loss: 1.68343, accuracy: 0.41800, task: multi, mean loss: 0.51867, multilabel_accuracy: 0.01460, avg. loss over tasks: 1.24031, lr: 0.0007
Diversity Loss - Mean: 0.00000, Variance: 0.00000
Semantic Loss - Mean: 0.00000, Variance: 0.00000

Test Epoch: 7 
task: majority, mean loss: 2.48782, accuracy: 0.32400, task: max, mean loss: 1.28494, accuracy: 0.58400, task: top, mean loss: 1.91652, accuracy: 0.43400, task: multi, mean loss: 0.55297, multilabel_accuracy: 0.01800, avg. loss over tasks: 1.56056
Diversity Loss - Mean: 0.00000, Variance: 0.00000
Semantic Loss - Mean: 0.00000, Variance: 0.00000

Train Epoch: 8 
task: majority, mean loss: 1.10305, accuracy: 0.59740, task: max, mean loss: 0.92376, accuracy: 0.68580, task: top, mean loss: 1.32929, accuracy: 0.56320, task: multi, mean loss: 0.45453, multilabel_accuracy: 0.04600, avg. loss over tasks: 0.95266, lr: 0.0008
Diversity Loss - Mean: 0.00000, Variance: 0.00000
Semantic Loss - Mean: 0.00000, Variance: 0.00000

Test Epoch: 8 
task: majority, mean loss: 2.04914, accuracy: 0.38900, task: max, mean loss: 1.04674, accuracy: 0.62800, task: top, mean loss: 1.44012, accuracy: 0.55200, task: multi, mean loss: 0.46545, multilabel_accuracy: 0.05200, avg. loss over tasks: 1.25036
Diversity Loss - Mean: 0.00000, Variance: 0.00000
Semantic Loss - Mean: 0.00000, Variance: 0.00000

Train Epoch: 9 
task: majority, mean loss: 0.81670, accuracy: 0.71400, task: max, mean loss: 0.78560, accuracy: 0.74020, task: top, mean loss: 1.02877, accuracy: 0.67640, task: multi, mean loss: 0.38628, multilabel_accuracy: 0.10060, avg. loss over tasks: 0.75434, lr: 0.0009000000000000001
Diversity Loss - Mean: 0.00000, Variance: 0.00000
Semantic Loss - Mean: 0.00000, Variance: 0.00000

Test Epoch: 9 
task: majority, mean loss: 1.03120, accuracy: 0.61600, task: max, mean loss: 0.97303, accuracy: 0.68200, task: top, mean loss: 1.11144, accuracy: 0.64700, task: multi, mean loss: 0.37706, multilabel_accuracy: 0.11500, avg. loss over tasks: 0.87318
Diversity Loss - Mean: 0.00000, Variance: 0.00000
Semantic Loss - Mean: 0.00000, Variance: 0.00000

Train Epoch: 10 
task: majority, mean loss: 0.65608, accuracy: 0.76980, task: max, mean loss: 0.71043, accuracy: 0.76120, task: top, mean loss: 0.87455, accuracy: 0.72100, task: multi, mean loss: 0.33760, multilabel_accuracy: 0.16800, avg. loss over tasks: 0.64467, lr: 0.001
Diversity Loss - Mean: 0.00000, Variance: 0.00000
Semantic Loss - Mean: 0.00000, Variance: 0.00000

Test Epoch: 10 
task: majority, mean loss: 0.53905, accuracy: 0.80500, task: max, mean loss: 0.56678, accuracy: 0.82400, task: top, mean loss: 0.76349, accuracy: 0.74900, task: multi, mean loss: 0.27987, multilabel_accuracy: 0.27200, avg. loss over tasks: 0.53730
Diversity Loss - Mean: 0.00000, Variance: 0.00000
Semantic Loss - Mean: 0.00000, Variance: 0.00000

Train Epoch: 11 
task: majority, mean loss: 0.54461, accuracy: 0.81320, task: max, mean loss: 0.62617, accuracy: 0.79580, task: top, mean loss: 0.72150, accuracy: 0.77540, task: multi, mean loss: 0.29637, multilabel_accuracy: 0.24280, avg. loss over tasks: 0.54716, lr: 0.0009996957180960382
Diversity Loss - Mean: 0.00000, Variance: 0.00000
Semantic Loss - Mean: 0.00000, Variance: 0.00000

Test Epoch: 11 
task: majority, mean loss: 1.20669, accuracy: 0.58100, task: max, mean loss: 0.71150, accuracy: 0.76300, task: top, mean loss: 0.89382, accuracy: 0.71500, task: multi, mean loss: 0.34605, multilabel_accuracy: 0.19600, avg. loss over tasks: 0.78951
Diversity Loss - Mean: 0.00000, Variance: 0.00000
Semantic Loss - Mean: 0.00000, Variance: 0.00000

Train Epoch: 12 
task: majority, mean loss: 0.38337, accuracy: 0.86800, task: max, mean loss: 0.54395, accuracy: 0.82400, task: top, mean loss: 0.61207, accuracy: 0.80760, task: multi, mean loss: 0.25421, multilabel_accuracy: 0.31420, avg. loss over tasks: 0.44840, lr: 0.0009987832431047822
Diversity Loss - Mean: 0.00000, Variance: 0.00000
Semantic Loss - Mean: 0.00000, Variance: 0.00000

Test Epoch: 12 
task: majority, mean loss: 0.30883, accuracy: 0.88000, task: max, mean loss: 0.45327, accuracy: 0.85400, task: top, mean loss: 0.51689, accuracy: 0.84300, task: multi, mean loss: 0.19603, multilabel_accuracy: 0.46900, avg. loss over tasks: 0.36876
Diversity Loss - Mean: 0.00000, Variance: 0.00000
Semantic Loss - Mean: 0.00000, Variance: 0.00000

Train Epoch: 13 
task: majority, mean loss: 0.31127, accuracy: 0.89240, task: max, mean loss: 0.47153, accuracy: 0.84780, task: top, mean loss: 0.49497, accuracy: 0.85000, task: multi, mean loss: 0.22629, multilabel_accuracy: 0.39340, avg. loss over tasks: 0.37602, lr: 0.0009972636867364526
Diversity Loss - Mean: 0.00000, Variance: 0.00000
Semantic Loss - Mean: 0.00000, Variance: 0.00000

Test Epoch: 13 
task: majority, mean loss: 0.24910, accuracy: 0.91500, task: max, mean loss: 0.47815, accuracy: 0.85300, task: top, mean loss: 0.57152, accuracy: 0.83800, task: multi, mean loss: 0.18965, multilabel_accuracy: 0.46700, avg. loss over tasks: 0.37211
Diversity Loss - Mean: 0.00000, Variance: 0.00000
Semantic Loss - Mean: 0.00000, Variance: 0.00000

Train Epoch: 14 
task: majority, mean loss: 0.27549, accuracy: 0.89920, task: max, mean loss: 0.44170, accuracy: 0.85820, task: top, mean loss: 0.42661, accuracy: 0.86120, task: multi, mean loss: 0.20927, multilabel_accuracy: 0.42480, avg. loss over tasks: 0.33826, lr: 0.0009951389003364144
Diversity Loss - Mean: 0.00000, Variance: 0.00000
Semantic Loss - Mean: 0.00000, Variance: 0.00000

Test Epoch: 14 
task: majority, mean loss: 0.41733, accuracy: 0.85800, task: max, mean loss: 0.52112, accuracy: 0.83000, task: top, mean loss: 0.71045, accuracy: 0.79800, task: multi, mean loss: 0.22187, multilabel_accuracy: 0.37900, avg. loss over tasks: 0.46769
Diversity Loss - Mean: 0.00000, Variance: 0.00000
Semantic Loss - Mean: 0.00000, Variance: 0.00000

Train Epoch: 15 
task: majority, mean loss: 0.21522, accuracy: 0.92820, task: max, mean loss: 0.38778, accuracy: 0.87600, task: top, mean loss: 0.38633, accuracy: 0.88160, task: multi, mean loss: 0.19014, multilabel_accuracy: 0.48060, avg. loss over tasks: 0.29487, lr: 0.000992411472629598
Diversity Loss - Mean: 0.00000, Variance: 0.00000
Semantic Loss - Mean: 0.00000, Variance: 0.00000

Test Epoch: 15 
task: majority, mean loss: 0.57607, accuracy: 0.78700, task: max, mean loss: 0.49096, accuracy: 0.83600, task: top, mean loss: 0.96307, accuracy: 0.73900, task: multi, mean loss: 0.22342, multilabel_accuracy: 0.42100, avg. loss over tasks: 0.56338
Diversity Loss - Mean: 0.00000, Variance: 0.00000
Semantic Loss - Mean: 0.00000, Variance: 0.00000

Train Epoch: 16 
task: majority, mean loss: 0.20981, accuracy: 0.92360, task: max, mean loss: 0.35187, accuracy: 0.89240, task: top, mean loss: 0.33720, accuracy: 0.89420, task: multi, mean loss: 0.18067, multilabel_accuracy: 0.49740, avg. loss over tasks: 0.26989, lr: 0.000989084726566536
Diversity Loss - Mean: 0.00000, Variance: 0.00000
Semantic Loss - Mean: 0.00000, Variance: 0.00000

Test Epoch: 16 
task: majority, mean loss: 0.36060, accuracy: 0.86100, task: max, mean loss: 0.48919, accuracy: 0.83300, task: top, mean loss: 0.53013, accuracy: 0.84100, task: multi, mean loss: 0.19265, multilabel_accuracy: 0.46200, avg. loss over tasks: 0.39314
Diversity Loss - Mean: 0.00000, Variance: 0.00000
Semantic Loss - Mean: 0.00000, Variance: 0.00000

Train Epoch: 17 
task: majority, mean loss: 0.18823, accuracy: 0.93560, task: max, mean loss: 0.33996, accuracy: 0.89340, task: top, mean loss: 0.30953, accuracy: 0.90320, task: multi, mean loss: 0.17277, multilabel_accuracy: 0.51540, avg. loss over tasks: 0.25262, lr: 0.00098516271527486
Diversity Loss - Mean: 0.00000, Variance: 0.00000
Semantic Loss - Mean: 0.00000, Variance: 0.00000

Test Epoch: 17 
task: majority, mean loss: 0.22848, accuracy: 0.92500, task: max, mean loss: 0.38217, accuracy: 0.87000, task: top, mean loss: 0.48367, accuracy: 0.86800, task: multi, mean loss: 0.15200, multilabel_accuracy: 0.56700, avg. loss over tasks: 0.31158
Diversity Loss - Mean: 0.00000, Variance: 0.00000
Semantic Loss - Mean: 0.00000, Variance: 0.00000

Train Epoch: 18 
task: majority, mean loss: 0.15868, accuracy: 0.94660, task: max, mean loss: 0.30682, accuracy: 0.90140, task: top, mean loss: 0.28654, accuracy: 0.91140, task: multi, mean loss: 0.16183, multilabel_accuracy: 0.54320, avg. loss over tasks: 0.22847, lr: 0.0009806502171211902
Diversity Loss - Mean: 0.00000, Variance: 0.00000
Semantic Loss - Mean: 0.00000, Variance: 0.00000

Test Epoch: 18 
task: majority, mean loss: 0.36959, accuracy: 0.88700, task: max, mean loss: 0.64122, accuracy: 0.81800, task: top, mean loss: 0.51533, accuracy: 0.85200, task: multi, mean loss: 0.20454, multilabel_accuracy: 0.46300, avg. loss over tasks: 0.43267
Diversity Loss - Mean: 0.00000, Variance: 0.00000
Semantic Loss - Mean: 0.00000, Variance: 0.00000

Train Epoch: 19 
task: majority, mean loss: 0.14783, accuracy: 0.95100, task: max, mean loss: 0.26569, accuracy: 0.91660, task: top, mean loss: 0.25126, accuracy: 0.92220, task: multi, mean loss: 0.15251, multilabel_accuracy: 0.56980, avg. loss over tasks: 0.20433, lr: 0.0009755527298894293
Diversity Loss - Mean: 0.00000, Variance: 0.00000
Semantic Loss - Mean: 0.00000, Variance: 0.00000

Test Epoch: 19 
task: majority, mean loss: 0.38466, accuracy: 0.87300, task: max, mean loss: 0.40868, accuracy: 0.86600, task: top, mean loss: 0.53928, accuracy: 0.85600, task: multi, mean loss: 0.21243, multilabel_accuracy: 0.45000, avg. loss over tasks: 0.38626
Diversity Loss - Mean: 0.00000, Variance: 0.00000
Semantic Loss - Mean: 0.00000, Variance: 0.00000

Train Epoch: 20 
task: majority, mean loss: 0.14155, accuracy: 0.95160, task: max, mean loss: 0.26215, accuracy: 0.91780, task: top, mean loss: 0.22770, accuracy: 0.92680, task: multi, mean loss: 0.15047, multilabel_accuracy: 0.57140, avg. loss over tasks: 0.19547, lr: 0.0009698764640825613
Diversity Loss - Mean: 0.00000, Variance: 0.00000
Semantic Loss - Mean: 0.00000, Variance: 0.00000

Test Epoch: 20 
task: majority, mean loss: 0.09628, accuracy: 0.96700, task: max, mean loss: 0.35201, accuracy: 0.89100, task: top, mean loss: 0.34302, accuracy: 0.90200, task: multi, mean loss: 0.12629, multilabel_accuracy: 0.63100, avg. loss over tasks: 0.22940
Diversity Loss - Mean: 0.00000, Variance: 0.00000
Semantic Loss - Mean: 0.00000, Variance: 0.00000

Train Epoch: 21 
task: majority, mean loss: 0.14919, accuracy: 0.94540, task: max, mean loss: 0.24729, accuracy: 0.92080, task: top, mean loss: 0.22300, accuracy: 0.92960, task: multi, mean loss: 0.14705, multilabel_accuracy: 0.58760, avg. loss over tasks: 0.19163, lr: 0.0009636283353561103
Diversity Loss - Mean: 0.00000, Variance: 0.00000
Semantic Loss - Mean: 0.00000, Variance: 0.00000

Test Epoch: 21 
task: majority, mean loss: 0.20978, accuracy: 0.92800, task: max, mean loss: 0.39844, accuracy: 0.88000, task: top, mean loss: 0.43837, accuracy: 0.88600, task: multi, mean loss: 0.13903, multilabel_accuracy: 0.60400, avg. loss over tasks: 0.29641
Diversity Loss - Mean: 0.00000, Variance: 0.00000
Semantic Loss - Mean: 0.00000, Variance: 0.00000

Train Epoch: 22 
task: majority, mean loss: 0.12876, accuracy: 0.95260, task: max, mean loss: 0.22738, accuracy: 0.92980, task: top, mean loss: 0.20093, accuracy: 0.93760, task: multi, mean loss: 0.14101, multilabel_accuracy: 0.59820, avg. loss over tasks: 0.17452, lr: 0.0009568159560924791
Diversity Loss - Mean: 0.00000, Variance: 0.00000
Semantic Loss - Mean: 0.00000, Variance: 0.00000

Test Epoch: 22 
task: majority, mean loss: 0.15171, accuracy: 0.94900, task: max, mean loss: 0.47189, accuracy: 0.86200, task: top, mean loss: 0.34205, accuracy: 0.89400, task: multi, mean loss: 0.14622, multilabel_accuracy: 0.61400, avg. loss over tasks: 0.27797
Diversity Loss - Mean: 0.00000, Variance: 0.00000
Semantic Loss - Mean: 0.00000, Variance: 0.00000

Train Epoch: 23 
task: majority, mean loss: 0.12320, accuracy: 0.95680, task: max, mean loss: 0.24489, accuracy: 0.92000, task: top, mean loss: 0.21620, accuracy: 0.93080, task: multi, mean loss: 0.14164, multilabel_accuracy: 0.60040, avg. loss over tasks: 0.18148, lr: 0.000949447626126434
Diversity Loss - Mean: 0.00000, Variance: 0.00000
Semantic Loss - Mean: 0.00000, Variance: 0.00000

Test Epoch: 23 
task: majority, mean loss: 0.14973, accuracy: 0.95700, task: max, mean loss: 0.35384, accuracy: 0.88700, task: top, mean loss: 0.63354, accuracy: 0.85000, task: multi, mean loss: 0.14110, multilabel_accuracy: 0.64000, avg. loss over tasks: 0.31955
Diversity Loss - Mean: 0.00000, Variance: 0.00000
Semantic Loss - Mean: 0.00000, Variance: 0.00000

Train Epoch: 24 
task: majority, mean loss: 0.09657, accuracy: 0.96580, task: max, mean loss: 0.18939, accuracy: 0.93920, task: top, mean loss: 0.16585, accuracy: 0.94880, task: multi, mean loss: 0.12278, multilabel_accuracy: 0.63680, avg. loss over tasks: 0.14365, lr: 0.000941532322633034
Diversity Loss - Mean: 0.00000, Variance: 0.00000
Semantic Loss - Mean: 0.00000, Variance: 0.00000

Test Epoch: 24 
task: majority, mean loss: 0.14339, accuracy: 0.95200, task: max, mean loss: 0.42434, accuracy: 0.87200, task: top, mean loss: 0.37636, accuracy: 0.88400, task: multi, mean loss: 0.16039, multilabel_accuracy: 0.58000, avg. loss over tasks: 0.27612
Diversity Loss - Mean: 0.00000, Variance: 0.00000
Semantic Loss - Mean: 0.00000, Variance: 0.00000

Train Epoch: 25 
task: majority, mean loss: 0.09722, accuracy: 0.96740, task: max, mean loss: 0.19031, accuracy: 0.93980, task: top, mean loss: 0.16053, accuracy: 0.95020, task: multi, mean loss: 0.12587, multilabel_accuracy: 0.63940, avg. loss over tasks: 0.14348, lr: 0.0009330796891903273
Diversity Loss - Mean: 0.00000, Variance: 0.00000
Semantic Loss - Mean: 0.00000, Variance: 0.00000

Test Epoch: 25 
task: majority, mean loss: 0.12001, accuracy: 0.96200, task: max, mean loss: 0.46147, accuracy: 0.87200, task: top, mean loss: 0.40538, accuracy: 0.88900, task: multi, mean loss: 0.13710, multilabel_accuracy: 0.62000, avg. loss over tasks: 0.28099
Diversity Loss - Mean: 0.00000, Variance: 0.00000
Semantic Loss - Mean: 0.00000, Variance: 0.00000

Train Epoch: 26 
task: majority, mean loss: 0.11098, accuracy: 0.96040, task: max, mean loss: 0.19264, accuracy: 0.93860, task: top, mean loss: 0.18005, accuracy: 0.94520, task: multi, mean loss: 0.12506, multilabel_accuracy: 0.63920, avg. loss over tasks: 0.15218, lr: 0.0009241000240301347
Diversity Loss - Mean: 0.00000, Variance: 0.00000
Semantic Loss - Mean: 0.00000, Variance: 0.00000

Test Epoch: 26 
task: majority, mean loss: 0.13828, accuracy: 0.95700, task: max, mean loss: 0.33670, accuracy: 0.89300, task: top, mean loss: 0.41834, accuracy: 0.88400, task: multi, mean loss: 0.12127, multilabel_accuracy: 0.66500, avg. loss over tasks: 0.25365
Diversity Loss - Mean: 0.00000, Variance: 0.00000
Semantic Loss - Mean: 0.00000, Variance: 0.00000

Train Epoch: 27 
task: majority, mean loss: 0.09841, accuracy: 0.96660, task: max, mean loss: 0.18696, accuracy: 0.94280, task: top, mean loss: 0.15784, accuracy: 0.95240, task: multi, mean loss: 0.12062, multilabel_accuracy: 0.64360, avg. loss over tasks: 0.14096, lr: 0.0009146042674912433
Diversity Loss - Mean: 0.00000, Variance: 0.00000
Semantic Loss - Mean: 0.00000, Variance: 0.00000

Test Epoch: 27 
task: majority, mean loss: 0.20624, accuracy: 0.92700, task: max, mean loss: 0.33384, accuracy: 0.90200, task: top, mean loss: 0.41677, accuracy: 0.88200, task: multi, mean loss: 0.14739, multilabel_accuracy: 0.59500, avg. loss over tasks: 0.27606
Diversity Loss - Mean: 0.00000, Variance: 0.00000
Semantic Loss - Mean: 0.00000, Variance: 0.00000

Train Epoch: 28 
task: majority, mean loss: 0.07485, accuracy: 0.97780, task: max, mean loss: 0.15081, accuracy: 0.95200, task: top, mean loss: 0.12544, accuracy: 0.96120, task: multi, mean loss: 0.11139, multilabel_accuracy: 0.67860, avg. loss over tasks: 0.11562, lr: 0.0009046039886902862
Diversity Loss - Mean: 0.00000, Variance: 0.00000
Semantic Loss - Mean: 0.00000, Variance: 0.00000

Test Epoch: 28 
task: majority, mean loss: 0.08613, accuracy: 0.97100, task: max, mean loss: 0.31822, accuracy: 0.90100, task: top, mean loss: 0.30519, accuracy: 0.92600, task: multi, mean loss: 0.11718, multilabel_accuracy: 0.67400, avg. loss over tasks: 0.20668
Diversity Loss - Mean: 0.00000, Variance: 0.00000
Semantic Loss - Mean: 0.00000, Variance: 0.00000

Train Epoch: 29 
task: majority, mean loss: 0.08599, accuracy: 0.96880, task: max, mean loss: 0.14368, accuracy: 0.95540, task: top, mean loss: 0.12350, accuracy: 0.96120, task: multi, mean loss: 0.10959, multilabel_accuracy: 0.68100, avg. loss over tasks: 0.11569, lr: 0.0008941113714265576
Diversity Loss - Mean: 0.00000, Variance: 0.00000
Semantic Loss - Mean: 0.00000, Variance: 0.00000

Test Epoch: 29 
task: majority, mean loss: 0.22461, accuracy: 0.91800, task: max, mean loss: 0.38033, accuracy: 0.89000, task: top, mean loss: 0.91174, accuracy: 0.80700, task: multi, mean loss: 0.14706, multilabel_accuracy: 0.59700, avg. loss over tasks: 0.41593
Diversity Loss - Mean: 0.00000, Variance: 0.00000
Semantic Loss - Mean: 0.00000, Variance: 0.00000

Train Epoch: 30 
task: majority, mean loss: 0.09947, accuracy: 0.96380, task: max, mean loss: 0.15952, accuracy: 0.94960, task: top, mean loss: 0.14772, accuracy: 0.95420, task: multi, mean loss: 0.11453, multilabel_accuracy: 0.66700, avg. loss over tasks: 0.13031, lr: 0.0008831391993379295
Diversity Loss - Mean: 0.00000, Variance: 0.00000
Semantic Loss - Mean: 0.00000, Variance: 0.00000

Test Epoch: 30 
task: majority, mean loss: 0.12535, accuracy: 0.95900, task: max, mean loss: 0.37140, accuracy: 0.88500, task: top, mean loss: 0.63765, accuracy: 0.83800, task: multi, mean loss: 0.12801, multilabel_accuracy: 0.65300, avg. loss over tasks: 0.31560
Diversity Loss - Mean: 0.00000, Variance: 0.00000
Semantic Loss - Mean: 0.00000, Variance: 0.00000

Train Epoch: 31 
task: majority, mean loss: 0.09034, accuracy: 0.97100, task: max, mean loss: 0.14519, accuracy: 0.95220, task: top, mean loss: 0.14863, accuracy: 0.95380, task: multi, mean loss: 0.11115, multilabel_accuracy: 0.67680, avg. loss over tasks: 0.12382, lr: 0.0008717008403259584
Diversity Loss - Mean: 0.00000, Variance: 0.00000
Semantic Loss - Mean: 0.00000, Variance: 0.00000

Test Epoch: 31 
task: majority, mean loss: 0.11792, accuracy: 0.96000, task: max, mean loss: 0.31458, accuracy: 0.91500, task: top, mean loss: 0.40082, accuracy: 0.88600, task: multi, mean loss: 0.11649, multilabel_accuracy: 0.67900, avg. loss over tasks: 0.23745
Diversity Loss - Mean: 0.00000, Variance: 0.00000
Semantic Loss - Mean: 0.00000, Variance: 0.00000

Train Epoch: 32 
task: majority, mean loss: 0.07681, accuracy: 0.97460, task: max, mean loss: 0.13528, accuracy: 0.95740, task: top, mean loss: 0.12685, accuracy: 0.96040, task: multi, mean loss: 0.10691, multilabel_accuracy: 0.68820, avg. loss over tasks: 0.11146, lr: 0.0008598102302691562
Diversity Loss - Mean: 0.00000, Variance: 0.00000
Semantic Loss - Mean: 0.00000, Variance: 0.00000

Test Epoch: 32 
task: majority, mean loss: 0.09254, accuracy: 0.97200, task: max, mean loss: 0.31290, accuracy: 0.91000, task: top, mean loss: 0.37741, accuracy: 0.89900, task: multi, mean loss: 0.11011, multilabel_accuracy: 0.68700, avg. loss over tasks: 0.22324
Diversity Loss - Mean: 0.00000, Variance: 0.00000
Semantic Loss - Mean: 0.00000, Variance: 0.00000

Train Epoch: 33 
task: majority, mean loss: 0.09860, accuracy: 0.96520, task: max, mean loss: 0.17026, accuracy: 0.94800, task: top, mean loss: 0.16088, accuracy: 0.94960, task: multi, mean loss: 0.11618, multilabel_accuracy: 0.66820, avg. loss over tasks: 0.13648, lr: 0.0008474818560442692
Diversity Loss - Mean: 0.00000, Variance: 0.00000
Semantic Loss - Mean: 0.00000, Variance: 0.00000

Test Epoch: 33 
task: majority, mean loss: 0.08625, accuracy: 0.96700, task: max, mean loss: 0.30685, accuracy: 0.90300, task: top, mean loss: 0.32158, accuracy: 0.91700, task: multi, mean loss: 0.10752, multilabel_accuracy: 0.71800, avg. loss over tasks: 0.20555
Diversity Loss - Mean: 0.00000, Variance: 0.00000
Semantic Loss - Mean: 0.00000, Variance: 0.00000

Train Epoch: 34 
task: majority, mean loss: 0.05290, accuracy: 0.97980, task: max, mean loss: 0.09763, accuracy: 0.97000, task: top, mean loss: 0.06883, accuracy: 0.97880, task: multi, mean loss: 0.08921, multilabel_accuracy: 0.74280, avg. loss over tasks: 0.07715, lr: 0.0008347307378762497
Diversity Loss - Mean: 0.00000, Variance: 0.00000
Semantic Loss - Mean: 0.00000, Variance: 0.00000

Test Epoch: 34 
task: majority, mean loss: 0.15080, accuracy: 0.94500, task: max, mean loss: 0.34529, accuracy: 0.90100, task: top, mean loss: 0.45928, accuracy: 0.89500, task: multi, mean loss: 0.11404, multilabel_accuracy: 0.68500, avg. loss over tasks: 0.26735
Diversity Loss - Mean: 0.00000, Variance: 0.00000
Semantic Loss - Mean: 0.00000, Variance: 0.00000

Train Epoch: 35 
task: majority, mean loss: 0.08064, accuracy: 0.97340, task: max, mean loss: 0.12887, accuracy: 0.95860, task: top, mean loss: 0.10367, accuracy: 0.96820, task: multi, mean loss: 0.09892, multilabel_accuracy: 0.71140, avg. loss over tasks: 0.10302, lr: 0.0008215724110384264
Diversity Loss - Mean: 0.00000, Variance: 0.00000
Semantic Loss - Mean: 0.00000, Variance: 0.00000

Test Epoch: 35 
task: majority, mean loss: 0.05996, accuracy: 0.98100, task: max, mean loss: 0.30259, accuracy: 0.91500, task: top, mean loss: 0.42234, accuracy: 0.90000, task: multi, mean loss: 0.10275, multilabel_accuracy: 0.71400, avg. loss over tasks: 0.22191
Diversity Loss - Mean: 0.00000, Variance: 0.00000
Semantic Loss - Mean: 0.00000, Variance: 0.00000

Train Epoch: 36 
task: majority, mean loss: 0.05239, accuracy: 0.98220, task: max, mean loss: 0.10427, accuracy: 0.96620, task: top, mean loss: 0.07265, accuracy: 0.97700, task: multi, mean loss: 0.09202, multilabel_accuracy: 0.73060, avg. loss over tasks: 0.08033, lr: 0.0008080229069251663
Diversity Loss - Mean: 0.00000, Variance: 0.00000
Semantic Loss - Mean: 0.00000, Variance: 0.00000

Test Epoch: 36 
task: majority, mean loss: 0.11683, accuracy: 0.95500, task: max, mean loss: 0.37795, accuracy: 0.89900, task: top, mean loss: 0.37974, accuracy: 0.90200, task: multi, mean loss: 0.11181, multilabel_accuracy: 0.68300, avg. loss over tasks: 0.24658
Diversity Loss - Mean: 0.00000, Variance: 0.00000
Semantic Loss - Mean: 0.00000, Variance: 0.00000

Train Epoch: 37 
task: majority, mean loss: 0.06503, accuracy: 0.97700, task: max, mean loss: 0.10555, accuracy: 0.96740, task: top, mean loss: 0.09007, accuracy: 0.97260, task: multi, mean loss: 0.09421, multilabel_accuracy: 0.72460, avg. loss over tasks: 0.08872, lr: 0.0007940987335200903
Diversity Loss - Mean: 0.00000, Variance: 0.00000
Semantic Loss - Mean: 0.00000, Variance: 0.00000

Test Epoch: 37 
task: majority, mean loss: 0.06345, accuracy: 0.97600, task: max, mean loss: 0.28219, accuracy: 0.92400, task: top, mean loss: 0.30327, accuracy: 0.91000, task: multi, mean loss: 0.10248, multilabel_accuracy: 0.72800, avg. loss over tasks: 0.18785
Diversity Loss - Mean: 0.00000, Variance: 0.00000
Semantic Loss - Mean: 0.00000, Variance: 0.00000

Train Epoch: 38 
task: majority, mean loss: 0.06982, accuracy: 0.97760, task: max, mean loss: 0.11595, accuracy: 0.96160, task: top, mean loss: 0.11376, accuracy: 0.96700, task: multi, mean loss: 0.09463, multilabel_accuracy: 0.72060, avg. loss over tasks: 0.09854, lr: 0.0007798168552836382
Diversity Loss - Mean: 0.00000, Variance: 0.00000
Semantic Loss - Mean: 0.00000, Variance: 0.00000

Test Epoch: 38 
task: majority, mean loss: 0.29014, accuracy: 0.91300, task: max, mean loss: 0.41703, accuracy: 0.89000, task: top, mean loss: 0.46637, accuracy: 0.87800, task: multi, mean loss: 0.16423, multilabel_accuracy: 0.59100, avg. loss over tasks: 0.33444
Diversity Loss - Mean: 0.00000, Variance: 0.00000
Semantic Loss - Mean: 0.00000, Variance: 0.00000

Train Epoch: 39 
task: majority, mean loss: 0.05867, accuracy: 0.97960, task: max, mean loss: 0.09173, accuracy: 0.97100, task: top, mean loss: 0.08368, accuracy: 0.97280, task: multi, mean loss: 0.08782, multilabel_accuracy: 0.73440, avg. loss over tasks: 0.08047, lr: 0.000765194672484486
Diversity Loss - Mean: 0.00000, Variance: 0.00000
Semantic Loss - Mean: 0.00000, Variance: 0.00000

Test Epoch: 39 
task: majority, mean loss: 0.10771, accuracy: 0.96000, task: max, mean loss: 0.30171, accuracy: 0.91600, task: top, mean loss: 0.34281, accuracy: 0.92100, task: multi, mean loss: 0.10461, multilabel_accuracy: 0.71000, avg. loss over tasks: 0.21421
Diversity Loss - Mean: 0.00000, Variance: 0.00000
Semantic Loss - Mean: 0.00000, Variance: 0.00000

Train Epoch: 40 
task: majority, mean loss: 0.05215, accuracy: 0.98280, task: max, mean loss: 0.07031, accuracy: 0.98000, task: top, mean loss: 0.06980, accuracy: 0.97900, task: multi, mean loss: 0.08279, multilabel_accuracy: 0.76180, avg. loss over tasks: 0.06876, lr: 0.00075025
Diversity Loss - Mean: 0.00000, Variance: 0.00000
Semantic Loss - Mean: 0.00000, Variance: 0.00000

Test Epoch: 40 
task: majority, mean loss: 0.14139, accuracy: 0.94900, task: max, mean loss: 0.31684, accuracy: 0.90800, task: top, mean loss: 0.36164, accuracy: 0.90700, task: multi, mean loss: 0.10825, multilabel_accuracy: 0.70400, avg. loss over tasks: 0.23203
Diversity Loss - Mean: 0.00000, Variance: 0.00000
Semantic Loss - Mean: 0.00000, Variance: 0.00000

Train Epoch: 41 
task: majority, mean loss: 0.05838, accuracy: 0.98060, task: max, mean loss: 0.08357, accuracy: 0.97420, task: top, mean loss: 0.06970, accuracy: 0.97880, task: multi, mean loss: 0.08230, multilabel_accuracy: 0.76220, avg. loss over tasks: 0.07349, lr: 0.0007350010456115524
Diversity Loss - Mean: 0.00000, Variance: 0.00000
Semantic Loss - Mean: 0.00000, Variance: 0.00000

Test Epoch: 41 
task: majority, mean loss: 0.10850, accuracy: 0.95700, task: max, mean loss: 0.29098, accuracy: 0.91500, task: top, mean loss: 0.37322, accuracy: 0.91100, task: multi, mean loss: 0.12324, multilabel_accuracy: 0.68700, avg. loss over tasks: 0.22398
Diversity Loss - Mean: 0.00000, Variance: 0.00000
Semantic Loss - Mean: 0.00000, Variance: 0.00000

Train Epoch: 42 
task: majority, mean loss: 0.05028, accuracy: 0.98000, task: max, mean loss: 0.09713, accuracy: 0.97080, task: top, mean loss: 0.05233, accuracy: 0.98380, task: multi, mean loss: 0.08087, multilabel_accuracy: 0.75000, avg. loss over tasks: 0.07016, lr: 0.0007194663878211441
Diversity Loss - Mean: 0.00000, Variance: 0.00000
Semantic Loss - Mean: 0.00000, Variance: 0.00000

Test Epoch: 42 
task: majority, mean loss: 0.40004, accuracy: 0.88600, task: max, mean loss: 0.44265, accuracy: 0.89100, task: top, mean loss: 0.47653, accuracy: 0.87800, task: multi, mean loss: 0.21428, multilabel_accuracy: 0.55500, avg. loss over tasks: 0.38338
Diversity Loss - Mean: 0.00000, Variance: 0.00000
Semantic Loss - Mean: 0.00000, Variance: 0.00000

Train Epoch: 43 
task: majority, mean loss: 0.04898, accuracy: 0.98380, task: max, mean loss: 0.07382, accuracy: 0.97620, task: top, mean loss: 0.06586, accuracy: 0.98180, task: multi, mean loss: 0.07796, multilabel_accuracy: 0.77260, avg. loss over tasks: 0.06665, lr: 0.0007036649532163623
Diversity Loss - Mean: 0.00000, Variance: 0.00000
Semantic Loss - Mean: 0.00000, Variance: 0.00000

Test Epoch: 43 
task: majority, mean loss: 0.08043, accuracy: 0.97200, task: max, mean loss: 0.23365, accuracy: 0.93500, task: top, mean loss: 0.28592, accuracy: 0.92600, task: multi, mean loss: 0.08607, multilabel_accuracy: 0.75800, avg. loss over tasks: 0.17152
Diversity Loss - Mean: 0.00000, Variance: 0.00000
Semantic Loss - Mean: 0.00000, Variance: 0.00000

Train Epoch: 44 
task: majority, mean loss: 0.04037, accuracy: 0.98820, task: max, mean loss: 0.06208, accuracy: 0.98040, task: top, mean loss: 0.05883, accuracy: 0.98140, task: multi, mean loss: 0.07503, multilabel_accuracy: 0.78060, avg. loss over tasks: 0.05908, lr: 0.0006876159934112482
Diversity Loss - Mean: 0.00000, Variance: 0.00000
Semantic Loss - Mean: 0.00000, Variance: 0.00000

Test Epoch: 44 
task: majority, mean loss: 0.08420, accuracy: 0.96600, task: max, mean loss: 0.33354, accuracy: 0.92100, task: top, mean loss: 0.45579, accuracy: 0.89900, task: multi, mean loss: 0.10675, multilabel_accuracy: 0.71600, avg. loss over tasks: 0.24507
Diversity Loss - Mean: 0.00000, Variance: 0.00000
Semantic Loss - Mean: 0.00000, Variance: 0.00000

Train Epoch: 45 
task: majority, mean loss: 0.05422, accuracy: 0.98240, task: max, mean loss: 0.07052, accuracy: 0.97900, task: top, mean loss: 0.05110, accuracy: 0.98300, task: multi, mean loss: 0.07579, multilabel_accuracy: 0.77060, avg. loss over tasks: 0.06291, lr: 0.0006713390615911716
Diversity Loss - Mean: 0.00000, Variance: 0.00000
Semantic Loss - Mean: 0.00000, Variance: 0.00000

Test Epoch: 45 
task: majority, mean loss: 0.07801, accuracy: 0.96400, task: max, mean loss: 0.31873, accuracy: 0.92500, task: top, mean loss: 0.60282, accuracy: 0.87500, task: multi, mean loss: 0.10581, multilabel_accuracy: 0.70300, avg. loss over tasks: 0.27634
Diversity Loss - Mean: 0.00000, Variance: 0.00000
Semantic Loss - Mean: 0.00000, Variance: 0.00000

Train Epoch: 46 
task: majority, mean loss: 0.03785, accuracy: 0.98620, task: max, mean loss: 0.05811, accuracy: 0.98000, task: top, mean loss: 0.04033, accuracy: 0.98720, task: multi, mean loss: 0.06718, multilabel_accuracy: 0.79580, avg. loss over tasks: 0.05087, lr: 0.0006548539886902863
Diversity Loss - Mean: 0.00000, Variance: 0.00000
Semantic Loss - Mean: 0.00000, Variance: 0.00000

Test Epoch: 46 
task: majority, mean loss: 0.12804, accuracy: 0.96000, task: max, mean loss: 0.32974, accuracy: 0.90800, task: top, mean loss: 0.46205, accuracy: 0.88600, task: multi, mean loss: 0.11573, multilabel_accuracy: 0.71200, avg. loss over tasks: 0.25889
Diversity Loss - Mean: 0.00000, Variance: 0.00000
Semantic Loss - Mean: 0.00000, Variance: 0.00000

Train Epoch: 47 
task: majority, mean loss: 0.05074, accuracy: 0.98240, task: max, mean loss: 0.09278, accuracy: 0.97160, task: top, mean loss: 0.09204, accuracy: 0.97260, task: multi, mean loss: 0.07907, multilabel_accuracy: 0.76900, avg. loss over tasks: 0.07866, lr: 0.0006381808592305911
Diversity Loss - Mean: 0.00000, Variance: 0.00000
Semantic Loss - Mean: 0.00000, Variance: 0.00000

Test Epoch: 47 
task: majority, mean loss: 0.12667, accuracy: 0.95900, task: max, mean loss: 0.37748, accuracy: 0.89900, task: top, mean loss: 0.46502, accuracy: 0.88800, task: multi, mean loss: 0.12643, multilabel_accuracy: 0.68000, avg. loss over tasks: 0.27390
Diversity Loss - Mean: 0.00000, Variance: 0.00000
Semantic Loss - Mean: 0.00000, Variance: 0.00000

Train Epoch: 48 
task: majority, mean loss: 0.03947, accuracy: 0.98560, task: max, mean loss: 0.04944, accuracy: 0.98500, task: top, mean loss: 0.04531, accuracy: 0.98620, task: multi, mean loss: 0.06874, multilabel_accuracy: 0.79680, avg. loss over tasks: 0.05074, lr: 0.0006213399868520341
Diversity Loss - Mean: 0.00000, Variance: 0.00000
Semantic Loss - Mean: 0.00000, Variance: 0.00000

Test Epoch: 48 
task: majority, mean loss: 0.05780, accuracy: 0.97700, task: max, mean loss: 0.29577, accuracy: 0.92100, task: top, mean loss: 0.42311, accuracy: 0.90000, task: multi, mean loss: 0.09290, multilabel_accuracy: 0.73900, avg. loss over tasks: 0.21740
Diversity Loss - Mean: 0.00000, Variance: 0.00000
Semantic Loss - Mean: 0.00000, Variance: 0.00000

Train Epoch: 49 
task: majority, mean loss: 0.04212, accuracy: 0.98540, task: max, mean loss: 0.03843, accuracy: 0.98820, task: top, mean loss: 0.03852, accuracy: 0.98780, task: multi, mean loss: 0.06400, multilabel_accuracy: 0.81100, avg. loss over tasks: 0.04577, lr: 0.0006043518895634709
Diversity Loss - Mean: 0.00000, Variance: 0.00000
Semantic Loss - Mean: 0.00000, Variance: 0.00000

Test Epoch: 49 
task: majority, mean loss: 0.11128, accuracy: 0.96800, task: max, mean loss: 0.39643, accuracy: 0.91700, task: top, mean loss: 0.35346, accuracy: 0.90900, task: multi, mean loss: 0.11543, multilabel_accuracy: 0.70300, avg. loss over tasks: 0.24415
Diversity Loss - Mean: 0.00000, Variance: 0.00000
Semantic Loss - Mean: 0.00000, Variance: 0.00000

Train Epoch: 50 
task: majority, mean loss: 0.04224, accuracy: 0.98540, task: max, mean loss: 0.06660, accuracy: 0.98020, task: top, mean loss: 0.04567, accuracy: 0.98500, task: multi, mean loss: 0.06948, multilabel_accuracy: 0.79680, avg. loss over tasks: 0.05600, lr: 0.0005872372647446318
Diversity Loss - Mean: 0.00000, Variance: 0.00000
Semantic Loss - Mean: 0.00000, Variance: 0.00000

Test Epoch: 50 
task: majority, mean loss: 0.06299, accuracy: 0.97500, task: max, mean loss: 0.29406, accuracy: 0.92300, task: top, mean loss: 0.32993, accuracy: 0.92500, task: multi, mean loss: 0.09286, multilabel_accuracy: 0.74300, avg. loss over tasks: 0.19496
Diversity Loss - Mean: 0.00000, Variance: 0.00000
Semantic Loss - Mean: 0.00000, Variance: 0.00000

Train Epoch: 51 
task: majority, mean loss: 0.02787, accuracy: 0.99060, task: max, mean loss: 0.04425, accuracy: 0.98740, task: top, mean loss: 0.04188, accuracy: 0.98860, task: multi, mean loss: 0.05791, multilabel_accuracy: 0.82440, avg. loss over tasks: 0.04298, lr: 0.0005700169639295527
Diversity Loss - Mean: 0.00000, Variance: 0.00000
Semantic Loss - Mean: 0.00000, Variance: 0.00000

Test Epoch: 51 
task: majority, mean loss: 0.18699, accuracy: 0.94000, task: max, mean loss: 0.37693, accuracy: 0.91300, task: top, mean loss: 0.39331, accuracy: 0.90300, task: multi, mean loss: 0.11257, multilabel_accuracy: 0.70600, avg. loss over tasks: 0.26745
Diversity Loss - Mean: 0.00000, Variance: 0.00000
Semantic Loss - Mean: 0.00000, Variance: 0.00000

Train Epoch: 52 
task: majority, mean loss: 0.03106, accuracy: 0.99000, task: max, mean loss: 0.03768, accuracy: 0.98920, task: top, mean loss: 0.03693, accuracy: 0.98800, task: multi, mean loss: 0.06224, multilabel_accuracy: 0.81140, avg. loss over tasks: 0.04198, lr: 0.000552711967402193
Diversity Loss - Mean: 0.00000, Variance: 0.00000
Semantic Loss - Mean: 0.00000, Variance: 0.00000

Test Epoch: 52 
task: majority, mean loss: 0.06153, accuracy: 0.97500, task: max, mean loss: 0.31205, accuracy: 0.92200, task: top, mean loss: 0.41037, accuracy: 0.91700, task: multi, mean loss: 0.08765, multilabel_accuracy: 0.75500, avg. loss over tasks: 0.21790
Diversity Loss - Mean: 0.00000, Variance: 0.00000
Semantic Loss - Mean: 0.00000, Variance: 0.00000

Train Epoch: 53 
task: majority, mean loss: 0.02072, accuracy: 0.99440, task: max, mean loss: 0.03505, accuracy: 0.99040, task: top, mean loss: 0.02232, accuracy: 0.99280, task: multi, mean loss: 0.05362, multilabel_accuracy: 0.84100, avg. loss over tasks: 0.03293, lr: 0.0005353433586351906
Diversity Loss - Mean: 0.00000, Variance: 0.00000
Semantic Loss - Mean: 0.00000, Variance: 0.00000

Test Epoch: 53 
task: majority, mean loss: 0.06511, accuracy: 0.97900, task: max, mean loss: 0.31484, accuracy: 0.91700, task: top, mean loss: 0.40849, accuracy: 0.91300, task: multi, mean loss: 0.08790, multilabel_accuracy: 0.75900, avg. loss over tasks: 0.21909
Diversity Loss - Mean: 0.00000, Variance: 0.00000
Semantic Loss - Mean: 0.00000, Variance: 0.00000

Train Epoch: 54 
task: majority, mean loss: 0.03361, accuracy: 0.98700, task: max, mean loss: 0.04656, accuracy: 0.98560, task: top, mean loss: 0.03138, accuracy: 0.98960, task: multi, mean loss: 0.05872, multilabel_accuracy: 0.82660, avg. loss over tasks: 0.04257, lr: 0.0005179322986028992
Diversity Loss - Mean: 0.00000, Variance: 0.00000
Semantic Loss - Mean: 0.00000, Variance: 0.00000

Test Epoch: 54 
task: majority, mean loss: 0.06046, accuracy: 0.97700, task: max, mean loss: 0.31822, accuracy: 0.91600, task: top, mean loss: 0.32973, accuracy: 0.92600, task: multi, mean loss: 0.09878, multilabel_accuracy: 0.75500, avg. loss over tasks: 0.20180
Diversity Loss - Mean: 0.00000, Variance: 0.00000
Semantic Loss - Mean: 0.00000, Variance: 0.00000

Train Epoch: 55 
task: majority, mean loss: 0.01563, accuracy: 0.99420, task: max, mean loss: 0.02042, accuracy: 0.99480, task: top, mean loss: 0.01690, accuracy: 0.99580, task: multi, mean loss: 0.04802, multilabel_accuracy: 0.85400, avg. loss over tasks: 0.02524, lr: 0.0005005
Diversity Loss - Mean: 0.00000, Variance: 0.00000
Semantic Loss - Mean: 0.00000, Variance: 0.00000

Test Epoch: 55 
task: majority, mean loss: 0.06104, accuracy: 0.98000, task: max, mean loss: 0.25771, accuracy: 0.93600, task: top, mean loss: 0.34466, accuracy: 0.92900, task: multi, mean loss: 0.07357, multilabel_accuracy: 0.80100, avg. loss over tasks: 0.18424
Diversity Loss - Mean: 0.00000, Variance: 0.00000
Semantic Loss - Mean: 0.00000, Variance: 0.00000

Train Epoch: 56 
task: majority, mean loss: 0.02200, accuracy: 0.99240, task: max, mean loss: 0.03273, accuracy: 0.99200, task: top, mean loss: 0.04113, accuracy: 0.98820, task: multi, mean loss: 0.05346, multilabel_accuracy: 0.84400, avg. loss over tasks: 0.03733, lr: 0.00048306770139710083
Diversity Loss - Mean: 0.00000, Variance: 0.00000
Semantic Loss - Mean: 0.00000, Variance: 0.00000

Test Epoch: 56 
task: majority, mean loss: 0.20027, accuracy: 0.93900, task: max, mean loss: 0.43431, accuracy: 0.91100, task: top, mean loss: 0.53816, accuracy: 0.87100, task: multi, mean loss: 0.13742, multilabel_accuracy: 0.68000, avg. loss over tasks: 0.32754
Diversity Loss - Mean: 0.00000, Variance: 0.00000
Semantic Loss - Mean: 0.00000, Variance: 0.00000

Train Epoch: 57 
task: majority, mean loss: 0.03526, accuracy: 0.98720, task: max, mean loss: 0.04907, accuracy: 0.98380, task: top, mean loss: 0.03976, accuracy: 0.98760, task: multi, mean loss: 0.06167, multilabel_accuracy: 0.81520, avg. loss over tasks: 0.04644, lr: 0.0004656566413648095
Diversity Loss - Mean: 0.00000, Variance: 0.00000
Semantic Loss - Mean: 0.00000, Variance: 0.00000

Test Epoch: 57 
task: majority, mean loss: 0.08813, accuracy: 0.97100, task: max, mean loss: 0.32474, accuracy: 0.92000, task: top, mean loss: 0.41983, accuracy: 0.90600, task: multi, mean loss: 0.09652, multilabel_accuracy: 0.73600, avg. loss over tasks: 0.23231
Diversity Loss - Mean: 0.00000, Variance: 0.00000
Semantic Loss - Mean: 0.00000, Variance: 0.00000

Train Epoch: 58 
task: majority, mean loss: 0.02284, accuracy: 0.99220, task: max, mean loss: 0.03217, accuracy: 0.99160, task: top, mean loss: 0.02171, accuracy: 0.99340, task: multi, mean loss: 0.04977, multilabel_accuracy: 0.85080, avg. loss over tasks: 0.03162, lr: 0.0004482880325978071
Diversity Loss - Mean: 0.00000, Variance: 0.00000
Semantic Loss - Mean: 0.00000, Variance: 0.00000

Test Epoch: 58 
task: majority, mean loss: 0.07139, accuracy: 0.97400, task: max, mean loss: 0.30302, accuracy: 0.92200, task: top, mean loss: 0.32627, accuracy: 0.92300, task: multi, mean loss: 0.09184, multilabel_accuracy: 0.75800, avg. loss over tasks: 0.19813
Diversity Loss - Mean: 0.00000, Variance: 0.00000
Semantic Loss - Mean: 0.00000, Variance: 0.00000

Train Epoch: 59 
task: majority, mean loss: 0.03076, accuracy: 0.99020, task: max, mean loss: 0.04040, accuracy: 0.98860, task: top, mean loss: 0.02823, accuracy: 0.99040, task: multi, mean loss: 0.05197, multilabel_accuracy: 0.84280, avg. loss over tasks: 0.03784, lr: 0.0004309830360704473
Diversity Loss - Mean: 0.00000, Variance: 0.00000
Semantic Loss - Mean: 0.00000, Variance: 0.00000

Test Epoch: 59 
task: majority, mean loss: 0.07166, accuracy: 0.97200, task: max, mean loss: 0.35695, accuracy: 0.92200, task: top, mean loss: 0.39507, accuracy: 0.91700, task: multi, mean loss: 0.09512, multilabel_accuracy: 0.75900, avg. loss over tasks: 0.22970
Diversity Loss - Mean: 0.00000, Variance: 0.00000
Semantic Loss - Mean: 0.00000, Variance: 0.00000

Train Epoch: 60 
task: majority, mean loss: 0.01630, accuracy: 0.99460, task: max, mean loss: 0.02191, accuracy: 0.99440, task: top, mean loss: 0.01579, accuracy: 0.99560, task: multi, mean loss: 0.04476, multilabel_accuracy: 0.86500, avg. loss over tasks: 0.02469, lr: 0.00041376273525536834
Diversity Loss - Mean: 0.00000, Variance: 0.00000
Semantic Loss - Mean: 0.00000, Variance: 0.00000

Test Epoch: 60 
task: majority, mean loss: 0.04575, accuracy: 0.98200, task: max, mean loss: 0.26003, accuracy: 0.93700, task: top, mean loss: 0.45709, accuracy: 0.91300, task: multi, mean loss: 0.07970, multilabel_accuracy: 0.77900, avg. loss over tasks: 0.21064
Diversity Loss - Mean: 0.00000, Variance: 0.00000
Semantic Loss - Mean: 0.00000, Variance: 0.00000

Train Epoch: 61 
task: majority, mean loss: 0.01360, accuracy: 0.99600, task: max, mean loss: 0.00803, accuracy: 0.99840, task: top, mean loss: 0.01394, accuracy: 0.99580, task: multi, mean loss: 0.03810, multilabel_accuracy: 0.88580, avg. loss over tasks: 0.01842, lr: 0.00039664811043652927
Diversity Loss - Mean: 0.00000, Variance: 0.00000
Semantic Loss - Mean: 0.00000, Variance: 0.00000

Test Epoch: 61 
task: majority, mean loss: 0.06677, accuracy: 0.97300, task: max, mean loss: 0.27878, accuracy: 0.93800, task: top, mean loss: 0.26224, accuracy: 0.94000, task: multi, mean loss: 0.07645, multilabel_accuracy: 0.80000, avg. loss over tasks: 0.17106
Diversity Loss - Mean: 0.00000, Variance: 0.00000
Semantic Loss - Mean: 0.00000, Variance: 0.00000

Train Epoch: 62 
task: majority, mean loss: 0.02301, accuracy: 0.99180, task: max, mean loss: 0.01986, accuracy: 0.99440, task: top, mean loss: 0.03488, accuracy: 0.99020, task: multi, mean loss: 0.04541, multilabel_accuracy: 0.86860, avg. loss over tasks: 0.03079, lr: 0.00037966001314796593
Diversity Loss - Mean: 0.00000, Variance: 0.00000
Semantic Loss - Mean: 0.00000, Variance: 0.00000

Test Epoch: 62 
task: majority, mean loss: 0.08962, accuracy: 0.97400, task: max, mean loss: 0.30347, accuracy: 0.92600, task: top, mean loss: 0.45349, accuracy: 0.90900, task: multi, mean loss: 0.09418, multilabel_accuracy: 0.74500, avg. loss over tasks: 0.23519
Diversity Loss - Mean: 0.00000, Variance: 0.00000
Semantic Loss - Mean: 0.00000, Variance: 0.00000

Train Epoch: 63 
task: majority, mean loss: 0.02082, accuracy: 0.99500, task: max, mean loss: 0.04212, accuracy: 0.98440, task: top, mean loss: 0.04331, accuracy: 0.98780, task: multi, mean loss: 0.05119, multilabel_accuracy: 0.84100, avg. loss over tasks: 0.03936, lr: 0.00036281914076940894
Diversity Loss - Mean: 0.00000, Variance: 0.00000
Semantic Loss - Mean: 0.00000, Variance: 0.00000

Test Epoch: 63 
task: majority, mean loss: 0.09990, accuracy: 0.96600, task: max, mean loss: 0.46029, accuracy: 0.90100, task: top, mean loss: 0.45168, accuracy: 0.90600, task: multi, mean loss: 0.11156, multilabel_accuracy: 0.73400, avg. loss over tasks: 0.28086
Diversity Loss - Mean: 0.00000, Variance: 0.00000
Semantic Loss - Mean: 0.00000, Variance: 0.00000

Train Epoch: 64 
task: majority, mean loss: 0.01137, accuracy: 0.99680, task: max, mean loss: 0.01393, accuracy: 0.99640, task: top, mean loss: 0.01404, accuracy: 0.99520, task: multi, mean loss: 0.03937, multilabel_accuracy: 0.88620, avg. loss over tasks: 0.01968, lr: 0.00034614601130971383
Diversity Loss - Mean: 0.00000, Variance: 0.00000
Semantic Loss - Mean: 0.00000, Variance: 0.00000

Test Epoch: 64 
task: majority, mean loss: 0.05151, accuracy: 0.98200, task: max, mean loss: 0.29329, accuracy: 0.93400, task: top, mean loss: 0.39098, accuracy: 0.91800, task: multi, mean loss: 0.07838, multilabel_accuracy: 0.80200, avg. loss over tasks: 0.20354
Diversity Loss - Mean: 0.00000, Variance: 0.00000
Semantic Loss - Mean: 0.00000, Variance: 0.00000

Train Epoch: 65 
task: majority, mean loss: 0.01030, accuracy: 0.99760, task: max, mean loss: 0.01136, accuracy: 0.99680, task: top, mean loss: 0.01099, accuracy: 0.99660, task: multi, mean loss: 0.03503, multilabel_accuracy: 0.89760, avg. loss over tasks: 0.01692, lr: 0.0003296609384088285
Diversity Loss - Mean: 0.00000, Variance: 0.00000
Semantic Loss - Mean: 0.00000, Variance: 0.00000

Test Epoch: 65 
task: majority, mean loss: 0.04855, accuracy: 0.98200, task: max, mean loss: 0.32091, accuracy: 0.92700, task: top, mean loss: 0.40771, accuracy: 0.92200, task: multi, mean loss: 0.08036, multilabel_accuracy: 0.79200, avg. loss over tasks: 0.21438
Diversity Loss - Mean: 0.00000, Variance: 0.00000
Semantic Loss - Mean: 0.00000, Variance: 0.00000

Train Epoch: 66 
task: majority, mean loss: 0.01681, accuracy: 0.99460, task: max, mean loss: 0.02304, accuracy: 0.99300, task: top, mean loss: 0.01474, accuracy: 0.99640, task: multi, mean loss: 0.03718, multilabel_accuracy: 0.88840, avg. loss over tasks: 0.02294, lr: 0.00031338400658875205
Diversity Loss - Mean: 0.00000, Variance: 0.00000
Semantic Loss - Mean: 0.00000, Variance: 0.00000

Test Epoch: 66 
task: majority, mean loss: 0.03904, accuracy: 0.98800, task: max, mean loss: 0.30273, accuracy: 0.93100, task: top, mean loss: 0.40873, accuracy: 0.91900, task: multi, mean loss: 0.08577, multilabel_accuracy: 0.79200, avg. loss over tasks: 0.20907
Diversity Loss - Mean: 0.00000, Variance: 0.00000
Semantic Loss - Mean: 0.00000, Variance: 0.00000

Train Epoch: 67 
task: majority, mean loss: 0.00780, accuracy: 0.99760, task: max, mean loss: 0.01063, accuracy: 0.99720, task: top, mean loss: 0.00920, accuracy: 0.99820, task: multi, mean loss: 0.03255, multilabel_accuracy: 0.91200, avg. loss over tasks: 0.01505, lr: 0.00029733504678363775
Diversity Loss - Mean: 0.00000, Variance: 0.00000
Semantic Loss - Mean: 0.00000, Variance: 0.00000

Test Epoch: 67 
task: majority, mean loss: 0.04901, accuracy: 0.98300, task: max, mean loss: 0.32709, accuracy: 0.92300, task: top, mean loss: 0.35761, accuracy: 0.93100, task: multi, mean loss: 0.08628, multilabel_accuracy: 0.79800, avg. loss over tasks: 0.20500
Diversity Loss - Mean: 0.00000, Variance: 0.00000
Semantic Loss - Mean: 0.00000, Variance: 0.00000

Train Epoch: 68 
task: majority, mean loss: 0.01396, accuracy: 0.99560, task: max, mean loss: 0.01164, accuracy: 0.99700, task: top, mean loss: 0.01064, accuracy: 0.99700, task: multi, mean loss: 0.03438, multilabel_accuracy: 0.90260, avg. loss over tasks: 0.01765, lr: 0.00028153361217885594
Diversity Loss - Mean: 0.00000, Variance: 0.00000
Semantic Loss - Mean: 0.00000, Variance: 0.00000

Test Epoch: 68 
task: majority, mean loss: 0.04347, accuracy: 0.98600, task: max, mean loss: 0.31089, accuracy: 0.93600, task: top, mean loss: 0.35467, accuracy: 0.92400, task: multi, mean loss: 0.08295, multilabel_accuracy: 0.78900, avg. loss over tasks: 0.19800
Diversity Loss - Mean: 0.00000, Variance: 0.00000
Semantic Loss - Mean: 0.00000, Variance: 0.00000

Train Epoch: 69 
task: majority, mean loss: 0.00947, accuracy: 0.99760, task: max, mean loss: 0.00523, accuracy: 0.99900, task: top, mean loss: 0.00718, accuracy: 0.99740, task: multi, mean loss: 0.02855, multilabel_accuracy: 0.91420, avg. loss over tasks: 0.01261, lr: 0.0002659989543884475
Diversity Loss - Mean: 0.00000, Variance: 0.00000
Semantic Loss - Mean: 0.00000, Variance: 0.00000

Test Epoch: 69 
task: majority, mean loss: 0.07534, accuracy: 0.97600, task: max, mean loss: 0.41712, accuracy: 0.92000, task: top, mean loss: 0.43644, accuracy: 0.91100, task: multi, mean loss: 0.09288, multilabel_accuracy: 0.77800, avg. loss over tasks: 0.25545
Diversity Loss - Mean: 0.00000, Variance: 0.00000
Semantic Loss - Mean: 0.00000, Variance: 0.00000

Train Epoch: 70 
task: majority, mean loss: 0.00898, accuracy: 0.99800, task: max, mean loss: 0.01422, accuracy: 0.99600, task: top, mean loss: 0.00765, accuracy: 0.99840, task: multi, mean loss: 0.03071, multilabel_accuracy: 0.90440, avg. loss over tasks: 0.01539, lr: 0.0002507500000000001
Diversity Loss - Mean: 0.00000, Variance: 0.00000
Semantic Loss - Mean: 0.00000, Variance: 0.00000

Test Epoch: 70 
task: majority, mean loss: 0.04968, accuracy: 0.98800, task: max, mean loss: 0.30070, accuracy: 0.93200, task: top, mean loss: 0.43058, accuracy: 0.91500, task: multi, mean loss: 0.08640, multilabel_accuracy: 0.78300, avg. loss over tasks: 0.21684
Diversity Loss - Mean: 0.00000, Variance: 0.00000
Semantic Loss - Mean: 0.00000, Variance: 0.00000

Train Epoch: 71 
task: majority, mean loss: 0.00594, accuracy: 0.99880, task: max, mean loss: 0.00516, accuracy: 0.99920, task: top, mean loss: 0.00772, accuracy: 0.99820, task: multi, mean loss: 0.02739, multilabel_accuracy: 0.92060, avg. loss over tasks: 0.01155, lr: 0.0002358053275155142
Diversity Loss - Mean: 0.00000, Variance: 0.00000
Semantic Loss - Mean: 0.00000, Variance: 0.00000

Test Epoch: 71 
task: majority, mean loss: 0.03932, accuracy: 0.98700, task: max, mean loss: 0.32961, accuracy: 0.92700, task: top, mean loss: 0.47159, accuracy: 0.91000, task: multi, mean loss: 0.08595, multilabel_accuracy: 0.79400, avg. loss over tasks: 0.23162
Diversity Loss - Mean: 0.00000, Variance: 0.00000
Semantic Loss - Mean: 0.00000, Variance: 0.00000

Train Epoch: 72 
task: majority, mean loss: 0.01722, accuracy: 0.99440, task: max, mean loss: 0.01008, accuracy: 0.99800, task: top, mean loss: 0.02007, accuracy: 0.99340, task: multi, mean loss: 0.03151, multilabel_accuracy: 0.90440, avg. loss over tasks: 0.01972, lr: 0.00022118314471636204
Diversity Loss - Mean: 0.00000, Variance: 0.00000
Semantic Loss - Mean: 0.00000, Variance: 0.00000

Test Epoch: 72 
task: majority, mean loss: 0.04918, accuracy: 0.98100, task: max, mean loss: 0.31924, accuracy: 0.92800, task: top, mean loss: 0.40007, accuracy: 0.91900, task: multi, mean loss: 0.08023, multilabel_accuracy: 0.80100, avg. loss over tasks: 0.21218
Diversity Loss - Mean: 0.00000, Variance: 0.00000
Semantic Loss - Mean: 0.00000, Variance: 0.00000

Train Epoch: 73 
task: majority, mean loss: 0.00627, accuracy: 0.99820, task: max, mean loss: 0.00656, accuracy: 0.99840, task: top, mean loss: 0.01146, accuracy: 0.99760, task: multi, mean loss: 0.02605, multilabel_accuracy: 0.92140, avg. loss over tasks: 0.01258, lr: 0.00020690126647990973
Diversity Loss - Mean: 0.00000, Variance: 0.00000
Semantic Loss - Mean: 0.00000, Variance: 0.00000

Test Epoch: 73 
task: majority, mean loss: 0.09437, accuracy: 0.97000, task: max, mean loss: 0.36516, accuracy: 0.92300, task: top, mean loss: 0.34019, accuracy: 0.92900, task: multi, mean loss: 0.09196, multilabel_accuracy: 0.77700, avg. loss over tasks: 0.22292
Diversity Loss - Mean: 0.00000, Variance: 0.00000
Semantic Loss - Mean: 0.00000, Variance: 0.00000

Train Epoch: 74 
task: majority, mean loss: 0.00716, accuracy: 0.99820, task: max, mean loss: 0.00659, accuracy: 0.99860, task: top, mean loss: 0.01063, accuracy: 0.99680, task: multi, mean loss: 0.02631, multilabel_accuracy: 0.92240, avg. loss over tasks: 0.01267, lr: 0.00019297709307483367
Diversity Loss - Mean: 0.00000, Variance: 0.00000
Semantic Loss - Mean: 0.00000, Variance: 0.00000

Test Epoch: 74 
task: majority, mean loss: 0.04070, accuracy: 0.98400, task: max, mean loss: 0.30737, accuracy: 0.93600, task: top, mean loss: 0.33349, accuracy: 0.92800, task: multi, mean loss: 0.07611, multilabel_accuracy: 0.81900, avg. loss over tasks: 0.18942
Diversity Loss - Mean: 0.00000, Variance: 0.00000
Semantic Loss - Mean: 0.00000, Variance: 0.00000

Train Epoch: 75 
task: majority, mean loss: 0.00457, accuracy: 0.99920, task: max, mean loss: 0.00250, accuracy: 0.99920, task: top, mean loss: 0.00596, accuracy: 0.99860, task: multi, mean loss: 0.02201, multilabel_accuracy: 0.94200, avg. loss over tasks: 0.00876, lr: 0.0001794275889615736
Diversity Loss - Mean: 0.00000, Variance: 0.00000
Semantic Loss - Mean: 0.00000, Variance: 0.00000

Test Epoch: 75 
task: majority, mean loss: 0.04680, accuracy: 0.98400, task: max, mean loss: 0.31954, accuracy: 0.93100, task: top, mean loss: 0.35871, accuracy: 0.92600, task: multi, mean loss: 0.07544, multilabel_accuracy: 0.80900, avg. loss over tasks: 0.20012
Diversity Loss - Mean: 0.00000, Variance: 0.00000
Semantic Loss - Mean: 0.00000, Variance: 0.00000

Train Epoch: 76 
task: majority, mean loss: 0.00469, accuracy: 0.99880, task: max, mean loss: 0.00199, accuracy: 0.99960, task: top, mean loss: 0.00431, accuracy: 0.99920, task: multi, mean loss: 0.02057, multilabel_accuracy: 0.94340, avg. loss over tasks: 0.00789, lr: 0.00016626926212375047
Diversity Loss - Mean: 0.00000, Variance: 0.00000
Semantic Loss - Mean: 0.00000, Variance: 0.00000

Test Epoch: 76 
task: majority, mean loss: 0.05846, accuracy: 0.97900, task: max, mean loss: 0.31236, accuracy: 0.93300, task: top, mean loss: 0.38335, accuracy: 0.92800, task: multi, mean loss: 0.07873, multilabel_accuracy: 0.81200, avg. loss over tasks: 0.20822
Diversity Loss - Mean: 0.00000, Variance: 0.00000
Semantic Loss - Mean: 0.00000, Variance: 0.00000

Train Epoch: 77 
task: majority, mean loss: 0.00278, accuracy: 0.99960, task: max, mean loss: 0.00291, accuracy: 0.99920, task: top, mean loss: 0.00561, accuracy: 0.99880, task: multi, mean loss: 0.01978, multilabel_accuracy: 0.94760, avg. loss over tasks: 0.00777, lr: 0.00015351814395573083
Diversity Loss - Mean: 0.00000, Variance: 0.00000
Semantic Loss - Mean: 0.00000, Variance: 0.00000

Test Epoch: 77 
task: majority, mean loss: 0.04822, accuracy: 0.98300, task: max, mean loss: 0.31071, accuracy: 0.93900, task: top, mean loss: 0.37971, accuracy: 0.92800, task: multi, mean loss: 0.07675, multilabel_accuracy: 0.81900, avg. loss over tasks: 0.20385
Diversity Loss - Mean: 0.00000, Variance: 0.00000
Semantic Loss - Mean: 0.00000, Variance: 0.00000

Train Epoch: 78 
task: majority, mean loss: 0.00733, accuracy: 0.99820, task: max, mean loss: 0.00739, accuracy: 0.99760, task: top, mean loss: 0.00816, accuracy: 0.99720, task: multi, mean loss: 0.02337, multilabel_accuracy: 0.93240, avg. loss over tasks: 0.01156, lr: 0.00014118976973084385
Diversity Loss - Mean: 0.00000, Variance: 0.00000
Semantic Loss - Mean: 0.00000, Variance: 0.00000

Test Epoch: 78 
task: majority, mean loss: 0.04135, accuracy: 0.98700, task: max, mean loss: 0.31300, accuracy: 0.93200, task: top, mean loss: 0.31517, accuracy: 0.93700, task: multi, mean loss: 0.08038, multilabel_accuracy: 0.81100, avg. loss over tasks: 0.18748
Diversity Loss - Mean: 0.00000, Variance: 0.00000
Semantic Loss - Mean: 0.00000, Variance: 0.00000

Train Epoch: 79 
task: majority, mean loss: 0.00389, accuracy: 0.99940, task: max, mean loss: 0.00236, accuracy: 0.99940, task: top, mean loss: 0.00443, accuracy: 0.99840, task: multi, mean loss: 0.01953, multilabel_accuracy: 0.94500, avg. loss over tasks: 0.00755, lr: 0.00012929915967404152
Diversity Loss - Mean: 0.00000, Variance: 0.00000
Semantic Loss - Mean: 0.00000, Variance: 0.00000

Test Epoch: 79 
task: majority, mean loss: 0.03813, accuracy: 0.98700, task: max, mean loss: 0.29905, accuracy: 0.93700, task: top, mean loss: 0.30216, accuracy: 0.93100, task: multi, mean loss: 0.07297, multilabel_accuracy: 0.83500, avg. loss over tasks: 0.17808
Diversity Loss - Mean: 0.00000, Variance: 0.00000
Semantic Loss - Mean: 0.00000, Variance: 0.00000

Train Epoch: 80 
task: majority, mean loss: 0.00383, accuracy: 0.99900, task: max, mean loss: 0.00249, accuracy: 0.99960, task: top, mean loss: 0.00414, accuracy: 0.99880, task: multi, mean loss: 0.01867, multilabel_accuracy: 0.94720, avg. loss over tasks: 0.00728, lr: 0.00011786080066207054
Diversity Loss - Mean: 0.00000, Variance: 0.00000
Semantic Loss - Mean: 0.00000, Variance: 0.00000

Test Epoch: 80 
task: majority, mean loss: 0.04155, accuracy: 0.98700, task: max, mean loss: 0.32457, accuracy: 0.94200, task: top, mean loss: 0.35430, accuracy: 0.93100, task: multi, mean loss: 0.07826, multilabel_accuracy: 0.82400, avg. loss over tasks: 0.19967
Diversity Loss - Mean: 0.00000, Variance: 0.00000
Semantic Loss - Mean: 0.00000, Variance: 0.00000

Train Epoch: 81 
task: majority, mean loss: 0.00273, accuracy: 0.99940, task: max, mean loss: 0.00208, accuracy: 0.99980, task: top, mean loss: 0.00499, accuracy: 0.99840, task: multi, mean loss: 0.01731, multilabel_accuracy: 0.95140, avg. loss over tasks: 0.00678, lr: 0.00010688862857344241
Diversity Loss - Mean: 0.00000, Variance: 0.00000
Semantic Loss - Mean: 0.00000, Variance: 0.00000

Test Epoch: 81 
task: majority, mean loss: 0.03201, accuracy: 0.98900, task: max, mean loss: 0.31786, accuracy: 0.94000, task: top, mean loss: 0.35435, accuracy: 0.92700, task: multi, mean loss: 0.07539, multilabel_accuracy: 0.81900, avg. loss over tasks: 0.19490
Diversity Loss - Mean: 0.00000, Variance: 0.00000
Semantic Loss - Mean: 0.00000, Variance: 0.00000

Train Epoch: 82 
task: majority, mean loss: 0.00199, accuracy: 0.99980, task: max, mean loss: 0.00179, accuracy: 0.99960, task: top, mean loss: 0.00252, accuracy: 0.99960, task: multi, mean loss: 0.01534, multilabel_accuracy: 0.96180, avg. loss over tasks: 0.00541, lr: 9.63960113097138e-05
Diversity Loss - Mean: 0.00000, Variance: 0.00000
Semantic Loss - Mean: 0.00000, Variance: 0.00000

Test Epoch: 82 
task: majority, mean loss: 0.03732, accuracy: 0.98800, task: max, mean loss: 0.31566, accuracy: 0.93900, task: top, mean loss: 0.36678, accuracy: 0.92900, task: multi, mean loss: 0.07731, multilabel_accuracy: 0.82100, avg. loss over tasks: 0.19927
Diversity Loss - Mean: 0.00000, Variance: 0.00000
Semantic Loss - Mean: 0.00000, Variance: 0.00000

Train Epoch: 83 
task: majority, mean loss: 0.00226, accuracy: 0.99960, task: max, mean loss: 0.00225, accuracy: 0.99940, task: top, mean loss: 0.00226, accuracy: 0.99960, task: multi, mean loss: 0.01425, multilabel_accuracy: 0.96360, avg. loss over tasks: 0.00525, lr: 8.639573250875671e-05
Diversity Loss - Mean: 0.00000, Variance: 0.00000
Semantic Loss - Mean: 0.00000, Variance: 0.00000

Test Epoch: 83 
task: majority, mean loss: 0.03881, accuracy: 0.99000, task: max, mean loss: 0.34446, accuracy: 0.93600, task: top, mean loss: 0.42109, accuracy: 0.92100, task: multi, mean loss: 0.08049, multilabel_accuracy: 0.81900, avg. loss over tasks: 0.22121
Diversity Loss - Mean: 0.00000, Variance: 0.00000
Semantic Loss - Mean: 0.00000, Variance: 0.00000

Train Epoch: 84 
task: majority, mean loss: 0.00271, accuracy: 0.99900, task: max, mean loss: 0.00395, accuracy: 0.99860, task: top, mean loss: 0.00374, accuracy: 0.99900, task: multi, mean loss: 0.01632, multilabel_accuracy: 0.95580, avg. loss over tasks: 0.00668, lr: 7.689997596986524e-05
Diversity Loss - Mean: 0.00000, Variance: 0.00000
Semantic Loss - Mean: 0.00000, Variance: 0.00000

Test Epoch: 84 
task: majority, mean loss: 0.02973, accuracy: 0.98900, task: max, mean loss: 0.30648, accuracy: 0.93800, task: top, mean loss: 0.30776, accuracy: 0.93500, task: multi, mean loss: 0.07286, multilabel_accuracy: 0.82800, avg. loss over tasks: 0.17921
Diversity Loss - Mean: 0.00000, Variance: 0.00000
Semantic Loss - Mean: 0.00000, Variance: 0.00000

Train Epoch: 85 
task: majority, mean loss: 0.00294, accuracy: 0.99920, task: max, mean loss: 0.00182, accuracy: 0.99940, task: top, mean loss: 0.00204, accuracy: 0.99980, task: multi, mean loss: 0.01480, multilabel_accuracy: 0.96460, avg. loss over tasks: 0.00540, lr: 6.792031080967287e-05
Diversity Loss - Mean: 0.00000, Variance: 0.00000
Semantic Loss - Mean: 0.00000, Variance: 0.00000

Test Epoch: 85 
task: majority, mean loss: 0.03557, accuracy: 0.99000, task: max, mean loss: 0.30831, accuracy: 0.94200, task: top, mean loss: 0.31142, accuracy: 0.94200, task: multi, mean loss: 0.07381, multilabel_accuracy: 0.83100, avg. loss over tasks: 0.18228
Diversity Loss - Mean: 0.00000, Variance: 0.00000
Semantic Loss - Mean: 0.00000, Variance: 0.00000

Train Epoch: 86 
task: majority, mean loss: 0.00245, accuracy: 0.99960, task: max, mean loss: 0.00153, accuracy: 0.99960, task: top, mean loss: 0.00394, accuracy: 0.99900, task: multi, mean loss: 0.01345, multilabel_accuracy: 0.97060, avg. loss over tasks: 0.00534, lr: 5.946767736696608e-05
Diversity Loss - Mean: 0.00000, Variance: 0.00000
Semantic Loss - Mean: 0.00000, Variance: 0.00000

Test Epoch: 86 
task: majority, mean loss: 0.02619, accuracy: 0.99000, task: max, mean loss: 0.31671, accuracy: 0.93800, task: top, mean loss: 0.30775, accuracy: 0.93900, task: multi, mean loss: 0.07669, multilabel_accuracy: 0.82400, avg. loss over tasks: 0.18184
Diversity Loss - Mean: 0.00000, Variance: 0.00000
Semantic Loss - Mean: 0.00000, Variance: 0.00000

Train Epoch: 87 
task: majority, mean loss: 0.00248, accuracy: 0.99980, task: max, mean loss: 0.00118, accuracy: 0.99980, task: top, mean loss: 0.00194, accuracy: 0.99980, task: multi, mean loss: 0.01388, multilabel_accuracy: 0.96400, avg. loss over tasks: 0.00487, lr: 5.155237387356607e-05
Diversity Loss - Mean: 0.00000, Variance: 0.00000
Semantic Loss - Mean: 0.00000, Variance: 0.00000

Test Epoch: 87 
task: majority, mean loss: 0.03147, accuracy: 0.98900, task: max, mean loss: 0.32507, accuracy: 0.93200, task: top, mean loss: 0.29676, accuracy: 0.94000, task: multi, mean loss: 0.07277, multilabel_accuracy: 0.83400, avg. loss over tasks: 0.18152
Diversity Loss - Mean: 0.00000, Variance: 0.00000
Semantic Loss - Mean: 0.00000, Variance: 0.00000

Train Epoch: 88 
task: majority, mean loss: 0.00178, accuracy: 1.00000, task: max, mean loss: 0.00106, accuracy: 0.99980, task: top, mean loss: 0.00288, accuracy: 0.99940, task: multi, mean loss: 0.01199, multilabel_accuracy: 0.97160, avg. loss over tasks: 0.00443, lr: 4.4184043907520925e-05
Diversity Loss - Mean: 0.00000, Variance: 0.00000
Semantic Loss - Mean: 0.00000, Variance: 0.00000

Test Epoch: 88 
task: majority, mean loss: 0.04746, accuracy: 0.98200, task: max, mean loss: 0.34102, accuracy: 0.93600, task: top, mean loss: 0.32224, accuracy: 0.94200, task: multi, mean loss: 0.07470, multilabel_accuracy: 0.84200, avg. loss over tasks: 0.19635
Diversity Loss - Mean: 0.00000, Variance: 0.00000
Semantic Loss - Mean: 0.00000, Variance: 0.00000

Train Epoch: 89 
task: majority, mean loss: 0.00118, accuracy: 1.00000, task: max, mean loss: 0.00097, accuracy: 0.99980, task: top, mean loss: 0.00192, accuracy: 0.99960, task: multi, mean loss: 0.01179, multilabel_accuracy: 0.97240, avg. loss over tasks: 0.00397, lr: 3.7371664643889735e-05
Diversity Loss - Mean: 0.00000, Variance: 0.00000
Semantic Loss - Mean: 0.00000, Variance: 0.00000

Test Epoch: 89 
task: majority, mean loss: 0.02925, accuracy: 0.99000, task: max, mean loss: 0.33646, accuracy: 0.93800, task: top, mean loss: 0.32736, accuracy: 0.93400, task: multi, mean loss: 0.07294, multilabel_accuracy: 0.83500, avg. loss over tasks: 0.19150
Diversity Loss - Mean: 0.00000, Variance: 0.00000
Semantic Loss - Mean: 0.00000, Variance: 0.00000

Train Epoch: 90 
task: majority, mean loss: 0.00250, accuracy: 0.99920, task: max, mean loss: 0.00060, accuracy: 1.00000, task: top, mean loss: 0.00118, accuracy: 0.99980, task: multi, mean loss: 0.01158, multilabel_accuracy: 0.97480, avg. loss over tasks: 0.00397, lr: 3.11235359174388e-05
Diversity Loss - Mean: 0.00000, Variance: 0.00000
Semantic Loss - Mean: 0.00000, Variance: 0.00000

Test Epoch: 90 
task: majority, mean loss: 0.03910, accuracy: 0.98500, task: max, mean loss: 0.33022, accuracy: 0.93700, task: top, mean loss: 0.32471, accuracy: 0.93700, task: multi, mean loss: 0.07461, multilabel_accuracy: 0.84200, avg. loss over tasks: 0.19216
Diversity Loss - Mean: 0.00000, Variance: 0.00000
Semantic Loss - Mean: 0.00000, Variance: 0.00000

Train Epoch: 91 
task: majority, mean loss: 0.00181, accuracy: 0.99980, task: max, mean loss: 0.00105, accuracy: 1.00000, task: top, mean loss: 0.00130, accuracy: 0.99960, task: multi, mean loss: 0.01106, multilabel_accuracy: 0.97420, avg. loss over tasks: 0.00381, lr: 2.544727011057081e-05
Diversity Loss - Mean: 0.00000, Variance: 0.00000
Semantic Loss - Mean: 0.00000, Variance: 0.00000

Test Epoch: 91 
task: majority, mean loss: 0.03659, accuracy: 0.98800, task: max, mean loss: 0.32960, accuracy: 0.93900, task: top, mean loss: 0.31247, accuracy: 0.93800, task: multi, mean loss: 0.07401, multilabel_accuracy: 0.83500, avg. loss over tasks: 0.18817
Diversity Loss - Mean: 0.00000, Variance: 0.00000
Semantic Loss - Mean: 0.00000, Variance: 0.00000

Train Epoch: 92 
task: majority, mean loss: 0.00200, accuracy: 0.99940, task: max, mean loss: 0.00083, accuracy: 0.99980, task: top, mean loss: 0.00256, accuracy: 0.99900, task: multi, mean loss: 0.01105, multilabel_accuracy: 0.97620, avg. loss over tasks: 0.00411, lr: 2.0349782878809714e-05
Diversity Loss - Mean: 0.00000, Variance: 0.00000
Semantic Loss - Mean: 0.00000, Variance: 0.00000

Test Epoch: 92 
task: majority, mean loss: 0.03619, accuracy: 0.98500, task: max, mean loss: 0.33063, accuracy: 0.93900, task: top, mean loss: 0.32400, accuracy: 0.94000, task: multi, mean loss: 0.07316, multilabel_accuracy: 0.83600, avg. loss over tasks: 0.19099
Diversity Loss - Mean: 0.00000, Variance: 0.00000
Semantic Loss - Mean: 0.00000, Variance: 0.00000

Train Epoch: 93 
task: majority, mean loss: 0.00178, accuracy: 0.99940, task: max, mean loss: 0.00071, accuracy: 0.99980, task: top, mean loss: 0.00076, accuracy: 1.00000, task: multi, mean loss: 0.01112, multilabel_accuracy: 0.97340, avg. loss over tasks: 0.00359, lr: 1.583728472513982e-05
Diversity Loss - Mean: 0.00000, Variance: 0.00000
Semantic Loss - Mean: 0.00000, Variance: 0.00000

Test Epoch: 93 
task: majority, mean loss: 0.03169, accuracy: 0.98500, task: max, mean loss: 0.33415, accuracy: 0.94000, task: top, mean loss: 0.32683, accuracy: 0.93700, task: multi, mean loss: 0.07339, multilabel_accuracy: 0.83000, avg. loss over tasks: 0.19151
Diversity Loss - Mean: 0.00000, Variance: 0.00000
Semantic Loss - Mean: 0.00000, Variance: 0.00000

Train Epoch: 94 
task: majority, mean loss: 0.00135, accuracy: 0.99980, task: max, mean loss: 0.00083, accuracy: 1.00000, task: top, mean loss: 0.00165, accuracy: 0.99980, task: multi, mean loss: 0.01124, multilabel_accuracy: 0.97580, avg. loss over tasks: 0.00377, lr: 1.191527343346406e-05
Diversity Loss - Mean: 0.00000, Variance: 0.00000
Semantic Loss - Mean: 0.00000, Variance: 0.00000

Test Epoch: 94 
task: majority, mean loss: 0.03227, accuracy: 0.98800, task: max, mean loss: 0.33478, accuracy: 0.93900, task: top, mean loss: 0.31748, accuracy: 0.93700, task: multi, mean loss: 0.07289, multilabel_accuracy: 0.83900, avg. loss over tasks: 0.18936
Diversity Loss - Mean: 0.00000, Variance: 0.00000
Semantic Loss - Mean: 0.00000, Variance: 0.00000

Train Epoch: 95 
task: majority, mean loss: 0.00139, accuracy: 0.99960, task: max, mean loss: 0.00077, accuracy: 1.00000, task: top, mean loss: 0.00428, accuracy: 0.99880, task: multi, mean loss: 0.01054, multilabel_accuracy: 0.97840, avg. loss over tasks: 0.00425, lr: 8.588527370402095e-06
Diversity Loss - Mean: 0.00000, Variance: 0.00000
Semantic Loss - Mean: 0.00000, Variance: 0.00000

Test Epoch: 95 
task: majority, mean loss: 0.03160, accuracy: 0.98900, task: max, mean loss: 0.33423, accuracy: 0.94300, task: top, mean loss: 0.32729, accuracy: 0.93700, task: multi, mean loss: 0.07390, multilabel_accuracy: 0.84100, avg. loss over tasks: 0.19176
Diversity Loss - Mean: 0.00000, Variance: 0.00000
Semantic Loss - Mean: 0.00000, Variance: 0.00000

Train Epoch: 96 
task: majority, mean loss: 0.00147, accuracy: 0.99980, task: max, mean loss: 0.00134, accuracy: 0.99960, task: top, mean loss: 0.00297, accuracy: 0.99900, task: multi, mean loss: 0.00998, multilabel_accuracy: 0.97760, avg. loss over tasks: 0.00394, lr: 5.86109966358566e-06
Diversity Loss - Mean: 0.00000, Variance: 0.00000
Semantic Loss - Mean: 0.00000, Variance: 0.00000

Test Epoch: 96 
task: majority, mean loss: 0.03613, accuracy: 0.98800, task: max, mean loss: 0.33110, accuracy: 0.94000, task: top, mean loss: 0.31692, accuracy: 0.93600, task: multi, mean loss: 0.07353, multilabel_accuracy: 0.84200, avg. loss over tasks: 0.18942
Diversity Loss - Mean: 0.00000, Variance: 0.00000
Semantic Loss - Mean: 0.00000, Variance: 0.00000

Train Epoch: 97 
task: majority, mean loss: 0.00129, accuracy: 1.00000, task: max, mean loss: 0.00078, accuracy: 1.00000, task: top, mean loss: 0.00122, accuracy: 0.99980, task: multi, mean loss: 0.01085, multilabel_accuracy: 0.97660, avg. loss over tasks: 0.00353, lr: 3.7363132635474912e-06
Diversity Loss - Mean: 0.00000, Variance: 0.00000
Semantic Loss - Mean: 0.00000, Variance: 0.00000

Test Epoch: 97 
task: majority, mean loss: 0.03300, accuracy: 0.98800, task: max, mean loss: 0.33751, accuracy: 0.94200, task: top, mean loss: 0.31841, accuracy: 0.93700, task: multi, mean loss: 0.07380, multilabel_accuracy: 0.84000, avg. loss over tasks: 0.19068
Diversity Loss - Mean: 0.00000, Variance: 0.00000
Semantic Loss - Mean: 0.00000, Variance: 0.00000

Train Epoch: 98 
task: majority, mean loss: 0.00149, accuracy: 0.99980, task: max, mean loss: 0.00112, accuracy: 0.99980, task: top, mean loss: 0.00142, accuracy: 0.99940, task: multi, mean loss: 0.01008, multilabel_accuracy: 0.97740, avg. loss over tasks: 0.00353, lr: 2.216756895217758e-06
Diversity Loss - Mean: 0.00000, Variance: 0.00000
Semantic Loss - Mean: 0.00000, Variance: 0.00000

Test Epoch: 98 
task: majority, mean loss: 0.02835, accuracy: 0.99200, task: max, mean loss: 0.34158, accuracy: 0.93800, task: top, mean loss: 0.32208, accuracy: 0.93700, task: multi, mean loss: 0.07459, multilabel_accuracy: 0.83500, avg. loss over tasks: 0.19165
Diversity Loss - Mean: 0.00000, Variance: 0.00000
Semantic Loss - Mean: 0.00000, Variance: 0.00000

Train Epoch: 99 
task: majority, mean loss: 0.00126, accuracy: 0.99980, task: max, mean loss: 0.00106, accuracy: 0.99980, task: top, mean loss: 0.00142, accuracy: 0.99980, task: multi, mean loss: 0.01005, multilabel_accuracy: 0.98000, avg. loss over tasks: 0.00344, lr: 1.3042819039616668e-06
Diversity Loss - Mean: 0.00000, Variance: 0.00000
Semantic Loss - Mean: 0.00000, Variance: 0.00000

Test Epoch: 99 
task: majority, mean loss: 0.03248, accuracy: 0.98800, task: max, mean loss: 0.34115, accuracy: 0.94100, task: top, mean loss: 0.32176, accuracy: 0.93500, task: multi, mean loss: 0.07370, multilabel_accuracy: 0.83600, avg. loss over tasks: 0.19227
Diversity Loss - Mean: 0.00000, Variance: 0.00000
Semantic Loss - Mean: 0.00000, Variance: 0.00000

Train Epoch: 100 
task: majority, mean loss: 0.00103, accuracy: 1.00000, task: max, mean loss: 0.00098, accuracy: 0.99980, task: top, mean loss: 0.00266, accuracy: 0.99920, task: multi, mean loss: 0.01035, multilabel_accuracy: 0.97840, avg. loss over tasks: 0.00376, lr: 1e-06
Diversity Loss - Mean: 0.00000, Variance: 0.00000
Semantic Loss - Mean: 0.00000, Variance: 0.00000

Test Epoch: 100 
task: majority, mean loss: 0.03223, accuracy: 0.98800, task: max, mean loss: 0.34252, accuracy: 0.93900, task: top, mean loss: 0.32427, accuracy: 0.93600, task: multi, mean loss: 0.07432, multilabel_accuracy: 0.84000, avg. loss over tasks: 0.19334
Diversity Loss - Mean: 0.00000, Variance: 0.00000
Semantic Loss - Mean: 0.00000, Variance: 0.00000

