Generating dataset...
Data generation successful. Proceeding with training.
Used config:
{'B': 16,
 'B_seq': 16,
 'D': 128,
 'D_inner': 512,
 'D_k': 16,
 'D_v': 16,
 'H': 8,
 'I': 100,
 'M': 100,
 'N': 3600,
 'attn_dropout': 0.1,
 'data_dir': 'data/megapixel_mnist/dsets/megapixel_mnist_1500',
 'dropout': 0.1,
 'eager': True,
 'enc_type': 'resnet18',
 'eps': 1e-06,
 'is_image': True,
 'lr': 0.001,
 'mask_K': 10,
 'mask_p': 0,
 'n_chan_in': 1,
 'n_class': 10,
 'n_epoch': 100,
 'n_epoch_warmup': 10,
 'n_res_blocks': 2,
 'n_token': 4,
 'n_worker': 4,
 'patch_size': [50, 50],
 'patch_stride': [50, 50],
 'pin_memory': True,
 'pretrained': False,
 'seed': 0,
 'semantic_diversity_loss': False,
 'shuffle': True,
 'shuffle_style': 'batch',
 'tasks': {'task0': {'act_fn': 'softmax',
                     'id': 0,
                     'metric': 'accuracy',
                     'name': 'majority'},
           'task1': {'act_fn': 'softmax',
                     'id': 1,
                     'metric': 'accuracy',
                     'name': 'max'},
           'task2': {'act_fn': 'softmax',
                     'id': 2,
                     'metric': 'accuracy',
                     'name': 'top'},
           'task3': {'act_fn': 'sigmoid',
                     'id': 3,
                     'metric': 'multilabel_accuracy',
                     'name': 'multi'}},
 'track_efficiency': False,
 'track_epoch': 0,
 'use_pos': True,
 'wd': 0.1}
Train Epoch: 1 
task: majority, mean loss: 2.34786, accuracy: 0.10833, task: max, mean loss: 2.26100, accuracy: 0.24833, task: top, mean loss: 2.35324, accuracy: 0.10667, task: multi, mean loss: 0.71037, multilabel_accuracy: 0.00000, avg. loss over tasks: 1.91812, lr: 9.999999999999999e-05
Diversity Loss - Mean: 0.00000, Variance: 0.00000
Semantic Loss - Mean: 0.00000, Variance: 0.00000

Test Epoch: 1 
task: majority, mean loss: 2.33740, accuracy: 0.08900, task: max, mean loss: 2.01616, accuracy: 0.27400, task: top, mean loss: 2.32459, accuracy: 0.10000, task: multi, mean loss: 0.64324, multilabel_accuracy: 0.00000, avg. loss over tasks: 1.83035
Diversity Loss - Mean: 0.00000, Variance: 0.00000
Semantic Loss - Mean: 0.00000, Variance: 0.00000

Train Epoch: 2 
task: majority, mean loss: 2.34210, accuracy: 0.09167, task: max, mean loss: 1.87104, accuracy: 0.29667, task: top, mean loss: 2.32837, accuracy: 0.08833, task: multi, mean loss: 0.62329, multilabel_accuracy: 0.00000, avg. loss over tasks: 1.79120, lr: 0.00019999999999999998
Diversity Loss - Mean: 0.00000, Variance: 0.00000
Semantic Loss - Mean: 0.00000, Variance: 0.00000

Test Epoch: 2 
task: majority, mean loss: 2.31155, accuracy: 0.09600, task: max, mean loss: 1.92265, accuracy: 0.21300, task: top, mean loss: 2.32337, accuracy: 0.10600, task: multi, mean loss: 0.60577, multilabel_accuracy: 0.00000, avg. loss over tasks: 1.79084
Diversity Loss - Mean: 0.00000, Variance: 0.00000
Semantic Loss - Mean: 0.00000, Variance: 0.00000

Train Epoch: 3 
task: majority, mean loss: 2.32315, accuracy: 0.10000, task: max, mean loss: 1.86063, accuracy: 0.26000, task: top, mean loss: 2.35311, accuracy: 0.08333, task: multi, mean loss: 0.60697, multilabel_accuracy: 0.00000, avg. loss over tasks: 1.78596, lr: 0.00030000000000000003
Diversity Loss - Mean: 0.00000, Variance: 0.00000
Semantic Loss - Mean: 0.00000, Variance: 0.00000

Test Epoch: 3 
task: majority, mean loss: 2.32802, accuracy: 0.10900, task: max, mean loss: 1.88683, accuracy: 0.27400, task: top, mean loss: 2.31433, accuracy: 0.09900, task: multi, mean loss: 0.60373, multilabel_accuracy: 0.00000, avg. loss over tasks: 1.78323
Diversity Loss - Mean: 0.00000, Variance: 0.00000
Semantic Loss - Mean: 0.00000, Variance: 0.00000

Train Epoch: 4 
task: majority, mean loss: 2.33037, accuracy: 0.10833, task: max, mean loss: 1.84390, accuracy: 0.28000, task: top, mean loss: 2.34422, accuracy: 0.08333, task: multi, mean loss: 0.60554, multilabel_accuracy: 0.00000, avg. loss over tasks: 1.78101, lr: 0.00039999999999999996
Diversity Loss - Mean: 0.00000, Variance: 0.00000
Semantic Loss - Mean: 0.00000, Variance: 0.00000

Test Epoch: 4 
task: majority, mean loss: 2.33466, accuracy: 0.08900, task: max, mean loss: 1.91875, accuracy: 0.27400, task: top, mean loss: 2.34491, accuracy: 0.09700, task: multi, mean loss: 0.60073, multilabel_accuracy: 0.00000, avg. loss over tasks: 1.79976
Diversity Loss - Mean: 0.00000, Variance: 0.00000
Semantic Loss - Mean: 0.00000, Variance: 0.00000

Train Epoch: 5 
task: majority, mean loss: 2.33374, accuracy: 0.10333, task: max, mean loss: 1.83645, accuracy: 0.28000, task: top, mean loss: 2.34162, accuracy: 0.07167, task: multi, mean loss: 0.60800, multilabel_accuracy: 0.00000, avg. loss over tasks: 1.77995, lr: 0.0005
Diversity Loss - Mean: 0.00000, Variance: 0.00000
Semantic Loss - Mean: 0.00000, Variance: 0.00000

Test Epoch: 5 
task: majority, mean loss: 2.32591, accuracy: 0.08900, task: max, mean loss: 1.87493, accuracy: 0.27000, task: top, mean loss: 2.32934, accuracy: 0.08900, task: multi, mean loss: 0.60201, multilabel_accuracy: 0.00000, avg. loss over tasks: 1.78305
Diversity Loss - Mean: 0.00000, Variance: 0.00000
Semantic Loss - Mean: 0.00000, Variance: 0.00000

Train Epoch: 6 
task: majority, mean loss: 2.34727, accuracy: 0.07667, task: max, mean loss: 1.83865, accuracy: 0.22833, task: top, mean loss: 2.33194, accuracy: 0.08333, task: multi, mean loss: 0.60674, multilabel_accuracy: 0.00000, avg. loss over tasks: 1.78115, lr: 0.0006000000000000001
Diversity Loss - Mean: 0.00000, Variance: 0.00000
Semantic Loss - Mean: 0.00000, Variance: 0.00000

Test Epoch: 6 
task: majority, mean loss: 2.35449, accuracy: 0.08900, task: max, mean loss: 1.90207, accuracy: 0.27400, task: top, mean loss: 2.34488, accuracy: 0.09100, task: multi, mean loss: 0.60327, multilabel_accuracy: 0.00000, avg. loss over tasks: 1.80118
Diversity Loss - Mean: 0.00000, Variance: 0.00000
Semantic Loss - Mean: 0.00000, Variance: 0.00000

Train Epoch: 7 
task: majority, mean loss: 2.34096, accuracy: 0.09000, task: max, mean loss: 1.83855, accuracy: 0.28000, task: top, mean loss: 2.34179, accuracy: 0.09833, task: multi, mean loss: 0.60798, multilabel_accuracy: 0.00000, avg. loss over tasks: 1.78232, lr: 0.0007
Diversity Loss - Mean: 0.00000, Variance: 0.00000
Semantic Loss - Mean: 0.00000, Variance: 0.00000

Test Epoch: 7 
task: majority, mean loss: 2.35268, accuracy: 0.10100, task: max, mean loss: 1.88653, accuracy: 0.27400, task: top, mean loss: 2.33809, accuracy: 0.10200, task: multi, mean loss: 0.60264, multilabel_accuracy: 0.00000, avg. loss over tasks: 1.79498
Diversity Loss - Mean: 0.00000, Variance: 0.00000
Semantic Loss - Mean: 0.00000, Variance: 0.00000

Train Epoch: 8 
task: majority, mean loss: 2.32890, accuracy: 0.10500, task: max, mean loss: 1.84766, accuracy: 0.27667, task: top, mean loss: 2.33343, accuracy: 0.09833, task: multi, mean loss: 0.60514, multilabel_accuracy: 0.00000, avg. loss over tasks: 1.77878, lr: 0.0007999999999999999
Diversity Loss - Mean: 0.00000, Variance: 0.00000
Semantic Loss - Mean: 0.00000, Variance: 0.00000

Test Epoch: 8 
task: majority, mean loss: 2.32415, accuracy: 0.10600, task: max, mean loss: 1.86774, accuracy: 0.27400, task: top, mean loss: 2.31270, accuracy: 0.09100, task: multi, mean loss: 0.60180, multilabel_accuracy: 0.00000, avg. loss over tasks: 1.77660
Diversity Loss - Mean: 0.00000, Variance: 0.00000
Semantic Loss - Mean: 0.00000, Variance: 0.00000

Train Epoch: 9 
task: majority, mean loss: 2.34770, accuracy: 0.06667, task: max, mean loss: 1.82778, accuracy: 0.26167, task: top, mean loss: 2.35418, accuracy: 0.09500, task: multi, mean loss: 0.60706, multilabel_accuracy: 0.00000, avg. loss over tasks: 1.78418, lr: 0.0009000000000000001
Diversity Loss - Mean: 0.00000, Variance: 0.00000
Semantic Loss - Mean: 0.00000, Variance: 0.00000

Test Epoch: 9 
task: majority, mean loss: 2.32520, accuracy: 0.09000, task: max, mean loss: 1.90193, accuracy: 0.21300, task: top, mean loss: 2.30748, accuracy: 0.12000, task: multi, mean loss: 0.60492, multilabel_accuracy: 0.00000, avg. loss over tasks: 1.78488
Diversity Loss - Mean: 0.00000, Variance: 0.00000
Semantic Loss - Mean: 0.00000, Variance: 0.00000

Train Epoch: 10 
task: majority, mean loss: 2.32216, accuracy: 0.12167, task: max, mean loss: 1.85160, accuracy: 0.24333, task: top, mean loss: 2.34666, accuracy: 0.08167, task: multi, mean loss: 0.60646, multilabel_accuracy: 0.00000, avg. loss over tasks: 1.78172, lr: 0.001
Diversity Loss - Mean: 0.00000, Variance: 0.00000
Semantic Loss - Mean: 0.00000, Variance: 0.00000

Test Epoch: 10 
task: majority, mean loss: 2.31925, accuracy: 0.11800, task: max, mean loss: 1.88102, accuracy: 0.27400, task: top, mean loss: 2.35110, accuracy: 0.09700, task: multi, mean loss: 0.60252, multilabel_accuracy: 0.00000, avg. loss over tasks: 1.78847
Diversity Loss - Mean: 0.00000, Variance: 0.00000
Semantic Loss - Mean: 0.00000, Variance: 0.00000

Train Epoch: 11 
task: majority, mean loss: 2.30818, accuracy: 0.12167, task: max, mean loss: 1.83534, accuracy: 0.25833, task: top, mean loss: 2.33618, accuracy: 0.11000, task: multi, mean loss: 0.60719, multilabel_accuracy: 0.00000, avg. loss over tasks: 1.77172, lr: 0.0009996957180960382
Diversity Loss - Mean: 0.00000, Variance: 0.00000
Semantic Loss - Mean: 0.00000, Variance: 0.00000

Test Epoch: 11 
task: majority, mean loss: 2.36997, accuracy: 0.10600, task: max, mean loss: 1.93692, accuracy: 0.21300, task: top, mean loss: 2.36014, accuracy: 0.10700, task: multi, mean loss: 0.60210, multilabel_accuracy: 0.00000, avg. loss over tasks: 1.81728
Diversity Loss - Mean: 0.00000, Variance: 0.00000
Semantic Loss - Mean: 0.00000, Variance: 0.00000

Train Epoch: 12 
task: majority, mean loss: 2.29120, accuracy: 0.11333, task: max, mean loss: 1.86951, accuracy: 0.25000, task: top, mean loss: 2.31277, accuracy: 0.13500, task: multi, mean loss: 0.60258, multilabel_accuracy: 0.00000, avg. loss over tasks: 1.76902, lr: 0.0009987832431047822
Diversity Loss - Mean: 0.00000, Variance: 0.00000
Semantic Loss - Mean: 0.00000, Variance: 0.00000

Test Epoch: 12 
task: majority, mean loss: 2.34421, accuracy: 0.12400, task: max, mean loss: 1.88682, accuracy: 0.27100, task: top, mean loss: 2.33565, accuracy: 0.10100, task: multi, mean loss: 0.60461, multilabel_accuracy: 0.00000, avg. loss over tasks: 1.79282
Diversity Loss - Mean: 0.00000, Variance: 0.00000
Semantic Loss - Mean: 0.00000, Variance: 0.00000

Train Epoch: 13 
task: majority, mean loss: 2.26965, accuracy: 0.12500, task: max, mean loss: 1.82557, accuracy: 0.29000, task: top, mean loss: 2.31061, accuracy: 0.10333, task: multi, mean loss: 0.60213, multilabel_accuracy: 0.00000, avg. loss over tasks: 1.75199, lr: 0.0009972636867364526
Diversity Loss - Mean: 0.00000, Variance: 0.00000
Semantic Loss - Mean: 0.00000, Variance: 0.00000

Test Epoch: 13 
task: majority, mean loss: 2.54625, accuracy: 0.10000, task: max, mean loss: 1.89858, accuracy: 0.21500, task: top, mean loss: 2.43419, accuracy: 0.09700, task: multi, mean loss: 0.60242, multilabel_accuracy: 0.00000, avg. loss over tasks: 1.87036
Diversity Loss - Mean: 0.00000, Variance: 0.00000
Semantic Loss - Mean: 0.00000, Variance: 0.00000

Train Epoch: 14 
task: majority, mean loss: 2.26853, accuracy: 0.15000, task: max, mean loss: 1.80427, accuracy: 0.31833, task: top, mean loss: 2.33917, accuracy: 0.11333, task: multi, mean loss: 0.60140, multilabel_accuracy: 0.00000, avg. loss over tasks: 1.75334, lr: 0.0009951389003364144
Diversity Loss - Mean: 0.00000, Variance: 0.00000
Semantic Loss - Mean: 0.00000, Variance: 0.00000

Test Epoch: 14 
task: majority, mean loss: 2.29375, accuracy: 0.11600, task: max, mean loss: 1.85235, accuracy: 0.27300, task: top, mean loss: 2.30374, accuracy: 0.13500, task: multi, mean loss: 0.59938, multilabel_accuracy: 0.00000, avg. loss over tasks: 1.76230
Diversity Loss - Mean: 0.00000, Variance: 0.00000
Semantic Loss - Mean: 0.00000, Variance: 0.00000

Train Epoch: 15 
task: majority, mean loss: 2.29686, accuracy: 0.12667, task: max, mean loss: 1.82144, accuracy: 0.29333, task: top, mean loss: 2.30928, accuracy: 0.10333, task: multi, mean loss: 0.60494, multilabel_accuracy: 0.00000, avg. loss over tasks: 1.75813, lr: 0.000992411472629598
Diversity Loss - Mean: 0.00000, Variance: 0.00000
Semantic Loss - Mean: 0.00000, Variance: 0.00000

Test Epoch: 15 
task: majority, mean loss: 2.50006, accuracy: 0.10100, task: max, mean loss: 1.91059, accuracy: 0.21300, task: top, mean loss: 2.39174, accuracy: 0.09700, task: multi, mean loss: 0.61905, multilabel_accuracy: 0.00000, avg. loss over tasks: 1.85536
Diversity Loss - Mean: 0.00000, Variance: 0.00000
Semantic Loss - Mean: 0.00000, Variance: 0.00000

Train Epoch: 16 
task: majority, mean loss: 2.24067, accuracy: 0.16167, task: max, mean loss: 1.78600, accuracy: 0.31167, task: top, mean loss: 2.30183, accuracy: 0.11167, task: multi, mean loss: 0.59514, multilabel_accuracy: 0.00000, avg. loss over tasks: 1.73091, lr: 0.000989084726566536
Diversity Loss - Mean: 0.00000, Variance: 0.00000
Semantic Loss - Mean: 0.00000, Variance: 0.00000

Test Epoch: 16 
task: majority, mean loss: 2.29973, accuracy: 0.13000, task: max, mean loss: 1.81178, accuracy: 0.32800, task: top, mean loss: 2.30406, accuracy: 0.12500, task: multi, mean loss: 0.60309, multilabel_accuracy: 0.00000, avg. loss over tasks: 1.75467
Diversity Loss - Mean: 0.00000, Variance: 0.00000
Semantic Loss - Mean: 0.00000, Variance: 0.00000

Train Epoch: 17 
task: majority, mean loss: 2.23331, accuracy: 0.18000, task: max, mean loss: 1.77265, accuracy: 0.34667, task: top, mean loss: 2.29783, accuracy: 0.12000, task: multi, mean loss: 0.59696, multilabel_accuracy: 0.00000, avg. loss over tasks: 1.72519, lr: 0.00098516271527486
Diversity Loss - Mean: 0.00000, Variance: 0.00000
Semantic Loss - Mean: 0.00000, Variance: 0.00000

Test Epoch: 17 
task: majority, mean loss: 2.39293, accuracy: 0.11000, task: max, mean loss: 1.88114, accuracy: 0.27600, task: top, mean loss: 2.33351, accuracy: 0.10000, task: multi, mean loss: 0.60204, multilabel_accuracy: 0.00000, avg. loss over tasks: 1.80241
Diversity Loss - Mean: 0.00000, Variance: 0.00000
Semantic Loss - Mean: 0.00000, Variance: 0.00000

Train Epoch: 18 
task: majority, mean loss: 2.22846, accuracy: 0.15167, task: max, mean loss: 1.79981, accuracy: 0.32333, task: top, mean loss: 2.28757, accuracy: 0.13667, task: multi, mean loss: 0.59718, multilabel_accuracy: 0.00000, avg. loss over tasks: 1.72825, lr: 0.0009806502171211902
Diversity Loss - Mean: 0.00000, Variance: 0.00000
Semantic Loss - Mean: 0.00000, Variance: 0.00000

Test Epoch: 18 
task: majority, mean loss: 2.41765, accuracy: 0.11200, task: max, mean loss: 1.86633, accuracy: 0.27400, task: top, mean loss: 2.34938, accuracy: 0.09000, task: multi, mean loss: 0.60381, multilabel_accuracy: 0.00000, avg. loss over tasks: 1.80929
Diversity Loss - Mean: 0.00000, Variance: 0.00000
Semantic Loss - Mean: 0.00000, Variance: 0.00000

Train Epoch: 19 
task: majority, mean loss: 2.22891, accuracy: 0.15500, task: max, mean loss: 1.73698, accuracy: 0.36667, task: top, mean loss: 2.25452, accuracy: 0.15167, task: multi, mean loss: 0.59484, multilabel_accuracy: 0.00000, avg. loss over tasks: 1.70381, lr: 0.0009755527298894293
Diversity Loss - Mean: 0.00000, Variance: 0.00000
Semantic Loss - Mean: 0.00000, Variance: 0.00000

Test Epoch: 19 
task: majority, mean loss: 2.47230, accuracy: 0.11000, task: max, mean loss: 2.06364, accuracy: 0.22900, task: top, mean loss: 2.42748, accuracy: 0.10400, task: multi, mean loss: 0.63554, multilabel_accuracy: 0.00000, avg. loss over tasks: 1.89974
Diversity Loss - Mean: 0.00000, Variance: 0.00000
Semantic Loss - Mean: 0.00000, Variance: 0.00000

Train Epoch: 20 
task: majority, mean loss: 2.20086, accuracy: 0.17500, task: max, mean loss: 1.76797, accuracy: 0.33167, task: top, mean loss: 2.27826, accuracy: 0.12500, task: multi, mean loss: 0.59298, multilabel_accuracy: 0.00000, avg. loss over tasks: 1.71002, lr: 0.0009698764640825613
Diversity Loss - Mean: 0.00000, Variance: 0.00000
Semantic Loss - Mean: 0.00000, Variance: 0.00000

Test Epoch: 20 
task: majority, mean loss: 2.41958, accuracy: 0.08900, task: max, mean loss: 1.89803, accuracy: 0.27400, task: top, mean loss: 2.35650, accuracy: 0.08900, task: multi, mean loss: 0.60728, multilabel_accuracy: 0.00000, avg. loss over tasks: 1.82035
Diversity Loss - Mean: 0.00000, Variance: 0.00000
Semantic Loss - Mean: 0.00000, Variance: 0.00000

Train Epoch: 21 
task: majority, mean loss: 2.15550, accuracy: 0.18833, task: max, mean loss: 1.68246, accuracy: 0.37000, task: top, mean loss: 2.22462, accuracy: 0.14667, task: multi, mean loss: 0.58385, multilabel_accuracy: 0.00000, avg. loss over tasks: 1.66161, lr: 0.0009636283353561103
Diversity Loss - Mean: 0.00000, Variance: 0.00000
Semantic Loss - Mean: 0.00000, Variance: 0.00000

Test Epoch: 21 
task: majority, mean loss: 2.21058, accuracy: 0.16800, task: max, mean loss: 1.75454, accuracy: 0.34400, task: top, mean loss: 2.26046, accuracy: 0.13700, task: multi, mean loss: 0.58511, multilabel_accuracy: 0.00000, avg. loss over tasks: 1.70267
Diversity Loss - Mean: 0.00000, Variance: 0.00000
Semantic Loss - Mean: 0.00000, Variance: 0.00000

Train Epoch: 22 
task: majority, mean loss: 2.15474, accuracy: 0.18333, task: max, mean loss: 1.67993, accuracy: 0.38500, task: top, mean loss: 2.21832, accuracy: 0.15500, task: multi, mean loss: 0.58349, multilabel_accuracy: 0.00000, avg. loss over tasks: 1.65912, lr: 0.0009568159560924791
Diversity Loss - Mean: 0.00000, Variance: 0.00000
Semantic Loss - Mean: 0.00000, Variance: 0.00000

Test Epoch: 22 
task: majority, mean loss: 2.66768, accuracy: 0.09100, task: max, mean loss: 2.07925, accuracy: 0.27800, task: top, mean loss: 2.57391, accuracy: 0.09400, task: multi, mean loss: 0.62913, multilabel_accuracy: 0.00000, avg. loss over tasks: 1.98749
Diversity Loss - Mean: 0.00000, Variance: 0.00000
Semantic Loss - Mean: 0.00000, Variance: 0.00000

Train Epoch: 23 
task: majority, mean loss: 2.12294, accuracy: 0.16667, task: max, mean loss: 1.62223, accuracy: 0.39500, task: top, mean loss: 2.19857, accuracy: 0.15167, task: multi, mean loss: 0.57745, multilabel_accuracy: 0.00000, avg. loss over tasks: 1.63030, lr: 0.000949447626126434
Diversity Loss - Mean: 0.00000, Variance: 0.00000
Semantic Loss - Mean: 0.00000, Variance: 0.00000

Test Epoch: 23 
task: majority, mean loss: 2.21282, accuracy: 0.17500, task: max, mean loss: 1.79095, accuracy: 0.35000, task: top, mean loss: 2.22971, accuracy: 0.17800, task: multi, mean loss: 0.58571, multilabel_accuracy: 0.00000, avg. loss over tasks: 1.70480
Diversity Loss - Mean: 0.00000, Variance: 0.00000
Semantic Loss - Mean: 0.00000, Variance: 0.00000

Train Epoch: 24 
task: majority, mean loss: 2.10092, accuracy: 0.24000, task: max, mean loss: 1.59385, accuracy: 0.40667, task: top, mean loss: 2.16914, accuracy: 0.18833, task: multi, mean loss: 0.57463, multilabel_accuracy: 0.00000, avg. loss over tasks: 1.60963, lr: 0.000941532322633034
Diversity Loss - Mean: 0.00000, Variance: 0.00000
Semantic Loss - Mean: 0.00000, Variance: 0.00000

Test Epoch: 24 
task: majority, mean loss: 2.50931, accuracy: 0.08600, task: max, mean loss: 2.05909, accuracy: 0.28000, task: top, mean loss: 2.51201, accuracy: 0.09500, task: multi, mean loss: 0.61600, multilabel_accuracy: 0.00000, avg. loss over tasks: 1.92410
Diversity Loss - Mean: 0.00000, Variance: 0.00000
Semantic Loss - Mean: 0.00000, Variance: 0.00000

Train Epoch: 25 
task: majority, mean loss: 2.13868, accuracy: 0.20333, task: max, mean loss: 1.60952, accuracy: 0.39833, task: top, mean loss: 2.18182, accuracy: 0.18833, task: multi, mean loss: 0.57643, multilabel_accuracy: 0.00000, avg. loss over tasks: 1.62661, lr: 0.0009330796891903272
Diversity Loss - Mean: 0.00000, Variance: 0.00000
Semantic Loss - Mean: 0.00000, Variance: 0.00000

Test Epoch: 25 
task: majority, mean loss: 2.32247, accuracy: 0.11600, task: max, mean loss: 1.73797, accuracy: 0.33800, task: top, mean loss: 2.30784, accuracy: 0.15700, task: multi, mean loss: 0.58209, multilabel_accuracy: 0.00000, avg. loss over tasks: 1.73759
Diversity Loss - Mean: 0.00000, Variance: 0.00000
Semantic Loss - Mean: 0.00000, Variance: 0.00000

Train Epoch: 26 
task: majority, mean loss: 2.07908, accuracy: 0.22333, task: max, mean loss: 1.60132, accuracy: 0.40833, task: top, mean loss: 2.16711, accuracy: 0.19500, task: multi, mean loss: 0.57584, multilabel_accuracy: 0.00000, avg. loss over tasks: 1.60584, lr: 0.0009241000240301347
Diversity Loss - Mean: 0.00000, Variance: 0.00000
Semantic Loss - Mean: 0.00000, Variance: 0.00000

Test Epoch: 26 
task: majority, mean loss: 2.15827, accuracy: 0.19700, task: max, mean loss: 1.66720, accuracy: 0.36400, task: top, mean loss: 2.19717, accuracy: 0.18800, task: multi, mean loss: 0.57083, multilabel_accuracy: 0.00000, avg. loss over tasks: 1.64837
Diversity Loss - Mean: 0.00000, Variance: 0.00000
Semantic Loss - Mean: 0.00000, Variance: 0.00000

Train Epoch: 27 
task: majority, mean loss: 2.08693, accuracy: 0.22833, task: max, mean loss: 1.54111, accuracy: 0.43333, task: top, mean loss: 2.12480, accuracy: 0.21667, task: multi, mean loss: 0.56825, multilabel_accuracy: 0.00000, avg. loss over tasks: 1.58027, lr: 0.0009146042674912433
Diversity Loss - Mean: 0.00000, Variance: 0.00000
Semantic Loss - Mean: 0.00000, Variance: 0.00000

Test Epoch: 27 
task: majority, mean loss: 2.26232, accuracy: 0.17500, task: max, mean loss: 1.87930, accuracy: 0.32300, task: top, mean loss: 2.29812, accuracy: 0.15300, task: multi, mean loss: 0.60728, multilabel_accuracy: 0.00000, avg. loss over tasks: 1.76176
Diversity Loss - Mean: 0.00000, Variance: 0.00000
Semantic Loss - Mean: 0.00000, Variance: 0.00000

Train Epoch: 28 
task: majority, mean loss: 2.08862, accuracy: 0.22333, task: max, mean loss: 1.54889, accuracy: 0.40500, task: top, mean loss: 2.16238, accuracy: 0.17667, task: multi, mean loss: 0.57212, multilabel_accuracy: 0.00000, avg. loss over tasks: 1.59300, lr: 0.0009046039886902862
Diversity Loss - Mean: 0.00000, Variance: 0.00000
Semantic Loss - Mean: 0.00000, Variance: 0.00000

Test Epoch: 28 
task: majority, mean loss: 2.63105, accuracy: 0.10900, task: max, mean loss: 2.10173, accuracy: 0.20900, task: top, mean loss: 2.51791, accuracy: 0.10600, task: multi, mean loss: 0.62322, multilabel_accuracy: 0.00000, avg. loss over tasks: 1.96847
Diversity Loss - Mean: 0.00000, Variance: 0.00000
Semantic Loss - Mean: 0.00000, Variance: 0.00000

Train Epoch: 29 
task: majority, mean loss: 2.04200, accuracy: 0.24333, task: max, mean loss: 1.51229, accuracy: 0.43833, task: top, mean loss: 2.11680, accuracy: 0.23667, task: multi, mean loss: 0.56610, multilabel_accuracy: 0.00000, avg. loss over tasks: 1.55930, lr: 0.0008941113714265576
Diversity Loss - Mean: 0.00000, Variance: 0.00000
Semantic Loss - Mean: 0.00000, Variance: 0.00000

Test Epoch: 29 
task: majority, mean loss: 2.47769, accuracy: 0.12300, task: max, mean loss: 1.85315, accuracy: 0.28700, task: top, mean loss: 2.31938, accuracy: 0.15900, task: multi, mean loss: 0.58914, multilabel_accuracy: 0.00000, avg. loss over tasks: 1.80984
Diversity Loss - Mean: 0.00000, Variance: 0.00000
Semantic Loss - Mean: 0.00000, Variance: 0.00000

Train Epoch: 30 
task: majority, mean loss: 2.04401, accuracy: 0.25000, task: max, mean loss: 1.46867, accuracy: 0.44833, task: top, mean loss: 2.10641, accuracy: 0.23167, task: multi, mean loss: 0.57020, multilabel_accuracy: 0.00000, avg. loss over tasks: 1.54732, lr: 0.0008831391993379295
Diversity Loss - Mean: 0.00000, Variance: 0.00000
Semantic Loss - Mean: 0.00000, Variance: 0.00000

Test Epoch: 30 
task: majority, mean loss: 2.17232, accuracy: 0.18000, task: max, mean loss: 1.80535, accuracy: 0.35000, task: top, mean loss: 2.21351, accuracy: 0.17400, task: multi, mean loss: 0.57903, multilabel_accuracy: 0.00000, avg. loss over tasks: 1.69255
Diversity Loss - Mean: 0.00000, Variance: 0.00000
Semantic Loss - Mean: 0.00000, Variance: 0.00000

Train Epoch: 31 
task: majority, mean loss: 1.99108, accuracy: 0.25667, task: max, mean loss: 1.46133, accuracy: 0.47500, task: top, mean loss: 2.08451, accuracy: 0.22500, task: multi, mean loss: 0.56312, multilabel_accuracy: 0.00000, avg. loss over tasks: 1.52501, lr: 0.0008717008403259585
Diversity Loss - Mean: 0.00000, Variance: 0.00000
Semantic Loss - Mean: 0.00000, Variance: 0.00000

Test Epoch: 31 
task: majority, mean loss: 2.19917, accuracy: 0.19800, task: max, mean loss: 1.70154, accuracy: 0.36900, task: top, mean loss: 2.23463, accuracy: 0.18100, task: multi, mean loss: 0.57174, multilabel_accuracy: 0.00000, avg. loss over tasks: 1.67677
Diversity Loss - Mean: 0.00000, Variance: 0.00000
Semantic Loss - Mean: 0.00000, Variance: 0.00000

Train Epoch: 32 
task: majority, mean loss: 2.00229, accuracy: 0.25667, task: max, mean loss: 1.48466, accuracy: 0.45167, task: top, mean loss: 2.10928, accuracy: 0.21000, task: multi, mean loss: 0.56572, multilabel_accuracy: 0.00000, avg. loss over tasks: 1.54048, lr: 0.0008598102302691562
Diversity Loss - Mean: 0.00000, Variance: 0.00000
Semantic Loss - Mean: 0.00000, Variance: 0.00000

Test Epoch: 32 
task: majority, mean loss: 2.40294, accuracy: 0.15000, task: max, mean loss: 2.22861, accuracy: 0.25300, task: top, mean loss: 2.36804, accuracy: 0.15200, task: multi, mean loss: 0.63778, multilabel_accuracy: 0.00000, avg. loss over tasks: 1.90934
Diversity Loss - Mean: 0.00000, Variance: 0.00000
Semantic Loss - Mean: 0.00000, Variance: 0.00000

Train Epoch: 33 
task: majority, mean loss: 1.97105, accuracy: 0.27500, task: max, mean loss: 1.43909, accuracy: 0.47833, task: top, mean loss: 2.04831, accuracy: 0.25167, task: multi, mean loss: 0.55993, multilabel_accuracy: 0.00000, avg. loss over tasks: 1.50459, lr: 0.0008474818560442692
Diversity Loss - Mean: 0.00000, Variance: 0.00000
Semantic Loss - Mean: 0.00000, Variance: 0.00000

Test Epoch: 33 
task: majority, mean loss: 2.52292, accuracy: 0.16900, task: max, mean loss: 1.91396, accuracy: 0.29400, task: top, mean loss: 2.47593, accuracy: 0.16000, task: multi, mean loss: 0.58970, multilabel_accuracy: 0.00000, avg. loss over tasks: 1.87563
Diversity Loss - Mean: 0.00000, Variance: 0.00000
Semantic Loss - Mean: 0.00000, Variance: 0.00000

Train Epoch: 34 
task: majority, mean loss: 1.95531, accuracy: 0.27667, task: max, mean loss: 1.41717, accuracy: 0.47167, task: top, mean loss: 2.05916, accuracy: 0.28000, task: multi, mean loss: 0.56217, multilabel_accuracy: 0.00000, avg. loss over tasks: 1.49845, lr: 0.0008347307378762497
Diversity Loss - Mean: 0.00000, Variance: 0.00000
Semantic Loss - Mean: 0.00000, Variance: 0.00000

Test Epoch: 34 
task: majority, mean loss: 2.86861, accuracy: 0.14100, task: max, mean loss: 2.77246, accuracy: 0.15800, task: top, mean loss: 2.80445, accuracy: 0.11000, task: multi, mean loss: 0.64959, multilabel_accuracy: 0.00000, avg. loss over tasks: 2.27378
Diversity Loss - Mean: 0.00000, Variance: 0.00000
Semantic Loss - Mean: 0.00000, Variance: 0.00000

Train Epoch: 35 
task: majority, mean loss: 1.92129, accuracy: 0.28667, task: max, mean loss: 1.38693, accuracy: 0.48333, task: top, mean loss: 2.03817, accuracy: 0.24667, task: multi, mean loss: 0.55369, multilabel_accuracy: 0.00000, avg. loss over tasks: 1.47502, lr: 0.0008215724110384264
Diversity Loss - Mean: 0.00000, Variance: 0.00000
Semantic Loss - Mean: 0.00000, Variance: 0.00000

Test Epoch: 35 
task: majority, mean loss: 2.21159, accuracy: 0.24400, task: max, mean loss: 1.62102, accuracy: 0.38500, task: top, mean loss: 2.21926, accuracy: 0.21800, task: multi, mean loss: 0.56341, multilabel_accuracy: 0.00000, avg. loss over tasks: 1.65382
Diversity Loss - Mean: 0.00000, Variance: 0.00000
Semantic Loss - Mean: 0.00000, Variance: 0.00000

Train Epoch: 36 
task: majority, mean loss: 1.91618, accuracy: 0.31000, task: max, mean loss: 1.41686, accuracy: 0.51000, task: top, mean loss: 1.97931, accuracy: 0.27500, task: multi, mean loss: 0.55753, multilabel_accuracy: 0.00167, avg. loss over tasks: 1.46747, lr: 0.0008080229069251663
Diversity Loss - Mean: 0.00000, Variance: 0.00000
Semantic Loss - Mean: 0.00000, Variance: 0.00000

Test Epoch: 36 
task: majority, mean loss: 2.46088, accuracy: 0.17400, task: max, mean loss: 2.07706, accuracy: 0.26300, task: top, mean loss: 2.33732, accuracy: 0.19500, task: multi, mean loss: 0.61748, multilabel_accuracy: 0.00000, avg. loss over tasks: 1.87319
Diversity Loss - Mean: 0.00000, Variance: 0.00000
Semantic Loss - Mean: 0.00000, Variance: 0.00000

Train Epoch: 37 
task: majority, mean loss: 1.84631, accuracy: 0.31000, task: max, mean loss: 1.41844, accuracy: 0.46000, task: top, mean loss: 2.00331, accuracy: 0.27000, task: multi, mean loss: 0.55547, multilabel_accuracy: 0.00167, avg. loss over tasks: 1.45588, lr: 0.0007940987335200902
Diversity Loss - Mean: 0.00000, Variance: 0.00000
Semantic Loss - Mean: 0.00000, Variance: 0.00000

Test Epoch: 37 
task: majority, mean loss: 2.24554, accuracy: 0.21400, task: max, mean loss: 1.88959, accuracy: 0.34500, task: top, mean loss: 2.25769, accuracy: 0.19400, task: multi, mean loss: 0.59046, multilabel_accuracy: 0.00100, avg. loss over tasks: 1.74582
Diversity Loss - Mean: 0.00000, Variance: 0.00000
Semantic Loss - Mean: 0.00000, Variance: 0.00000

Train Epoch: 38 
task: majority, mean loss: 1.75701, accuracy: 0.36500, task: max, mean loss: 1.34670, accuracy: 0.51500, task: top, mean loss: 1.88553, accuracy: 0.31667, task: multi, mean loss: 0.54647, multilabel_accuracy: 0.00000, avg. loss over tasks: 1.38393, lr: 0.0007798168552836381
Diversity Loss - Mean: 0.00000, Variance: 0.00000
Semantic Loss - Mean: 0.00000, Variance: 0.00000

Test Epoch: 38 
task: majority, mean loss: 2.25807, accuracy: 0.25500, task: max, mean loss: 1.76309, accuracy: 0.38700, task: top, mean loss: 2.25496, accuracy: 0.22800, task: multi, mean loss: 0.57302, multilabel_accuracy: 0.00000, avg. loss over tasks: 1.71228
Diversity Loss - Mean: 0.00000, Variance: 0.00000
Semantic Loss - Mean: 0.00000, Variance: 0.00000

Train Epoch: 39 
task: majority, mean loss: 1.83248, accuracy: 0.34000, task: max, mean loss: 1.37131, accuracy: 0.47167, task: top, mean loss: 1.91644, accuracy: 0.30167, task: multi, mean loss: 0.55030, multilabel_accuracy: 0.00000, avg. loss over tasks: 1.41763, lr: 0.000765194672484486
Diversity Loss - Mean: 0.00000, Variance: 0.00000
Semantic Loss - Mean: 0.00000, Variance: 0.00000

Test Epoch: 39 
task: majority, mean loss: 2.57493, accuracy: 0.15700, task: max, mean loss: 2.05211, accuracy: 0.28300, task: top, mean loss: 2.58461, accuracy: 0.15600, task: multi, mean loss: 0.60014, multilabel_accuracy: 0.00000, avg. loss over tasks: 1.95295
Diversity Loss - Mean: 0.00000, Variance: 0.00000
Semantic Loss - Mean: 0.00000, Variance: 0.00000

Train Epoch: 40 
task: majority, mean loss: 1.74576, accuracy: 0.35667, task: max, mean loss: 1.31337, accuracy: 0.50833, task: top, mean loss: 1.88810, accuracy: 0.30667, task: multi, mean loss: 0.54197, multilabel_accuracy: 0.00000, avg. loss over tasks: 1.37230, lr: 0.00075025
Diversity Loss - Mean: 0.00000, Variance: 0.00000
Semantic Loss - Mean: 0.00000, Variance: 0.00000

Test Epoch: 40 
task: majority, mean loss: 2.13673, accuracy: 0.27600, task: max, mean loss: 1.70759, accuracy: 0.39300, task: top, mean loss: 2.21910, accuracy: 0.25400, task: multi, mean loss: 0.56302, multilabel_accuracy: 0.00000, avg. loss over tasks: 1.65661
Diversity Loss - Mean: 0.00000, Variance: 0.00000
Semantic Loss - Mean: 0.00000, Variance: 0.00000

Train Epoch: 41 
task: majority, mean loss: 1.72377, accuracy: 0.40000, task: max, mean loss: 1.27330, accuracy: 0.51500, task: top, mean loss: 1.85694, accuracy: 0.34500, task: multi, mean loss: 0.53853, multilabel_accuracy: 0.00000, avg. loss over tasks: 1.34814, lr: 0.0007350010456115524
Diversity Loss - Mean: 0.00000, Variance: 0.00000
Semantic Loss - Mean: 0.00000, Variance: 0.00000

Test Epoch: 41 
task: majority, mean loss: 2.65867, accuracy: 0.17900, task: max, mean loss: 2.18514, accuracy: 0.28400, task: top, mean loss: 2.53557, accuracy: 0.18100, task: multi, mean loss: 0.60089, multilabel_accuracy: 0.00100, avg. loss over tasks: 1.99507
Diversity Loss - Mean: 0.00000, Variance: 0.00000
Semantic Loss - Mean: 0.00000, Variance: 0.00000

Train Epoch: 42 
task: majority, mean loss: 1.70545, accuracy: 0.37333, task: max, mean loss: 1.24044, accuracy: 0.52667, task: top, mean loss: 1.81057, accuracy: 0.33000, task: multi, mean loss: 0.53527, multilabel_accuracy: 0.00333, avg. loss over tasks: 1.32293, lr: 0.0007194663878211441
Diversity Loss - Mean: 0.00000, Variance: 0.00000
Semantic Loss - Mean: 0.00000, Variance: 0.00000

Test Epoch: 42 
task: majority, mean loss: 2.49657, accuracy: 0.19000, task: max, mean loss: 2.70773, accuracy: 0.27300, task: top, mean loss: 2.47060, accuracy: 0.17200, task: multi, mean loss: 0.68498, multilabel_accuracy: 0.00100, avg. loss over tasks: 2.08997
Diversity Loss - Mean: 0.00000, Variance: 0.00000
Semantic Loss - Mean: 0.00000, Variance: 0.00000

Train Epoch: 43 
task: majority, mean loss: 1.66900, accuracy: 0.39167, task: max, mean loss: 1.20883, accuracy: 0.54500, task: top, mean loss: 1.79080, accuracy: 0.35833, task: multi, mean loss: 0.52877, multilabel_accuracy: 0.00167, avg. loss over tasks: 1.29935, lr: 0.0007036649532163622
Diversity Loss - Mean: 0.00000, Variance: 0.00000
Semantic Loss - Mean: 0.00000, Variance: 0.00000

Test Epoch: 43 
task: majority, mean loss: 2.23712, accuracy: 0.27800, task: max, mean loss: 1.76301, accuracy: 0.38900, task: top, mean loss: 2.28057, accuracy: 0.26000, task: multi, mean loss: 0.55746, multilabel_accuracy: 0.00300, avg. loss over tasks: 1.70954
Diversity Loss - Mean: 0.00000, Variance: 0.00000
Semantic Loss - Mean: 0.00000, Variance: 0.00000

Train Epoch: 44 
task: majority, mean loss: 1.60229, accuracy: 0.40333, task: max, mean loss: 1.17762, accuracy: 0.55167, task: top, mean loss: 1.72053, accuracy: 0.38333, task: multi, mean loss: 0.52862, multilabel_accuracy: 0.00167, avg. loss over tasks: 1.25727, lr: 0.0006876159934112482
Diversity Loss - Mean: 0.00000, Variance: 0.00000
Semantic Loss - Mean: 0.00000, Variance: 0.00000

Test Epoch: 44 
task: majority, mean loss: 2.21510, accuracy: 0.25200, task: max, mean loss: 1.90040, accuracy: 0.39300, task: top, mean loss: 2.29930, accuracy: 0.21200, task: multi, mean loss: 0.59082, multilabel_accuracy: 0.00200, avg. loss over tasks: 1.75140
Diversity Loss - Mean: 0.00000, Variance: 0.00000
Semantic Loss - Mean: 0.00000, Variance: 0.00000

Train Epoch: 45 
task: majority, mean loss: 1.54508, accuracy: 0.45167, task: max, mean loss: 1.14255, accuracy: 0.56333, task: top, mean loss: 1.66732, accuracy: 0.41333, task: multi, mean loss: 0.52191, multilabel_accuracy: 0.00333, avg. loss over tasks: 1.21922, lr: 0.0006713390615911716
Diversity Loss - Mean: 0.00000, Variance: 0.00000
Semantic Loss - Mean: 0.00000, Variance: 0.00000

Test Epoch: 45 
task: majority, mean loss: 2.26383, accuracy: 0.26900, task: max, mean loss: 1.78088, accuracy: 0.36500, task: top, mean loss: 2.34913, accuracy: 0.24500, task: multi, mean loss: 0.56355, multilabel_accuracy: 0.00200, avg. loss over tasks: 1.73935
Diversity Loss - Mean: 0.00000, Variance: 0.00000
Semantic Loss - Mean: 0.00000, Variance: 0.00000

Train Epoch: 46 
task: majority, mean loss: 1.46820, accuracy: 0.47333, task: max, mean loss: 1.13577, accuracy: 0.57167, task: top, mean loss: 1.60709, accuracy: 0.43667, task: multi, mean loss: 0.52423, multilabel_accuracy: 0.00333, avg. loss over tasks: 1.18382, lr: 0.0006548539886902863
Diversity Loss - Mean: 0.00000, Variance: 0.00000
Semantic Loss - Mean: 0.00000, Variance: 0.00000

Test Epoch: 46 
task: majority, mean loss: 2.66815, accuracy: 0.19200, task: max, mean loss: 1.93769, accuracy: 0.33200, task: top, mean loss: 2.60871, accuracy: 0.17300, task: multi, mean loss: 0.59165, multilabel_accuracy: 0.00100, avg. loss over tasks: 1.95155
Diversity Loss - Mean: 0.00000, Variance: 0.00000
Semantic Loss - Mean: 0.00000, Variance: 0.00000

Train Epoch: 47 
task: majority, mean loss: 1.48390, accuracy: 0.45667, task: max, mean loss: 1.11272, accuracy: 0.57167, task: top, mean loss: 1.61302, accuracy: 0.43167, task: multi, mean loss: 0.52245, multilabel_accuracy: 0.00500, avg. loss over tasks: 1.18302, lr: 0.0006381808592305911
Diversity Loss - Mean: 0.00000, Variance: 0.00000
Semantic Loss - Mean: 0.00000, Variance: 0.00000

Test Epoch: 47 
task: majority, mean loss: 2.78871, accuracy: 0.18000, task: max, mean loss: 2.36323, accuracy: 0.26800, task: top, mean loss: 2.85446, accuracy: 0.16400, task: multi, mean loss: 0.61524, multilabel_accuracy: 0.00400, avg. loss over tasks: 2.15541
Diversity Loss - Mean: 0.00000, Variance: 0.00000
Semantic Loss - Mean: 0.00000, Variance: 0.00000

Train Epoch: 48 
task: majority, mean loss: 1.45903, accuracy: 0.46167, task: max, mean loss: 1.09378, accuracy: 0.58833, task: top, mean loss: 1.57428, accuracy: 0.44167, task: multi, mean loss: 0.51789, multilabel_accuracy: 0.00333, avg. loss over tasks: 1.16125, lr: 0.0006213399868520341
Diversity Loss - Mean: 0.00000, Variance: 0.00000
Semantic Loss - Mean: 0.00000, Variance: 0.00000

Test Epoch: 48 
task: majority, mean loss: 2.53357, accuracy: 0.24500, task: max, mean loss: 1.98111, accuracy: 0.32200, task: top, mean loss: 2.67091, accuracy: 0.21300, task: multi, mean loss: 0.57279, multilabel_accuracy: 0.00500, avg. loss over tasks: 1.93959
Diversity Loss - Mean: 0.00000, Variance: 0.00000
Semantic Loss - Mean: 0.00000, Variance: 0.00000

Train Epoch: 49 
task: majority, mean loss: 1.38000, accuracy: 0.49333, task: max, mean loss: 1.08235, accuracy: 0.57000, task: top, mean loss: 1.53801, accuracy: 0.49500, task: multi, mean loss: 0.51120, multilabel_accuracy: 0.01000, avg. loss over tasks: 1.12789, lr: 0.0006043518895634708
Diversity Loss - Mean: 0.00000, Variance: 0.00000
Semantic Loss - Mean: 0.00000, Variance: 0.00000

Test Epoch: 49 
task: majority, mean loss: 2.43731, accuracy: 0.24700, task: max, mean loss: 2.68561, accuracy: 0.33200, task: top, mean loss: 2.50040, accuracy: 0.20100, task: multi, mean loss: 0.62448, multilabel_accuracy: 0.00100, avg. loss over tasks: 2.06195
Diversity Loss - Mean: 0.00000, Variance: 0.00000
Semantic Loss - Mean: 0.00000, Variance: 0.00000

Train Epoch: 50 
task: majority, mean loss: 1.33346, accuracy: 0.52000, task: max, mean loss: 0.99674, accuracy: 0.62667, task: top, mean loss: 1.49202, accuracy: 0.47000, task: multi, mean loss: 0.50841, multilabel_accuracy: 0.00667, avg. loss over tasks: 1.08266, lr: 0.0005872372647446318
Diversity Loss - Mean: 0.00000, Variance: 0.00000
Semantic Loss - Mean: 0.00000, Variance: 0.00000

Test Epoch: 50 
task: majority, mean loss: 2.92054, accuracy: 0.18000, task: max, mean loss: 2.12152, accuracy: 0.28900, task: top, mean loss: 2.81128, accuracy: 0.17300, task: multi, mean loss: 0.60165, multilabel_accuracy: 0.00100, avg. loss over tasks: 2.11375
Diversity Loss - Mean: 0.00000, Variance: 0.00000
Semantic Loss - Mean: 0.00000, Variance: 0.00000

Train Epoch: 51 
task: majority, mean loss: 1.22212, accuracy: 0.58500, task: max, mean loss: 0.99362, accuracy: 0.63667, task: top, mean loss: 1.35988, accuracy: 0.53500, task: multi, mean loss: 0.50089, multilabel_accuracy: 0.01000, avg. loss over tasks: 1.01913, lr: 0.0005700169639295527
Diversity Loss - Mean: 0.00000, Variance: 0.00000
Semantic Loss - Mean: 0.00000, Variance: 0.00000

Test Epoch: 51 
task: majority, mean loss: 2.45447, accuracy: 0.29300, task: max, mean loss: 1.99083, accuracy: 0.36100, task: top, mean loss: 2.49693, accuracy: 0.25700, task: multi, mean loss: 0.56983, multilabel_accuracy: 0.00600, avg. loss over tasks: 1.87802
Diversity Loss - Mean: 0.00000, Variance: 0.00000
Semantic Loss - Mean: 0.00000, Variance: 0.00000

Train Epoch: 52 
task: majority, mean loss: 1.18364, accuracy: 0.57833, task: max, mean loss: 0.98081, accuracy: 0.62333, task: top, mean loss: 1.34920, accuracy: 0.53333, task: multi, mean loss: 0.49237, multilabel_accuracy: 0.00833, avg. loss over tasks: 1.00150, lr: 0.0005527119674021931
Diversity Loss - Mean: 0.00000, Variance: 0.00000
Semantic Loss - Mean: 0.00000, Variance: 0.00000

Test Epoch: 52 
task: majority, mean loss: 2.70376, accuracy: 0.24400, task: max, mean loss: 2.09220, accuracy: 0.34000, task: top, mean loss: 2.70159, accuracy: 0.21300, task: multi, mean loss: 0.58446, multilabel_accuracy: 0.00800, avg. loss over tasks: 2.02050
Diversity Loss - Mean: 0.00000, Variance: 0.00000
Semantic Loss - Mean: 0.00000, Variance: 0.00000

Train Epoch: 53 
task: majority, mean loss: 1.23003, accuracy: 0.55667, task: max, mean loss: 0.94816, accuracy: 0.63833, task: top, mean loss: 1.38187, accuracy: 0.51500, task: multi, mean loss: 0.49343, multilabel_accuracy: 0.01167, avg. loss over tasks: 1.01337, lr: 0.0005353433586351906
Diversity Loss - Mean: 0.00000, Variance: 0.00000
Semantic Loss - Mean: 0.00000, Variance: 0.00000

Test Epoch: 53 
task: majority, mean loss: 2.44402, accuracy: 0.30400, task: max, mean loss: 1.98991, accuracy: 0.38900, task: top, mean loss: 2.54021, accuracy: 0.25100, task: multi, mean loss: 0.56353, multilabel_accuracy: 0.00600, avg. loss over tasks: 1.88442
Diversity Loss - Mean: 0.00000, Variance: 0.00000
Semantic Loss - Mean: 0.00000, Variance: 0.00000

Train Epoch: 54 
task: majority, mean loss: 1.11318, accuracy: 0.62000, task: max, mean loss: 0.91405, accuracy: 0.64167, task: top, mean loss: 1.25319, accuracy: 0.57833, task: multi, mean loss: 0.48925, multilabel_accuracy: 0.01500, avg. loss over tasks: 0.94242, lr: 0.0005179322986028992
Diversity Loss - Mean: 0.00000, Variance: 0.00000
Semantic Loss - Mean: 0.00000, Variance: 0.00000

Test Epoch: 54 
task: majority, mean loss: 2.90724, accuracy: 0.23400, task: max, mean loss: 2.18209, accuracy: 0.32700, task: top, mean loss: 2.96815, accuracy: 0.19600, task: multi, mean loss: 0.59444, multilabel_accuracy: 0.00800, avg. loss over tasks: 2.16298
Diversity Loss - Mean: 0.00000, Variance: 0.00000
Semantic Loss - Mean: 0.00000, Variance: 0.00000

Train Epoch: 55 
task: majority, mean loss: 1.06627, accuracy: 0.62667, task: max, mean loss: 0.87039, accuracy: 0.66833, task: top, mean loss: 1.22008, accuracy: 0.60667, task: multi, mean loss: 0.48106, multilabel_accuracy: 0.01500, avg. loss over tasks: 0.90945, lr: 0.0005005
Diversity Loss - Mean: 0.00000, Variance: 0.00000
Semantic Loss - Mean: 0.00000, Variance: 0.00000

Test Epoch: 55 
task: majority, mean loss: 2.63252, accuracy: 0.29100, task: max, mean loss: 2.04157, accuracy: 0.38200, task: top, mean loss: 2.57779, accuracy: 0.25500, task: multi, mean loss: 0.57102, multilabel_accuracy: 0.00400, avg. loss over tasks: 1.95572
Diversity Loss - Mean: 0.00000, Variance: 0.00000
Semantic Loss - Mean: 0.00000, Variance: 0.00000

Train Epoch: 56 
task: majority, mean loss: 1.01005, accuracy: 0.65000, task: max, mean loss: 0.85076, accuracy: 0.67167, task: top, mean loss: 1.16754, accuracy: 0.60000, task: multi, mean loss: 0.47835, multilabel_accuracy: 0.01833, avg. loss over tasks: 0.87668, lr: 0.00048306770139710083
Diversity Loss - Mean: 0.00000, Variance: 0.00000
Semantic Loss - Mean: 0.00000, Variance: 0.00000

Test Epoch: 56 
task: majority, mean loss: 2.61674, accuracy: 0.30300, task: max, mean loss: 2.38371, accuracy: 0.36700, task: top, mean loss: 2.75868, accuracy: 0.24200, task: multi, mean loss: 0.59929, multilabel_accuracy: 0.00500, avg. loss over tasks: 2.08960
Diversity Loss - Mean: 0.00000, Variance: 0.00000
Semantic Loss - Mean: 0.00000, Variance: 0.00000

Train Epoch: 57 
task: majority, mean loss: 0.93025, accuracy: 0.67000, task: max, mean loss: 0.83462, accuracy: 0.70000, task: top, mean loss: 1.13054, accuracy: 0.61167, task: multi, mean loss: 0.47449, multilabel_accuracy: 0.02167, avg. loss over tasks: 0.84247, lr: 0.0004656566413648095
Diversity Loss - Mean: 0.00000, Variance: 0.00000
Semantic Loss - Mean: 0.00000, Variance: 0.00000

Test Epoch: 57 
task: majority, mean loss: 2.82543, accuracy: 0.24300, task: max, mean loss: 2.75323, accuracy: 0.34900, task: top, mean loss: 2.87912, accuracy: 0.20300, task: multi, mean loss: 0.65546, multilabel_accuracy: 0.00100, avg. loss over tasks: 2.27831
Diversity Loss - Mean: 0.00000, Variance: 0.00000
Semantic Loss - Mean: 0.00000, Variance: 0.00000

Train Epoch: 58 
task: majority, mean loss: 0.93001, accuracy: 0.67833, task: max, mean loss: 0.77661, accuracy: 0.71333, task: top, mean loss: 1.11202, accuracy: 0.60167, task: multi, mean loss: 0.46979, multilabel_accuracy: 0.02333, avg. loss over tasks: 0.82211, lr: 0.0004482880325978072
Diversity Loss - Mean: 0.00000, Variance: 0.00000
Semantic Loss - Mean: 0.00000, Variance: 0.00000

Test Epoch: 58 
task: majority, mean loss: 2.90065, accuracy: 0.23500, task: max, mean loss: 2.16566, accuracy: 0.37400, task: top, mean loss: 3.00293, accuracy: 0.21600, task: multi, mean loss: 0.58800, multilabel_accuracy: 0.00600, avg. loss over tasks: 2.16431
Diversity Loss - Mean: 0.00000, Variance: 0.00000
Semantic Loss - Mean: 0.00000, Variance: 0.00000

Train Epoch: 59 
task: majority, mean loss: 0.90334, accuracy: 0.65667, task: max, mean loss: 0.76157, accuracy: 0.71500, task: top, mean loss: 1.02658, accuracy: 0.62833, task: multi, mean loss: 0.46859, multilabel_accuracy: 0.02667, avg. loss over tasks: 0.79002, lr: 0.0004309830360704472
Diversity Loss - Mean: 0.00000, Variance: 0.00000
Semantic Loss - Mean: 0.00000, Variance: 0.00000

Test Epoch: 59 
task: majority, mean loss: 2.83906, accuracy: 0.29700, task: max, mean loss: 2.43165, accuracy: 0.37600, task: top, mean loss: 2.79239, accuracy: 0.26200, task: multi, mean loss: 0.59979, multilabel_accuracy: 0.00400, avg. loss over tasks: 2.16572
Diversity Loss - Mean: 0.00000, Variance: 0.00000
Semantic Loss - Mean: 0.00000, Variance: 0.00000

Train Epoch: 60 
task: majority, mean loss: 0.85338, accuracy: 0.69833, task: max, mean loss: 0.72628, accuracy: 0.73333, task: top, mean loss: 0.93199, accuracy: 0.69333, task: multi, mean loss: 0.46063, multilabel_accuracy: 0.02333, avg. loss over tasks: 0.74307, lr: 0.00041376273525536834
Diversity Loss - Mean: 0.00000, Variance: 0.00000
Semantic Loss - Mean: 0.00000, Variance: 0.00000

Test Epoch: 60 
task: majority, mean loss: 2.76580, accuracy: 0.30800, task: max, mean loss: 2.23330, accuracy: 0.39500, task: top, mean loss: 2.82462, accuracy: 0.26300, task: multi, mean loss: 0.57963, multilabel_accuracy: 0.00900, avg. loss over tasks: 2.10084
Diversity Loss - Mean: 0.00000, Variance: 0.00000
Semantic Loss - Mean: 0.00000, Variance: 0.00000

Train Epoch: 61 
task: majority, mean loss: 0.75321, accuracy: 0.73833, task: max, mean loss: 0.73089, accuracy: 0.73500, task: top, mean loss: 0.88191, accuracy: 0.70167, task: multi, mean loss: 0.46029, multilabel_accuracy: 0.03000, avg. loss over tasks: 0.70657, lr: 0.00039664811043652916
Diversity Loss - Mean: 0.00000, Variance: 0.00000
Semantic Loss - Mean: 0.00000, Variance: 0.00000

Test Epoch: 61 
task: majority, mean loss: 2.82416, accuracy: 0.32000, task: max, mean loss: 2.28399, accuracy: 0.38400, task: top, mean loss: 2.98435, accuracy: 0.28000, task: multi, mean loss: 0.58506, multilabel_accuracy: 0.01100, avg. loss over tasks: 2.16939
Diversity Loss - Mean: 0.00000, Variance: 0.00000
Semantic Loss - Mean: 0.00000, Variance: 0.00000

Train Epoch: 62 
task: majority, mean loss: 0.80597, accuracy: 0.72000, task: max, mean loss: 0.71246, accuracy: 0.73500, task: top, mean loss: 0.94247, accuracy: 0.67667, task: multi, mean loss: 0.46093, multilabel_accuracy: 0.02333, avg. loss over tasks: 0.73046, lr: 0.00037966001314796604
Diversity Loss - Mean: 0.00000, Variance: 0.00000
Semantic Loss - Mean: 0.00000, Variance: 0.00000

Test Epoch: 62 
task: majority, mean loss: 3.05599, accuracy: 0.27400, task: max, mean loss: 2.40744, accuracy: 0.34100, task: top, mean loss: 3.07152, accuracy: 0.23300, task: multi, mean loss: 0.60401, multilabel_accuracy: 0.01000, avg. loss over tasks: 2.28474
Diversity Loss - Mean: 0.00000, Variance: 0.00000
Semantic Loss - Mean: 0.00000, Variance: 0.00000

Train Epoch: 63 
task: majority, mean loss: 0.68950, accuracy: 0.75167, task: max, mean loss: 0.67520, accuracy: 0.75500, task: top, mean loss: 0.81323, accuracy: 0.70500, task: multi, mean loss: 0.45440, multilabel_accuracy: 0.02667, avg. loss over tasks: 0.65809, lr: 0.00036281914076940894
Diversity Loss - Mean: 0.00000, Variance: 0.00000
Semantic Loss - Mean: 0.00000, Variance: 0.00000

Test Epoch: 63 
task: majority, mean loss: 3.03264, accuracy: 0.27000, task: max, mean loss: 2.39014, accuracy: 0.32500, task: top, mean loss: 3.27557, accuracy: 0.22500, task: multi, mean loss: 0.60108, multilabel_accuracy: 0.01200, avg. loss over tasks: 2.32486
Diversity Loss - Mean: 0.00000, Variance: 0.00000
Semantic Loss - Mean: 0.00000, Variance: 0.00000

Train Epoch: 64 
task: majority, mean loss: 0.69883, accuracy: 0.76000, task: max, mean loss: 0.64205, accuracy: 0.76167, task: top, mean loss: 0.82547, accuracy: 0.71833, task: multi, mean loss: 0.45159, multilabel_accuracy: 0.02833, avg. loss over tasks: 0.65449, lr: 0.0003461460113097137
Diversity Loss - Mean: 0.00000, Variance: 0.00000
Semantic Loss - Mean: 0.00000, Variance: 0.00000

Test Epoch: 64 
task: majority, mean loss: 3.41223, accuracy: 0.29000, task: max, mean loss: 2.81974, accuracy: 0.33200, task: top, mean loss: 3.14447, accuracy: 0.26700, task: multi, mean loss: 0.64094, multilabel_accuracy: 0.00600, avg. loss over tasks: 2.50434
Diversity Loss - Mean: 0.00000, Variance: 0.00000
Semantic Loss - Mean: 0.00000, Variance: 0.00000

Train Epoch: 65 
task: majority, mean loss: 0.61632, accuracy: 0.78167, task: max, mean loss: 0.60092, accuracy: 0.80833, task: top, mean loss: 0.77987, accuracy: 0.73833, task: multi, mean loss: 0.44697, multilabel_accuracy: 0.03500, avg. loss over tasks: 0.61102, lr: 0.0003296609384088285
Diversity Loss - Mean: 0.00000, Variance: 0.00000
Semantic Loss - Mean: 0.00000, Variance: 0.00000

Test Epoch: 65 
task: majority, mean loss: 2.91477, accuracy: 0.28700, task: max, mean loss: 2.39343, accuracy: 0.37300, task: top, mean loss: 2.98861, accuracy: 0.26800, task: multi, mean loss: 0.58671, multilabel_accuracy: 0.01100, avg. loss over tasks: 2.22088
Diversity Loss - Mean: 0.00000, Variance: 0.00000
Semantic Loss - Mean: 0.00000, Variance: 0.00000

Train Epoch: 66 
task: majority, mean loss: 0.58868, accuracy: 0.79500, task: max, mean loss: 0.55530, accuracy: 0.80333, task: top, mean loss: 0.75873, accuracy: 0.75333, task: multi, mean loss: 0.43705, multilabel_accuracy: 0.03500, avg. loss over tasks: 0.58494, lr: 0.00031338400658875194
Diversity Loss - Mean: 0.00000, Variance: 0.00000
Semantic Loss - Mean: 0.00000, Variance: 0.00000

Test Epoch: 66 
task: majority, mean loss: 3.12659, accuracy: 0.31400, task: max, mean loss: 2.44637, accuracy: 0.36200, task: top, mean loss: 3.08155, accuracy: 0.26800, task: multi, mean loss: 0.60324, multilabel_accuracy: 0.01100, avg. loss over tasks: 2.31444
Diversity Loss - Mean: 0.00000, Variance: 0.00000
Semantic Loss - Mean: 0.00000, Variance: 0.00000

Train Epoch: 67 
task: majority, mean loss: 0.56672, accuracy: 0.82333, task: max, mean loss: 0.55345, accuracy: 0.79833, task: top, mean loss: 0.71088, accuracy: 0.75833, task: multi, mean loss: 0.44062, multilabel_accuracy: 0.03667, avg. loss over tasks: 0.56792, lr: 0.00029733504678363786
Diversity Loss - Mean: 0.00000, Variance: 0.00000
Semantic Loss - Mean: 0.00000, Variance: 0.00000

Test Epoch: 67 
task: majority, mean loss: 3.39063, accuracy: 0.25000, task: max, mean loss: 2.64117, accuracy: 0.30600, task: top, mean loss: 3.49533, accuracy: 0.22100, task: multi, mean loss: 0.62310, multilabel_accuracy: 0.01000, avg. loss over tasks: 2.53756
Diversity Loss - Mean: 0.00000, Variance: 0.00000
Semantic Loss - Mean: 0.00000, Variance: 0.00000

Train Epoch: 68 
task: majority, mean loss: 0.53954, accuracy: 0.83833, task: max, mean loss: 0.50862, accuracy: 0.83167, task: top, mean loss: 0.69394, accuracy: 0.77333, task: multi, mean loss: 0.43328, multilabel_accuracy: 0.04333, avg. loss over tasks: 0.54384, lr: 0.00028153361217885594
Diversity Loss - Mean: 0.00000, Variance: 0.00000
Semantic Loss - Mean: 0.00000, Variance: 0.00000

Test Epoch: 68 
task: majority, mean loss: 3.12120, accuracy: 0.30400, task: max, mean loss: 2.53093, accuracy: 0.36300, task: top, mean loss: 3.20514, accuracy: 0.24900, task: multi, mean loss: 0.59821, multilabel_accuracy: 0.00800, avg. loss over tasks: 2.36387
Diversity Loss - Mean: 0.00000, Variance: 0.00000
Semantic Loss - Mean: 0.00000, Variance: 0.00000

Train Epoch: 69 
task: majority, mean loss: 0.45565, accuracy: 0.85500, task: max, mean loss: 0.49061, accuracy: 0.83333, task: top, mean loss: 0.66715, accuracy: 0.78833, task: multi, mean loss: 0.43193, multilabel_accuracy: 0.04000, avg. loss over tasks: 0.51133, lr: 0.0002659989543884475
Diversity Loss - Mean: 0.00000, Variance: 0.00000
Semantic Loss - Mean: 0.00000, Variance: 0.00000

Test Epoch: 69 
task: majority, mean loss: 3.16150, accuracy: 0.30500, task: max, mean loss: 2.55250, accuracy: 0.39100, task: top, mean loss: 3.19079, accuracy: 0.27100, task: multi, mean loss: 0.59897, multilabel_accuracy: 0.00900, avg. loss over tasks: 2.37594
Diversity Loss - Mean: 0.00000, Variance: 0.00000
Semantic Loss - Mean: 0.00000, Variance: 0.00000

Train Epoch: 70 
task: majority, mean loss: 0.43878, accuracy: 0.86333, task: max, mean loss: 0.52306, accuracy: 0.81833, task: top, mean loss: 0.61553, accuracy: 0.81833, task: multi, mean loss: 0.43290, multilabel_accuracy: 0.05000, avg. loss over tasks: 0.50257, lr: 0.0002507499999999999
Diversity Loss - Mean: 0.00000, Variance: 0.00000
Semantic Loss - Mean: 0.00000, Variance: 0.00000

Test Epoch: 70 
task: majority, mean loss: 3.30261, accuracy: 0.28100, task: max, mean loss: 2.61226, accuracy: 0.35000, task: top, mean loss: 3.35457, accuracy: 0.23800, task: multi, mean loss: 0.61136, multilabel_accuracy: 0.01000, avg. loss over tasks: 2.47020
Diversity Loss - Mean: 0.00000, Variance: 0.00000
Semantic Loss - Mean: 0.00000, Variance: 0.00000

Train Epoch: 71 
task: majority, mean loss: 0.44746, accuracy: 0.84833, task: max, mean loss: 0.47072, accuracy: 0.84667, task: top, mean loss: 0.62847, accuracy: 0.80667, task: multi, mean loss: 0.42323, multilabel_accuracy: 0.05000, avg. loss over tasks: 0.49247, lr: 0.0002358053275155142
Diversity Loss - Mean: 0.00000, Variance: 0.00000
Semantic Loss - Mean: 0.00000, Variance: 0.00000

Test Epoch: 71 
task: majority, mean loss: 3.20220, accuracy: 0.29300, task: max, mean loss: 2.60682, accuracy: 0.35700, task: top, mean loss: 3.23591, accuracy: 0.25400, task: multi, mean loss: 0.60652, multilabel_accuracy: 0.00900, avg. loss over tasks: 2.41286
Diversity Loss - Mean: 0.00000, Variance: 0.00000
Semantic Loss - Mean: 0.00000, Variance: 0.00000

Train Epoch: 72 
task: majority, mean loss: 0.40152, accuracy: 0.87333, task: max, mean loss: 0.44607, accuracy: 0.85167, task: top, mean loss: 0.56709, accuracy: 0.82333, task: multi, mean loss: 0.42257, multilabel_accuracy: 0.05667, avg. loss over tasks: 0.45931, lr: 0.00022118314471636204
Diversity Loss - Mean: 0.00000, Variance: 0.00000
Semantic Loss - Mean: 0.00000, Variance: 0.00000

Test Epoch: 72 
task: majority, mean loss: 3.29279, accuracy: 0.28100, task: max, mean loss: 2.76111, accuracy: 0.36000, task: top, mean loss: 3.38364, accuracy: 0.25700, task: multi, mean loss: 0.61584, multilabel_accuracy: 0.00900, avg. loss over tasks: 2.51335
Diversity Loss - Mean: 0.00000, Variance: 0.00000
Semantic Loss - Mean: 0.00000, Variance: 0.00000

Train Epoch: 73 
task: majority, mean loss: 0.36702, accuracy: 0.89333, task: max, mean loss: 0.39124, accuracy: 0.88667, task: top, mean loss: 0.53052, accuracy: 0.83833, task: multi, mean loss: 0.42229, multilabel_accuracy: 0.05833, avg. loss over tasks: 0.42777, lr: 0.00020690126647990973
Diversity Loss - Mean: 0.00000, Variance: 0.00000
Semantic Loss - Mean: 0.00000, Variance: 0.00000

Test Epoch: 73 
task: majority, mean loss: 3.22830, accuracy: 0.28800, task: max, mean loss: 2.67765, accuracy: 0.38000, task: top, mean loss: 3.29757, accuracy: 0.27300, task: multi, mean loss: 0.60760, multilabel_accuracy: 0.00900, avg. loss over tasks: 2.45278
Diversity Loss - Mean: 0.00000, Variance: 0.00000
Semantic Loss - Mean: 0.00000, Variance: 0.00000

Train Epoch: 74 
task: majority, mean loss: 0.34383, accuracy: 0.89667, task: max, mean loss: 0.37605, accuracy: 0.89500, task: top, mean loss: 0.54124, accuracy: 0.81833, task: multi, mean loss: 0.42003, multilabel_accuracy: 0.05167, avg. loss over tasks: 0.42029, lr: 0.00019297709307483367
Diversity Loss - Mean: 0.00000, Variance: 0.00000
Semantic Loss - Mean: 0.00000, Variance: 0.00000

Test Epoch: 74 
task: majority, mean loss: 3.24623, accuracy: 0.31400, task: max, mean loss: 2.66789, accuracy: 0.39100, task: top, mean loss: 3.30982, accuracy: 0.27400, task: multi, mean loss: 0.60339, multilabel_accuracy: 0.01300, avg. loss over tasks: 2.45683
Diversity Loss - Mean: 0.00000, Variance: 0.00000
Semantic Loss - Mean: 0.00000, Variance: 0.00000

Train Epoch: 75 
task: majority, mean loss: 0.35133, accuracy: 0.89333, task: max, mean loss: 0.38107, accuracy: 0.88333, task: top, mean loss: 0.53070, accuracy: 0.83833, task: multi, mean loss: 0.41577, multilabel_accuracy: 0.06333, avg. loss over tasks: 0.41972, lr: 0.0001794275889615736
Diversity Loss - Mean: 0.00000, Variance: 0.00000
Semantic Loss - Mean: 0.00000, Variance: 0.00000

Test Epoch: 75 
task: majority, mean loss: 3.30510, accuracy: 0.29700, task: max, mean loss: 3.01569, accuracy: 0.38600, task: top, mean loss: 3.32595, accuracy: 0.26300, task: multi, mean loss: 0.62974, multilabel_accuracy: 0.01200, avg. loss over tasks: 2.56912
Diversity Loss - Mean: 0.00000, Variance: 0.00000
Semantic Loss - Mean: 0.00000, Variance: 0.00000

Train Epoch: 76 
task: majority, mean loss: 0.32997, accuracy: 0.90667, task: max, mean loss: 0.36465, accuracy: 0.89000, task: top, mean loss: 0.49034, accuracy: 0.86000, task: multi, mean loss: 0.42128, multilabel_accuracy: 0.06333, avg. loss over tasks: 0.40156, lr: 0.0001662692621237503
Diversity Loss - Mean: 0.00000, Variance: 0.00000
Semantic Loss - Mean: 0.00000, Variance: 0.00000

Test Epoch: 76 
task: majority, mean loss: 3.42830, accuracy: 0.28900, task: max, mean loss: 2.69550, accuracy: 0.37300, task: top, mean loss: 3.42483, accuracy: 0.26100, task: multi, mean loss: 0.60993, multilabel_accuracy: 0.01500, avg. loss over tasks: 2.53964
Diversity Loss - Mean: 0.00000, Variance: 0.00000
Semantic Loss - Mean: 0.00000, Variance: 0.00000

Train Epoch: 77 
task: majority, mean loss: 0.29352, accuracy: 0.91500, task: max, mean loss: 0.31880, accuracy: 0.92000, task: top, mean loss: 0.43172, accuracy: 0.87000, task: multi, mean loss: 0.41698, multilabel_accuracy: 0.05500, avg. loss over tasks: 0.36526, lr: 0.00015351814395573083
Diversity Loss - Mean: 0.00000, Variance: 0.00000
Semantic Loss - Mean: 0.00000, Variance: 0.00000

Test Epoch: 77 
task: majority, mean loss: 3.45098, accuracy: 0.28300, task: max, mean loss: 2.81405, accuracy: 0.37200, task: top, mean loss: 3.43175, accuracy: 0.26900, task: multi, mean loss: 0.61491, multilabel_accuracy: 0.01300, avg. loss over tasks: 2.57792
Diversity Loss - Mean: 0.00000, Variance: 0.00000
Semantic Loss - Mean: 0.00000, Variance: 0.00000

Train Epoch: 78 
task: majority, mean loss: 0.28073, accuracy: 0.93000, task: max, mean loss: 0.31625, accuracy: 0.90333, task: top, mean loss: 0.41050, accuracy: 0.88000, task: multi, mean loss: 0.40751, multilabel_accuracy: 0.06500, avg. loss over tasks: 0.35375, lr: 0.00014118976973084385
Diversity Loss - Mean: 0.00000, Variance: 0.00000
Semantic Loss - Mean: 0.00000, Variance: 0.00000

Test Epoch: 78 
task: majority, mean loss: 3.44189, accuracy: 0.28900, task: max, mean loss: 2.82783, accuracy: 0.37900, task: top, mean loss: 3.47564, accuracy: 0.26300, task: multi, mean loss: 0.61665, multilabel_accuracy: 0.01100, avg. loss over tasks: 2.59050
Diversity Loss - Mean: 0.00000, Variance: 0.00000
Semantic Loss - Mean: 0.00000, Variance: 0.00000

Train Epoch: 79 
task: majority, mean loss: 0.26775, accuracy: 0.92500, task: max, mean loss: 0.30810, accuracy: 0.91333, task: top, mean loss: 0.42651, accuracy: 0.88333, task: multi, mean loss: 0.40669, multilabel_accuracy: 0.07667, avg. loss over tasks: 0.35226, lr: 0.00012929915967404152
Diversity Loss - Mean: 0.00000, Variance: 0.00000
Semantic Loss - Mean: 0.00000, Variance: 0.00000

Test Epoch: 79 
task: majority, mean loss: 3.39703, accuracy: 0.30000, task: max, mean loss: 2.87173, accuracy: 0.38100, task: top, mean loss: 3.45769, accuracy: 0.28100, task: multi, mean loss: 0.61621, multilabel_accuracy: 0.01100, avg. loss over tasks: 2.58566
Diversity Loss - Mean: 0.00000, Variance: 0.00000
Semantic Loss - Mean: 0.00000, Variance: 0.00000

Train Epoch: 80 
task: majority, mean loss: 0.23773, accuracy: 0.94667, task: max, mean loss: 0.31745, accuracy: 0.90167, task: top, mean loss: 0.41730, accuracy: 0.87667, task: multi, mean loss: 0.40479, multilabel_accuracy: 0.07667, avg. loss over tasks: 0.34432, lr: 0.00011786080066207054
Diversity Loss - Mean: 0.00000, Variance: 0.00000
Semantic Loss - Mean: 0.00000, Variance: 0.00000

Test Epoch: 80 
task: majority, mean loss: 3.43583, accuracy: 0.29300, task: max, mean loss: 2.86367, accuracy: 0.37900, task: top, mean loss: 3.45349, accuracy: 0.26900, task: multi, mean loss: 0.61463, multilabel_accuracy: 0.01100, avg. loss over tasks: 2.59191
Diversity Loss - Mean: 0.00000, Variance: 0.00000
Semantic Loss - Mean: 0.00000, Variance: 0.00000

Train Epoch: 81 
task: majority, mean loss: 0.24222, accuracy: 0.93500, task: max, mean loss: 0.29356, accuracy: 0.92833, task: top, mean loss: 0.38157, accuracy: 0.89667, task: multi, mean loss: 0.40708, multilabel_accuracy: 0.07000, avg. loss over tasks: 0.33111, lr: 0.00010688862857344241
Diversity Loss - Mean: 0.00000, Variance: 0.00000
Semantic Loss - Mean: 0.00000, Variance: 0.00000

Test Epoch: 81 
task: majority, mean loss: 3.46179, accuracy: 0.30600, task: max, mean loss: 2.83805, accuracy: 0.38000, task: top, mean loss: 3.49419, accuracy: 0.27800, task: multi, mean loss: 0.61865, multilabel_accuracy: 0.01300, avg. loss over tasks: 2.60317
Diversity Loss - Mean: 0.00000, Variance: 0.00000
Semantic Loss - Mean: 0.00000, Variance: 0.00000

Train Epoch: 82 
task: majority, mean loss: 0.22004, accuracy: 0.94167, task: max, mean loss: 0.28127, accuracy: 0.91500, task: top, mean loss: 0.37993, accuracy: 0.89500, task: multi, mean loss: 0.40038, multilabel_accuracy: 0.08000, avg. loss over tasks: 0.32040, lr: 9.63960113097138e-05
Diversity Loss - Mean: 0.00000, Variance: 0.00000
Semantic Loss - Mean: 0.00000, Variance: 0.00000

Test Epoch: 82 
task: majority, mean loss: 3.47855, accuracy: 0.29800, task: max, mean loss: 2.89109, accuracy: 0.37500, task: top, mean loss: 3.50251, accuracy: 0.27000, task: multi, mean loss: 0.61839, multilabel_accuracy: 0.00900, avg. loss over tasks: 2.62264
Diversity Loss - Mean: 0.00000, Variance: 0.00000
Semantic Loss - Mean: 0.00000, Variance: 0.00000

Train Epoch: 83 
task: majority, mean loss: 0.22585, accuracy: 0.94000, task: max, mean loss: 0.27461, accuracy: 0.92500, task: top, mean loss: 0.32593, accuracy: 0.91333, task: multi, mean loss: 0.40436, multilabel_accuracy: 0.08833, avg. loss over tasks: 0.30769, lr: 8.639573250875671e-05
Diversity Loss - Mean: 0.00000, Variance: 0.00000
Semantic Loss - Mean: 0.00000, Variance: 0.00000

Test Epoch: 83 
task: majority, mean loss: 3.49196, accuracy: 0.30600, task: max, mean loss: 2.89658, accuracy: 0.37200, task: top, mean loss: 3.53449, accuracy: 0.26800, task: multi, mean loss: 0.61874, multilabel_accuracy: 0.01300, avg. loss over tasks: 2.63544
Diversity Loss - Mean: 0.00000, Variance: 0.00000
Semantic Loss - Mean: 0.00000, Variance: 0.00000

Train Epoch: 84 
task: majority, mean loss: 0.21806, accuracy: 0.94167, task: max, mean loss: 0.25149, accuracy: 0.93333, task: top, mean loss: 0.32957, accuracy: 0.91500, task: multi, mean loss: 0.39928, multilabel_accuracy: 0.08333, avg. loss over tasks: 0.29960, lr: 7.689997596986524e-05
Diversity Loss - Mean: 0.00000, Variance: 0.00000
Semantic Loss - Mean: 0.00000, Variance: 0.00000

Test Epoch: 84 
task: majority, mean loss: 3.49346, accuracy: 0.30800, task: max, mean loss: 2.94402, accuracy: 0.37100, task: top, mean loss: 3.57032, accuracy: 0.27000, task: multi, mean loss: 0.62207, multilabel_accuracy: 0.01300, avg. loss over tasks: 2.65747
Diversity Loss - Mean: 0.00000, Variance: 0.00000
Semantic Loss - Mean: 0.00000, Variance: 0.00000

Train Epoch: 85 
task: majority, mean loss: 0.22148, accuracy: 0.94500, task: max, mean loss: 0.23877, accuracy: 0.93167, task: top, mean loss: 0.33710, accuracy: 0.91500, task: multi, mean loss: 0.39790, multilabel_accuracy: 0.07500, avg. loss over tasks: 0.29882, lr: 6.792031080967298e-05
Diversity Loss - Mean: 0.00000, Variance: 0.00000
Semantic Loss - Mean: 0.00000, Variance: 0.00000

Test Epoch: 85 
task: majority, mean loss: 3.54295, accuracy: 0.29900, task: max, mean loss: 3.00792, accuracy: 0.37000, task: top, mean loss: 3.59811, accuracy: 0.27000, task: multi, mean loss: 0.62258, multilabel_accuracy: 0.01000, avg. loss over tasks: 2.69289
Diversity Loss - Mean: 0.00000, Variance: 0.00000
Semantic Loss - Mean: 0.00000, Variance: 0.00000

Train Epoch: 86 
task: majority, mean loss: 0.22239, accuracy: 0.93833, task: max, mean loss: 0.24544, accuracy: 0.93333, task: top, mean loss: 0.34291, accuracy: 0.90000, task: multi, mean loss: 0.39957, multilabel_accuracy: 0.08000, avg. loss over tasks: 0.30258, lr: 5.946767736696608e-05
Diversity Loss - Mean: 0.00000, Variance: 0.00000
Semantic Loss - Mean: 0.00000, Variance: 0.00000

Test Epoch: 86 
task: majority, mean loss: 3.56396, accuracy: 0.28900, task: max, mean loss: 3.05122, accuracy: 0.36200, task: top, mean loss: 3.60874, accuracy: 0.26600, task: multi, mean loss: 0.62628, multilabel_accuracy: 0.01200, avg. loss over tasks: 2.71255
Diversity Loss - Mean: 0.00000, Variance: 0.00000
Semantic Loss - Mean: 0.00000, Variance: 0.00000

Train Epoch: 87 
task: majority, mean loss: 0.22934, accuracy: 0.94500, task: max, mean loss: 0.25627, accuracy: 0.92667, task: top, mean loss: 0.32334, accuracy: 0.92833, task: multi, mean loss: 0.39746, multilabel_accuracy: 0.08500, avg. loss over tasks: 0.30160, lr: 5.155237387356607e-05
Diversity Loss - Mean: 0.00000, Variance: 0.00000
Semantic Loss - Mean: 0.00000, Variance: 0.00000

Test Epoch: 87 
task: majority, mean loss: 3.50418, accuracy: 0.30200, task: max, mean loss: 2.96778, accuracy: 0.38100, task: top, mean loss: 3.57859, accuracy: 0.28100, task: multi, mean loss: 0.61955, multilabel_accuracy: 0.01200, avg. loss over tasks: 2.66753
Diversity Loss - Mean: 0.00000, Variance: 0.00000
Semantic Loss - Mean: 0.00000, Variance: 0.00000

Train Epoch: 88 
task: majority, mean loss: 0.20968, accuracy: 0.95667, task: max, mean loss: 0.23271, accuracy: 0.93833, task: top, mean loss: 0.36402, accuracy: 0.89667, task: multi, mean loss: 0.39718, multilabel_accuracy: 0.09333, avg. loss over tasks: 0.30090, lr: 4.418404390752081e-05
Diversity Loss - Mean: 0.00000, Variance: 0.00000
Semantic Loss - Mean: 0.00000, Variance: 0.00000

Test Epoch: 88 
task: majority, mean loss: 3.51786, accuracy: 0.29900, task: max, mean loss: 2.96712, accuracy: 0.38400, task: top, mean loss: 3.57008, accuracy: 0.27400, task: multi, mean loss: 0.62210, multilabel_accuracy: 0.01400, avg. loss over tasks: 2.66929
Diversity Loss - Mean: 0.00000, Variance: 0.00000
Semantic Loss - Mean: 0.00000, Variance: 0.00000

Train Epoch: 89 
task: majority, mean loss: 0.18668, accuracy: 0.96000, task: max, mean loss: 0.21570, accuracy: 0.94667, task: top, mean loss: 0.33527, accuracy: 0.91833, task: multi, mean loss: 0.39416, multilabel_accuracy: 0.08667, avg. loss over tasks: 0.28295, lr: 3.7371664643889627e-05
Diversity Loss - Mean: 0.00000, Variance: 0.00000
Semantic Loss - Mean: 0.00000, Variance: 0.00000

Test Epoch: 89 
task: majority, mean loss: 3.52887, accuracy: 0.30000, task: max, mean loss: 2.99099, accuracy: 0.37700, task: top, mean loss: 3.58077, accuracy: 0.28100, task: multi, mean loss: 0.62251, multilabel_accuracy: 0.01000, avg. loss over tasks: 2.68079
Diversity Loss - Mean: 0.00000, Variance: 0.00000
Semantic Loss - Mean: 0.00000, Variance: 0.00000

Train Epoch: 90 
task: majority, mean loss: 0.19568, accuracy: 0.95833, task: max, mean loss: 0.23830, accuracy: 0.92833, task: top, mean loss: 0.29665, accuracy: 0.92167, task: multi, mean loss: 0.39900, multilabel_accuracy: 0.07167, avg. loss over tasks: 0.28241, lr: 3.11235359174388e-05
Diversity Loss - Mean: 0.00000, Variance: 0.00000
Semantic Loss - Mean: 0.00000, Variance: 0.00000

Test Epoch: 90 
task: majority, mean loss: 3.55863, accuracy: 0.30100, task: max, mean loss: 3.01301, accuracy: 0.38000, task: top, mean loss: 3.60685, accuracy: 0.27100, task: multi, mean loss: 0.62561, multilabel_accuracy: 0.01500, avg. loss over tasks: 2.70103
Diversity Loss - Mean: 0.00000, Variance: 0.00000
Semantic Loss - Mean: 0.00000, Variance: 0.00000

Train Epoch: 91 
task: majority, mean loss: 0.21112, accuracy: 0.95333, task: max, mean loss: 0.21066, accuracy: 0.93833, task: top, mean loss: 0.34842, accuracy: 0.90500, task: multi, mean loss: 0.39417, multilabel_accuracy: 0.09167, avg. loss over tasks: 0.29109, lr: 2.544727011057081e-05
Diversity Loss - Mean: 0.00000, Variance: 0.00000
Semantic Loss - Mean: 0.00000, Variance: 0.00000

Test Epoch: 91 
task: majority, mean loss: 3.54870, accuracy: 0.29900, task: max, mean loss: 3.02797, accuracy: 0.36700, task: top, mean loss: 3.63156, accuracy: 0.27000, task: multi, mean loss: 0.62650, multilabel_accuracy: 0.01300, avg. loss over tasks: 2.70868
Diversity Loss - Mean: 0.00000, Variance: 0.00000
Semantic Loss - Mean: 0.00000, Variance: 0.00000

Train Epoch: 92 
task: majority, mean loss: 0.19254, accuracy: 0.96000, task: max, mean loss: 0.20393, accuracy: 0.95167, task: top, mean loss: 0.29994, accuracy: 0.92000, task: multi, mean loss: 0.39219, multilabel_accuracy: 0.08833, avg. loss over tasks: 0.27215, lr: 2.0349782878809714e-05
Diversity Loss - Mean: 0.00000, Variance: 0.00000
Semantic Loss - Mean: 0.00000, Variance: 0.00000

Test Epoch: 92 
task: majority, mean loss: 3.55940, accuracy: 0.29400, task: max, mean loss: 3.01520, accuracy: 0.37300, task: top, mean loss: 3.62598, accuracy: 0.27700, task: multi, mean loss: 0.62537, multilabel_accuracy: 0.01100, avg. loss over tasks: 2.70649
Diversity Loss - Mean: 0.00000, Variance: 0.00000
Semantic Loss - Mean: 0.00000, Variance: 0.00000

Train Epoch: 93 
task: majority, mean loss: 0.17423, accuracy: 0.96667, task: max, mean loss: 0.21298, accuracy: 0.94667, task: top, mean loss: 0.32907, accuracy: 0.91333, task: multi, mean loss: 0.39261, multilabel_accuracy: 0.10167, avg. loss over tasks: 0.27722, lr: 1.583728472513976e-05
Diversity Loss - Mean: 0.00000, Variance: 0.00000
Semantic Loss - Mean: 0.00000, Variance: 0.00000

Test Epoch: 93 
task: majority, mean loss: 3.54831, accuracy: 0.30200, task: max, mean loss: 3.01688, accuracy: 0.37800, task: top, mean loss: 3.60703, accuracy: 0.27200, task: multi, mean loss: 0.62463, multilabel_accuracy: 0.01100, avg. loss over tasks: 2.69921
Diversity Loss - Mean: 0.00000, Variance: 0.00000
Semantic Loss - Mean: 0.00000, Variance: 0.00000

Train Epoch: 94 
task: majority, mean loss: 0.19257, accuracy: 0.97167, task: max, mean loss: 0.20002, accuracy: 0.95167, task: top, mean loss: 0.30549, accuracy: 0.93000, task: multi, mean loss: 0.39103, multilabel_accuracy: 0.10500, avg. loss over tasks: 0.27228, lr: 1.1915273433464114e-05
Diversity Loss - Mean: 0.00000, Variance: 0.00000
Semantic Loss - Mean: 0.00000, Variance: 0.00000

Test Epoch: 94 
task: majority, mean loss: 3.56122, accuracy: 0.29800, task: max, mean loss: 3.02811, accuracy: 0.37700, task: top, mean loss: 3.62751, accuracy: 0.27100, task: multi, mean loss: 0.62632, multilabel_accuracy: 0.01200, avg. loss over tasks: 2.71079
Diversity Loss - Mean: 0.00000, Variance: 0.00000
Semantic Loss - Mean: 0.00000, Variance: 0.00000

Train Epoch: 95 
task: majority, mean loss: 0.17976, accuracy: 0.97000, task: max, mean loss: 0.22029, accuracy: 0.93167, task: top, mean loss: 0.29831, accuracy: 0.92833, task: multi, mean loss: 0.39433, multilabel_accuracy: 0.08167, avg. loss over tasks: 0.27317, lr: 8.588527370402095e-06
Diversity Loss - Mean: 0.00000, Variance: 0.00000
Semantic Loss - Mean: 0.00000, Variance: 0.00000

Test Epoch: 95 
task: majority, mean loss: 3.55566, accuracy: 0.30200, task: max, mean loss: 3.02578, accuracy: 0.37800, task: top, mean loss: 3.61276, accuracy: 0.27200, task: multi, mean loss: 0.62553, multilabel_accuracy: 0.01200, avg. loss over tasks: 2.70493
Diversity Loss - Mean: 0.00000, Variance: 0.00000
Semantic Loss - Mean: 0.00000, Variance: 0.00000

Train Epoch: 96 
task: majority, mean loss: 0.20877, accuracy: 0.94333, task: max, mean loss: 0.21008, accuracy: 0.94833, task: top, mean loss: 0.27814, accuracy: 0.93167, task: multi, mean loss: 0.39272, multilabel_accuracy: 0.09000, avg. loss over tasks: 0.27243, lr: 5.86109966358566e-06
Diversity Loss - Mean: 0.00000, Variance: 0.00000
Semantic Loss - Mean: 0.00000, Variance: 0.00000

Test Epoch: 96 
task: majority, mean loss: 3.54887, accuracy: 0.30000, task: max, mean loss: 3.01780, accuracy: 0.38200, task: top, mean loss: 3.60960, accuracy: 0.27600, task: multi, mean loss: 0.62533, multilabel_accuracy: 0.01100, avg. loss over tasks: 2.70040
Diversity Loss - Mean: 0.00000, Variance: 0.00000
Semantic Loss - Mean: 0.00000, Variance: 0.00000

Train Epoch: 97 
task: majority, mean loss: 0.18101, accuracy: 0.95167, task: max, mean loss: 0.23231, accuracy: 0.94333, task: top, mean loss: 0.29855, accuracy: 0.92667, task: multi, mean loss: 0.39480, multilabel_accuracy: 0.08167, avg. loss over tasks: 0.27667, lr: 3.7363132635474912e-06
Diversity Loss - Mean: 0.00000, Variance: 0.00000
Semantic Loss - Mean: 0.00000, Variance: 0.00000

Test Epoch: 97 
task: majority, mean loss: 3.55532, accuracy: 0.30200, task: max, mean loss: 3.02198, accuracy: 0.37600, task: top, mean loss: 3.61799, accuracy: 0.27700, task: multi, mean loss: 0.62527, multilabel_accuracy: 0.01200, avg. loss over tasks: 2.70514
Diversity Loss - Mean: 0.00000, Variance: 0.00000
Semantic Loss - Mean: 0.00000, Variance: 0.00000

Train Epoch: 98 
task: majority, mean loss: 0.18181, accuracy: 0.95833, task: max, mean loss: 0.20020, accuracy: 0.94500, task: top, mean loss: 0.27933, accuracy: 0.91333, task: multi, mean loss: 0.39244, multilabel_accuracy: 0.08500, avg. loss over tasks: 0.26344, lr: 2.216756895217758e-06
Diversity Loss - Mean: 0.00000, Variance: 0.00000
Semantic Loss - Mean: 0.00000, Variance: 0.00000

Test Epoch: 98 
task: majority, mean loss: 3.55950, accuracy: 0.30000, task: max, mean loss: 3.02141, accuracy: 0.37800, task: top, mean loss: 3.62187, accuracy: 0.27400, task: multi, mean loss: 0.62457, multilabel_accuracy: 0.01100, avg. loss over tasks: 2.70684
Diversity Loss - Mean: 0.00000, Variance: 0.00000
Semantic Loss - Mean: 0.00000, Variance: 0.00000

Train Epoch: 99 
task: majority, mean loss: 0.19106, accuracy: 0.95500, task: max, mean loss: 0.20105, accuracy: 0.95667, task: top, mean loss: 0.30813, accuracy: 0.92167, task: multi, mean loss: 0.39341, multilabel_accuracy: 0.09833, avg. loss over tasks: 0.27341, lr: 1.3042819039616668e-06
Diversity Loss - Mean: 0.00000, Variance: 0.00000
Semantic Loss - Mean: 0.00000, Variance: 0.00000

Test Epoch: 99 
task: majority, mean loss: 3.55810, accuracy: 0.29800, task: max, mean loss: 3.02270, accuracy: 0.37500, task: top, mean loss: 3.61576, accuracy: 0.28300, task: multi, mean loss: 0.62478, multilabel_accuracy: 0.01100, avg. loss over tasks: 2.70534
Diversity Loss - Mean: 0.00000, Variance: 0.00000
Semantic Loss - Mean: 0.00000, Variance: 0.00000

Train Epoch: 100 
task: majority, mean loss: 0.18736, accuracy: 0.95667, task: max, mean loss: 0.23759, accuracy: 0.92833, task: top, mean loss: 0.30096, accuracy: 0.91333, task: multi, mean loss: 0.39691, multilabel_accuracy: 0.09000, avg. loss over tasks: 0.28070, lr: 1e-06
Diversity Loss - Mean: 0.00000, Variance: 0.00000
Semantic Loss - Mean: 0.00000, Variance: 0.00000

Test Epoch: 100 
task: majority, mean loss: 3.55508, accuracy: 0.30100, task: max, mean loss: 3.02446, accuracy: 0.38000, task: top, mean loss: 3.61507, accuracy: 0.27900, task: multi, mean loss: 0.62588, multilabel_accuracy: 0.01400, avg. loss over tasks: 2.70512
Diversity Loss - Mean: 0.00000, Variance: 0.00000
Semantic Loss - Mean: 0.00000, Variance: 0.00000

