DEPRECATED: The legacy builder is deprecated and will be removed in a future release.
            Install the buildx component to build images with BuildKit:
            https://docs.docker.com/go/buildx/

Sending build context to Docker daemon  3.701GB
Step 1/13 : FROM nvcr.io/nvidia/cuda:11.6.2-base-ubuntu20.04
 ---> 2098e65daccd
Step 2/13 : WORKDIR /app
 ---> Using cache
 ---> e6d6cf1b02f3
Step 3/13 : ENV DEBIAN_FRONTEND=noninteractive
 ---> Using cache
 ---> 56b57d3a17d5
Step 4/13 : ENV TZ=Europe/London
 ---> Using cache
 ---> 58c16750c212
Step 5/13 : RUN apt-get update && apt-get install -y     openslide-tools     python3     python3-pip     python3-openslide     expect     tzdata     git     ffmpeg     libsm6     libxext6     libgl1-mesa-glx &&     rm -rf /var/lib/apt/lists/*
 ---> Using cache
 ---> 70e22a793fc8
Step 6/13 : RUN python3 --version && pip3 --version
 ---> Using cache
 ---> 5dd673c5c16f
Step 7/13 : RUN pip3 install --upgrade cryptography pyopenssl
 ---> Using cache
 ---> 3681f230443b
Step 8/13 : COPY requirements.txt /app/requirements.txt
 ---> Using cache
 ---> 5aca645b91cb
Step 9/13 : RUN pip3 install -r /app/requirements.txt
 ---> Using cache
 ---> 90ae834e8dc2
Step 10/13 : RUN pip3 install torch==1.13.0 torchvision==0.14.0 --extra-index-url https://download.pytorch.org/whl/cu117
 ---> Using cache
 ---> a6d81b365562
Step 11/13 : RUN pip3 install opencv-python-headless
 ---> Using cache
 ---> ad4ce040349d
Step 12/13 : COPY . /app/ips_attention_masking
 ---> 0867fa4a5aee
Step 13/13 : CMD ["bash"]
 ---> Running in 353c8286a319
Removing intermediate container 353c8286a319
 ---> 5bea411add07
Successfully built 5bea411add07
Successfully tagged my-custom-image:latest
