DEPRECATED: The legacy builder is deprecated and will be removed in a future release.
            Install the buildx component to build images with BuildKit:
            https://docs.docker.com/go/buildx/

Sending build context to Docker daemon  3.669GB
Step 1/13 : FROM nvcr.io/nvidia/cuda:11.6.2-base-ubuntu20.04
 ---> 2098e65daccd
Step 2/13 : WORKDIR /app
 ---> Using cache
 ---> ea9c47f741b1
Step 3/13 : ENV DEBIAN_FRONTEND=noninteractive
 ---> Using cache
 ---> 0baa2e0de206
Step 4/13 : ENV TZ=Europe/London
 ---> Using cache
 ---> c694d653656d
Step 5/13 : RUN apt-get update && apt-get install -y     openslide-tools     python3     python3-pip     python3-openslide     expect     tzdata     git     ffmpeg     libsm6     libxext6     libgl1-mesa-glx &&     rm -rf /var/lib/apt/lists/*
 ---> Using cache
 ---> e70a44811dee
Step 6/13 : RUN python3 --version && pip3 --version
 ---> Using cache
 ---> b6808581b2b5
Step 7/13 : RUN pip3 install --upgrade cryptography pyopenssl
 ---> Using cache
 ---> c860c30d977a
Step 8/13 : COPY requirements.txt /app/requirements.txt
 ---> Using cache
 ---> aa26d760c4a0
Step 9/13 : RUN pip3 install -r /app/requirements.txt
 ---> Using cache
 ---> 8746eec7cf68
Step 10/13 : RUN pip3 install torch==1.13.0 torchvision==0.14.0 --extra-index-url https://download.pytorch.org/whl/cu117
 ---> Using cache
 ---> 4a53e94e080c
Step 11/13 : RUN pip3 install opencv-python-headless
 ---> Using cache
 ---> 27336f736065
Step 12/13 : COPY . /app/ips_attention_masking
 ---> dd7e888ae7d0
Step 13/13 : CMD ["bash"]
 ---> Running in 84e0d30946df
Removing intermediate container 84e0d30946df
 ---> 3133087cc902
Successfully built 3133087cc902
Successfully tagged my-custom-image:latest
