DEPRECATED: The legacy builder is deprecated and will be removed in a future release.
            BuildKit is currently disabled; enable it by removing the DOCKER_BUILDKIT=0
            environment-variable.

Sending build context to Docker daemon  38.44MB
Step 1/13 : FROM nvcr.io/nvidia/cuda:11.6.2-base-ubuntu20.04
11.6.2-base-ubuntu20.04: Pulling from nvidia/cuda
96d54c3075c9: Pulling fs layer
a3d20efe6db8: Pulling fs layer
bfdf8ce43b67: Pulling fs layer
ad14f66bfcf9: Pulling fs layer
1056ff735c59: Pulling fs layer
ad14f66bfcf9: Waiting
1056ff735c59: Waiting
a3d20efe6db8: Verifying Checksum
a3d20efe6db8: Download complete
ad14f66bfcf9: Verifying Checksum
ad14f66bfcf9: Download complete
bfdf8ce43b67: Verifying Checksum
bfdf8ce43b67: Download complete
96d54c3075c9: Verifying Checksum
96d54c3075c9: Download complete
1056ff735c59: Download complete
failed to register layer: symlink ../fb59cb2876fbcc8a896e15e36b35bf012745c65352137884d5d0ba87d6129cae/diff /home/mra23/.local/share/docker/overlay2/l/C6RHINIARMYYUM2Y3DYOBSUPIM: no such file or directory
